[8/2/2019 18:3:47] Pablo Escobar: trainery sa?
[8/2/2019 18:4:8] Cuquis: GM ERROR DOOR THAIS DP
[8/2/2019 18:5:16] Liderus: Gm ctrl + r
[8/2/2019 18:7:33] Laxia: can we get golden account for those 100 players?
[8/2/2019 18:9:33] Mariano Italiano: speary sie koncza?xd
[8/2/2019 18:9:58] Laxia: can we get golden account for those 100 players?
[8/2/2019 18:13:8] Captain jack: gm u here
[8/2/2019 18:13:16] Captain jack: /
[8/2/2019 18:13:17] Captain jack: ?
[8/2/2019 18:15:37] Bull Fittan: any gm online?
[8/2/2019 18:17:9] Bono: adori blank doesnt work
[8/2/2019 18:17:44] Killua: dont need blank
[8/2/2019 18:19:25] Bono: wam sie tez klient laguej?
[8/2/2019 18:19:27] Bono: laguje*
[8/2/2019 18:19:28] Captain jack: u dont need anything
[8/2/2019 18:19:30] Captain jack: as i know
[8/2/2019 18:19:36] Captain jack: u spam the spell only
[8/2/2019 18:19:52] Bono: this client is laggy af
[8/2/2019 18:20:31] Captain jack: u spam the spell only
[8/2/2019 18:26:59] Bedurek: jest jakis gm ?
[8/2/2019 18:48:50] Captain jack: only i got laggs or others aswell?
[8/2/2019 18:48:55] Killua: LAGs
[8/2/2019 18:49:6] Captain jack: gm stop downloading porn
[8/2/2019 19:11:24] Rezar: br?
[8/2/2019 19:12:11] Laxia: how to take reward from task
[8/2/2019 19:34:32] Katakusik: admin
[8/2/2019 19:34:33] Katakusik: jestes
[8/2/2019 19:49:48] Captain jack: hi
[8/2/2019 19:56:27] Liderus: Exura gives me 20 mana exura gran 20 mana too I love this ot
[8/2/2019 19:56:44] Katakusik: XD
[8/2/2019 19:58:20] Captain jack: yea
[8/2/2019 19:58:28] Captain jack: and vita 130 from 220 hp
[8/2/2019 19:58:29] Captain jack: :))
[8/2/2019 19:59:7] Captain jack: dessert solo or neet 4 voc?
[8/2/2019 19:59:42] Katakusik: 4 voc
[8/2/2019 20:0:8] Captain jack: ok:)
[8/2/2019 20:1:2] Liderus: "- 10k Promotion And Solo Desert Quest" from site
[8/2/2019 20:1:23] Captain jack: k
[8/2/2019 20:23:52] Captain jack: in this ot its impossible to get your backpack back.. healing is shit.. gm... u just. ... nvm,:))
[8/2/2019 20:26:10] Liderus: lul captain jack mad
[8/2/2019 20:26:11] Liderus: xd
[8/2/2019 20:27:35] Captain jack: yea
[8/2/2019 20:27:38] Captain jack: its fucked up
[8/2/2019 20:27:39] Captain jack: all
[8/2/2019 20:28:0] Liderus: xDD
[8/2/2019 20:28:7] Captain jack: client laggs,
[8/2/2019 20:28:40] Liderus: when client laggs, monster laggy too
[8/2/2019 21:4:41] Mucha Mayama: MUCHA MAYAMA
[8/2/2019 21:5:4] Bedurek: BUy ALL UHS
[8/2/2019 21:45:14] Skruffen: GM you on?
[8/2/2019 22:21:37] Rhara: gra tutaj ktos ?!
[8/2/2019 22:22:21] Bedurek: nom
[8/2/2019 22:22:41] Rhara: mana jak rosnie?
[8/2/2019 22:23:13] Bedurek: tzn?
[8/2/2019 22:23:21] Rhara: ile na sekunde np
[8/2/2019 22:23:32] Bedurek: zalezy od profy
[8/2/2019 22:23:45] Rhara: ms/ed?
[8/2/2019 22:23:51] Rhara: bo nie wiem co robic
[8/2/2019 22:26:42] Killua: ed ma avaolanche
[8/2/2019 22:31:6] Rhara: shared jest?
[8/2/2019 23:43:53] Killua: jest dalej loot x2?
[9/2/2019 0:39:14] Piruleibe Ticole: adm
[9/2/2019 0:39:15] Piruleibe Ticole: ?
[9/2/2019 0:39:19] Piruleibe Ticole: on
[9/2/2019 0:39:20] Piruleibe Ticole: ?
[9/2/2019 2:16:37] Piruleibe Ticole: alguem br ?
[9/2/2019 3:10:23] Slaktarn: hi
[9/2/2019 10:26:13] Rojber: dobra niutevok luxt 
[9/2/2019 10:26:16] Rojber: nikt tu nie gra ?XD
[9/2/2019 10:26:25] Rojber: Zegnam ded otsa ;D 
[9/2/2019 20:11:29] Niedwiedino: gm pomozesz brakuje mi 60 gp na statek oddam
[9/2/2019 20:11:39] Uhaheh: XDD
[9/2/2019 20:11:39] Killua: Ja ci dam
[9/2/2019 21:10:34] Rhara: ile gn trzeba na addon?
[10/2/2019 2:51:17] Cuquis: What Buy Rune in NPC ?
[10/2/2019 2:54:25] Cuquis: How do I buy the runes in NPC?
[10/2/2019 9:35:0] Seig Heil: wandow tu nie ma?
[10/2/2019 12:22:8] Gavin: gm here?
[10/2/2019 15:24:53] Memento: omg lagsss
[10/2/2019 15:25:3] Bedurek: ni ma
[10/2/2019 18:18:46] Jquiless: hi sell halberd yes
[10/2/2019 19:4:42] Warrior Killer: hi
[10/2/2019 19:5:3] Bedurek: hi
[10/2/2019 19:5:23] Warrior Killer: how are you
[10/2/2019 19:5:25] Warrior Killer: =)
[10/2/2019 19:5:38] Bedurek: not to bad work soon
[10/2/2019 19:6:10] Warrior Killer: why?
[10/2/2019 19:6:20] Bedurek: why ?:D 
[10/2/2019 19:6:41] Warrior Killer: why you working?
[10/2/2019 19:6:45] Warrior Killer: =))
[10/2/2019 19:7:7] Warrior Killer: what time do you start your work?  
[10/2/2019 19:7:12] Bedurek: 20
[10/2/2019 19:7:22] Warrior Killer: not good ;/
[10/2/2019 20:21:11] Jquiless: GM ONLINE?
[11/2/2019 14:44:53] Maxmen: nie moge wyjsc na gore xD
[11/2/2019 22:27:15] Maxmen: gm pomoz utknalem i dziury sa zbugowane xDD
[11/2/2019 22:43:19] Bedurekk: Oj
[11/2/2019 22:43:21] Bedurekk: Gdzue
[11/2/2019 22:43:31] Bedurekk: SPa,
[11/2/2019 22:43:38] Bedurekk: C
[11/2/2019 22:43:44] Bedurekk: na priv mu spamuj
[12/2/2019 16:2:26] Maxmen: kamien blokuje dziure i nie moge wyjsc
[12/2/2019 16:9:27] Maxmen: jak cos to jestem na dwarfach
[12/2/2019 16:10:20] Bedurek: ;p
[12/2/2019 16:36:57] Like Duke: hello how can i use premiumm coins??
[12/2/2019 16:37:2] Like Duke: how*
[16/2/2019 1:44:52] Dirty Slut: ask
[22/6/2019 16:29:0] Mr Bean: no full map?
[22/6/2019 16:38:19] Mr Bean: these npc dont talk
[22/6/2019 16:54:20] Mr Bean: the skull is also different
[22/6/2019 16:58:29] Mr Bean: i can trash houses
[22/6/2019 17:12:14] Mr Bean: error 
[22/6/2019 17:12:54] Mr Bean: boat thais come
[22/6/2019 17:17:40] Mr Bean: hydra respawn,  i think there are less hydras
[22/6/2019 17:18:21] Mr Bean: oh custom
[22/6/2019 17:23:53] Mr Bean: why sometimes i can buy bp mf and carry more than my cap?
[22/6/2019 18:17:10] Mr Bean: first house in venore, door  graphic
[22/6/2019 18:31:47] Mr Bean: hydra seems to be 1 sqm displaced when is next to me
[22/6/2019 18:34:59] Mr Bean: log to cross water in custom hydras  north ank blocked
[22/6/2019 18:46:44] Mr Bean: i cant modify size of backpack, seems stuck
[22/6/2019 18:47:9] Mr Bean: i cant modify also Skills window
[22/6/2019 18:47:21] Mr Bean: or movei t
[22/6/2019 19:3:59] Mr Bean: reloging solves it
[22/6/2019 19:33:32] Mr Bean: the shovel demona shortcut doesnt work
[22/6/2019 19:55:53] Mr Bean: hydra is not looking at me
[22/6/2019 20:48:12] Mr Bean: grim reaper respawn is nice as well
[4/4/2021 10:13:17] Hintes: chodzenie wsadem mozliwe czy nie? bo ustawienia znalezc nie moge
[9/4/2021 19:3:10] Amphabuser: jakis zlagowany ten client
[9/4/2021 19:5:54] Agyllitz: CADE OS BR??
[9/4/2021 19:6:10] Jasiu Ms: ten klient to o dupe rozbic xDDDDDDDDDD
[9/4/2021 19:7:12] Backwards: summon snakes pls
[9/4/2021 19:7:38] Niebijgramrpg: czemu lagi sa ?
[9/4/2021 19:7:48] Backwards: summon snakes pls
[9/4/2021 19:8:1] Agyllitz: where npc  task edron?
[9/4/2021 19:9:12] Habibi: to ladny client ze nie da sie chodzic na wasd w tych czasach xD
[9/4/2021 19:9:36] Backwards: any other ppl here besides polish ppl ?!?!
[9/4/2021 19:10:14] Definitely Not Placzek: nie ma grizzliego adamsa dp kazo!!!
[9/4/2021 19:10:45] Habibi: bije
[9/4/2021 19:10:48] Agyllitz: GM HAVE ONE BUG HERE
[9/4/2021 19:10:57] Amphabuser: da sie chodzic na wsad
[9/4/2021 19:11:7] Amphabuser: ale czemu ten klient taki zlagowany
[9/4/2021 19:12:19] Backwards: have wands?
[9/4/2021 19:14:8] Krol Trefl: co takie lagi
[9/4/2021 19:14:35] Backwards: have wands?
[9/4/2021 19:14:47] Random Noob: d.quest solo?
[9/4/2021 19:14:51] Amphabuser: co z tym ligtem kurwa
[9/4/2021 19:15:43] Huxley: czemu trap nie dziala
[9/4/2021 19:16:54] Backwards: GM please theres too many snakes i cant get to oracle cause if i kill 1 more i get lvl 9
[9/4/2021 19:20:17] Dont take my boh: make spear not drop !!!!!!!!!!!!!
[9/4/2021 19:20:46] Wareks: da sie wylogowac na tym super ots?
[9/4/2021 19:22:11] Agyllitz: gm come here
[9/4/2021 19:22:34] Definitely Not Placzek: key nie dziala tp gm
[9/4/2021 19:22:48] Definitely Not Placzek: key nie dziala tp gm
[9/4/2021 19:23:4] Agyllitz: GM COME HERE
[9/4/2021 19:23:23] Paladinininininininininininin: SNAKE PLEASE
[9/4/2021 19:23:24] Acrox: no task?
[9/4/2021 19:33:18] Alcoholic: Kurwa czemu sie biega tak jak by sie mialo lagi
[9/4/2021 19:33:35] Krol Trefl: mam to samo
[9/4/2021 19:36:7] Definitely Not Placzek: DAWAJ GRIZLLY ADAMSA DO KAZO
[9/4/2021 19:36:21] Skun: jak shared wlaczyc?
[9/4/2021 19:36:28] Definitely Not Placzek: DAWAJ GRIZLLY ADAMSA DO KAZO
[9/4/2021 19:37:42] Sqn plus Bibulka: jAk WyjEbAC to jb ASDWAWEQDDAS
[9/4/2021 19:37:53] Definitely Not Placzek: DAWAJ GRIZLLY ADAMSA DO KAZO
[9/4/2021 19:38:23] Niebijgramrpg: hi
[9/4/2021 19:38:52] Backwards: got damn am i the only one here not from poland??? xD
[9/4/2021 19:39:2] Backwards: gjin kuje
[9/4/2021 19:39:58] Junior Benjamin: ta
[9/4/2021 19:45:18] Random Noob: HOW MUCH IS PROMO?
[9/4/2021 19:45:19] Random Noob: caps
[9/4/2021 19:45:28] Jasiu Ms: co zrobic z tymi l;agami klienta ?
[9/4/2021 19:45:32] Jasiu Ms: 10
[9/4/2021 19:47:30] Backwards: wtf is kappa?
[9/4/2021 19:47:43] Backwards: !aol
[9/4/2021 19:49:40] Jasiu Ms: LAGS CLIENT WTF
[9/4/2021 19:49:55] Backwards: wtf is kappa and pogchamp ?
[9/4/2021 19:49:56] Alcoholic: yeee
[9/4/2021 19:53:26] Agyllitz: ALGUM BR?
[9/4/2021 19:57:0] Lysy Turiel: WHERE TASK?
[9/4/2021 20:8:40] Random Noob: why no open gl client??
[9/4/2021 20:11:7] Style: halo
[9/4/2021 20:11:10] Style: nie mija tu pz
[9/4/2021 20:14:40] Opikk Team Lider: mija
[9/4/2021 20:14:50] Dfrs Ceenti: jaki czar na gfb byl ?
[9/4/2021 20:16:6] Dfrs Ceenti: jaki byl czar na gfb?
[9/4/2021 20:16:13] Style: .adori gran flam
[9/4/2021 20:23:11] Agyllitz: ALGUM BR?
[9/4/2021 21:10:40] Osiem: jest jakies info na stronce o tym jak kupic outift za ziemniaki
[9/4/2021 21:46:43] Alcoholic: Ma ktos tez problemy z takimi lagimi ze jak sie biega to tak jakby lagowalo?
[9/4/2021 21:50:7] Misio Pysm: hi
[9/4/2021 21:50:21] Maffer: adore blank
[9/4/2021 21:53:19] Misio Pysm: ee gm
[9/4/2021 21:53:26] Misio Pysm: napraw exure gran na pallku
[9/4/2021 21:58:8] Style: pierdole
[9/4/2021 21:58:20] Style: jebany 15 lev stoja na darashi statek 
[9/4/2021 22:3:16] Tyrion: jak wylaczyc wsad?
[9/4/2021 22:4:32] GM Norek: T nad eq
[9/4/2021 22:7:4] Tyrion: jak zgasic WSAD ?
[9/4/2021 22:7:17] Widawska: ^^ 
[9/4/2021 22:7:28] Widawska: ak zgasic WSAD?
[9/4/2021 22:7:30] Misio Pysm: Ile mozna miec mc?
[9/4/2021 22:7:34] Misio Pysm: nad BP masz T
[9/4/2021 22:7:38] Misio Pysm: i tam zaznaczasz odznaczasz
[9/4/2021 22:7:52] Tyrion: dzieki
[9/4/2021 22:8:30] Misio Pysm: hi
[9/4/2021 22:10:48] Tyrion: hi
[9/4/2021 22:29:2] Tobiasz Ms: na win 10 laguje clienta
[9/4/2021 22:29:4] Tobiasz Ms: jakies rady?
[9/4/2021 22:34:0] Backwards: nån svensk?
[9/4/2021 22:42:14] Backwards: search team
[9/4/2021 22:59:36] XXXXXXXXXXXXXXXXXXXXXXXXXXXXX: siema
[9/4/2021 23:0:48] XXXXXXXXXXXXXXXXXXXXXXXXXXXXX: nie no
[9/4/2021 23:0:52] XXXXXXXXXXXXXXXXXXXXXXXXXXXXX: ale zdechly ots
[9/4/2021 23:0:58] Agyllitz: hi
[9/4/2021 23:5:16] Powstanie Gorylskie Nazizmu: GM SIEMA
[9/4/2021 23:6:49] GM Norek: pow pow pow
[9/4/2021 23:6:49] GM Norek: xD
[9/4/2021 23:7:4] Alcoholic: Dobra dziala wszystko
[9/4/2021 23:8:30] GM Norek: XD
[9/4/2021 23:17:25] Kurtaj: any gm online?
[9/4/2021 23:17:54] Kurtaj: hi
[9/4/2021 23:19:28] Backwards: kurtaj tja
[9/4/2021 23:21:8] Backwards: u cant sell black pearl or small amethyst in ank
[9/4/2021 23:46:32] Polaczkos Czebulaczkos: snejki na rooka prosze <3
[9/4/2021 23:48:32] Torin: czesc gm da rade dostac tego golden acount co kazdy dostal na 3 dni ?
[9/4/2021 23:48:40] Torin: nie moglem wczesniej wejsc bo w pracy bylem
[9/4/2021 23:49:23] Torin: czemu
[9/4/2021 23:54:12] Polaczkos Czebulaczkos: jak sprawdzic jakie sa spelle?
[9/4/2021 23:58:34] Torin: jak ustawic zeby mi loota pokazywalo ?
[9/4/2021 23:58:59] GM Norek II: .!loot enable
[10/4/2021 0:2:59] Essa: zrob tainery bo tu lipa ekiem
[10/4/2021 2:43:0] Tobiasz Ms: jak ten outfit
[10/4/2021 2:43:3] Tobiasz Ms: ogaarnac do chuja pana
[10/4/2021 2:58:26] Hontes: majste
[10/4/2021 2:58:27] Hontes: r
[10/4/2021 2:58:30] Hontes: jestes gm ?
[10/4/2021 3:12:5] Hintes: gm jestes?
[10/4/2021 5:45:7] Torin: gdzie jest rashid?
[10/4/2021 11:41:48] Osiem: o ktorej ss ?
[10/4/2021 11:45:42] GM Norek: byl
[10/4/2021 11:45:43] GM Norek: o 6 rano
[10/4/2021 11:56:28] Jasiu Ms: jakaa wyspa na frosty?
[10/4/2021 12:44:55] Osiem: jest jakas komenda na swiatlo ?
[10/4/2021 13:2:17] Purpyl snejk: nie dzialaj te spele gosciu
[10/4/2021 13:7:15] Purpyl snejk: adori vita vis dec
[10/4/2021 13:7:29] Jasiu Ms: jest gm ?
[10/4/2021 14:6:16] Tobiasz Ms: jak robic 10x sd?
[10/4/2021 16:47:38] Backwards: how much is aol in shop?
[10/4/2021 18:4:34] Backwards: where is rashid?
[10/4/2021 19:56:23] Torin: ja nie mam 120 ide juz tam
[10/4/2021 19:56:23] Torin: czekaj
[10/4/2021 20:27:4] Torin: jest jeszcze gm ? potrzebuje pomocy
[10/4/2021 20:28:48] Torin: dawaj do mnietp
[10/4/2021 20:28:51] Torin: to ja
[10/4/2021 20:35:55] Hontes: gnm jestes
[10/4/2021 20:35:57] Hontes: gm
[10/4/2021 20:36:23] Torin: jest jakis lepszy spellbook niz ten z necro?
[10/4/2021 20:44:27] Torin: dobra mozesz mnie cofnac do domku ?
[10/4/2021 20:49:21] Torin: jest gm ?
[10/4/2021 20:57:1] Torin: POTRZEBUJE GM HALO
[10/4/2021 21:13:12] Ero: 10 Apr 2021, 20:56    Killed at level 179 by Elias Ziani. 10 Apr 2021, 20:49    Killed at level 119 by Elias Ziani.
[10/4/2021 21:13:12] Ero: ?
[10/4/2021 21:13:28] Backwards: what
[11/4/2021 16:39:7] Backwards: bring me to thais
[13/4/2021 11:23:9] Gained: hello gm?
[13/4/2021 11:23:17] Gained: why lags?XD
[13/4/2021 11:25:38] Gained: ale laczy ;d
[15/1/2023 23:10:18] Hawk: this in test still?
