[12/7/2019 16:53:56] /goto Trappen
[12/7/2019 16:54:16] /goto [God] Trappen
[12/7/2019 16:55:7] /town thais
[12/7/2019 16:56:24] /town 12
[12/7/2019 16:57:17] /i chair
[12/7/2019 16:57:23] /i royal chair
[12/7/2019 16:57:28] /i throne chair
[12/7/2019 16:57:33] /i wooden chair
[12/7/2019 17:11:48] /down
[12/7/2019 17:14:25] /c pientastarego
[12/7/2019 17:15:11] /goto testing
[12/7/2019 17:16:0] /c xeso
[12/7/2019 17:17:14] /i ham
[12/7/2019 17:17:52] /goto pkzinhu
[12/7/2019 17:19:15] /goto zwuits
[12/7/2019 17:19:46] /up
[12/7/2019 17:21:55] /down
[12/7/2019 17:22:27] /up
[12/7/2019 17:26:40] /goto hyacinth
[12/7/2019 17:26:45] /c xeso
[12/7/2019 17:27:32] /goto spojenie~
[12/7/2019 17:31:21] /up
[12/7/2019 17:31:22] /up
[12/7/2019 17:32:51] /a 50
[12/7/2019 17:32:52] /a 50
[12/7/2019 17:34:0] /a 50
[12/7/2019 17:34:15] /ghost
[12/7/2019 17:34:31] /goto vysion
[12/7/2019 17:35:0] /a 50
[12/7/2019 17:35:1] /a 50
[12/7/2019 17:38:18] /down
[12/7/2019 17:38:27] /up
[12/7/2019 17:38:38] /ghost
[12/7/2019 17:38:40] /up
[12/7/2019 17:39:13] /a 100
[12/7/2019 17:42:40] /goto aurix
[12/7/2019 17:43:43] /ghost
[12/7/2019 17:44:33] /goto xeso
[12/7/2019 17:44:41] /goto xeso
[12/7/2019 17:44:46] /goto testing
[12/7/2019 17:46:35] /goto dedos
[12/7/2019 17:46:44] /goto aurix
[12/7/2019 17:46:59] /goto pkzinhu
[12/7/2019 17:47:11] /goto playyern
[12/7/2019 17:47:19] /goto ragnar
[12/7/2019 17:47:28] /goto spojenie lonowe
[12/7/2019 17:47:49] /goto dosko
[12/7/2019 17:48:10] /goto chernobyl
[12/7/2019 17:48:35] /goto snabeldrake
[12/7/2019 17:48:48] /goto Pientastarego
[12/7/2019 17:49:49] /goto [God] Trappen
[12/7/2019 17:50:2] /goto Pientastarego
[12/7/2019 17:50:35] /ghost
[12/7/2019 17:51:36] /town 11
[12/7/2019 17:51:40] /ghost
[12/7/2019 17:51:54] /goto rainy
[12/7/2019 17:52:4] /goto midas
[12/7/2019 17:54:6] /goto Pientastarego
[12/7/2019 17:54:21] /ghost
[12/7/2019 17:54:22] /ghost
[12/7/2019 17:54:28] /down
[12/7/2019 17:54:50] /a 2
[12/7/2019 17:55:21] /up
[12/7/2019 17:55:22] /up
[12/7/2019 17:55:26] /goto aurix
[12/7/2019 17:55:39] /up
[12/7/2019 17:55:44] /goto aurix
[12/7/2019 17:58:8] /goto playyern
[12/7/2019 17:58:56] /goto dedos
[12/7/2019 17:59:10] /goto pkzinhu
[12/7/2019 17:59:20] /up
[12/7/2019 17:59:22] /up
[12/7/2019 17:59:24] /up
[12/7/2019 17:59:24] /up
[12/7/2019 18:2:28] /i steel helmet
[12/7/2019 18:2:41] /up
[12/7/2019 18:2:42] /up
[12/7/2019 18:3:23] /down
[12/7/2019 18:4:5] /up
[12/7/2019 18:4:6] /up
[12/7/2019 18:4:9] /up
[12/7/2019 18:4:10] /up
[12/7/2019 18:4:17] /i soldier helmet
[12/7/2019 18:4:42] /down
[12/7/2019 18:4:42] /down
[12/7/2019 18:4:43] /down
[12/7/2019 18:4:44] /down
[12/7/2019 18:4:48] /up
[12/7/2019 18:5:26] /up
[12/7/2019 18:5:28] /up
[12/7/2019 18:5:29] /up
[12/7/2019 18:5:30] /up
[12/7/2019 18:5:42] /i plate shield
[12/7/2019 18:6:2] /up
[12/7/2019 18:7:9] /goto aurix
[12/7/2019 18:7:30] /goto playyern
[12/7/2019 18:8:18] /goto Chernobyl
[12/7/2019 18:12:20] /town 12
[12/7/2019 18:12:25] /a 
[12/7/2019 18:12:28] /a 50
[12/7/2019 18:12:29] /a 50
[12/7/2019 18:12:30] /a 50
[12/7/2019 18:12:32] /down
[12/7/2019 18:12:33] /down
[12/7/2019 18:12:34] /down
[12/7/2019 18:12:34] /down
[12/7/2019 18:12:36] /down
[12/7/2019 18:12:40] /a 5
[12/7/2019 18:13:30] /goto playernn
[12/7/2019 18:13:34] /goto playyern
[12/7/2019 18:13:41] /goto aurix
[12/7/2019 18:14:25] /goto xeso
[12/7/2019 18:16:46] /goto marvin
[12/7/2019 18:17:1] /up
[12/7/2019 18:18:37] /goto playyern
[12/7/2019 18:18:48] /goto aurix
[12/7/2019 18:19:32] /goto dedos
[12/7/2019 18:21:0] /goto playyern
[12/7/2019 18:21:10] /goto [GOD] Trappen
[12/7/2019 18:22:52] /goto aurix
[12/7/2019 18:22:58] /ghost
[12/7/2019 18:24:24] /town edron
[12/7/2019 18:24:26] /up
[12/7/2019 18:24:29] /up
[12/7/2019 18:24:46] /goto auri
[12/7/2019 18:24:48] /goto aurix
[12/7/2019 18:25:54] /i plat
[12/7/2019 18:26:0] /i platinum coin
[12/7/2019 18:27:15] /goto royal laricton
[12/7/2019 18:28:38] /goto cipfried
[12/7/2019 18:28:46] /town thais
[12/7/2019 18:28:53] /c royal laricton
[12/7/2019 18:29:46] /ghost
[12/7/2019 18:29:49] /goto aurix
[12/7/2019 18:32:52] /goto snabeldrake
[12/7/2019 18:33:5] /goto dedos
[12/7/2019 18:33:12] /goto aurix
[12/7/2019 18:33:41] /up
[12/7/2019 18:34:48] /town 12
[12/7/2019 18:36:57] /goto rainy
[12/7/2019 18:37:38] /town 12
[12/7/2019 18:38:29] /ghost
[12/7/2019 18:39:6] /c kubek
[12/7/2019 18:39:55] /goto pientastarego
[12/7/2019 18:40:45] /ghost
[12/7/2019 18:40:52] /goto aurix
[12/7/2019 18:40:57] /goto dedos
[12/7/2019 18:41:4] /goto dosko
[12/7/2019 18:41:11] /goto pkzinhu
[12/7/2019 18:41:17] /goto rainy
[12/7/2019 18:41:42] /goto snabeldrake
[12/7/2019 18:41:56] /town 12
[12/7/2019 18:43:3] /r
[12/7/2019 18:43:49] /goto the gatekeeper
[12/7/2019 18:43:53] /goto the gatekeeper
[12/7/2019 18:43:54] /goto the gatekeeper
[12/7/2019 18:43:55] /goto the gatekeeper
[12/7/2019 18:43:56] /goto the gatekeeper
[12/7/2019 18:44:3] /r
[12/7/2019 18:44:7] /r
[12/7/2019 18:44:20] /goto the oracle
[12/7/2019 18:44:23] /r
[12/7/2019 18:44:25] /r
[12/7/2019 18:44:32] /r
[12/7/2019 18:44:33] /r
[12/7/2019 18:44:49] /r
[12/7/2019 18:44:52] /r
[12/7/2019 18:44:56] /goto the oracle
[12/7/2019 18:45:0] /goto the gatekeeper
[12/7/2019 18:45:29] /r
[12/7/2019 18:48:2] /r
[12/7/2019 18:48:6] /r
[12/7/2019 18:49:0] /r
[12/7/2019 18:51:52] /goto dedos
[12/7/2019 18:52:6] /goto snabeldrake
[12/7/2019 18:54:2] /up
[12/7/2019 19:3:9] /goto xeso
[12/7/2019 19:4:33] /goto xeso
[12/7/2019 19:5:45] /i brass armor
[12/7/2019 19:5:48] /i brass legs
[12/7/2019 19:5:52] /i soldier helmet
[12/7/2019 19:5:57] /i rope
[12/7/2019 19:6:0] /i shovel
[12/7/2019 19:6:8] /i backpack
[12/7/2019 19:6:32] /goto xeso
[12/7/2019 19:8:9] /goto aurix
[12/7/2019 19:8:27] /goto dosko
[12/7/2019 19:8:36] /goto pkzinhu
[12/7/2019 19:8:46] /goto snabeldrake
[12/7/2019 19:8:55] /goto rainy
[12/7/2019 19:9:29] /goto snabeldrake
[12/7/2019 19:9:53] /goto dosko
[12/7/2019 19:10:0] /goto xeso
[12/7/2019 19:10:7] /goto aurix
[12/7/2019 19:10:49] /b     If anyone is having a problem or encounters a bug or simply wants to ask a question don't hesitate to message me.    Thank you.
[12/7/2019 19:11:5] /b   [GOD] Leaves
[12/7/2019 19:12:38] /goto aurix
[12/7/2019 19:12:50] /i copper shield
[12/7/2019 19:13:41] /i snabeldrake
[12/7/2019 19:13:48] /goto snabeldrake
[12/7/2019 19:15:59] /goto aurix
[12/7/2019 19:16:49] /goto aurix
[12/7/2019 19:16:55] /goto snabeldrake
[12/7/2019 19:17:5] /goto aurix
[12/7/2019 19:17:27] /up
[12/7/2019 19:17:28] /up
[12/7/2019 19:17:29] /up
[12/7/2019 19:17:30] /up
[12/7/2019 19:17:32] /up
[12/7/2019 19:17:33] /up
[12/7/2019 19:17:34] /up
[12/7/2019 19:17:35] /up
[12/7/2019 19:17:36] /up
[12/7/2019 19:17:37] /up
[12/7/2019 19:18:5] /goto szekjku~
[12/7/2019 19:18:9] /goto szekjku~
[12/7/2019 19:18:16] /goto szekjku rashuje
[12/7/2019 19:18:29] /goto Szejku Rashuje
[12/7/2019 19:20:41] /goto aurix
[12/7/2019 19:21:39] /ghost
[12/7/2019 19:22:2] /i I'll look into it
[12/7/2019 19:22:20] /goto kati
[12/7/2019 19:22:27] /ghost
[12/7/2019 19:23:44] /goto aurix
[12/7/2019 19:23:51] /ghost
[12/7/2019 19:24:35] /i legion helmet
[12/7/2019 19:24:46] /i scarf
[12/7/2019 19:24:57] /i arrows
[12/7/2019 19:25:1] /i arrow
[12/7/2019 19:25:55] /goto cipfried
[12/7/2019 19:26:5] /ghost
[12/7/2019 19:27:54] /goto dedos
[12/7/2019 19:28:20] /goto orc leader
[12/7/2019 19:29:43] /goto snabeldrake
[12/7/2019 19:29:50] /goto snabeldrake
[12/7/2019 19:29:56] /goto snabeldrake
[12/7/2019 19:30:0] /ghost
[12/7/2019 19:30:1] /ghost
[12/7/2019 19:30:4] /goto xeso
[12/7/2019 19:30:14] /goto rainy
[12/7/2019 19:30:20] /goto pkzinhu
[12/7/2019 19:30:40] /goto dosko
[12/7/2019 19:30:47] /goto aurix
[12/7/2019 19:30:53] /goto kati
[12/7/2019 19:41:26] /ghost
[12/7/2019 19:41:26] /ghost
[12/7/2019 19:41:34] /goto kati
[12/7/2019 19:41:58] /goto Szejku Rashuje
[12/7/2019 19:42:4] /goto aurix
[12/7/2019 19:43:15] /goto king tibianus
[12/7/2019 19:43:23] /c Czlowiek Progress
[12/7/2019 19:44:2] /c [God] Trappen
[12/7/2019 19:44:38] /goto aurix
[12/7/2019 19:44:54] /c Czlowiek Progress
[12/7/2019 19:45:49] /town 11
[12/7/2019 19:45:54] /c Czlowiek Progress
[12/7/2019 19:45:56] /c Czlowiek Progress
[12/7/2019 19:45:59] /c Czlowiek Progress
[12/7/2019 19:46:8] /goto Czlowiek Progress
[12/7/2019 19:46:14] /town 11
[12/7/2019 19:46:19] /c Czlowiek Progress
[12/7/2019 19:46:53] /goto xeso
[12/7/2019 19:48:51] /ghost
[12/7/2019 19:48:54] /ghost
[12/7/2019 19:50:13] /goto chernobyl
[12/7/2019 19:50:33] /goto chernobyl
[12/7/2019 19:50:38] /ghost
[12/7/2019 19:50:42] /ghost
[12/7/2019 19:53:24] /goto [GOD] Trappen
[12/7/2019 19:54:16] /goto nevermore
[12/7/2019 20:4:4] /goto rainy
[12/7/2019 20:6:17] /goto zwuits
[12/7/2019 20:7:55] /goto Czlowiek Progress
[12/7/2019 20:8:4] /ghost
[12/7/2019 20:8:4] /ghost
[12/7/2019 20:8:7] /goto kati
[12/7/2019 20:8:50] /goto Szejku Rashuje
[12/7/2019 20:8:54] /ghost
[12/7/2019 20:9:4] /i magic longsword
[12/7/2019 20:10:13] /m demon
[12/7/2019 20:10:34] /r demon
[12/7/2019 20:10:44] /goto Szejku Rashuje
[12/7/2019 20:10:46] /goto Szejku Rashuje
[12/7/2019 20:10:50] /goto kati
[12/7/2019 20:10:56] /ghost
[12/7/2019 20:10:57] /ghost
[12/7/2019 20:11:23] /i brass legs
[12/7/2019 20:11:31] /i legion helmet
[12/7/2019 20:12:48] /goto Szejku Rashuje
[12/7/2019 20:13:57] /i morning star
[12/7/2019 20:14:41] /r 
[12/7/2019 20:14:43] /r
[12/7/2019 20:15:6] /i chain armor
[12/7/2019 20:15:9] /r
[12/7/2019 20:16:30] /goto aurix
[12/7/2019 20:20:52] /town thais
[12/7/2019 20:21:1] /c aurix
[12/7/2019 20:23:15] /goto aurix
[12/7/2019 20:26:22] /a 50
[12/7/2019 20:26:23] /a 50
[12/7/2019 20:26:25] /a 50
[12/7/2019 20:26:27] /a 50
[12/7/2019 20:26:29] /a 50
[12/7/2019 20:26:45] /c aurix
[12/7/2019 20:27:26] /goto testing
[12/7/2019 20:27:59] /goto ejuhsar ukjezs
[12/7/2019 20:28:47] /ghost
[12/7/2019 20:28:50] /goto dedos
[12/7/2019 20:30:21] /goto xeso
[12/7/2019 20:30:45] /goto  	Royal Laricton
[12/7/2019 20:30:58] /goto Royal Laricton
[12/7/2019 20:31:2] /goto Royal Laricton
[12/7/2019 20:31:49] /goto akelias
[12/7/2019 20:33:33] /goto akelias
[12/7/2019 20:36:15] /goto akelias
[12/7/2019 20:36:20] /goto kati
[12/7/2019 20:37:6] /goto ketonella
[12/7/2019 20:37:19] /goto pkzinhu
[12/7/2019 20:37:31] /goto aurix
[12/7/2019 20:37:45] /goto akelias
[12/7/2019 20:37:49] /goto kati
[12/7/2019 20:38:33] /goto dedos
[12/7/2019 20:39:4] /goto aurix
[12/7/2019 20:39:12] /goto kati
[12/7/2019 20:39:30] /down
[12/7/2019 20:39:50] /up
[12/7/2019 20:39:50] /up
[12/7/2019 20:42:12] /up
[12/7/2019 20:42:13] /up
[12/7/2019 20:42:49] /goto rainy
[12/7/2019 20:42:58] /goto kati
[12/7/2019 20:45:17] /goto ejuhsar ukjezs
[12/7/2019 20:45:22] /goto ejuhsar ukjezs
[12/7/2019 20:46:30] /goto Czlowiek Progress
[12/7/2019 20:46:34] /town 11
[12/7/2019 20:47:2] /goto dedos
[12/7/2019 20:47:31] /up
[12/7/2019 20:47:31] /up
[12/7/2019 20:47:32] /up
[12/7/2019 20:47:32] /up
[12/7/2019 20:48:9] /goto king tibianus
[12/7/2019 20:49:36] /goto kati
[12/7/2019 20:50:31] /goto kati
[12/7/2019 20:51:59] /b If anyone needs has a question or a problem message [GOD] Leaves. Also using Rule Violations or Game-Chat channel can also help.
[12/7/2019 20:52:11] /goto trimmy
[12/7/2019 20:52:16] /ghost
[12/7/2019 20:52:58] /down
[12/7/2019 20:53:0] /up
[12/7/2019 20:53:47] /goto nevermore
[12/7/2019 20:53:58] /up
[12/7/2019 20:57:11] /goto [GOD] Trappen
[12/7/2019 21:11:28] /light
[12/7/2019 21:16:11] /ghost
[12/7/2019 21:16:15] /ghost
[12/7/2019 21:16:16] /ghost
[12/7/2019 21:16:31] /goto szejku rashuje
[12/7/2019 21:16:40] /goto kati
[12/7/2019 21:16:45] /goto akelias
[12/7/2019 21:16:53] /goto aurix
[12/7/2019 21:17:8] /goto dedos
[12/7/2019 21:17:23] /goto czlowiek progress
[12/7/2019 21:17:33] /goto xeso
[12/7/2019 21:17:47] /goto ketonella
[12/7/2019 21:19:2] /b Please report all bugs/errors/problems, Thank you.
[12/7/2019 21:23:45] /down
[12/7/2019 21:23:48] /a 
[12/7/2019 21:25:39] /a 
[12/7/2019 21:25:45] /up
[12/7/2019 21:25:46] /up
[12/7/2019 21:25:46] /up
[12/7/2019 21:25:47] /up
[12/7/2019 21:26:1] /goto szejku rashuje
[12/7/2019 21:26:11] /goto rainy
[12/7/2019 21:28:36] /goto aurix
[12/7/2019 21:28:40] /goto akelias
[12/7/2019 21:28:56] /goto xeso
[12/7/2019 21:30:19] /goto akelias
[12/7/2019 21:30:28] /goto czlowiek progress
[12/7/2019 21:30:47] /goto szejku rashuje
[12/7/2019 21:31:0] /goto dead body
[12/7/2019 21:31:47] /goto gilson
[12/7/2019 21:32:25] /goto nevermore
[12/7/2019 21:32:55] /ghost
[12/7/2019 21:48:41] /ghost
[12/7/2019 21:49:9] /goto kati
[12/7/2019 21:49:14] /goto akelias
[12/7/2019 21:49:17] /goto dedos
[12/7/2019 21:49:21] /goto nevermore
[12/7/2019 21:49:25] /goto pkzinhu
[12/7/2019 21:49:32] /goto rainy
[12/7/2019 21:49:38] /goto szejku rashuje
[12/7/2019 21:49:45] /goto xeso
[12/7/2019 23:10:1] /goto nevermore
[12/7/2019 23:10:35] /up
[12/7/2019 23:11:3] /i andidote rune
[12/7/2019 23:11:12] /i antidote rune
[12/7/2019 23:11:33] /ghost
[12/7/2019 23:12:37] /i ultimate healing rune
[12/7/2019 23:12:41] /m scorp
[12/7/2019 23:12:44] /m scorpion
[12/7/2019 23:12:46] /m scorpion
[12/7/2019 23:12:47] /m scorpion
[12/7/2019 23:13:20] /m scorpion
[12/7/2019 23:14:7] /m scorpion
[12/7/2019 23:16:40] /ghost
[12/7/2019 23:17:46] /goto dedos
[12/7/2019 23:17:52] /goto kati
[12/7/2019 23:19:34] /goto alivex
[12/7/2019 23:21:56] /goto skorpa
[12/7/2019 23:22:14] /goto valeria
[12/7/2019 23:22:25] /ghost
[12/7/2019 23:22:26] /ghost
[12/7/2019 23:22:33] /up
[12/7/2019 23:23:19] /goto alivex
[12/7/2019 23:24:47] /goto alivex
[12/7/2019 23:28:20] /a 23
[12/7/2019 23:28:21] /a 23
[12/7/2019 23:28:22] /a 23
[12/7/2019 23:28:22] /a 23
[12/7/2019 23:28:23] /a 23
[12/7/2019 23:28:23] /a 23
[12/7/2019 23:28:24] /a 23
[12/7/2019 23:28:30] /down
[12/7/2019 23:28:32] /down
[12/7/2019 23:28:33] /down
[12/7/2019 23:29:24] /down
[12/7/2019 23:33:20] /b discord:            https://discord.gg/avjnQq
[12/7/2019 23:33:30] /up
[12/7/2019 23:33:41] /a 
[12/7/2019 23:33:44] /a 25
[12/7/2019 23:33:45] /a 25
[12/7/2019 23:33:46] /a 25
[12/7/2019 23:33:47] /a 25
[12/7/2019 23:33:54] /down
[12/7/2019 23:33:55] /up
[12/7/2019 23:34:51] /goto kati
[12/7/2019 23:34:55] /ghost
[12/7/2019 23:36:8] /ghost
[12/7/2019 23:36:14] /goto playyern
[12/7/2019 23:36:28] /goto spojenie lonowe
[12/7/2019 23:36:38] /up
[12/7/2019 23:37:40] /goto pkzinhu
[12/7/2019 23:38:45] /goto lok
[12/7/2019 23:39:41] /goto xeso
[12/7/2019 23:42:4] /goto alivex
[12/7/2019 23:42:38] /up
[12/7/2019 23:43:29] /goto alivex
[12/7/2019 23:44:7] /goto xeso
[12/7/2019 23:44:53] /goto playyern
[12/7/2019 23:44:58] /goto nevermore
[13/7/2019 15:35:38] /b If anyone needs anything message me. Thanks           [GOD] Leaves
[13/7/2019 15:36:45] /ghost
[13/7/2019 15:36:47] /ghost
[13/7/2019 15:37:3] /goto illunate me
[13/7/2019 15:37:34] /goto suzito
[13/7/2019 15:37:47] /goto tenorian delux
[13/7/2019 15:37:55] /goto two stary
[13/7/2019 15:38:0] /goto towj stary
[13/7/2019 15:38:7] /goto twoj stary
[13/7/2019 15:38:22] /goto szejku specnaz
[13/7/2019 15:47:9] /goto [GOD] Trappen
[13/7/2019 15:47:24] /reload creaturescripts
[13/7/2019 15:50:40] /goto Szejku Specnaz
[13/7/2019 15:51:5] /goto Illunate me
[13/7/2019 15:51:31] /goto Tenorian Delux
[13/7/2019 15:51:42] /goto suzito
[13/7/2019 15:51:51] /goto demon
[13/7/2019 15:51:53] /goto demon
[13/7/2019 15:51:54] /goto demon
[13/7/2019 15:52:21] /up
[13/7/2019 15:52:22] /up
[13/7/2019 15:52:23] /up
[13/7/2019 15:52:24] /up
[13/7/2019 15:52:26] /up
[13/7/2019 15:52:29] /down
[13/7/2019 15:53:17] /goto [GOD] Trappen
