[30/1/2019 19:33:37] /raid rookgaardrats
[30/1/2019 19:33:42] /raid rookgaardsnakes
[30/1/2019 19:33:44] /raid rookgaard
[30/1/2019 19:33:53] /t
[30/1/2019 19:33:55] /town 10
[30/1/2019 19:33:57] /town rookgaard
[30/1/2019 19:33:59] /town rookgard
[30/1/2019 19:34:0] /town 9
[30/1/2019 19:34:1] /town 8
[30/1/2019 19:34:2] /town 13
[30/1/2019 19:34:3] /town 14
[30/1/2019 19:34:4] /town 12
[31/1/2019 20:33:29] /m demon
[31/1/2019 20:33:30] /openserver
[31/1/2019 20:33:38] /addskill [GOD] Owl,lvl,50
[31/1/2019 20:33:45] /addskill [GOD] Owl,mlvl,13
[31/1/2019 20:34:1] /addskill [GOD] Owl,lvl,100
[1/2/2019 2:21:55] /kick [GOD] Silver
[1/2/2019 2:22:5] /c [GOD] Silver
[1/2/2019 3:57:0] /o 131
[1/2/2019 3:57:1] /o 139
[1/2/2019 3:57:3] /o 132
[1/2/2019 3:57:5] /o 133
[1/2/2019 3:57:6] /o 134
[1/2/2019 3:57:8] /o 135
[1/2/2019 3:57:10] /o 136
