[26/6/2019 14:54:29] /town rookgaard realtibia
[26/6/2019 14:54:32] /o 333
[26/6/2019 14:54:35] /town 10
[26/6/2019 14:58:28] /i 6536
[26/6/2019 14:58:39] /a 5
[26/6/2019 14:58:44] /save
[26/6/2019 14:59:17] /openserver
[26/6/2019 15:0:31] /goto jebie~~
[26/6/2019 15:0:32] /goto jebie~
[26/6/2019 15:0:38] /i training wand
[26/6/2019 15:0:38] /i training wand
[26/6/2019 15:0:38] /i training wand
[26/6/2019 15:0:39] /i training wand
[26/6/2019 15:0:39] /i training wand
[26/6/2019 15:0:39] /i training wand
[26/6/2019 15:0:39] /i training wand
[26/6/2019 15:0:39] /i training wand
[26/6/2019 15:0:39] /i training wand
[26/6/2019 15:0:39] /i training wand
[26/6/2019 15:0:39] /i training wand
[26/6/2019 15:0:39] /i training wand
[26/6/2019 15:0:39] /i training wand
[26/6/2019 15:0:39] /i training wand
[26/6/2019 15:0:39] /i training wand
[26/6/2019 15:0:39] /i training wand
[26/6/2019 15:0:39] /i training wand
[26/6/2019 15:0:39] /i training wand
[26/6/2019 15:0:39] /i training wand
[26/6/2019 15:0:39] /i training wand
[26/6/2019 15:0:39] /i training wand
[26/6/2019 15:0:39] /i training wand
[26/6/2019 15:0:39] /i training wand
[26/6/2019 15:0:39] /i training wand
[26/6/2019 15:0:39] /i training wand
[26/6/2019 15:0:40] /i training wand
[26/6/2019 15:0:40] /i training wand
[26/6/2019 15:0:40] /i training wand
[26/6/2019 15:0:40] /i training wand
[26/6/2019 15:0:40] /i training wand
[26/6/2019 15:0:40] /i training wand
[26/6/2019 15:0:40] /i training wand
[26/6/2019 15:0:40] /i training wand
[26/6/2019 15:0:40] /i training wand
[26/6/2019 15:0:40] /i training wand
[26/6/2019 15:0:40] /i training wand
[26/6/2019 15:0:40] /i training wand
[26/6/2019 15:0:40] /i training wand
[26/6/2019 15:0:40] /i training wand
[26/6/2019 15:0:40] /i training wand
[26/6/2019 15:0:41] /i training wand
[26/6/2019 15:0:41] /i training wand
[26/6/2019 15:0:41] /i training wand
[26/6/2019 15:0:41] /i training wand
[26/6/2019 15:0:41] /i training wand
[26/6/2019 15:0:41] /i training wand
[26/6/2019 15:0:41] /i training wand
[26/6/2019 15:0:41] /i training wand
[26/6/2019 15:0:41] /i training wand
[26/6/2019 15:0:41] /i training wand
[26/6/2019 15:0:41] /i training wand
[26/6/2019 15:0:41] /i training wand
[26/6/2019 15:0:41] /i training wand
[26/6/2019 15:0:41] /i training wand
[26/6/2019 15:0:41] /i training wand
[26/6/2019 15:0:41] /i training wand
[26/6/2019 15:0:41] /i training wand
[26/6/2019 15:0:42] /i training wand
[26/6/2019 15:0:42] /i training wand
[26/6/2019 15:0:42] /i training wand
[26/6/2019 15:0:42] /i training wand
[26/6/2019 15:0:42] /i training wand
[26/6/2019 15:0:42] /i training wand
[26/6/2019 15:0:42] /i training wand
[26/6/2019 15:0:42] /i training wand
[26/6/2019 15:0:42] /i training wand
[26/6/2019 15:2:11] /c testin
[26/6/2019 15:2:26] /c captest
[26/6/2019 15:2:27] /c captest
[26/6/2019 15:2:28] /c captest
[26/6/2019 15:2:29] /c captest
[26/6/2019 15:2:29] /c captest
[26/6/2019 15:2:30] /c captest
[26/6/2019 15:2:30] /c captest
[26/6/2019 15:2:31] /c captest
[26/6/2019 15:2:31] /c captest
[26/6/2019 15:2:31] /c captest
[26/6/2019 15:2:35] /c testin
[26/6/2019 15:2:47] /c testin
[26/6/2019 15:2:48] /c testin
[26/6/2019 15:2:49] /c testin
[26/6/2019 15:2:49] /c testin
[26/6/2019 15:2:50] /c testin
[26/6/2019 15:2:50] /c testin
[26/6/2019 15:2:52] /c testin
[26/6/2019 15:2:52] /c testin
[26/6/2019 15:2:53] /c testin
[26/6/2019 15:2:53] /c testin
[26/6/2019 15:2:54] /c testin
[26/6/2019 15:2:55] /c testin
[26/6/2019 15:2:55] /c testin
[26/6/2019 15:2:56] /c testin
[26/6/2019 15:2:57] /c testin
[26/6/2019 15:2:59] /c captest
[26/6/2019 15:3:1] /c testin
[26/6/2019 15:3:2] /c testin
[26/6/2019 15:3:2] /c testin
[26/6/2019 15:3:3] /c testin
[26/6/2019 15:3:49] /i training sword
[26/6/2019 15:3:53] /i training slingshot
[26/6/2019 15:3:57] /i training mace
[26/6/2019 15:3:59] /i training axe
[26/6/2019 15:5:25] /town 10
[26/6/2019 15:5:35] /c testin
[26/6/2019 15:6:3] /c testin
[26/6/2019 15:8:55] /goto jebie~
[26/6/2019 15:8:56] /c testin
[26/6/2019 15:10:54] /town 10
[26/6/2019 15:11:21] /r
[26/6/2019 15:11:22] /r
[26/6/2019 15:11:23] /r
[26/6/2019 15:11:24] /r
[26/6/2019 15:11:42] /i red backpack
[26/6/2019 15:12:45] /i red backpack
[26/6/2019 15:15:47] /i yalahari armor
[26/6/2019 15:15:52] /i yalahari legs
[26/6/2019 15:15:54] /i yalahari mask
[26/6/2019 15:15:57] /i yalahari leg piece
[26/6/2019 15:24:57] /reload items
[26/6/2019 15:25:1] /i 5833
[26/6/2019 15:52:26] /reload movements
[26/6/2019 16:11:57] /town 10
[26/6/2019 16:11:58] /town 11
[26/6/2019 16:12:1] /town 12
[26/6/2019 16:12:15] /town 10
[26/6/2019 16:15:4] /town thais
[26/6/2019 16:15:8] /town rookgaard realtibia
[26/6/2019 16:15:14] /i training dummy
[26/6/2019 16:15:17] /i training dummy
[26/6/2019 16:15:28] /i training wand
[26/6/2019 16:15:28] /i training wand
[26/6/2019 16:15:28] /i training wand
[26/6/2019 16:15:28] /i training wand
[26/6/2019 16:15:28] /i training wand
[26/6/2019 16:15:29] /i training wand
[26/6/2019 16:15:29] /i training wand
[26/6/2019 16:15:29] /i training wand
[26/6/2019 16:15:29] /i training wand
[26/6/2019 16:15:29] /i training wand
[26/6/2019 16:15:29] /i training wand
[26/6/2019 16:15:29] /i training wand
[26/6/2019 16:15:29] /i training wand
[26/6/2019 16:15:29] /i training wand
[26/6/2019 16:15:29] /i training wand
[26/6/2019 16:15:29] /i training wand
[26/6/2019 16:15:29] /i training wand
[26/6/2019 16:15:29] /i training wand
[26/6/2019 16:15:29] /i training wand
[26/6/2019 16:15:30] /i training wand
[26/6/2019 16:15:32] /i training mace
[26/6/2019 16:15:33] /i training mace
[26/6/2019 16:15:33] /i training mace
[26/6/2019 16:15:33] /i training mace
[26/6/2019 16:15:33] /i training mace
[26/6/2019 16:15:33] /i training mace
[26/6/2019 16:15:33] /i training mace
[26/6/2019 16:15:33] /i training mace
[26/6/2019 16:15:33] /i training mace
[26/6/2019 16:15:35] /i training axe
[26/6/2019 16:15:36] /i training axe
[26/6/2019 16:15:36] /i training axe
[26/6/2019 16:15:36] /i training axe
[26/6/2019 16:15:36] /i training axe
[26/6/2019 16:15:36] /i training axe
[26/6/2019 16:15:36] /i training axe
[26/6/2019 16:15:36] /i training axe
[26/6/2019 16:15:36] /i training axe
[26/6/2019 16:15:36] /i training axe
[26/6/2019 16:15:39] /i training sword
[26/6/2019 16:15:39] /i training sword
[26/6/2019 16:15:40] /i training sword
[26/6/2019 16:15:40] /i training sword
[26/6/2019 16:15:40] /i training sword
[26/6/2019 16:15:40] /i training sword
[26/6/2019 16:15:40] /i training sword
[26/6/2019 16:15:40] /i training sword
[26/6/2019 16:15:40] /i training sword
[26/6/2019 16:15:40] /i training sword
[26/6/2019 16:15:40] /i training sword
[26/6/2019 16:15:40] /i training sword
[26/6/2019 16:15:40] /i training sword
[26/6/2019 16:15:40] /i training sword
[26/6/2019 16:15:41] /i training sword
[26/6/2019 16:15:43] /i training slingshot
[26/6/2019 16:15:44] /i training slingshot
[26/6/2019 16:15:44] /i training slingshot
[26/6/2019 16:15:44] /i training slingshot
[26/6/2019 16:15:44] /i training slingshot
[26/6/2019 16:15:44] /i training slingshot
[26/6/2019 16:15:44] /i training slingshot
[26/6/2019 16:15:44] /i training slingshot
[26/6/2019 16:15:44] /i training slingshot
[26/6/2019 16:15:45] /i training slingshot
[26/6/2019 16:15:45] /i training slingshot
[26/6/2019 16:15:45] /i training slingshot
[26/6/2019 16:15:45] /i training slingshot
[26/6/2019 16:15:45] /i training slingshot
[26/6/2019 16:15:45] /i training slingshot
[26/6/2019 16:15:45] /i training slingshot
[26/6/2019 16:15:45] /i training slingshot
[26/6/2019 16:15:45] /i training slingshot
[26/6/2019 16:15:45] /i training slingshot
[26/6/2019 16:15:45] /i training slingshot
[26/6/2019 16:15:45] /i training slingshot
[26/6/2019 16:28:22] /town 10
[26/6/2019 16:28:24] /m basilisk
[26/6/2019 16:28:42] /addskill [GOD]~,lvl,100
[26/6/2019 16:28:51] /addskill [GOD] Lucky Patch3r,lvl,100
[26/6/2019 16:28:55] /addskill [GOD] Lucky Patch3r,mlvl,60
[26/6/2019 16:29:14] /town 10
[26/6/2019 16:29:16] /town 11
[26/6/2019 16:29:18] /town 12
[26/6/2019 16:29:38] /town thais
[26/6/2019 16:31:1] /town 12
[26/6/2019 16:31:3] /o 300
[26/6/2019 16:31:5] /o 280
[26/6/2019 16:31:6] /o 281
[26/6/2019 16:31:7] /o 282
[26/6/2019 16:31:8] /o 283
[26/6/2019 16:31:8] /o 284
[26/6/2019 16:31:9] /o 285
[26/6/2019 16:31:10] /o 286
[26/6/2019 16:31:11] /o 287
[26/6/2019 16:31:11] /o 288
[26/6/2019 16:31:13] /o 289
[26/6/2019 16:31:15] /o 290
[26/6/2019 16:31:16] /o 291
[26/6/2019 16:31:16] /o 292
[26/6/2019 16:31:17] /o 293
[26/6/2019 16:31:18] /o 294
[26/6/2019 16:31:19] /o 295
[26/6/2019 16:31:20] /o 296
[26/6/2019 16:31:20] /o 297
[26/6/2019 16:31:21] /o 298
[26/6/2019 16:31:22] /o 295
[26/6/2019 16:31:23] /o 296
[26/6/2019 16:31:24] /o 295
[26/6/2019 16:31:25] /o 296
[26/6/2019 16:31:26] /o 295
[26/6/2019 16:31:27] /o 296
[26/6/2019 16:31:28] /o 295
[26/6/2019 16:31:29] /o 29
[26/6/2019 16:31:31] /o 296
[26/6/2019 16:31:32] /o 297
[26/6/2019 16:31:33] /o 298
[26/6/2019 16:31:33] /o 299
[26/6/2019 16:31:35] /o 300
[26/6/2019 16:31:36] /o 301
[26/6/2019 16:31:37] /o 302
[26/6/2019 16:31:38] /o 303
[26/6/2019 16:31:41] /o 304
[26/6/2019 16:31:41] /o 305
[26/6/2019 16:31:43] /o 306
[26/6/2019 16:31:43] /o 307
[26/6/2019 16:31:44] /o 308
[26/6/2019 16:31:46] /o 309
[26/6/2019 16:31:47] /o 310
[26/6/2019 16:31:48] /o 311
[26/6/2019 16:31:49] /o 312
[26/6/2019 16:31:50] /o 313
[26/6/2019 16:31:51] /o 314
[26/6/2019 16:31:51] /o 315
[26/6/2019 16:31:52] /o 316
[26/6/2019 16:31:53] /o 317
[26/6/2019 16:31:54] /o 318
[26/6/2019 16:31:55] /o 319
[26/6/2019 16:31:56] /o 320
[26/6/2019 16:31:57] /o 321
[26/6/2019 16:31:58] /o 322
[26/6/2019 16:31:59] /o 323
[26/6/2019 16:32:0] /o 324
[26/6/2019 16:32:1] /o 325
[26/6/2019 16:32:1] /o 326
[26/6/2019 16:32:2] /o 327
[26/6/2019 16:32:3] /o 328
[26/6/2019 16:32:5] /o 329
[26/6/2019 16:32:6] /o 330
[26/6/2019 16:32:6] /o 331
[26/6/2019 16:32:7] /o 332
[26/6/2019 16:32:8] /o 333
[26/6/2019 16:32:9] /o 334
[26/6/2019 16:32:10] /o 335
[26/6/2019 16:32:10] /o 336
[26/6/2019 16:32:11] /o 337
[26/6/2019 16:32:13] /o 338
[26/6/2019 16:32:15] /o 339
[26/6/2019 16:32:15] /o 340
[26/6/2019 16:32:16] /o 341
[26/6/2019 16:32:17] /o 342
[26/6/2019 16:32:18] /o 343
[26/6/2019 16:32:19] /o 344
[26/6/2019 16:32:20] /o 345
[26/6/2019 16:32:20] /o 346
[26/6/2019 16:32:21] /o 347
[26/6/2019 16:32:22] /o 348
[26/6/2019 16:32:24] /o 349
[26/6/2019 16:32:25] /o 350
[26/6/2019 16:32:26] /o 351
[26/6/2019 16:32:27] /o 352
[26/6/2019 16:32:28] /o 353
[26/6/2019 16:32:28] /o 354
[26/6/2019 16:32:29] /o 355
[26/6/2019 16:32:30] /o 356
[26/6/2019 16:32:31] /o 357
[26/6/2019 16:32:32] /o 358
[26/6/2019 16:32:33] /o 359
[26/6/2019 16:32:34] /o 360
[26/6/2019 16:32:35] /o 361
[26/6/2019 16:32:36] /o 362
[26/6/2019 16:32:37] /o 363
[26/6/2019 16:32:37] /o 364
[26/6/2019 16:32:38] /o 365
[26/6/2019 16:32:39] /o 366
[26/6/2019 16:32:40] /o 367
[26/6/2019 16:32:41] /o 368
[26/6/2019 16:32:42] /o 369
[26/6/2019 16:32:44] /o 370
[26/6/2019 16:32:45] /o 371
[26/6/2019 16:32:45] /o 372
[26/6/2019 16:32:46] /o 373
[26/6/2019 16:32:47] /o 374
[26/6/2019 16:32:48] /o 375
[26/6/2019 16:32:49] /o 376
[26/6/2019 16:32:50] /o 377
[26/6/2019 16:32:51] /o 378
[26/6/2019 16:32:52] /o 379
[26/6/2019 16:32:53] /o 380
[26/6/2019 16:32:55] /o 381
[26/6/2019 16:32:55] /o 382
[26/6/2019 16:32:56] /o 383
[26/6/2019 16:32:57] /o 384
[26/6/2019 16:32:58] /o 385
[26/6/2019 16:32:59] /o 386
[26/6/2019 16:33:0] /o 387
[26/6/2019 16:33:1] /o 388
[26/6/2019 16:33:1] /o 389
[26/6/2019 16:33:3] /o 390
[26/6/2019 16:33:4] /o 391
[26/6/2019 16:33:4] /o 392
[26/6/2019 16:33:5] /o 393
[26/6/2019 16:33:6] /o 394
[26/6/2019 16:33:7] /o 395
[26/6/2019 16:33:8] /o 396
[26/6/2019 16:33:9] /o 397
[26/6/2019 16:33:9] /o 398
[26/6/2019 16:33:10] /o 399
[26/6/2019 16:33:12] /o 400
[26/6/2019 16:33:13] /o 401
[26/6/2019 16:33:13] /o 402
[26/6/2019 16:33:14] /o 403
[26/6/2019 16:33:15] /o 403
[26/6/2019 16:33:16] /o 404
[26/6/2019 16:33:16] /o 405
[26/6/2019 16:33:17] /o 406
[26/6/2019 16:33:29] /o 279
[26/6/2019 16:33:30] /o 278
[26/6/2019 16:33:31] /o 277
[26/6/2019 16:33:32] /o 276
[26/6/2019 16:33:33] /o 275
[26/6/2019 16:34:41] /o 406
[26/6/2019 16:34:43] /o 407
[26/6/2019 16:34:44] /o 408
[26/6/2019 16:34:45] /o 409
[26/6/2019 16:34:49] /o 410
[26/6/2019 16:34:50] /o 412
[26/6/2019 16:34:51] /o 411
[26/6/2019 16:34:52] /o 413
[26/6/2019 16:34:53] /o 414
[26/6/2019 16:34:53] /o 415
[26/6/2019 16:34:54] /o 416
[26/6/2019 16:34:55] /o 417
[26/6/2019 16:34:56] /o 418
[26/6/2019 16:34:57] /o 419
[26/6/2019 16:34:58] /o 420
[26/6/2019 16:34:59] /o 419
[26/6/2019 16:35:2] /o 418
[26/6/2019 16:35:7] /o 421
[26/6/2019 16:35:8] /o 422
[26/6/2019 16:35:9] /o 423
[26/6/2019 16:35:10] /o 424
[26/6/2019 16:35:11] /o 425
[26/6/2019 16:35:12] /o 426
[26/6/2019 16:35:12] /o 427
[26/6/2019 16:35:13] /o 428
[26/6/2019 16:35:14] /o 429
[26/6/2019 16:35:16] /o 430
[26/6/2019 16:35:16] /o 431
[26/6/2019 16:35:17] /o 432
[26/6/2019 16:35:18] /o 433
[26/6/2019 16:35:19] /o 434
[26/6/2019 16:35:19] /o 435
[26/6/2019 16:35:20] /o 436
[26/6/2019 16:35:21] /o 437
[26/6/2019 16:35:22] /o 438
[26/6/2019 16:37:39] /openserver
[26/6/2019 16:39:50] /i 2547
[26/6/2019 16:39:58] /i 2146
[26/6/2019 16:40:7] /i wyvern fang
[26/6/2019 16:40:9] /i gemmed book
[26/6/2019 16:40:27] /i 2127
[26/6/2019 16:40:47] /reload monsters
[26/6/2019 16:40:49] /m wyvern
[26/6/2019 16:44:3] /reload npcs
[26/6/2019 16:44:6] /reload npcs
[26/6/2019 16:44:12] /n rashid
[26/6/2019 16:44:17] /i scroll of rashid
[26/6/2019 16:44:19] /i rashid scroll
[26/6/2019 16:44:29] /r
[26/6/2019 16:44:32] /r
[26/6/2019 16:44:34] /n penny
[26/6/2019 16:44:47] /r
[26/6/2019 16:44:49] /r
[26/6/2019 16:44:52] /r
[26/6/2019 16:44:53] /r
[26/6/2019 16:44:54] /r
[26/6/2019 16:44:55] /r
[26/6/2019 16:44:56] /r
[26/6/2019 16:44:57] /r
[26/6/2019 16:44:58] /r
[26/6/2019 16:45:21] /o 333
[26/6/2019 16:46:26] /o 311
[26/6/2019 16:47:49] /a 100
[26/6/2019 16:47:50] /a 100
[26/6/2019 16:47:53] /a 100
[26/6/2019 16:48:51] /r
[26/6/2019 16:48:52] /r
[26/6/2019 16:48:53] /r
[26/6/2019 16:48:54] /r
[26/6/2019 16:48:56] /r
[26/6/2019 16:48:56] /r
[26/6/2019 16:48:58] /r
[26/6/2019 16:49:2] /r
[26/6/2019 16:49:2] /r
[26/6/2019 16:50:5] /town 10
[26/6/2019 16:50:56] /i 6872
[26/6/2019 16:50:58] /i 6873
[26/6/2019 16:50:59] /i 6871
[26/6/2019 16:51:1] /i 6870
[26/6/2019 16:51:3] /i 6872
[26/6/2019 17:49:10] /openserver
[27/6/2019 14:8:19] /goto kevin
[27/6/2019 14:8:41] /goto brodrosch
[27/6/2019 14:8:45] /i 2160
[27/6/2019 14:8:50] /goto kevin
[27/6/2019 14:8:59] /goto nielson
[27/6/2019 14:9:12] /up
[27/6/2019 14:9:13] /up
[27/6/2019 14:9:14] /up
[27/6/2019 14:9:15] /i crowbar
[27/6/2019 14:9:19] /goto kevin
[27/6/2019 14:10:54] /goto a strange fellow
[27/6/2019 14:10:59] /goto kevin
[27/6/2019 14:11:16] /i 2160
[27/6/2019 14:11:21] /i 1998
[27/6/2019 14:11:22] /i bone
[27/6/2019 14:11:22] /i bone
[27/6/2019 14:11:23] /i bone
[27/6/2019 14:11:25] /i bone
[27/6/2019 14:11:26] /i bone
[27/6/2019 14:11:26] /i bone
[27/6/2019 14:11:26] /i bone
[27/6/2019 14:11:26] /i bone
[27/6/2019 14:11:26] /i bone
[27/6/2019 14:11:26] /i bone
[27/6/2019 14:11:26] /i bone
[27/6/2019 14:11:26] /i bone
[27/6/2019 14:11:26] /i bone
[27/6/2019 14:11:26] /i bone
[27/6/2019 14:11:26] /i bone
[27/6/2019 14:11:26] /i bone
[27/6/2019 14:11:27] /i bone
[27/6/2019 14:11:27] /i bone
[27/6/2019 14:11:27] /i bone
[27/6/2019 14:11:27] /i bone
[27/6/2019 14:11:27] /i bone
[27/6/2019 14:11:27] /i bone
[27/6/2019 14:11:27] /i bone
[27/6/2019 14:11:27] /i bone
[27/6/2019 14:11:27] /i bone
[27/6/2019 14:11:27] /i bone
[27/6/2019 14:11:27] /i bone
[27/6/2019 14:11:27] /i bone
[27/6/2019 14:11:27] /i bone
[27/6/2019 14:11:27] /i bone
[27/6/2019 14:11:27] /i bone
[27/6/2019 14:11:27] /i bone
[27/6/2019 14:11:27] /i bone
[27/6/2019 14:11:27] /i bone
[27/6/2019 14:11:27] /i bone
[27/6/2019 14:11:27] /i bone
[27/6/2019 14:11:27] /i bone
[27/6/2019 14:11:27] /i bone
[27/6/2019 14:11:27] /i bone
[27/6/2019 14:11:27] /i bone
[27/6/2019 14:13:21] /goto dermot
[27/6/2019 14:13:27] /goto dermont
[27/6/2019 14:13:30] /n dermot
[27/6/2019 14:13:50] /r
[27/6/2019 14:14:19] /reload actions
[27/6/2019 14:14:43] /goto hugo
[27/6/2019 14:14:46] /goto hugo
[27/6/2019 14:14:49] /a 100
[27/6/2019 14:14:51] /town venore
[27/6/2019 14:14:52] /up
[27/6/2019 14:14:57] /up
[27/6/2019 14:15:0] /pos
[27/6/2019 14:16:3] /pos
[27/6/2019 14:17:0] /n hugo
[27/6/2019 14:17:13] /goto kevin
[27/6/2019 14:17:41] /goto dermot
[27/6/2019 14:17:46] /goto old beggar
[27/6/2019 14:17:49] /goto old~
[27/6/2019 14:17:55] /goto old adall
[27/6/2019 14:17:58] /town thais
[27/6/2019 14:18:6] /a 100
[27/6/2019 14:18:7] /a 100
[27/6/2019 14:18:9] /a 100
[27/6/2019 14:18:12] /a 25
[27/6/2019 14:18:12] /a 25
[27/6/2019 14:18:13] /a 25
[27/6/2019 14:18:13] /a 25
[27/6/2019 14:18:14] /a 25
[27/6/2019 14:18:14] /a 25
[27/6/2019 14:18:14] /a 25
[27/6/2019 14:18:15] /a 25
[27/6/2019 14:18:16] /a 25
[27/6/2019 14:18:16] /a 25
[27/6/2019 14:18:16] /a 25
[27/6/2019 14:18:17] /a 25
[27/6/2019 14:18:18] /a 25
[27/6/2019 14:18:19] /a 25
[27/6/2019 14:18:24] /pos
[27/6/2019 14:18:52] /goto kazordoon
[27/6/2019 14:18:54] /town kazordoon
[27/6/2019 14:20:24] /a 30
[27/6/2019 14:20:25] /a 30
[27/6/2019 14:20:26] /down
[27/6/2019 14:20:27] /a 15
[27/6/2019 14:20:28] /a 15
[27/6/2019 14:20:29] /a 15
[27/6/2019 14:20:29] /a 15
[27/6/2019 14:20:29] /a 15
[27/6/2019 14:20:30] /a 15
[27/6/2019 14:20:31] /a 15
[27/6/2019 14:20:34] /pos
[27/6/2019 14:21:1] /n talphion
[27/6/2019 14:21:9] /goto kevin
[27/6/2019 14:21:17] /goto queen eloise
[27/6/2019 14:21:40] /goto kevin
[27/6/2019 14:21:59] /goto noodles
[27/6/2019 14:22:2] /i moldy cheese
[27/6/2019 14:22:4] /i 1998
[27/6/2019 14:22:9] /i dirty fur
[27/6/2019 14:22:12] /i banana skin
[27/6/2019 14:22:14] /goto noodles
[27/6/2019 14:22:16] /goto king tibianus
[27/6/2019 14:22:18] /pos
[27/6/2019 14:22:46] /n noodles
[27/6/2019 14:23:6] /goto kevin
[27/6/2019 14:23:16] /goto hugo
[27/6/2019 14:23:22] /goto kevin
[27/6/2019 14:24:3] /goto ben
[27/6/2019 14:24:5] /goto benjamin
[27/6/2019 14:24:13] /goto lokur
[27/6/2019 14:24:15] /goto lokur
[27/6/2019 14:24:28] /town kazordoon
[27/6/2019 14:24:34] /a 5
[27/6/2019 14:24:35] /a 5
[27/6/2019 14:24:35] /a 5
[27/6/2019 14:24:35] /a 5
[27/6/2019 14:24:36] /a 5
[27/6/2019 14:24:36] /a 5
[27/6/2019 14:24:36] /a 5
[27/6/2019 14:24:36] /a 5
[27/6/2019 14:24:36] /a 5
[27/6/2019 14:24:36] /a 5
[27/6/2019 14:24:37] /a 5
[27/6/2019 14:24:37] /a 5
[27/6/2019 14:24:38] /a 5
[27/6/2019 14:24:38] /a 5
[27/6/2019 14:24:38] /a 5
[27/6/2019 14:24:38] /a 5
[27/6/2019 14:24:40] /up
[27/6/2019 14:24:40] /a 5
[27/6/2019 14:24:41] /a 5
[27/6/2019 14:24:41] /a 5
[27/6/2019 14:24:41] /a 5
[27/6/2019 14:24:41] /a 5
[27/6/2019 14:24:41] /a 5
[27/6/2019 14:24:42] /a 5
[27/6/2019 14:24:42] /a 5
[27/6/2019 14:24:42] /a 5
[27/6/2019 14:24:42] /a 5
[27/6/2019 14:24:42] /a 5
[27/6/2019 14:24:43] /a 5
[27/6/2019 14:24:43] /a 5
[27/6/2019 14:24:43] /a 5
[27/6/2019 14:24:43] /a 5
[27/6/2019 14:24:43] /a 5
[27/6/2019 14:24:44] /a 5
[27/6/2019 14:24:44] /a 5
[27/6/2019 14:24:44] /a 5
[27/6/2019 14:24:44] /a 5
[27/6/2019 14:24:45] /a 5
[27/6/2019 14:24:45] /a 5
[27/6/2019 14:24:45] /a 5
[27/6/2019 14:24:45] /a 5
[27/6/2019 14:24:46] /a 5
[27/6/2019 14:24:46] /a 5
[27/6/2019 14:24:46] /a 5
[27/6/2019 14:24:46] /a 5
[27/6/2019 14:24:47] /a 5
[27/6/2019 14:24:47] /a 5
[27/6/2019 14:24:47] /a 5
[27/6/2019 14:24:48] /up
[27/6/2019 14:24:49] /up
[27/6/2019 14:24:50] /a 5
[27/6/2019 14:24:51] /a 5
[27/6/2019 14:24:51] /a 5
[27/6/2019 14:24:52] /a 5
[27/6/2019 14:24:53] /a 5
[27/6/2019 14:24:56] /n lokur
[27/6/2019 14:24:57] /pos
[27/6/2019 14:25:34] /goto kroox
[27/6/2019 14:25:50] /goto dove
[27/6/2019 14:25:55] /i grapes
[27/6/2019 14:25:58] /goto liane
[27/6/2019 14:26:2] /i arrow
[27/6/2019 14:26:7] /goto chrystal
[27/6/2019 14:26:13] /goto olrik
[27/6/2019 14:26:41] /goto kevin
[27/6/2019 14:26:59] /town thais
[27/6/2019 14:27:2] /a 2
[27/6/2019 14:27:2] /a 2
[27/6/2019 14:27:3] /a 2
[27/6/2019 14:27:3] /a 2
[27/6/2019 14:27:3] /a 2
[27/6/2019 14:27:3] /a 2
[27/6/2019 14:27:4] /a 2
[27/6/2019 14:27:4] /a 2
[27/6/2019 14:27:4] /a 2
[27/6/2019 14:27:4] /a 2
[27/6/2019 14:27:4] /a 2
[27/6/2019 14:27:4] /a 2
[27/6/2019 14:27:4] /a 2
[27/6/2019 14:27:4] /a 2
[27/6/2019 14:27:4] /a 2
[27/6/2019 14:27:4] /a 2
[27/6/2019 14:27:4] /a 2
[27/6/2019 14:27:4] /a 2
[27/6/2019 14:27:4] /a 2
[27/6/2019 14:27:4] /a 2
[27/6/2019 14:27:4] /a 2
[27/6/2019 14:27:4] /a 2
[27/6/2019 14:27:4] /a 2
[27/6/2019 14:27:4] /a 2
[27/6/2019 14:27:4] /a 2
[27/6/2019 14:27:4] /a 2
[27/6/2019 14:27:4] /a 2
[27/6/2019 14:27:4] /a 2
[27/6/2019 14:27:4] /a 2
[27/6/2019 14:27:4] /a 2
[27/6/2019 14:27:4] /a 2
[27/6/2019 14:27:4] /a 2
[27/6/2019 14:27:4] /a 2
[27/6/2019 14:27:4] /a 2
[27/6/2019 14:27:5] /a 2
[27/6/2019 14:27:5] /a 2
[27/6/2019 14:27:5] /a 2
[27/6/2019 14:27:5] /a 2
[27/6/2019 14:27:5] /a 2
[27/6/2019 14:27:5] /a 2
[27/6/2019 14:27:5] /a 2
[27/6/2019 14:27:6] /down
[27/6/2019 14:27:6] /a 2
[27/6/2019 14:27:6] /a 2
[27/6/2019 14:27:6] /a 2
[27/6/2019 14:27:7] /a 2
[27/6/2019 14:27:7] /a 2
[27/6/2019 14:27:7] /a 2
[27/6/2019 14:27:8] /a 2
[27/6/2019 14:27:8] /a 2
[27/6/2019 14:27:8] /a 2
[27/6/2019 14:27:8] /a 2
[27/6/2019 14:27:8] /a 2
[27/6/2019 14:27:9] /a 2
[27/6/2019 14:27:9] /a 2
[27/6/2019 14:27:9] /a 2
[27/6/2019 14:27:9] /a 2
[27/6/2019 14:27:10] /a 2
[27/6/2019 14:27:10] /a 2
[27/6/2019 14:27:10] /a 2
[27/6/2019 14:27:11] /a 2
[27/6/2019 14:27:12] /lux
[27/6/2019 14:27:18] /goto kevin
[27/6/2019 14:27:36] /goto nielson
[27/6/2019 14:27:43] /a 2
[27/6/2019 14:27:43] /a 2
[27/6/2019 14:27:43] /a 2
[27/6/2019 14:27:43] /a 2
[27/6/2019 14:27:43] /a 2
[27/6/2019 14:27:43] /a 2
[27/6/2019 14:27:44] /a 2
[27/6/2019 14:27:44] /a 2
[27/6/2019 14:27:44] /a 2
[27/6/2019 14:27:44] /a 2
[27/6/2019 14:27:44] /a 2
[27/6/2019 14:27:44] /a 2
[27/6/2019 14:27:44] /a 2
[27/6/2019 14:27:44] /a 2
[27/6/2019 14:27:44] /a 2
[27/6/2019 14:27:44] /a 2
[27/6/2019 14:27:44] /a 2
[27/6/2019 14:27:44] /a 2
[27/6/2019 14:27:44] /a 2
[27/6/2019 14:27:44] /a 2
[27/6/2019 14:27:45] /a 2
[27/6/2019 14:27:45] /a 2
[27/6/2019 14:27:45] /a 2
[27/6/2019 14:27:45] /a 2
[27/6/2019 14:27:45] /a 2
[27/6/2019 14:27:45] /a 2
[27/6/2019 14:27:45] /a 2
[27/6/2019 14:27:45] /a 2
[27/6/2019 14:27:45] /a 2
[27/6/2019 14:27:45] /a 2
[27/6/2019 14:27:45] /a 2
[27/6/2019 14:27:45] /a 2
[27/6/2019 14:27:45] /a 2
[27/6/2019 14:27:45] /a 2
[27/6/2019 14:27:45] /a 2
[27/6/2019 14:27:45] /a 2
[27/6/2019 14:27:45] /a 2
[27/6/2019 14:27:45] /a 2
[27/6/2019 14:27:45] /a 2
[27/6/2019 14:27:45] /a 2
[27/6/2019 14:27:45] /a 2
[27/6/2019 14:27:46] /a 2
[27/6/2019 14:27:46] /a 2
[27/6/2019 14:27:46] /a 2
[27/6/2019 14:27:46] /a 2
[27/6/2019 14:27:46] /a 2
[27/6/2019 14:27:46] /a 2
[27/6/2019 14:27:47] /a 2
[27/6/2019 14:27:47] /a 2
[27/6/2019 14:27:47] /a 2
[27/6/2019 14:27:47] /a 2
[27/6/2019 14:27:47] /a 2
[27/6/2019 14:27:48] /a 2
[27/6/2019 14:27:48] /a 2
[27/6/2019 14:27:50] /a 2
[27/6/2019 14:27:56] /goto kevin
[27/6/2019 14:28:5] /goto markwin
[27/6/2019 14:28:9] /goto general murius
[27/6/2019 14:28:11] /n markwin
[27/6/2019 14:28:49] /goto kevin
[27/6/2019 14:31:20] /town rookgaard realtibia
[27/6/2019 21:25:20] /i 6884
[27/6/2019 21:25:22] /i 6885
[27/6/2019 21:25:23] /i 6886
[27/6/2019 21:25:27] /i 6887
[27/6/2019 21:25:28] /i 6888
[27/6/2019 21:25:33] /i 6885
[27/6/2019 21:25:35] /i 6884
[27/6/2019 21:25:36] /i 6883
[27/6/2019 21:43:10] /town carlin
[28/6/2019 22:57:21] /goto rashid
[28/6/2019 23:2:1] /town thais
[28/6/2019 23:2:3] /a 5
[28/6/2019 23:2:3] /a 5
[28/6/2019 23:2:3] /a 5
[28/6/2019 23:2:4] /a 5
[28/6/2019 23:2:4] /a 5
[28/6/2019 23:2:4] /a 5
[28/6/2019 23:2:4] /a 5
[28/6/2019 23:2:5] /a 5
[28/6/2019 23:2:5] /a 5
[28/6/2019 23:2:5] /a 5
[28/6/2019 23:2:6] /a 5
[28/6/2019 23:2:6] /a 5
[28/6/2019 23:2:6] /a 5
[28/6/2019 23:2:7] /a 5
[28/6/2019 23:2:7] /a 5
[28/6/2019 23:2:8] /a 5
[28/6/2019 23:2:9] /a 5
[28/6/2019 23:2:9] /a 5
[28/6/2019 23:2:9] /a 5
[28/6/2019 23:2:9] /a 5
[28/6/2019 23:2:10] /a 5
[28/6/2019 23:2:11] /a 5
[28/6/2019 23:2:22] /a 5
[28/6/2019 23:2:28] /i royal helmet
[28/6/2019 23:2:32] /i 5510
[28/6/2019 23:2:35] /i 5510
[28/6/2019 23:2:38] /i 100
[28/6/2019 23:2:39] /i 101
[28/6/2019 23:2:42] /i 102
[29/6/2019 11:46:17] /goto gabel
[29/6/2019 11:46:21] /down
[29/6/2019 11:51:55] /storage [GOD]Lucky Patch3r,9030
[29/6/2019 11:52:1] /storage [GOD]Lucky~,9030
[29/6/2019 11:52:4] /storage [GOD]Lucky,9030
[29/6/2019 11:52:9] /storage elit
[29/6/2019 11:52:11] /storage elit,9030
[29/6/2019 11:52:13] /c elit
[29/6/2019 11:52:35] /reload npcs
[29/6/2019 11:52:45] /reload npcs
[29/6/2019 11:52:50] /reload npcs
[29/6/2019 11:54:8] /t elit
[29/6/2019 11:54:8] /up
[29/6/2019 11:54:11] /down
[29/6/2019 11:54:12] /down
[29/6/2019 11:54:13] /down
[29/6/2019 11:57:25] /goto ubaid
[29/6/2019 11:57:34] /n melchior
[29/6/2019 11:57:49] /r
[29/6/2019 12:4:38] /reload npcs
[29/6/2019 12:5:15] /goto melchior
[29/6/2019 12:5:22] /goto ubaid
[29/6/2019 12:6:11] /reload npcs
[29/6/2019 12:6:42] /reload npcs
[29/6/2019 12:7:5] /reload npcs
[29/6/2019 12:11:41] /i 1226
[29/6/2019 12:11:44] /r
[29/6/2019 12:11:54] /goto elit
[29/6/2019 12:11:58] /goto ubaid
[29/6/2019 12:12:55] /goto mal'ouqash
[29/6/2019 12:12:56] /goto mal'ouqah
[29/6/2019 12:13:18] /goto baa'leal
[29/6/2019 12:15:11] /goto shauna
[29/6/2019 12:15:37] /goto partos
[29/6/2019 12:15:40] /lux
[29/6/2019 12:15:42] /a 3
[29/6/2019 12:16:36] /goto baa'leal
[29/6/2019 12:17:5] /i 2152,6
[29/6/2019 12:17:41] /down 3
[29/6/2019 12:17:43] /down
[29/6/2019 12:35:9] /reload npcs
[29/6/2019 12:35:31] /reload npcs
[29/6/2019 12:38:3] /reload npcs
[29/6/2019 12:38:36] /reload npcs
[29/6/2019 12:40:0] /reload npc
[29/6/2019 12:40:50] /reload npcs
[29/6/2019 12:42:8] /reload npcs
[29/6/2019 12:42:37] /reload npcs
[29/6/2019 12:43:16] /reload npcs
[29/6/2019 12:49:19] /reload npcs
[29/6/2019 12:50:46] /i 1226
[29/6/2019 12:50:48] /r
[29/6/2019 12:52:40] /i tear of darama
[29/6/2019 12:52:45] /i daramanian tear
[29/6/2019 12:52:47] /i tear of darama
[29/6/2019 12:53:5] /i tear of daraman
[29/6/2019 12:53:13] /i tear of daraman
[29/6/2019 12:55:14] /goto marid
[29/6/2019 12:55:16] /a 5
[29/6/2019 12:55:16] /a 5
[29/6/2019 12:55:18] /a 5
[29/6/2019 12:55:19] /down
[29/6/2019 12:55:21] /down
[29/6/2019 12:55:29] /goto alesar
[29/6/2019 12:59:39] /reload npcs
[29/6/2019 12:59:41] /i 1998
[29/6/2019 13:0:4] /reload npcs
[29/6/2019 13:2:8] /reload npcs
[29/6/2019 13:2:40] /reload npcs
[29/6/2019 13:3:1] /reload npcs
[29/6/2019 13:4:18] /reload npcs
[29/6/2019 13:4:47] /goto the king orc
[29/6/2019 13:4:49] /goto orc king
[29/6/2019 13:4:53] /goto orc warlord
[29/6/2019 13:4:54] /down
[29/6/2019 13:4:55] /down
[29/6/2019 13:4:55] /down
[29/6/2019 13:4:56] /down
[29/6/2019 13:4:57] /down
[29/6/2019 13:4:57] /down
[29/6/2019 13:4:59] /down
[29/6/2019 13:5:1] /down
[29/6/2019 13:5:25] /goto malor
[29/6/2019 13:5:43] /goto gabel
[29/6/2019 13:5:49] /down
[29/6/2019 13:6:2] /goto malor
[29/6/2019 13:9:43] /goto gabel
[29/6/2019 13:10:21] /reload npcs
[29/6/2019 13:10:23] /goto alesar
[29/6/2019 13:10:27] /i bluecup
[29/6/2019 13:10:29] /i blue cup
[29/6/2019 13:10:30] /i green cup
[29/6/2019 13:10:54] /reload actions
[29/6/2019 13:12:21] /reload npcs
[29/6/2019 13:14:16] /reload npcs
[29/6/2019 13:15:3] /reload npcs
[29/6/2019 23:29:39] /a 
[29/6/2019 23:29:43] /t
[29/6/2019 23:29:55] /t
[29/6/2019 23:30:44] /a 50
[29/6/2019 23:30:44] /a 50
[29/6/2019 23:31:15] /m demon
[29/6/2019 23:33:49] /a 50
[29/6/2019 23:33:49] /a 50
[29/6/2019 23:33:50] /a 50
[29/6/2019 23:33:50] /a 50
[29/6/2019 23:33:51] /a 50
[29/6/2019 23:33:51] /a 50
[29/6/2019 23:33:51] /a 50
[29/6/2019 23:33:51] /a 50
[29/6/2019 23:33:51] /a 50
[29/6/2019 23:33:51] /a 50
[29/6/2019 23:33:51] /a 50
[29/6/2019 23:33:51] /a 50
[29/6/2019 23:33:51] /a 50
[29/6/2019 23:33:52] /a 50
[29/6/2019 23:33:52] /a 50
[29/6/2019 23:33:52] /a 50
[29/6/2019 23:33:52] /a 50
[29/6/2019 23:33:52] /a 50
[29/6/2019 23:33:53] /a 50
[29/6/2019 23:33:53] /a 50
[29/6/2019 23:33:53] /a 50
[29/6/2019 23:33:53] /a 50
[29/6/2019 23:33:54] /a 50
[29/6/2019 23:33:54] /a 50
[29/6/2019 23:33:54] /a 50
[29/6/2019 23:33:54] /a 50
[29/6/2019 23:33:54] /a 50
[29/6/2019 23:33:54] /a 50
[29/6/2019 23:33:54] /a 50
[29/6/2019 23:33:54] /a 50
[29/6/2019 23:33:54] /a 50
[29/6/2019 23:33:54] /a 50
[29/6/2019 23:33:54] /a 50
[29/6/2019 23:33:54] /a 50
[29/6/2019 23:33:54] /a 50
[29/6/2019 23:33:54] /a 50
[29/6/2019 23:33:54] /a 50
[29/6/2019 23:33:54] /a 50
[29/6/2019 23:33:54] /a 50
[29/6/2019 23:33:54] /a 50
[29/6/2019 23:33:54] /a 50
[29/6/2019 23:33:54] /a 50
[29/6/2019 23:33:54] /a 50
[29/6/2019 23:33:54] /a 50
[29/6/2019 23:33:54] /a 50
[29/6/2019 23:33:54] /a 50
[29/6/2019 23:33:55] /a 50
[29/6/2019 23:33:56] /a 50
[29/6/2019 23:33:56] /a 50
[29/6/2019 23:33:56] /a 50
[29/6/2019 23:33:56] /a 50
[29/6/2019 23:33:56] /a 50
[29/6/2019 23:33:56] /a 50
[29/6/2019 23:33:56] /a 50
[29/6/2019 23:33:56] /a 50
[29/6/2019 23:33:56] /a 50
[29/6/2019 23:33:56] /a 50
[29/6/2019 23:33:56] /a 50
[29/6/2019 23:33:56] /a 50
[29/6/2019 23:33:57] /a 50
[29/6/2019 23:33:57] /a 50
[29/6/2019 23:33:57] /a 50
[29/6/2019 23:33:57] /a 50
[29/6/2019 23:33:57] /a 50
[29/6/2019 23:33:57] /a 50
[29/6/2019 23:33:57] /a 50
[29/6/2019 23:33:57] /a 50
[29/6/2019 23:33:57] /a 50
[29/6/2019 23:33:58] /a 50
[29/6/2019 23:33:58] /a 50
[29/6/2019 23:33:58] /a 50
[29/6/2019 23:33:59] /a 50
[29/6/2019 23:33:59] /a 50
[29/6/2019 23:34:0] /a 50
[29/6/2019 23:34:0] /a 50
[29/6/2019 23:34:0] /a 50
[29/6/2019 23:34:0] /a 50
[29/6/2019 23:34:1] /a 50
[29/6/2019 23:34:5] /a 50
[29/6/2019 23:36:38] /i
[30/6/2019 0:3:37] /i 2160
[30/6/2019 0:4:9] /r
[30/6/2019 0:7:56] /goto bog raider
[30/6/2019 0:8:4] /a 2
[30/6/2019 0:8:57] /t
[30/6/2019 0:9:0] /town rookgaard realtibia
[30/6/2019 0:9:30] /r
[30/6/2019 0:9:31] /r
[30/6/2019 0:9:31] /r
[30/6/2019 0:9:32] /r
[30/6/2019 0:9:33] /r
[30/6/2019 0:9:34] /r
[30/6/2019 0:9:34] /r
[30/6/2019 0:9:35] /r
[30/6/2019 0:9:35] /r
[30/6/2019 0:9:36] /r
[30/6/2019 0:9:37] /r
[30/6/2019 0:9:38] /r
[30/6/2019 0:9:38] /r
[30/6/2019 0:9:39] /r
[30/6/2019 0:9:40] /r
[30/6/2019 0:9:41] /r
[30/6/2019 0:9:41] /r
[30/6/2019 0:9:42] /r
[30/6/2019 0:9:43] /r
[30/6/2019 0:9:43] /r
[30/6/2019 0:9:44] /r
[30/6/2019 0:9:45] /r
[30/6/2019 0:9:46] /r
[30/6/2019 0:9:46] /r
[30/6/2019 0:9:51] /r
[30/6/2019 0:9:55] /i 100
[30/6/2019 0:10:1] /i 100
[30/6/2019 0:10:2] /i 100
[30/6/2019 0:10:2] /i 100
[30/6/2019 0:10:2] /i 100
[30/6/2019 0:10:2] /i 100
[30/6/2019 0:10:2] /i 100
[30/6/2019 0:10:3] /i 100
[30/6/2019 0:10:3] /i 100
[30/6/2019 0:10:3] /i 100
[30/6/2019 0:10:3] /i 100
[30/6/2019 0:10:3] /i 100
[30/6/2019 0:10:4] /i 100
[30/6/2019 0:10:4] /i 100
[30/6/2019 0:10:4] /i 100
[30/6/2019 0:10:6] /i 100
[30/6/2019 0:10:7] /i 100
[30/6/2019 0:10:7] /i 100
[30/6/2019 0:10:7] /i 100
[30/6/2019 0:10:8] /i 100
[30/6/2019 0:10:8] /i 100
[30/6/2019 0:10:9] /i 100
[30/6/2019 0:10:9] /i 100
[30/6/2019 0:10:9] /i 100
[30/6/2019 0:10:10] /i 100
[30/6/2019 0:10:10] /i 100
[30/6/2019 0:10:10] /i 100
[30/6/2019 0:10:11] /i 100
[30/6/2019 0:10:12] /i 100
[30/6/2019 0:10:13] /i 100
[30/6/2019 0:10:14] /i 100
[30/6/2019 0:10:14] /i 100
[30/6/2019 0:10:15] /i 100
[30/6/2019 0:10:16] /i 100
[30/6/2019 0:10:17] /i 100
[30/6/2019 0:10:18] /i 100
[30/6/2019 0:10:18] /i 100
[30/6/2019 0:10:19] /i 100
[30/6/2019 0:10:20] /i 100
[30/6/2019 0:10:21] /i 100
[30/6/2019 0:10:21] /i 100
[30/6/2019 0:10:22] /i 100
[30/6/2019 0:10:24] /i 100
[30/6/2019 0:10:25] /i 100
[30/6/2019 0:10:26] /i 100
[30/6/2019 0:10:26] /i 100
[30/6/2019 0:10:27] /i 100
[30/6/2019 0:10:29] /i 100
[30/6/2019 0:10:29] /i 100
[30/6/2019 0:10:30] /i 100
[30/6/2019 0:11:10] /m demon
[30/6/2019 0:11:14] /r
[30/6/2019 0:12:7] /addskill [GOD] Lucky Patch3r,sword,50
[30/6/2019 1:20:53] /reload channels
[30/6/2019 1:21:32] /up
[30/6/2019 1:21:34] /up
[30/6/2019 1:21:34] /up
[30/6/2019 1:21:35] /up
[30/6/2019 1:21:36] /up
[30/6/2019 1:22:31] /t
[30/6/2019 1:26:31] /town rookgaard realtibia
[30/6/2019 1:26:35] /goto nielson
