[21/6/2019 21:56:29] /town 12
[21/6/2019 21:56:31] /town 1
[21/6/2019 21:56:33] /town 2
[21/6/2019 21:56:33] /town 3
[21/6/2019 21:56:34] /town 4
[21/6/2019 21:56:35] /town 5
[21/6/2019 21:56:36] /town 6
[21/6/2019 21:56:37] /town 6
[21/6/2019 21:56:39] /town 7
[21/6/2019 21:56:40] /town 8
[21/6/2019 21:56:41] /town 9
[21/6/2019 21:56:43] /town 10
[21/6/2019 21:56:44] /town 11
[21/6/2019 21:56:45] /town 12
[21/6/2019 21:56:46] /town 13
[21/6/2019 21:56:47] /town 14
[21/6/2019 21:56:49] /town 15
[21/6/2019 21:56:50] /town 16
[21/6/2019 21:56:52] /town 17
[21/6/2019 21:56:53] /town 18
[21/6/2019 21:57:4] /goto captain bluebear
[21/6/2019 21:57:24] /up
[21/6/2019 21:57:25] /up
[21/6/2019 21:57:25] /up
[21/6/2019 21:57:27] /up
[21/6/2019 21:57:29] /up
[21/6/2019 21:58:37] /down
[21/6/2019 21:58:38] /down
[21/6/2019 21:59:36] /town 18
[21/6/2019 21:59:56] /down
[21/6/2019 22:0:4] /a 5
[21/6/2019 22:0:5] /a 5
[21/6/2019 22:0:5] /a 5
[21/6/2019 22:0:6] /a 5
[21/6/2019 22:0:6] /a 5
[21/6/2019 22:0:7] /a 5
[21/6/2019 22:0:7] /a 5
[21/6/2019 22:0:8] /a 5
[21/6/2019 22:0:8] /a 5
[21/6/2019 22:0:10] /a 5
[21/6/2019 22:0:11] /a 2
[21/6/2019 22:0:47] /goto oldrak
[21/6/2019 22:0:58] /down
[21/6/2019 22:0:59] /down
[21/6/2019 22:1:2] /a 5
[21/6/2019 22:1:11] /a 5
[21/6/2019 22:1:11] /a 5
[21/6/2019 22:1:13] /a 5
[21/6/2019 22:1:34] /up
[21/6/2019 22:1:46] /up
[21/6/2019 22:1:58] /pos
[21/6/2019 22:2:3] /goto 32843,32332,11
[21/6/2019 22:2:13] /up
[21/6/2019 22:2:14] /up
[21/6/2019 22:2:15] /up
[21/6/2019 22:2:19] /a 15
[21/6/2019 22:2:20] /a 15
[21/6/2019 22:2:32] /up
[21/6/2019 22:2:34] /down
[21/6/2019 22:2:34] /down
[21/6/2019 22:2:41] /up
[21/6/2019 22:2:47] /down
[21/6/2019 22:2:51] /up
[21/6/2019 22:2:58] /a 5
[21/6/2019 22:2:59] /a 5
[21/6/2019 22:3:37] /a 5
[21/6/2019 22:3:38] /a 5
[21/6/2019 22:3:41] /a 6
[21/6/2019 22:3:42] /a 7
[21/6/2019 22:3:43] /a 8
[21/6/2019 22:4:40] /town 16
[21/6/2019 22:4:41] /town 15
[21/6/2019 22:4:43] /town 14
[21/6/2019 22:4:44] /town 17
[21/6/2019 22:4:45] /town 1
[21/6/2019 22:4:47] /town 11
[21/6/2019 22:4:49] /town 12
[22/6/2019 11:12:40] /town 12
[22/6/2019 11:12:41] /town 11
[22/6/2019 11:12:42] /town 10
[22/6/2019 11:12:42] /town 9
[22/6/2019 11:12:45] /town 8
[22/6/2019 11:12:47] /town 7
[22/6/2019 11:12:49] /down
[22/6/2019 11:12:51] /down
[22/6/2019 11:12:51] /down
[22/6/2019 11:12:52] /down
[22/6/2019 11:12:52] /down
[22/6/2019 11:12:53] /down
[22/6/2019 11:13:21] /lux
[22/6/2019 11:14:7] /t
[22/6/2019 14:44:19] /openserver
[22/6/2019 14:55:44] /goto bobek
[22/6/2019 14:55:49] /lux
[22/6/2019 14:55:53] /c bobek
[22/6/2019 14:56:0] /i scroll of golden account
[22/6/2019 14:56:14] /i magic plate armor
[22/6/2019 14:57:24] /up
[22/6/2019 14:57:25] /c bobek
[22/6/2019 14:57:30] /addskill bobek,lvl,1
[22/6/2019 14:57:31] /a 5
[22/6/2019 14:57:32] /c bobek
[22/6/2019 14:57:34] /s the oracle
[22/6/2019 14:57:35] /n the oracle
[22/6/2019 14:57:47] /addskill bobek,mlvl,60
[22/6/2019 14:57:49] /goto bobek
[22/6/2019 14:57:54] /addskill bobek,lvl,60
[22/6/2019 14:57:56] /town 12
[22/6/2019 14:57:58] /town 13
[22/6/2019 14:57:59] /town 11
[22/6/2019 14:58:0] /town 10
[22/6/2019 14:58:2] /a 20
[22/6/2019 14:58:2] /a 20
[22/6/2019 14:58:3] /a 20
[22/6/2019 14:58:3] /a 20
[22/6/2019 14:58:6] /c bobek
[22/6/2019 14:58:12] /c bobek
[22/6/2019 14:58:33] /c bobek
[22/6/2019 14:58:39] /i outfit doll
[22/6/2019 14:59:30] /town vangloria
[22/6/2019 14:59:31] /c bobek
[22/6/2019 14:59:57] /r
[22/6/2019 15:0:1] /r
[22/6/2019 15:0:2] /r
[22/6/2019 15:0:3] /r
[22/6/2019 15:0:3] /r
[22/6/2019 15:0:12] /c bobek
[22/6/2019 15:0:13] /i hat of the mad
[22/6/2019 15:0:19] /i blue robe
[22/6/2019 15:0:21] /i mage hat
[22/6/2019 15:0:26] /i blue legs
[22/6/2019 15:0:33] /i skull cracker armor
[22/6/2019 15:0:36] /i skullcracker armor
[22/6/2019 15:0:41] /i master skullcracker armor
[22/6/2019 15:0:44] /i master skull cracker armor
[22/6/2019 15:0:48] /i skullmaster armor
[22/6/2019 15:1:28] /i soft boots
[22/6/2019 15:1:31] /i rainbow sandals
[22/6/2019 15:1:34] /i rainbow sandal
[22/6/2019 15:1:36] /i rainbow sandals
[22/6/2019 15:1:37] /i 5015
[22/6/2019 15:1:42] /i 5014
[22/6/2019 15:1:46] /i 5013
[22/6/2019 15:1:59] /i sudden death rune
[22/6/2019 15:2:2] /c bobek
[22/6/2019 15:2:19] /m hero
[22/6/2019 15:3:25] /m dragon
[22/6/2019 15:3:32] /m dragon lord
[22/6/2019 15:4:50] /m warlock
[22/6/2019 15:5:21] /addskill bobek,lvl,12
[22/6/2019 15:5:25] /m warllock
[22/6/2019 15:5:27] /m warlock
[22/6/2019 15:7:19] /town thais
[22/6/2019 15:7:20] /c bobek
[22/6/2019 15:7:30] /c bobek
[22/6/2019 15:8:52] /goto eremo
[22/6/2019 15:8:53] /c bobek
[22/6/2019 15:8:59] /c bobek
[22/6/2019 15:9:23] /down
[22/6/2019 15:9:36] /down 2
[22/6/2019 15:9:40] /down 2
[22/6/2019 15:9:41] /down 3
[22/6/2019 15:9:42] /down 4
[22/6/2019 15:9:43] /down 5
[22/6/2019 15:9:46] /down 5
[22/6/2019 15:9:48] /down 6
[22/6/2019 15:9:53] /up 4
[22/6/2019 15:9:54] /up 3
[22/6/2019 15:9:56] /c bobek
[22/6/2019 15:9:58] /down
[22/6/2019 15:9:59] /c bobek
[22/6/2019 15:10:12] /a 2
[22/6/2019 15:10:14] /c bobek
[22/6/2019 15:10:26] /a 4
[22/6/2019 15:10:31] /up
[22/6/2019 15:10:32] /c bobek
[22/6/2019 15:10:36] /a 5
[22/6/2019 15:10:38] /c bobek
[22/6/2019 15:10:56] /a 5
[22/6/2019 15:10:58] /up
[22/6/2019 15:11:2] /up
[22/6/2019 15:11:3] /a 5
[22/6/2019 15:11:5] /down
[22/6/2019 15:11:7] /a 5
[22/6/2019 15:11:8] /up 2
[22/6/2019 15:11:10] /up 5
[22/6/2019 15:11:13] /up
[22/6/2019 15:11:14] /c bobek
[22/6/2019 15:11:16] /town 18
[22/6/2019 15:11:18] /c bobek
[22/6/2019 15:11:47] /c bobek
[22/6/2019 15:12:7] /c bobek\
[22/6/2019 15:12:8] /c bobek
[22/6/2019 15:12:14] /c bobek
[22/6/2019 15:12:23] /s icy dragon
[22/6/2019 15:12:26] /s ice dragon
[22/6/2019 15:12:31] /o 313
[22/6/2019 15:12:32] /o 315
[22/6/2019 15:12:33] /o 316
[22/6/2019 15:12:35] /o 323
[22/6/2019 15:12:39] /goto serpent spawn
[22/6/2019 15:12:43] /goto sea serpent
[22/6/2019 15:12:46] /up
[22/6/2019 15:12:51] /a 25
[22/6/2019 15:12:51] /a 25
[22/6/2019 15:12:52] /a 25
[22/6/2019 15:12:54] /c bobek
[22/6/2019 15:13:5] /c bobek
[22/6/2019 15:13:33] /addskill bobek,lvl,10
[22/6/2019 15:13:44] /down
[22/6/2019 15:13:45] /c bobek
[22/6/2019 15:13:52] /up
[22/6/2019 15:13:53] /c bobek
[22/6/2019 15:14:9] /a 25
[22/6/2019 15:14:9] /a 25
[22/6/2019 15:14:12] /town 178
[22/6/2019 15:14:13] /town 17
[22/6/2019 15:14:15] /c bobek
[22/6/2019 15:14:39] /c bobek
[22/6/2019 15:14:49] /c bobek
[22/6/2019 15:14:58] /down
[22/6/2019 15:15:0] /c bobek
[22/6/2019 15:15:13] /town 16
[22/6/2019 15:15:16] /c bobek
[22/6/2019 15:15:26] /town 15
[22/6/2019 15:15:27] /town 16
[22/6/2019 15:15:29] /town 15
[22/6/2019 15:15:30] /town 14
[22/6/2019 15:15:33] /c bobek
[22/6/2019 15:15:43] /c bobek
[22/6/2019 15:15:45] /r
[22/6/2019 15:16:6] /goto captain bluebear
[22/6/2019 15:16:8] /c bobek
[22/6/2019 15:16:16] /c bobek
[22/6/2019 15:16:42] /a 25
[22/6/2019 15:16:45] /down
[22/6/2019 15:16:49] /down
[22/6/2019 15:17:0] /up 5
[22/6/2019 15:17:4] /up 5
[22/6/2019 15:17:6] /up 5
[22/6/2019 15:17:10] /a 5
[22/6/2019 15:17:13] /c bobek
[22/6/2019 15:17:28] /c bobek
[22/6/2019 15:17:54] /c bobek
[22/6/2019 15:18:12] /c bobek
[22/6/2019 15:18:17] /a 25
[22/6/2019 15:18:20] /a 5
[22/6/2019 15:18:21] /c bobek
[22/6/2019 15:18:53] /town 13
[22/6/2019 15:18:54] /town 14
[22/6/2019 15:18:56] /town 15
[22/6/2019 15:18:57] /town 16
[22/6/2019 15:18:58] /town 15
[22/6/2019 15:18:59] /up
[22/6/2019 15:18:59] /up
[22/6/2019 15:19:1] /c bobek
[22/6/2019 15:19:2] /down
[22/6/2019 15:19:3] /a 5
[22/6/2019 15:19:4] /down
[22/6/2019 15:19:8] /up
[22/6/2019 15:19:9] /c bobek
[22/6/2019 15:19:41] /c bobek
[22/6/2019 15:19:56] /town carlin
[22/6/2019 15:19:57] /c bobek
[22/6/2019 15:20:1] /c bobek
[22/6/2019 15:20:2] /c bobek
[22/6/2019 15:20:48] /o 333
[22/6/2019 15:20:50] /o 334
[22/6/2019 15:20:52] /o 335
[22/6/2019 15:20:53] /o 336
[22/6/2019 15:20:54] /o 337
[22/6/2019 15:20:55] /o 338
[22/6/2019 15:20:57] /o 339
[22/6/2019 15:21:5] /o 340
[22/6/2019 15:21:19] /o 341
[22/6/2019 15:21:24] /o 342
[22/6/2019 15:21:27] /o 343
[22/6/2019 15:21:31] /o 344
[22/6/2019 15:21:33] /o 345
[22/6/2019 15:21:38] /r
[22/6/2019 15:21:41] /n grizzly adams
[22/6/2019 15:21:48] /o 345
[22/6/2019 15:21:52] /o 346
[22/6/2019 15:21:55] /o 347
[22/6/2019 15:22:0] /o 348
[22/6/2019 15:22:5] /o 349
[22/6/2019 15:22:7] /o 350
[22/6/2019 15:22:17] /o 351
[22/6/2019 15:22:18] /o 352
[22/6/2019 15:22:20] /o 353
[22/6/2019 15:22:21] /o 354
[22/6/2019 15:22:22] /o 355
[22/6/2019 15:22:23] /o 356
[22/6/2019 15:22:25] /o 357
[22/6/2019 15:22:26] /o 35
[22/6/2019 15:22:28] /o 358
[22/6/2019 15:22:29] /o 359
[22/6/2019 15:22:31] /o 360
[22/6/2019 15:22:32] /o 361
[22/6/2019 15:22:32] /o 362
[22/6/2019 15:22:33] /o 363
[22/6/2019 15:22:34] /o 364
[22/6/2019 15:22:35] /o 365
[22/6/2019 15:22:36] /o 366
[22/6/2019 15:22:36] /o 367
[22/6/2019 15:22:37] /o 368
[22/6/2019 15:22:38] /o 369
[22/6/2019 15:22:39] /o 370
[22/6/2019 15:22:40] /o 371
[22/6/2019 15:22:41] /o 372
[22/6/2019 15:22:42] /o 373
[22/6/2019 15:22:43] /o 374
[22/6/2019 15:22:43] /o 375
[22/6/2019 15:22:44] /o 376
[22/6/2019 15:22:45] /o 374
[22/6/2019 15:23:2] /i demon armor
[22/6/2019 15:23:8] /i demon legs
[22/6/2019 15:23:12] /i demon helmet
[22/6/2019 15:23:50] /a 100
[22/6/2019 15:23:51] /c bobek
[22/6/2019 15:24:0] /a 100
[22/6/2019 15:24:1] /a 100
[22/6/2019 15:24:2] /c bobek
[22/6/2019 15:24:19] /down
[22/6/2019 15:24:23] /down
[22/6/2019 15:24:29] /a 2
[22/6/2019 15:24:32] /c bobek
[22/6/2019 15:24:55] /t
[22/6/2019 15:24:56] /c bobek
[22/6/2019 15:25:17] /town darashia
[22/6/2019 15:25:19] /c bobek
[22/6/2019 15:25:34] /down 6
[22/6/2019 15:25:36] /a 3
[22/6/2019 15:25:37] /c bobek
[22/6/2019 15:25:47] /down
[22/6/2019 15:25:48] /up
[22/6/2019 15:25:52] /up
[22/6/2019 15:25:53] /a 25
[22/6/2019 15:25:53] /a 25
[22/6/2019 15:25:54] /a 25
[22/6/2019 15:25:54] /a 25
[22/6/2019 15:25:55] /a 25
[22/6/2019 15:25:56] /a 25
[22/6/2019 15:25:57] /a 25
[22/6/2019 15:25:58] /a 25
[22/6/2019 15:25:59] /a 25
[22/6/2019 15:25:59] /a 25
[22/6/2019 15:26:1] /a 25
[22/6/2019 15:26:3] /up
[22/6/2019 15:26:5] /c bobek
[22/6/2019 15:26:12] /up
[22/6/2019 15:26:12] /up
[22/6/2019 15:26:20] /a 25
[22/6/2019 15:26:21] /c bobek
[22/6/2019 15:26:30] /c bobek
[22/6/2019 15:26:33] /c bobek
[22/6/2019 15:27:13] /down
[22/6/2019 15:27:14] /down
[22/6/2019 15:27:15] /a 25
[22/6/2019 15:27:15] /a 25
[22/6/2019 15:27:15] /a 25
[22/6/2019 15:27:16] /a 25
[22/6/2019 15:27:16] /a 25
[22/6/2019 15:27:16] /a 25
[22/6/2019 15:27:17] /a 25
[22/6/2019 15:27:17] /a 25
[22/6/2019 15:27:18] /c bobek
[22/6/2019 15:27:23] /a 25
[22/6/2019 15:27:23] /a 25
[22/6/2019 15:27:24] /a 25
[22/6/2019 15:27:29] /c bobek
[22/6/2019 15:27:38] /c bobek
[22/6/2019 15:27:47] /down
[22/6/2019 15:27:49] /c bobek
[22/6/2019 15:27:52] /i scarab coin
[22/6/2019 15:27:59] /c bobek
[22/6/2019 15:28:4] /i great fireball rune
[22/6/2019 15:28:6] /i great fireball rune
[22/6/2019 15:28:9] /i great fireball rune
[22/6/2019 15:28:17] /addskill bobek,lvl,5
[22/6/2019 15:28:25] /i pair of soft boots
[22/6/2019 15:28:36] /down
[22/6/2019 15:28:52] /c bobek
[22/6/2019 15:28:58] /goto bobek
[22/6/2019 15:29:39] /down
[22/6/2019 15:29:39] /c bobek
[22/6/2019 15:29:57] /c bobek
[22/6/2019 15:31:1] /o 360
[22/6/2019 15:31:2] /o 400
[22/6/2019 15:31:4] /o 420
[22/6/2019 15:31:5] /o 44
[22/6/2019 15:31:8] /o 444
[22/6/2019 15:31:9] /o 466
[22/6/2019 15:31:11] /o 455
[22/6/2019 15:31:13] /o 445
[22/6/2019 15:31:15] /o 456
[22/6/2019 15:31:17] /o 457
[22/6/2019 15:31:19] /o 458
[22/6/2019 15:31:21] /i 459
[22/6/2019 15:31:25] /o 459
[22/6/2019 15:31:30] /i 460
[22/6/2019 15:31:32] /o 460
[22/6/2019 15:31:34] /o 461
[22/6/2019 15:31:36] /o 462
[22/6/2019 15:31:37] /o 463
[22/6/2019 15:31:38] /o 465
[22/6/2019 15:31:40] /o 476
[22/6/2019 15:31:43] /o 473
[22/6/2019 15:31:44] /o 472
[22/6/2019 15:31:46] /o 471
[22/6/2019 15:32:44] /goto bobek
[22/6/2019 15:32:45] /m fast hand
[22/6/2019 15:32:51] /m fast hand
[22/6/2019 15:32:55] /m fast hand
[22/6/2019 15:32:56] /m fast hand
[22/6/2019 15:32:56] /m fast hand
[22/6/2019 15:42:50] /goto mr bean
[22/6/2019 15:42:54] /addskill mr bean,lvl,1
[22/6/2019 15:43:4] /n the oracle
[22/6/2019 15:43:26] /addskill mr bean,mlvl,60
[22/6/2019 15:43:27] /goto mr bean
[22/6/2019 15:43:29] /i 2160
[22/6/2019 15:43:36] /i scroll of golden account
[22/6/2019 15:43:50] /addskill mr bean,lvl,10
[22/6/2019 15:44:19] /i boots of haste
[22/6/2019 15:44:38] /addskill mr bean,lvl,40
[22/6/2019 15:44:42] /i blue obe
[22/6/2019 15:44:45] /i blue robe
[22/6/2019 15:44:50] /i blue legs
[22/6/2019 15:44:55] /i hat of the mad
[22/6/2019 15:44:58] /i bow
[22/6/2019 15:45:6] /i burst arrows
[22/6/2019 15:45:6] /i burst arrows
[22/6/2019 15:45:6] /i burst arrows
[22/6/2019 15:45:7] /i burst arrows
[22/6/2019 15:45:7] /i burst arrows
[22/6/2019 15:45:8] /i burst arrow
[22/6/2019 15:45:12] /i burst arrow
[22/6/2019 15:45:12] /i burst arrow
[22/6/2019 15:45:12] /i burst arrow
[22/6/2019 15:45:12] /i burst arrow
[22/6/2019 15:45:12] /i burst arrow
[22/6/2019 15:45:12] /i burst arrow
[22/6/2019 15:45:12] /i burst arrow
[22/6/2019 15:45:13] /i burst arrow
[22/6/2019 15:45:13] /i burst arrow
[22/6/2019 15:45:13] /i burst arrow
[22/6/2019 15:45:13] /i burst arrow
[22/6/2019 15:45:13] /i burst arrow
[22/6/2019 15:45:13] /i burst arrow
[22/6/2019 15:45:13] /i burst arrow
[22/6/2019 15:45:13] /i burst arrow
[22/6/2019 15:45:13] /i burst arrow
[22/6/2019 15:45:13] /i burst arrow
[22/6/2019 15:45:13] /i burst arrow
[22/6/2019 15:45:13] /i burst arrow
[22/6/2019 15:45:14] /i burst arrow
[22/6/2019 15:45:14] /i burst arrow
[22/6/2019 15:45:14] /i burst arrow
[22/6/2019 15:45:14] /i burst arrow
[22/6/2019 15:45:14] /i burst arrow
[22/6/2019 15:45:14] /i burst arrow
[22/6/2019 15:45:14] /i burst arrow
[22/6/2019 15:45:14] /i burst arrow
[22/6/2019 15:45:14] /i burst arrow
[22/6/2019 15:45:14] /i burst arrow
[22/6/2019 15:45:14] /i burst arrow
[22/6/2019 15:45:15] /i burst arrow
[22/6/2019 15:45:15] /i burst arrow
[22/6/2019 15:45:15] /i burst arrow
[22/6/2019 15:45:15] /i burst arrow
[22/6/2019 15:45:15] /i burst arrow
[22/6/2019 15:45:15] /i burst arrow
[22/6/2019 15:45:15] /i burst arrow
[22/6/2019 15:45:15] /i burst arrow
[22/6/2019 15:45:15] /i burst arrow
[22/6/2019 15:45:15] /i burst arrow
[22/6/2019 15:45:15] /i burst arrow
[22/6/2019 15:45:16] /i burst arrow
[22/6/2019 15:45:16] /i burst arrow
[22/6/2019 15:45:16] /i burst arrow
[22/6/2019 15:45:16] /i burst arrow
[22/6/2019 15:45:16] /i burst arrow
[22/6/2019 15:45:16] /i burst arrow
[22/6/2019 15:45:16] /i burst arrow
[22/6/2019 15:45:16] /i burst arrow
[22/6/2019 15:45:16] /i burst arrow
[22/6/2019 15:46:13] /town 18
[22/6/2019 15:46:14] /c mr bean
[22/6/2019 15:46:25] /town 17
[22/6/2019 15:46:26] /town 16
[22/6/2019 15:46:27] /town 15
[22/6/2019 15:46:28] /town 14
[22/6/2019 15:46:29] /town 12
[22/6/2019 15:46:30] /town 11
[22/6/2019 15:46:31] /town 10
[22/6/2019 15:46:33] /c mr bean
[22/6/2019 15:46:36] /c mr bean
[22/6/2019 15:46:40] /c mr bean
[22/6/2019 15:46:42] /c mr bean
[22/6/2019 15:46:48] /c mr bean
[22/6/2019 15:46:55] /c mr bean
[22/6/2019 15:47:2] /c mr bean
[22/6/2019 15:48:9] /c mr bean
[22/6/2019 15:48:24] /addskill mr bean,club,80
[22/6/2019 15:48:27] /m monk
[22/6/2019 15:48:50] /i warlocks robe
[22/6/2019 15:48:52] /i warlock robe
[22/6/2019 15:48:55] /i warlocks spellbook
[22/6/2019 15:50:45] /i outfit doll
[22/6/2019 15:52:50] /town
[22/6/2019 15:52:55] /town thais
[22/6/2019 15:52:58] /c mr bean
[22/6/2019 15:56:40] /i crown armor
[22/6/2019 15:58:25] /goto mr bean
[22/6/2019 15:59:20] /addskill mr bean,lvl,1
[22/6/2019 16:12:47] /goto captain bluebear
[22/6/2019 16:13:39] /goto xodet
[22/6/2019 16:13:44] /town thais
[22/6/2019 16:13:45] /i scroll
[22/6/2019 16:29:15] /goto mr bean
[22/6/2019 16:29:45] /goto captain bluebear
[22/6/2019 16:29:46] /c mr bean
[22/6/2019 16:30:22] /goto mr bean
[22/6/2019 16:30:44] /town 18
[22/6/2019 16:30:46] /c mr bean
[22/6/2019 16:31:44] /r
[22/6/2019 16:32:1] /c mr bean
[22/6/2019 16:32:4] /lux
[22/6/2019 16:32:28] /r
[22/6/2019 16:32:34] /r
[22/6/2019 16:32:35] /r
[22/6/2019 16:32:45] /r
[22/6/2019 16:32:47] /r
[22/6/2019 16:32:48] /r
[22/6/2019 16:33:27] /up
[22/6/2019 16:36:12] /i 670
[22/6/2019 16:36:13] /i 670
[22/6/2019 16:36:14] /i 670
[22/6/2019 16:36:15] /i 670
[22/6/2019 16:36:17] /i 670
[22/6/2019 16:36:18] /i 670
[22/6/2019 16:36:20] /i 670
[22/6/2019 16:36:21] /i 670
[22/6/2019 16:36:22] /i 670
[22/6/2019 16:36:33] /up 4
[22/6/2019 16:36:35] /up
[22/6/2019 16:36:35] /c mr bean
[22/6/2019 16:36:39] /town 15
[22/6/2019 16:36:42] /town 14
[22/6/2019 16:36:43] /town 13
[22/6/2019 16:36:45] /c mr bean
[22/6/2019 16:39:48] /b im testing the task thing
[22/6/2019 16:46:45] /goto bobek
[22/6/2019 16:47:17] /pos
[22/6/2019 16:47:28] /pos
[22/6/2019 17:4:13] /goto mr bean
[22/6/2019 17:28:29] /lux
[22/6/2019 17:29:11] /goto mr bean
[22/6/2019 17:31:19] /i scroll of postman
[22/6/2019 17:31:25] /i postman scroll
[22/6/2019 17:31:27] /c mr bean
[22/6/2019 17:31:49] /down
[22/6/2019 17:33:2] /goto mr bean
[22/6/2019 17:33:18] /a 5
[22/6/2019 17:33:20] /goto mr bean
[22/6/2019 17:33:31] /i pair of soft boots
[22/6/2019 17:33:33] /goto mr bean
[22/6/2019 17:33:46] /down
[22/6/2019 17:33:47] /down
[22/6/2019 17:33:54] /c mr bean
[22/6/2019 17:35:35] /up 5
[22/6/2019 17:35:36] /pos
[22/6/2019 17:35:37] /up
[22/6/2019 17:35:57] /c mr bean
[22/6/2019 17:36:21] /goto mr bean
[22/6/2019 17:36:23] /goto mr bean
[22/6/2019 17:36:25] /goto mr bean
[22/6/2019 17:36:26] /goto mr bean
[22/6/2019 17:37:28] /r
[22/6/2019 17:37:29] /r
[22/6/2019 17:37:30] /r
[22/6/2019 17:37:52] /c mr bean
[22/6/2019 17:38:43] /c mr bean
[22/6/2019 17:38:44] /c mr bean
[22/6/2019 17:38:44] /c mr bean
[22/6/2019 17:38:44] /c mr bean
[22/6/2019 17:38:44] /c mr bean
[22/6/2019 17:39:45] /up 3
[22/6/2019 17:39:46] /up 2
[22/6/2019 17:39:49] /town 16
[22/6/2019 17:39:50] /town 12
[22/6/2019 17:39:52] /town 13
[22/6/2019 17:39:53] /c mr bean
[22/6/2019 17:39:55] /town 14
[22/6/2019 17:39:56] /c mr bean
[22/6/2019 17:40:2] /c mr bean
[22/6/2019 17:40:13] /c mr bean
[22/6/2019 17:40:36] /a 25
[22/6/2019 17:40:36] /a 25
[22/6/2019 17:40:36] /a 25
[22/6/2019 17:40:36] /a 25
[22/6/2019 17:40:37] /a 25
[22/6/2019 17:40:37] /a 25
[22/6/2019 17:40:37] /a 25
[22/6/2019 17:40:38] /a 25
[22/6/2019 17:40:38] /a 25
[22/6/2019 17:40:38] /a 25
[22/6/2019 17:40:39] /a 25
[22/6/2019 17:40:39] /a 25
[22/6/2019 17:40:39] /a 25
[22/6/2019 17:40:39] /a 25
[22/6/2019 17:40:39] /a 25
[22/6/2019 17:40:39] /a 25
[22/6/2019 17:40:40] /a 25
[22/6/2019 17:40:40] /a 25
[22/6/2019 17:40:40] /a 25
[22/6/2019 17:40:41] /a 25
[22/6/2019 17:40:41] /a 25
[22/6/2019 17:40:41] /a 25
[22/6/2019 17:40:41] /a 25
[22/6/2019 17:40:42] /a 25
[22/6/2019 17:40:42] /a 25
[22/6/2019 17:40:42] /a 25
[22/6/2019 17:40:42] /a 25
[22/6/2019 17:40:42] /a 25
[22/6/2019 17:40:43] /a 25
[22/6/2019 17:40:43] /a 25
[22/6/2019 17:40:43] /a 25
[22/6/2019 17:40:44] /a 25
[22/6/2019 17:40:44] /a 25
[22/6/2019 17:40:44] /a 25
[22/6/2019 17:40:44] /a 25
[22/6/2019 17:40:45] /a 25
[22/6/2019 17:40:45] /a 25
[22/6/2019 17:40:45] /a 25
[22/6/2019 17:40:46] /a 25
[22/6/2019 17:40:46] /a 25
[22/6/2019 17:40:46] /a 25
[22/6/2019 17:40:47] /a 25
[22/6/2019 17:40:47] /c mr bean
[22/6/2019 17:41:57] /c mr bean
[22/6/2019 17:42:17] /c mr bean
[22/6/2019 17:42:47] /town edron
[22/6/2019 17:42:48] /c mr bean
[22/6/2019 17:42:49] /up
[22/6/2019 17:42:56] /c mr bean
[22/6/2019 17:43:14] /town thais
[22/6/2019 17:43:16] /a 25
[22/6/2019 17:43:17] /a 25
[22/6/2019 17:43:18] /a 25
[22/6/2019 17:43:18] /a 25
[22/6/2019 17:43:18] /a 25
[22/6/2019 17:43:18] /a 25
[22/6/2019 17:43:18] /a 25
[22/6/2019 17:43:19] /a 25
[22/6/2019 17:43:19] /a 25
[22/6/2019 17:43:19] /a 25
[22/6/2019 17:43:19] /a 25
[22/6/2019 17:43:19] /a 25
[22/6/2019 17:43:19] /a 25
[22/6/2019 17:43:20] /a 25
[22/6/2019 17:43:20] /a 25
[22/6/2019 17:43:21] /a 25
[22/6/2019 17:43:21] /a 25
[22/6/2019 17:43:22] /a 25
[22/6/2019 17:43:22] /a 25
[22/6/2019 17:43:22] /a 25
[22/6/2019 17:43:23] /a 25
[22/6/2019 17:43:24] /a 25
[22/6/2019 17:43:24] /a 25
[22/6/2019 17:43:25] /a 25
[22/6/2019 17:43:27] /c mr bean
[22/6/2019 17:43:50] /a 25
[22/6/2019 17:43:51] /a 25
[22/6/2019 17:43:51] /a 25
[22/6/2019 17:43:52] /a 25
[22/6/2019 17:43:53] /a 25
[22/6/2019 17:43:53] /a 25
[22/6/2019 17:43:56] /a 2
[22/6/2019 17:43:56] /c mr bean
[22/6/2019 17:49:44] /goto sea serpent
[22/6/2019 17:49:44] /c mr bean
[22/6/2019 17:49:51] /a 25
[22/6/2019 17:49:54] /a 25
[22/6/2019 17:50:47] /down
[22/6/2019 17:50:49] /c mr bean
[22/6/2019 17:51:6] /up
[22/6/2019 17:51:9] /c mr bean
[22/6/2019 17:51:10] /a 25
[22/6/2019 17:51:11] /a 25
[22/6/2019 17:51:13] /a 25
[22/6/2019 17:51:13] /a 25
[22/6/2019 17:52:38] /town thais
[22/6/2019 17:52:40] /c mr bean
[22/6/2019 17:52:59] /goto mr bean
[22/6/2019 17:53:2] /goto mr bean
[22/6/2019 17:53:3] /goto mr bean
[22/6/2019 17:53:3] /goto mr bean
[22/6/2019 17:58:19] /r
[22/6/2019 17:58:20] /r
[22/6/2019 17:58:21] /r
[22/6/2019 17:59:47] /i scroll of experience
[22/6/2019 17:59:53] /i scroll of axe
[22/6/2019 18:0:31] /i blue spell wand
[22/6/2019 18:0:37] /i red spell wand
[22/6/2019 18:0:42] /i yellow spell wand
[22/6/2019 18:0:46] /i purple spell wand
[22/6/2019 18:0:49] /i green spell wand
[22/6/2019 18:2:46] /s demon skeleton
[22/6/2019 18:2:53] /m orc leader
[22/6/2019 18:3:0] /r
[22/6/2019 18:3:32] /s orcl eader
[22/6/2019 18:3:35] /s orc leader
[22/6/2019 18:26:20] /goto mr bean
[22/6/2019 18:27:0] /town thais
[22/6/2019 19:39:45] /goto mr bean
[22/6/2019 19:45:5] /town 10
[22/6/2019 19:45:16] /c mr bean
[22/6/2019 19:46:24] /i magic sword
[22/6/2019 19:48:30] /i santa hat
[22/6/2019 19:49:12] /i jeweled backpack
[22/6/2019 19:49:41] /a 25
[22/6/2019 19:49:46] /c mr bean
[22/6/2019 19:50:29] /i 5888
[22/6/2019 19:50:33] /i 5889
[22/6/2019 19:50:37] /i 7000
[22/6/2019 19:50:41] /i 6300
[22/6/2019 19:50:44] /i 6299
[22/6/2019 19:50:47] /i 6255
[22/6/2019 19:50:49] /i 6233
[22/6/2019 19:50:51] /i 6211
[22/6/2019 19:50:53] /i 6199
[22/6/2019 19:50:56] /i 6187
[22/6/2019 19:50:59] /i 6166
[22/6/2019 19:51:1] /i 6145
[22/6/2019 19:51:3] /i 6133
[22/6/2019 19:51:5] /i 6132
[22/6/2019 19:51:7] /i 6134
[22/6/2019 19:51:8] /i 6135
[22/6/2019 19:51:12] /i 6136
[22/6/2019 19:51:17] /i 6131
[22/6/2019 19:51:19] /i 6130
[22/6/2019 19:51:21] /i 6115
[22/6/2019 19:51:22] /i 6116
[22/6/2019 19:51:24] /i 6117
[22/6/2019 19:51:25] /i 6118
[22/6/2019 19:51:28] /i 6110
[22/6/2019 19:51:30] /i 6101
[22/6/2019 19:51:33] /i 69
[22/6/2019 19:51:36] /i 6099
[22/6/2019 19:51:38] /i 6077
[22/6/2019 19:51:40] /i 6055
[22/6/2019 19:51:42] /i 6033
[22/6/2019 19:51:43] /i 6022
[22/6/2019 19:51:45] /i 6011
[22/6/2019 19:52:12] /town port hope
[22/6/2019 19:52:13] /c mr bean
[22/6/2019 19:52:14] /a 100
[22/6/2019 19:52:15] /a 100
[22/6/2019 19:52:20] /a 25
[22/6/2019 19:52:21] /a 25
[22/6/2019 19:52:22] /a 25
[22/6/2019 19:52:22] /a 25
[22/6/2019 19:52:23] /a 25
[22/6/2019 19:52:23] /a 25
[22/6/2019 19:52:24] /a 25
[22/6/2019 19:52:25] /a 25
[22/6/2019 19:52:25] /a 25
[22/6/2019 19:52:26] /a 25
[22/6/2019 19:52:27] /a 25
[22/6/2019 19:52:27] /a 25
[22/6/2019 19:52:30] /c mr bean
[22/6/2019 19:52:33] /a 25
[22/6/2019 19:52:34] /a 25
[22/6/2019 19:52:35] /a 25
[22/6/2019 19:52:35] /a 25
[22/6/2019 19:52:36] /a 25
[22/6/2019 19:52:37] /a 25
[22/6/2019 19:52:40] /c mr bean
[22/6/2019 19:52:45] /c mr bean
[22/6/2019 19:52:59] /c mr bean
[22/6/2019 19:53:23] /o mr bean,131
[22/6/2019 19:53:27] /o 131,mr bean
[22/6/2019 19:54:14] /r
[22/6/2019 19:54:18] /i 4187
[22/6/2019 19:54:57] /b this is massive hydra spawn
[22/6/2019 19:55:4] /goto mr bean
[22/6/2019 19:55:15] /a 2
[22/6/2019 19:55:41] /down
[22/6/2019 19:55:42] /down 3
[22/6/2019 19:55:43] /down 4
[22/6/2019 19:56:1] /goto mr bean
[22/6/2019 19:59:56] /down
[22/6/2019 20:0:26] /goto mr bean
[22/6/2019 20:6:16] /goto mr bean
[22/6/2019 20:6:19] /town edron
[22/6/2019 20:6:20] /c mr bean
[22/6/2019 20:6:27] /addskill mr bean,lvl,23
[22/6/2019 20:6:32] /a 100
[22/6/2019 20:6:34] /up
[22/6/2019 20:6:37] /a 25
[22/6/2019 20:6:37] /a 25
[22/6/2019 20:6:37] /a 25
[22/6/2019 20:6:37] /a 25
[22/6/2019 20:6:37] /a 25
[22/6/2019 20:6:38] /a 25
[22/6/2019 20:6:38] /a 25
[22/6/2019 20:6:39] /a 25
[22/6/2019 20:6:39] /a 25
[22/6/2019 20:6:43] /c mr bean
[22/6/2019 20:6:50] /down
[22/6/2019 20:6:51] /down
[22/6/2019 20:6:55] /a 2
[22/6/2019 20:6:58] /down
[22/6/2019 20:6:59] /down
[22/6/2019 20:7:1] /down
[22/6/2019 20:7:3] /a 25
[22/6/2019 20:7:3] /a 25
[22/6/2019 20:7:4] /a 25
[22/6/2019 20:7:5] /a 25
[22/6/2019 20:7:6] /a 25
[22/6/2019 20:7:8] /a 5
[22/6/2019 20:7:9] /c mr bean
[22/6/2019 20:7:33] /a 25
[22/6/2019 20:7:33] /a 25
[22/6/2019 20:7:33] /a 25
[22/6/2019 20:7:35] /a 5
[22/6/2019 20:7:38] /i magma armor
[22/6/2019 20:7:42] /i magma mantle
[22/6/2019 20:7:47] /i magma monocle
[22/6/2019 20:7:51] /c mr bean
[22/6/2019 20:7:54] /i magma legs
[22/6/2019 20:7:59] /i magma boots
[22/6/2019 20:8:7] /i magma robe
[22/6/2019 20:8:12] /i magma shield
[22/6/2019 20:8:13] /i magma coat
[22/6/2019 20:8:39] /i magma shield
[22/6/2019 20:8:50] /i magma boots
[22/6/2019 20:8:52] /i magma boots
[22/6/2019 20:9:5] /i stone skin amulet,500
[22/6/2019 20:11:42] /goto mr bean
[22/6/2019 20:12:15] /b yes
[22/6/2019 20:14:38] /goto merklin
[22/6/2019 20:14:42] /goto merlin
[22/6/2019 20:14:44] /goto merlkin
[22/6/2019 20:14:48] /c mr bean
[22/6/2019 20:14:50] /goto captain bluebear
[22/6/2019 20:15:10] /c mr bean
[22/6/2019 20:15:45] /r
[22/6/2019 20:15:45] /r
[22/6/2019 20:15:47] /r
[22/6/2019 20:15:48] /r
[22/6/2019 20:15:48] /r
[22/6/2019 20:15:49] /r
[22/6/2019 20:15:50] /r
[22/6/2019 20:15:51] /r
[22/6/2019 20:15:52] /r
[22/6/2019 20:16:1] /town carlin
[22/6/2019 20:16:3] /c mr bean
[22/6/2019 20:16:11] /a 25
[22/6/2019 20:16:12] /a 25
[22/6/2019 20:16:13] /c mr bean
[22/6/2019 20:16:14] /a 25
[22/6/2019 20:16:14] /a 25
[22/6/2019 20:16:15] /c mr bean
[22/6/2019 20:16:16] /a 25
[22/6/2019 20:16:17] /c mr bean
[22/6/2019 20:16:18] /a 25
[22/6/2019 20:16:20] /c mr bean
[22/6/2019 20:16:20] /a 25
[22/6/2019 20:16:22] /c mr bean
[22/6/2019 20:16:26] /c mr bean
[22/6/2019 20:16:32] /i shovel
[22/6/2019 20:16:39] /r
[22/6/2019 20:16:41] /r
[22/6/2019 20:16:42] /r
[22/6/2019 20:16:43] /i hole
[22/6/2019 20:17:9] /c mr bean
[22/6/2019 20:23:22] /goto mr bean
[22/6/2019 20:23:28] /r
[22/6/2019 20:24:40] /goto mr bean
[22/6/2019 20:24:41] /town venore
[22/6/2019 20:24:42] /c mr bean
[22/6/2019 20:24:57] /goto mr bean
[22/6/2019 20:24:58] /goto mr bean
[22/6/2019 20:28:47] /goto mr bean
[22/6/2019 20:29:0] /ghost
[22/6/2019 20:29:6] /ghost
[22/6/2019 20:31:28] /reload config
[22/6/2019 20:34:10] /goto mr bean
[22/6/2019 20:34:20] /c mr bean
[22/6/2019 20:34:32] /a 25
[22/6/2019 20:34:34] /a 25
[22/6/2019 20:35:16] /goto mr bean
[22/6/2019 20:35:17] /goto mr bean
[22/6/2019 20:35:19] /goto mr bean
[22/6/2019 20:35:23] /goto mr bean
[22/6/2019 20:35:26] /goto mr bean
[22/6/2019 20:35:27] /goto mr bean
[22/6/2019 20:35:28] /goto mr bean
[22/6/2019 20:35:30] /goto mr bean
[22/6/2019 20:35:31] /goto mr bean
[22/6/2019 20:36:15] /goto mr bean
[22/6/2019 20:36:19] /a 5
[22/6/2019 20:36:21] /a 5
[22/6/2019 20:36:21] /a 5
[22/6/2019 20:36:22] /a 5
[22/6/2019 20:36:22] /a 5
[22/6/2019 20:36:23] /a 5
[22/6/2019 20:36:23] /a 5
[22/6/2019 20:36:24] /a 5
[22/6/2019 20:36:25] /a 5
[22/6/2019 20:36:25] /a 5
[22/6/2019 20:36:26] /a 5
[22/6/2019 20:36:27] /a 5
[22/6/2019 20:36:27] /a 5
[22/6/2019 20:36:28] /a 5
[22/6/2019 20:36:29] /a 5
[22/6/2019 20:36:30] /a 5
[22/6/2019 20:36:30] /a 5
[22/6/2019 20:36:33] /c mr bean
[22/6/2019 20:36:41] /lux
[22/6/2019 20:38:1] /goto mr bean
[22/6/2019 20:40:32] /goto mr bean
[22/6/2019 20:40:42] /t
[22/6/2019 20:40:46] /goto mr bean
[22/6/2019 20:41:6] /c ,r bean
[22/6/2019 20:41:8] /c mr bean
[22/6/2019 20:48:58] /goto mr bean
[22/6/2019 20:49:4] /town 18
[22/6/2019 20:49:18] /c mr bean
[22/6/2019 20:49:21] /lux
[22/6/2019 20:49:51] /i 3678
[22/6/2019 20:49:53] /r
[22/6/2019 20:50:42] /town vangloria
[22/6/2019 20:50:43] /c mr bean
[22/6/2019 21:10:13] /save
[22/6/2019 21:11:8] /openserver
[23/6/2019 12:21:21] /i outfit doll
[23/6/2019 12:21:40] /m dragon
[23/6/2019 12:21:45] /o 131
[23/6/2019 12:21:47] /o 547
[23/6/2019 12:21:49] /o 548
[23/6/2019 12:21:53] /i outfit doll
[23/6/2019 12:22:21] /o 131
[23/6/2019 12:30:19] /o 580
