[3/4/2021 11:55:20] /goto makumba tester oralny
[3/4/2021 11:55:33] /goto makumba tester oralny
[3/4/2021 11:55:37] /goto makumba tester oralny
[3/4/2021 11:55:38] /goto makumba tester oralny
[3/4/2021 11:55:39] /goto makumba tester oralny
[3/4/2021 11:55:41] /goto makumba tester oralny
[3/4/2021 11:55:43] /goto makumba tester oralny
[3/4/2021 11:55:48] /goto makumba tester oralny
[3/4/2021 11:56:56] /goto dwarf guard
[3/4/2021 11:56:59] /goto dwarf guard
[3/4/2021 11:57:9] /goto demon
[3/4/2021 11:57:24] /goto makumba tester oralny
[3/4/2021 11:59:56] /goto aruda
[3/4/2021 12:0:2] /goto malak
[3/4/2021 12:0:20] /goto eremo
[3/4/2021 12:1:14] /goto lysol
[3/4/2021 12:1:18] /goto punio
[3/4/2021 12:3:7] /goto bunio
[3/4/2021 12:3:20] /goto gm melfik
[3/4/2021 12:3:23] /goto bunio
[3/4/2021 12:3:28] /goto gm melfik
[3/4/2021 12:3:28] /goto bunio
[3/4/2021 12:3:30] /goto bunio
[3/4/2021 12:3:32] /goto gm melfik
[3/4/2021 12:3:39] /goto bunio
[3/4/2021 12:3:48] /goto melfik
[3/4/2021 12:3:55] /goto gm melfik
[3/4/2021 12:6:14] /goto serpent spawn
[3/4/2021 12:6:18] /goto bunio
[3/4/2021 12:7:6] /goto serpent spawn
[3/4/2021 12:7:9] /goto bunio
[3/4/2021 12:7:16] /goto ghoul
[3/4/2021 12:7:50] /goto gm melfik
[3/4/2021 12:7:51] /goto bunio
[3/4/2021 12:7:54] /goto gm melfik
[3/4/2021 12:8:3] /goto gm melfik
[3/4/2021 12:8:5] /goto bunio
[3/4/2021 12:8:18] /goto gm melfik
[3/4/2021 12:8:38] /goto bunio
[3/4/2021 12:8:55] /goto gm melfik
[3/4/2021 12:8:57] /goto bunio
[3/4/2021 12:9:39] /goto gm melfik
[3/4/2021 12:9:42] /goto bunio
[3/4/2021 12:10:13] /goto gm melfik
[3/4/2021 12:11:6] /goto lich
[3/4/2021 12:11:10] /goto bunio
[3/4/2021 12:11:28] /goto warlock
[3/4/2021 12:11:30] /goto bunio
[3/4/2021 12:11:39] /goto behemoth
[3/4/2021 12:11:40] /goto bunio
[3/4/2021 12:11:54] /goto juggernaut
[3/4/2021 12:11:57] /goto bunio
[3/4/2021 12:12:20] /goto juggernaut
[3/4/2021 12:12:26] /goto bunio
[3/4/2021 12:12:29] /goto juggernaut
[3/4/2021 12:12:31] /goto bunio
[3/4/2021 12:12:46] /goto malak
[3/4/2021 12:12:50] /goto aruad
[3/4/2021 12:12:52] /goto aruda
[3/4/2021 12:13:52] /goto juggernaut
[3/4/2021 12:14:53] /goto bunio
[3/4/2021 12:15:5] /goto juggernaut
[3/4/2021 12:15:32] /goto juggernaut
[3/4/2021 12:15:51] /goto juggernaut
[3/4/2021 12:17:7] /goto nigh
[3/4/2021 12:17:20] /goto nightmare
[3/4/2021 12:17:22] /goto bunio
[3/4/2021 12:17:56] /goto bunio
[3/4/2021 12:17:57] /goto bunio
[3/4/2021 12:17:57] /goto bunio
[3/4/2021 12:17:58] /goto bunio
[3/4/2021 12:18:24] /goto ferumbras
[3/4/2021 12:18:29] /goto orshabaal
[3/4/2021 12:18:32] /goto demodras
[3/4/2021 12:18:36] /goto plaguesmith
[3/4/2021 12:18:45] /goto blightwalker
[3/4/2021 12:20:32] /goto 
[3/4/2021 12:23:49] /goto hellfire fighter
[3/4/2021 12:23:50] /goto bunio
[3/4/2021 12:23:52] /goto hellfire fighter
[3/4/2021 12:24:10] /goto undead dragon
[3/4/2021 12:24:14] /goto bunio
[3/4/2021 12:24:20] /goto undead dragon
[3/4/2021 12:24:20] /goto bunio
[3/4/2021 12:24:23] /goto undead dragon
[3/4/2021 12:24:24] /goto bunio
[3/4/2021 12:24:51] /goto pacze czy wbije
[3/4/2021 12:25:1] /goto bunio
[3/4/2021 12:25:7] /goto pacze czy wbije
[3/4/2021 12:25:43] /goto pacze czy wbije
[3/4/2021 12:26:12] /goto pacze czy wbije
[3/4/2021 12:26:34] /goto demon
[3/4/2021 12:26:35] /goto bunio
[3/4/2021 12:28:12] /goto bonebeast
[3/4/2021 12:28:41] /goto bunio
[3/4/2021 12:28:46] /goto dragon lord
[3/4/2021 12:28:49] /goto bunio
[3/4/2021 12:28:52] /goto dragon
[3/4/2021 12:31:22] /goto uzgod
[3/4/2021 12:31:26] /goto basilisk
[3/4/2021 12:32:48] /goto morgaroth
[3/4/2021 12:32:56] /goto spectre
[3/4/2021 12:32:57] /goto bunio
[3/4/2021 12:33:0] /goto spectre
[3/4/2021 12:33:33] /goto bunio
[3/4/2021 12:33:51] /goto bonebeast
[3/4/2021 12:34:26] /goto bunio
[3/4/2021 12:34:27] /goto bunio
[3/4/2021 12:34:28] /goto bunio
[3/4/2021 12:34:28] /goto bunio
[3/4/2021 12:36:41] /goto malak
[3/4/2021 12:36:45] /goto aruda
[3/4/2021 12:37:5] /goto xodet
[3/4/2021 12:37:8] /goto xodet
[3/4/2021 12:37:9] /goto xodet
[3/4/2021 12:40:5] /goto hydra
[3/4/2021 12:40:5] /goto bunio
[3/4/2021 12:40:7] /goto hydra
[3/4/2021 12:40:9] /goto bunio
[3/4/2021 12:40:17] /goto bunio
[3/4/2021 12:40:19] /goto hydra
[3/4/2021 12:41:1] /goto bunio
[3/4/2021 12:41:16] /goto xodet
[3/4/2021 12:43:6] /goto fiona
[3/4/2021 12:43:12] /goto thais
[3/4/2021 12:43:15] /goto bunio
[3/4/2021 12:46:2] /goto undead dragon
[3/4/2021 12:46:4] /goto bunio
[3/4/2021 12:46:28] /goto undead dragon
[3/4/2021 12:46:37] /goto bunio
[3/4/2021 12:46:52] /goto ghastly dragon
[3/4/2021 12:46:54] /goto bunio
[3/4/2021 12:47:25] /goto ghastly dragon
[3/4/2021 12:47:30] /goto bunio
[3/4/2021 12:48:14] /goto hellhound
[3/4/2021 12:48:15] /goto bunio
[3/4/2021 12:48:27] /goto hellhound
[3/4/2021 12:48:54] /goto hellhound
[3/4/2021 12:49:1] /goto bunio
[3/4/2021 12:50:13] /goto hellhound
[3/4/2021 12:50:27] /goto hellhound
[3/4/2021 12:51:6] /goto dwarf guard
[3/4/2021 12:51:42] /goto bonebeast
[3/4/2021 12:51:47] /goto bunio
[3/4/2021 12:51:51] /goto bonebeast
[3/4/2021 12:52:0] /goto bunio
[3/4/2021 13:15:36] /goto bonebeast
