[9/2/2019 0:13:57] !balance
[9/2/2019 0:16:31] !balance
[9/2/2019 0:16:36] !balance
[9/2/2019 0:16:38] !balance
[9/2/2019 0:17:11] !balance
[9/2/2019 0:36:22] !deposit
[9/2/2019 0:36:25] !deposit all
[9/2/2019 0:36:38] !deposit
[9/2/2019 0:36:44] !deposit 90000
[9/2/2019 0:39:40] !withdraw 10000
[9/2/2019 0:40:20] !withdraw 10000
[9/2/2019 1:15:51] !withdraw 10000
[9/2/2019 1:20:59] !balance
[9/2/2019 1:21:53] !balance
[9/2/2019 1:22:1] !withdraw 45000
[9/2/2019 1:26:49] !withdraw 10000
[9/2/2019 1:56:58] !balance
[9/2/2019 2:6:34] !balance
[9/2/2019 2:6:51] !deposit 10000
[9/2/2019 2:49:35] !balance
[9/2/2019 2:50:31] !balance
[9/2/2019 2:50:48] !balance
[9/2/2019 2:50:53] !withdraw 15000
[9/2/2019 5:0:54] !balance
[9/2/2019 5:1:3] !deposit 100000
[9/2/2019 5:5:54] !withdraw 200000
[9/2/2019 5:5:56] !withdraw 20000
[9/2/2019 5:6:44] !withdraw 10000
[9/2/2019 5:25:21] !withdraw 2000
[9/2/2019 5:38:51] !withdraw 6000
[9/2/2019 5:39:8] !withdraw 60000
[9/2/2019 5:40:40] !withdraw 40000
[9/2/2019 5:40:42] !balance
[9/2/2019 14:20:14] !balance
[9/2/2019 14:20:23] !withdraw 2000
[12/2/2019 16:33:31] /lux
[12/2/2019 21:37:50] /lux
[12/2/2019 22:36:30] /lux
[12/2/2019 22:40:13] /lux
[12/2/2019 22:43:56] /lux
[13/2/2019 15:24:43] /lux
[13/2/2019 18:33:24] /lux
[13/2/2019 21:14:15] /lux
[14/2/2019 17:7:18] /lux
[14/2/2019 18:1:53] /lux
[14/2/2019 19:33:13] /lux
[14/2/2019 19:56:17] /lux
[15/2/2019 22:12:54] /lux
