[2/2/2019 11:59:7] /a 2
[2/2/2019 11:59:8] /a 2
[2/2/2019 12:1:18] /a 2
[2/2/2019 12:1:18] /a 2
[2/2/2019 12:1:19] /a 2
[2/2/2019 12:1:19] /a 2
[2/2/2019 12:1:20] /a 2
[2/2/2019 12:1:21] /a 2
[2/2/2019 12:1:21] /a 2
[2/2/2019 12:1:23] /a 2
[2/2/2019 12:1:24] /a 2
[2/2/2019 12:1:46] /a 2
[2/2/2019 12:1:46] /a 2
[2/2/2019 12:1:49] /m demon
[2/2/2019 12:1:51] /r
[2/2/2019 12:2:11] /i 2160 1
[2/2/2019 12:2:22] /i golden helmet
[2/2/2019 12:4:25] /light
[2/2/2019 12:5:49] /i rashidscroll
[2/2/2019 12:5:53] /a 2
[2/2/2019 12:5:54] /a 2
[2/2/2019 12:6:26] /i assasin dagger
[2/2/2019 12:6:30] /i assassin dagger
[2/2/2019 12:6:32] /i assassin dagger 1
[2/2/2019 12:8:17] /i thorn spitter
[2/2/2019 12:8:24] /i infernal bolt 10
[2/2/2019 12:8:26] /i infernal bolt
[2/2/2019 12:10:7] /m demon
[2/2/2019 12:10:20] /m demon
[2/2/2019 12:10:25] /m demon
[2/2/2019 12:10:29] /light
[2/2/2019 12:11:6] /m demon
[2/2/2019 12:13:10] /m orshabaal
[2/2/2019 12:13:16] /m orshabaal
[2/2/2019 12:13:58] /m grim reaper
[2/2/2019 12:14:56] /a 2
[2/2/2019 12:14:57] /a 2
[2/2/2019 12:14:57] /a 2
[2/2/2019 12:14:57] /a 2
[2/2/2019 12:14:58] /a 2
[2/2/2019 12:14:58] /a 2
[2/2/2019 12:14:58] /a 2
[2/2/2019 12:14:59] /a 2
[2/2/2019 12:15:0] /a 2
[2/2/2019 12:15:1] /a 2
[2/2/2019 12:15:1] /a 2
[2/2/2019 12:15:3] /a 2
[2/2/2019 12:15:3] /a 2
[2/2/2019 12:15:3] /a 2
[2/2/2019 12:15:3] /a 2
[2/2/2019 12:15:3] /a 2
[2/2/2019 12:15:3] /a 2
[2/2/2019 12:15:3] /a 2
[2/2/2019 12:15:3] /a 2
[2/2/2019 12:15:3] /a 2
[2/2/2019 12:15:3] /a 2
[2/2/2019 12:15:3] /a 2
[2/2/2019 12:15:3] /a 2
[2/2/2019 12:15:3] /a 2
[2/2/2019 12:15:3] /a 2
[2/2/2019 12:15:3] /a 2
[2/2/2019 12:15:3] /a 2
[2/2/2019 12:15:3] /a 2
[2/2/2019 12:15:3] /a 2
[2/2/2019 12:15:3] /a 2
[2/2/2019 12:15:4] /a 2
[2/2/2019 12:15:4] /a 2
[2/2/2019 12:15:4] /a 2
[2/2/2019 12:15:4] /a 2
[2/2/2019 12:15:5] /a 2
[2/2/2019 12:15:6] /a 2
[2/2/2019 12:15:6] /a 2
[2/2/2019 12:15:6] /a 2
[2/2/2019 12:15:6] /a 2
[2/2/2019 12:15:6] /a 2
[2/2/2019 12:15:7] /a 2
[2/2/2019 12:15:7] /a 2
[2/2/2019 12:15:8] /a 2
[2/2/2019 12:15:8] /a 2
[2/2/2019 12:15:8] /a 2
[2/2/2019 12:15:8] /a 2
[2/2/2019 12:15:8] /a 2
[2/2/2019 12:15:8] /a 2
[2/2/2019 12:15:8] /a 2
[2/2/2019 12:15:8] /a 2
[2/2/2019 12:15:8] /a 2
[2/2/2019 12:15:9] /a 2
[2/2/2019 12:15:9] /a 2
[2/2/2019 12:15:9] /a 2
[2/2/2019 12:15:9] /a 2
[2/2/2019 12:15:9] /a 2
[2/2/2019 12:15:9] /a 2
[2/2/2019 12:15:10] /a 2
[2/2/2019 12:15:11] /a 2
[2/2/2019 12:15:12] /a 2
[2/2/2019 12:15:17] /a 2
[2/2/2019 12:15:18] /a 2
[2/2/2019 12:15:26] /a 2
[2/2/2019 12:15:26] /a 2
[2/2/2019 12:15:26] /a 2
[2/2/2019 12:15:27] /a 2
[2/2/2019 12:15:27] /a 2
[2/2/2019 12:15:27] /a 2
[2/2/2019 12:15:28] /a 2
[2/2/2019 12:15:29] /a 2
[2/2/2019 12:15:30] /a 2
[2/2/2019 12:15:31] /a 2
[2/2/2019 12:15:32] /a 2
[2/2/2019 12:15:33] /a 2
[2/2/2019 12:15:33] /a 2
[2/2/2019 12:15:33] /a 2
[2/2/2019 12:15:34] /a 2
[2/2/2019 12:15:34] /a 2
[2/2/2019 12:15:34] /a 2
[2/2/2019 12:15:35] /a 2
[2/2/2019 12:15:35] /a 2
[2/2/2019 12:15:36] /a 2
[2/2/2019 12:15:36] /a 2
[2/2/2019 12:15:37] /a 2
[2/2/2019 12:15:37] /a 2
[2/2/2019 12:15:37] /a 2
[2/2/2019 12:15:37] /a 2
[2/2/2019 12:15:38] /a 2
[2/2/2019 12:15:38] /a 2
[2/2/2019 12:15:38] /a 2
[2/2/2019 12:15:39] /a 2
[2/2/2019 12:15:39] /a 2
[2/2/2019 12:15:39] /a 2
[2/2/2019 12:15:39] /a 2
[2/2/2019 12:15:40] /a 2
[2/2/2019 12:15:41] /a 2
[2/2/2019 12:15:42] /a 2
[2/2/2019 12:15:42] /a 2
[2/2/2019 12:15:42] /a 2
[2/2/2019 12:15:43] /a 2
[2/2/2019 12:15:43] /a 2
[2/2/2019 12:15:43] /a 2
[2/2/2019 12:15:43] /a 2
[2/2/2019 12:15:44] /a 2
[2/2/2019 12:15:44] /a 2
[2/2/2019 12:15:44] /a 2
[2/2/2019 12:16:6] /i avalanche rune\
[2/2/2019 12:16:7] /i avalanche rune
[2/2/2019 12:16:8] /i avalanche rune
[2/2/2019 12:16:9] /i avalanche rune
[2/2/2019 12:17:20] /i avalanche runeexori mas
[2/2/2019 12:19:1] /r
[2/2/2019 12:19:3] /t
[2/2/2019 12:21:11] /goto Du~
[2/2/2019 12:22:8] /i mana fluid
[2/2/2019 12:22:10] /i mana fluid
[2/2/2019 12:22:20] /m ghoul
[2/2/2019 12:22:27] /m demon skeleton
[2/2/2019 12:22:27] /m demon skeleton
[2/2/2019 12:22:28] /m demon skeleton
[2/2/2019 12:22:40] /r
[2/2/2019 12:23:0] /m demon skeleton
[2/2/2019 12:23:0] /m demon skeleton
[2/2/2019 12:23:1] /m demon skeleton
[2/2/2019 12:24:49] /i stealth ring
[2/2/2019 12:24:54] /m demon skeleton
[2/2/2019 12:24:54] /m demon skeleton
[2/2/2019 12:24:54] /m demon skeleton
[2/2/2019 12:24:55] /m demon skeleton
[2/2/2019 12:24:55] /m demon skeleton
[2/2/2019 12:24:56] /m demon skeleton
[2/2/2019 12:24:56] /m demon skeleton
[2/2/2019 12:24:57] /m demon skeleton
[2/2/2019 12:24:57] /m demon skeleton
[2/2/2019 12:24:58] /m demon skeleton
[2/2/2019 12:24:58] /m demon skeleton
[2/2/2019 12:24:58] /m demon skeleton
[2/2/2019 12:24:59] /m demon skeleton
[2/2/2019 12:24:59] /m demon skeleton
[2/2/2019 12:25:0] /m demon skeleton
[2/2/2019 12:25:0] /m demon skeleton
[2/2/2019 12:25:1] /m demon skeleton
[2/2/2019 12:25:1] /m demon skeleton
[2/2/2019 12:25:2] /m demon skeleton
[2/2/2019 12:25:2] /m demon skeleton
[2/2/2019 12:25:3] /m demon skeleton
[2/2/2019 12:25:3] /m demon skeleton
[2/2/2019 12:25:4] /m demon skeleton
[2/2/2019 12:25:5] /m demon skeleton
[2/2/2019 12:25:5] /m demon skeleton
[2/2/2019 12:25:6] /m demon skeleton
[2/2/2019 12:26:33] /m dragon
[2/2/2019 12:26:53] /i manarune
[2/2/2019 12:26:57] /i mana fluid
[2/2/2019 12:30:27] /m hydra
[2/2/2019 12:31:4] /i mana potion
[2/2/2019 12:31:13] /n xodet
[2/2/2019 12:32:44] /s dragon
[2/2/2019 12:33:56] /c de dudu edu
[2/2/2019 12:34:3] /c dragon
[2/2/2019 12:34:5] /c dragon
[2/2/2019 12:34:11] /c dragon
[2/2/2019 12:34:11] /c dragon
[2/2/2019 12:34:55] /m demon
[2/2/2019 12:37:28] /m demon
[2/2/2019 12:37:29] /m demon
[2/2/2019 12:37:29] /m demon
[2/2/2019 12:37:29] /m demon
[2/2/2019 12:37:30] /m demon
[2/2/2019 12:37:30] /m demon
[2/2/2019 12:39:45] /m orshabaal
[2/2/2019 12:41:5] /r
[2/2/2019 12:41:9] /m morgarooth
[2/2/2019 12:41:10] /m morgaroth
[2/2/2019 12:41:19] /m morgaroth
[2/2/2019 12:43:26] /m ferumbras
[2/2/2019 12:43:40] /m ferumbras
[2/2/2019 12:43:49] /m ferumbras
[2/2/2019 12:44:3] /m ferumbras
[2/2/2019 12:44:3] /m ferumbras
[2/2/2019 12:44:4] /m ferumbras
[2/2/2019 12:44:39] /m dragon
[2/2/2019 12:44:52] /m dragon
[2/2/2019 12:47:50] /goto du~
[2/2/2019 12:51:48] /a 2
[2/2/2019 12:51:49] /a 2
[2/2/2019 12:51:49] /a 2
[2/2/2019 12:51:49] /a 2
[2/2/2019 12:51:50] /a 2
[2/2/2019 12:51:50] /a 2
[2/2/2019 12:51:51] /a 2
[2/2/2019 12:51:51] /a 2
[2/2/2019 12:51:52] /a 2
[2/2/2019 12:51:53] /a 2
[2/2/2019 12:51:53] /a 2
[2/2/2019 12:51:54] /a 2
[2/2/2019 12:51:54] /a 2
[2/2/2019 12:51:55] /a 2
[2/2/2019 12:51:55] /a 2
[2/2/2019 12:51:55] /a 2
[2/2/2019 12:51:56] /a 2
[2/2/2019 12:51:56] /a 2
[2/2/2019 12:51:56] /a 2
[2/2/2019 12:51:57] /a 2
[2/2/2019 12:51:57] /a 2
[2/2/2019 12:51:57] /a 2
[2/2/2019 12:51:57] /a 2
[2/2/2019 12:51:57] /a 2
[2/2/2019 12:51:58] /a 2
[2/2/2019 12:51:58] /a 2
[2/2/2019 12:51:59] /a 2
[2/2/2019 12:51:59] /a 2
[2/2/2019 12:51:59] /a 2
[2/2/2019 12:52:0] /a 2
[2/2/2019 12:52:0] /a 2
[2/2/2019 12:52:1] /a 2
[2/2/2019 12:52:1] /a 2
[2/2/2019 12:52:1] /a 2
[2/2/2019 12:52:1] /a 2
[2/2/2019 12:52:2] /a 2
[2/2/2019 12:52:2] /a 2
[2/2/2019 12:52:2] /a 2
[2/2/2019 12:52:2] /a 2
[2/2/2019 12:52:3] /a 2
[2/2/2019 12:52:3] /a 2
[2/2/2019 12:52:3] /a 2
[2/2/2019 12:52:3] /a 2
[2/2/2019 12:52:4] /a 2
[2/2/2019 12:52:4] /a 2
[2/2/2019 12:52:4] /a 2
[2/2/2019 12:52:5] /a 2
[2/2/2019 12:52:5] /a 2
[2/2/2019 12:52:5] /a 2
[2/2/2019 12:52:6] /a 2
[2/2/2019 12:52:6] /a 2
[2/2/2019 12:52:6] /a 2
[2/2/2019 12:52:7] /a 2
[2/2/2019 12:52:7] /a 2
[2/2/2019 12:52:7] /a 2
[2/2/2019 12:52:7] /a 2
[2/2/2019 12:52:8] /a 2
[2/2/2019 12:52:8] /a 2
[2/2/2019 12:52:8] /a 2
[2/2/2019 12:52:9] /a 2
[2/2/2019 12:52:9] /a 2
[2/2/2019 12:52:9] /a 2
[2/2/2019 12:52:10] /a 2
[2/2/2019 12:52:10] /a 2
[2/2/2019 12:52:10] /a 2
[2/2/2019 12:52:11] /a 2
[2/2/2019 12:52:11] /a 2
[2/2/2019 12:52:11] /a 2
[2/2/2019 12:52:12] /a 2
[2/2/2019 12:52:12] /a 2
[2/2/2019 12:52:12] /a 2
[2/2/2019 12:52:12] /a 2
[2/2/2019 12:52:13] /a 2
[2/2/2019 12:52:15] /a 2
[2/2/2019 12:52:16] /a 2
[2/2/2019 12:52:16] /a 2
[2/2/2019 12:52:16] /a 2
[2/2/2019 12:52:16] /a 2
[2/2/2019 12:52:17] /a 2
[2/2/2019 12:52:17] /a 2
[2/2/2019 12:52:17] /a 2
[2/2/2019 12:52:18] /a 2
[2/2/2019 12:52:18] /a 2
[2/2/2019 12:52:18] /a 2
[2/2/2019 12:52:19] /a 2
[2/2/2019 12:52:19] /a 2
[2/2/2019 12:52:19] /a 2
[2/2/2019 12:52:19] /a 2
[2/2/2019 12:52:20] /a 2
[2/2/2019 12:52:20] /a 2
[2/2/2019 12:52:20] /a 2
[2/2/2019 12:52:20] /a 2
[2/2/2019 12:52:21] /a 2
[2/2/2019 12:52:21] /a 2
[2/2/2019 12:52:21] /a 2
[2/2/2019 12:52:21] /a 2
[2/2/2019 12:52:22] /a 2
[2/2/2019 12:52:22] /a 2
[2/2/2019 12:52:23] /a 2
[2/2/2019 12:52:23] /a 2
[2/2/2019 12:52:23] /a 2
[2/2/2019 12:52:23] /a 2
[2/2/2019 12:52:24] /a 2
[2/2/2019 12:52:24] /a 2
[2/2/2019 12:52:24] /a 2
[2/2/2019 12:52:25] /a 2
[2/2/2019 12:52:25] /a 2
[2/2/2019 12:52:25] /a 2
[2/2/2019 12:52:25] /a 2
[2/2/2019 12:52:26] /a 2
[2/2/2019 12:52:26] /a 2
[2/2/2019 12:52:26] /a 2
[2/2/2019 12:52:27] /a 2
[2/2/2019 12:52:27] /a 2
[2/2/2019 12:52:27] /a 2
[2/2/2019 12:52:27] /a 2
[2/2/2019 12:52:27] /a 2
[2/2/2019 12:52:28] /a 2
[2/2/2019 12:52:28] /a 2
[2/2/2019 12:52:28] /a 2
[2/2/2019 12:52:29] /a 2
[2/2/2019 12:52:29] /a 2
[2/2/2019 12:52:29] /a 2
[2/2/2019 12:52:30] /a 2
[2/2/2019 12:52:30] /a 2
[2/2/2019 12:52:30] /a 2
[2/2/2019 12:52:30] /a 2
[2/2/2019 12:52:31] /a 2
[2/2/2019 12:52:31] /a 2
[2/2/2019 12:52:31] /a 2
[2/2/2019 12:52:31] /a 2
[2/2/2019 12:52:31] /a 2
[2/2/2019 12:52:32] /a 2
[2/2/2019 12:52:32] /a 2
[2/2/2019 12:52:32] /a 2
[2/2/2019 12:52:32] /a 2
[2/2/2019 12:52:33] /a 2
[2/2/2019 12:52:34] /a 2
[2/2/2019 12:52:34] /a 2
[2/2/2019 12:52:34] /a 2
[2/2/2019 12:52:34] /a 2
[2/2/2019 12:52:34] /a 2
[2/2/2019 12:52:34] /a 2
[2/2/2019 12:52:34] /a 2
[2/2/2019 12:52:34] /a 2
[2/2/2019 12:52:34] /a 2
[2/2/2019 12:52:34] /a 2
[2/2/2019 12:52:34] /a 2
[2/2/2019 12:52:34] /a 2
[2/2/2019 12:52:34] /a 2
[2/2/2019 12:52:34] /a 2
[2/2/2019 12:52:36] /a 2
[2/2/2019 12:52:36] /a 2
[2/2/2019 12:52:36] /a 2
[2/2/2019 12:52:36] /a 2
[2/2/2019 12:52:36] /a 2
[2/2/2019 12:52:36] /a 2
[2/2/2019 12:52:36] /a 2
[2/2/2019 12:52:36] /a 2
[2/2/2019 12:52:36] /a 2
[2/2/2019 12:52:36] /a 2
[2/2/2019 12:52:36] /a 2
[2/2/2019 12:52:37] /a 2
[2/2/2019 12:52:37] /a 2
[2/2/2019 12:52:37] /a 2
[2/2/2019 12:52:37] /a 2
[2/2/2019 12:52:37] /a 2
[2/2/2019 12:52:37] /a 2
[2/2/2019 12:52:37] /a 2
[2/2/2019 12:52:38] /a 2
[2/2/2019 12:52:38] /a 2
[2/2/2019 12:52:38] /a 2
[2/2/2019 12:52:38] /a 2
[2/2/2019 12:52:38] /a 2
[2/2/2019 12:52:39] /a 2
[2/2/2019 12:52:39] /a 2
[2/2/2019 12:52:39] /a 2
[2/2/2019 12:52:39] /a 2
[2/2/2019 12:52:39] /a 2
[2/2/2019 12:52:39] /a 2
[2/2/2019 12:52:39] /a 2
[2/2/2019 12:52:39] /a 2
[2/2/2019 12:52:39] /a 2
[2/2/2019 12:52:40] /a 2
[2/2/2019 12:52:41] /a 2
[2/2/2019 12:52:41] /a 2
[2/2/2019 12:52:41] /a 2
[2/2/2019 12:52:41] /a 2
[2/2/2019 12:52:41] /a 2
[2/2/2019 12:52:41] /a 2
[2/2/2019 12:52:41] /a 2
[2/2/2019 12:52:42] /a 2
[2/2/2019 12:52:42] /a 2
[2/2/2019 12:52:42] /a 2
[2/2/2019 12:52:42] /a 2
[2/2/2019 12:52:42] /a 2
[2/2/2019 12:52:42] /a 2
[2/2/2019 12:52:42] /a 2
[2/2/2019 12:52:42] /a 2
[2/2/2019 12:52:42] /a 2
[2/2/2019 12:52:42] /a 2
[2/2/2019 12:52:42] /a 2
[2/2/2019 12:52:42] /a 2
[2/2/2019 12:52:43] /a 2
[2/2/2019 12:52:43] /a 2
[2/2/2019 12:52:43] /a 2
[2/2/2019 12:52:43] /a 2
[2/2/2019 12:52:43] /a 2
[2/2/2019 12:52:44] /a 2
[2/2/2019 12:52:45] /a 2
[2/2/2019 12:52:45] /a 2
[2/2/2019 12:52:45] /a 2
[2/2/2019 12:52:45] /a 2
[2/2/2019 12:52:45] /a 2
[2/2/2019 12:52:45] /a 2
[2/2/2019 12:52:45] /a 2
[2/2/2019 12:52:45] /a 2
[2/2/2019 12:52:45] /a 2
[2/2/2019 12:52:45] /a 2
[2/2/2019 12:52:47] /a 2
[2/2/2019 12:52:47] /a 2
[2/2/2019 12:52:48] /a 2
[2/2/2019 12:52:48] /a 2
[2/2/2019 12:52:48] /a 2
[2/2/2019 12:52:48] /a 2
[2/2/2019 12:52:48] /a 2
[2/2/2019 12:52:48] /a 2
[2/2/2019 12:52:48] /a 2
[2/2/2019 12:52:48] /a 2
[2/2/2019 12:52:48] /a 2
[2/2/2019 12:52:48] /a 2
[2/2/2019 12:52:48] /a 2
[2/2/2019 12:52:48] /a 2
[2/2/2019 12:52:48] /a 2
[2/2/2019 12:52:48] /a 2
[2/2/2019 12:52:48] /a 2
[2/2/2019 12:52:48] /a 2
[2/2/2019 12:52:48] /a 2
[2/2/2019 12:52:48] /a 2
[2/2/2019 12:52:48] /a 2
[2/2/2019 12:52:48] /a 2
[2/2/2019 12:52:48] /a 2
[2/2/2019 12:52:48] /a 2
[2/2/2019 12:52:48] /a 2
[2/2/2019 12:52:48] /a 2
[2/2/2019 12:52:48] /a 2
[2/2/2019 12:52:48] /a 2
[2/2/2019 12:52:48] /a 2
[2/2/2019 12:52:48] /a 2
[2/2/2019 12:52:48] /a 2
[2/2/2019 12:52:49] /a 2
[2/2/2019 12:52:49] /a 2
[2/2/2019 12:52:49] /a 2
[2/2/2019 12:52:50] /a 2
[2/2/2019 12:52:50] /a 2
[2/2/2019 12:52:51] /a 2
[2/2/2019 12:52:51] /a 2
[2/2/2019 12:52:51] /a 2
[2/2/2019 12:52:53] /a 2
[2/2/2019 12:52:53] /a 2
[2/2/2019 12:52:59] /a 2
[2/2/2019 12:52:59] /a 2
[2/2/2019 12:52:59] /a 2
[2/2/2019 12:52:59] /a 2
[2/2/2019 12:52:59] /a 2
[2/2/2019 12:52:59] /a 2
[2/2/2019 12:52:59] /a 2
[2/2/2019 12:52:59] /a 2
[2/2/2019 12:52:59] /a 2
[2/2/2019 12:52:59] /a 2
[2/2/2019 12:52:59] /a 2
[2/2/2019 12:53:0] /a 2
[2/2/2019 12:53:0] /a 2
[2/2/2019 12:53:0] /a 2
[2/2/2019 12:53:0] /a 2
[2/2/2019 12:53:0] /a 2
[2/2/2019 12:53:0] /a 2
[2/2/2019 12:53:0] /a 2
[2/2/2019 12:53:1] /a 2
[2/2/2019 12:53:1] /a 2
[2/2/2019 12:53:1] /a 2
[2/2/2019 12:53:1] /a 2
[2/2/2019 12:53:1] /a 2
[2/2/2019 12:53:3] /a 2
[2/2/2019 12:53:3] /a 2
[2/2/2019 12:53:4] /a 2
[2/2/2019 12:53:4] /a 2
[2/2/2019 12:53:5] /a 2
[2/2/2019 12:53:5] /a 2
[2/2/2019 12:53:5] /a 2
[2/2/2019 12:53:5] /a 2
[2/2/2019 12:53:6] /a 2
[2/2/2019 12:53:10] /a 2
[2/2/2019 12:53:10] /a 2
[2/2/2019 12:53:10] /a 2
[2/2/2019 12:53:11] /a 2
[2/2/2019 12:53:11] /a 2
[2/2/2019 12:53:11] /a 2
[2/2/2019 12:53:12] /a 2
[2/2/2019 12:53:12] /a 2
[2/2/2019 12:53:13] /a 2
[2/2/2019 12:53:13] /a 2
[2/2/2019 12:53:13] /a 2
[2/2/2019 12:53:13] /a 2
[2/2/2019 12:53:14] /a 2
[2/2/2019 12:53:14] /a 2
[2/2/2019 12:53:14] /a 2
[2/2/2019 12:53:14] /a 2
[2/2/2019 12:53:15] /a 2
