[31/1/2023 22:58:24] /town thais
[31/1/2023 22:58:29] /i fire bomb
[31/1/2023 22:58:32] /i fire bomb rune
[31/1/2023 22:58:34] /i fire field rune
[31/1/2023 22:58:36] /i fire bomb rune
[31/1/2023 22:58:43] /i firebomb rune
[31/1/2023 22:58:45] /i firebomb rune
[31/1/2023 22:58:46] /i firebomb rune
[31/1/2023 22:58:50] /i energybomb rune
[31/1/2023 22:58:53] /i energy bomb rune
[31/1/2023 22:58:59] /m demon
[31/1/2023 22:59:3] /m ferumbras
[31/1/2023 22:59:17] /m dragon lord
[31/1/2023 22:59:29] /m dragon
[31/1/2023 22:59:35] /m giant spider
[31/1/2023 23:39:37] /town 10
[31/1/2023 23:39:39] /a 5
[31/1/2023 23:39:40] /a 5
[31/1/2023 23:39:40] /a 5
[31/1/2023 23:39:41] /a 5
[31/1/2023 23:39:42] /light
[31/1/2023 23:41:17] /i 2412
[31/1/2023 23:41:20] /i 2412
[31/1/2023 23:41:27] /i 2378
[31/1/2023 23:41:32] /i 2379
[31/1/2023 23:41:34] /i 2380
[31/1/2023 23:41:35] /i 2381
[31/1/2023 23:41:36] /i 2382
[31/1/2023 23:41:51] /i 2383
[31/1/2023 23:41:51] /i 2384
[31/1/2023 23:41:52] /i 2385
[31/1/2023 23:42:6] /i 2386
[31/1/2023 23:42:11] /i 2387
[31/1/2023 23:42:12] /i 2388
[31/1/2023 23:42:17] /i 2389
[31/1/2023 23:42:39] /i 2379
[31/1/2023 23:42:53] /i 2377
[31/1/2023 23:42:59] /i 2376
[31/1/2023 23:43:3] /i 2375
[31/1/2023 23:43:36] /reload movements
[31/1/2023 23:44:58] /s dragon
[31/1/2023 23:46:19] /a 5\
[31/1/2023 23:46:20] /a 5\
[31/1/2023 23:46:20] /a 5\
[31/1/2023 23:46:21] /a 5
[31/1/2023 23:46:21] /a 5
[31/1/2023 23:46:22] /a 5
[31/1/2023 23:46:22] /a 5
[31/1/2023 23:46:22] /a 5
[31/1/2023 23:46:22] /a 5
[31/1/2023 23:46:22] /a 5
[31/1/2023 23:46:22] /a 5
[31/1/2023 23:46:22] /a 5
[31/1/2023 23:46:22] /a 5
[31/1/2023 23:46:23] /a 5
[31/1/2023 23:46:23] /a 5
[31/1/2023 23:46:23] /a 5
[31/1/2023 23:46:23] /a 5
[31/1/2023 23:46:23] /a 5
[31/1/2023 23:46:24] /a 5
[31/1/2023 23:46:24] /a 5
[31/1/2023 23:46:25] /a 5
[31/1/2023 23:46:25] /a 5
[31/1/2023 23:46:25] /a 5
[31/1/2023 23:46:25] /a 5
[31/1/2023 23:46:26] /a 5
[31/1/2023 23:46:26] /a 5
[31/1/2023 23:46:27] /a 5
[31/1/2023 23:46:27] /a 5
[31/1/2023 23:46:28] /a 5
[31/1/2023 23:46:28] /a 5
[31/1/2023 23:46:28] /a 5
[31/1/2023 23:46:29] /a 5
[31/1/2023 23:46:29] /a 5
[31/1/2023 23:46:29] /a 5
[31/1/2023 23:46:29] /a 5
[31/1/2023 23:46:29] /a 5
[31/1/2023 23:46:29] /a 5
[31/1/2023 23:46:30] /a 5
[31/1/2023 23:46:30] /a 5
[31/1/2023 23:46:30] /a 5
[31/1/2023 23:46:45] /town 10
[31/1/2023 23:47:30] /i door
[31/1/2023 23:51:4] /town 10
[31/1/2023 23:51:6] /town thais
[31/1/2023 23:51:28] /i 100
[31/1/2023 23:51:29] /i 101
[31/1/2023 23:51:31] /i 102
[31/1/2023 23:51:36] /i 2500
[31/1/2023 23:51:38] /i 2000
[31/1/2023 23:51:39] /i 1000
[31/1/2023 23:51:42] /i 1500
[31/1/2023 23:51:44] /i 1400
[31/1/2023 23:51:45] /i 1300
[31/1/2023 23:52:10] /town 10
[31/1/2023 23:52:11] /a 5
[31/1/2023 23:52:11] /a 5
[31/1/2023 23:52:12] /a 5
[31/1/2023 23:52:12] /a 5
[31/1/2023 23:52:12] /a 5
[31/1/2023 23:52:12] /a 5
[31/1/2023 23:52:12] /a 5
[31/1/2023 23:52:13] /a 5
[31/1/2023 23:52:13] /a 5
[31/1/2023 23:52:13] /a 5
[31/1/2023 23:52:13] /a 5
[31/1/2023 23:52:13] /a 5
[31/1/2023 23:52:13] /a 5
[31/1/2023 23:52:13] /a 5
[31/1/2023 23:52:13] /a 5
[31/1/2023 23:52:14] /a 5
[31/1/2023 23:52:14] /a 5
[31/1/2023 23:52:15] /a 5
[31/1/2023 23:52:22] /a 5
[31/1/2023 23:52:22] /a 5
[31/1/2023 23:52:22] /a 5
[31/1/2023 23:52:23] /a 5
[31/1/2023 23:52:23] /a 5
[31/1/2023 23:52:23] /a 5
[31/1/2023 23:52:24] /a 5
[31/1/2023 23:52:24] /a 5
[31/1/2023 23:52:24] /a 5
[31/1/2023 23:52:24] /a 5
[31/1/2023 23:52:25] /a 5
[31/1/2023 23:52:25] /a 5
[31/1/2023 23:52:25] /a 5
[31/1/2023 23:52:26] /a 5
[31/1/2023 23:52:26] /a 5
[31/1/2023 23:52:27] /a 5
[31/1/2023 23:52:27] /a 5
[31/1/2023 23:52:27] /a 5
[31/1/2023 23:52:28] /a 5
[31/1/2023 23:52:28] /a 5
[31/1/2023 23:52:28] /a 5
[31/1/2023 23:52:28] /a 5
[31/1/2023 23:52:29] /a 5
[31/1/2023 23:52:29] /a 5
[31/1/2023 23:52:29] /a 5
[31/1/2023 23:52:29] /a 5
[31/1/2023 23:52:30] /a 5
[31/1/2023 23:52:30] /a 5
[31/1/2023 23:52:30] /a 5
[31/1/2023 23:52:30] /a 5
[31/1/2023 23:52:31] /a 5
[31/1/2023 23:52:31] /a 5
[31/1/2023 23:52:31] /a 5
[31/1/2023 23:52:31] /a 5
[31/1/2023 23:52:31] /a 5
[31/1/2023 23:52:31] /a 5
[31/1/2023 23:52:31] /a 5
[31/1/2023 23:52:31] /a 5
[31/1/2023 23:52:31] /a 5
[31/1/2023 23:52:32] /a 5
[31/1/2023 23:52:32] /a 5
[31/1/2023 23:52:32] /a 5
[31/1/2023 23:52:32] /a 5
[31/1/2023 23:52:32] /a 5
[31/1/2023 23:52:33] /a 5
[31/1/2023 23:52:33] /a 5
[31/1/2023 23:52:33] /a 5
[31/1/2023 23:52:33] /a 5
[31/1/2023 23:52:34] /a 5
[31/1/2023 23:52:34] /a 5
[31/1/2023 23:52:34] /a 5
[31/1/2023 23:52:34] /a 5
[31/1/2023 23:52:35] /a 5
[31/1/2023 23:52:36] /a 5
[31/1/2023 23:52:36] /a 5
[31/1/2023 23:52:37] /a 5
[31/1/2023 23:52:37] /a 5
[31/1/2023 23:52:39] /a 5
[31/1/2023 23:52:39] /a 5
[31/1/2023 23:52:40] /a 5
[31/1/2023 23:52:40] /a 5
[31/1/2023 23:52:40] /a 5
[31/1/2023 23:52:40] /a 5
[31/1/2023 23:52:40] /a 5
[31/1/2023 23:52:40] /a 5
[31/1/2023 23:52:41] /a 5
[31/1/2023 23:52:41] /a 5
[31/1/2023 23:55:42] /reload movements
[31/1/2023 23:56:12] /reload movements
[31/1/2023 23:57:21] /reload movements
[31/1/2023 23:57:29] /town thais
[31/1/2023 23:58:32] /reload movements
[1/2/2023 0:1:7] /reload movements
[1/2/2023 0:1:29] /reload movements
[1/2/2023 0:3:19] /reload movements
[1/2/2023 0:3:23] /storage GM Dzban,ogienkurwa
[1/2/2023 0:3:28] /storage GM Dzban,1
[1/2/2023 0:3:33] /storage Competitibia,ogienkurwa
[1/2/2023 0:3:36] /storage Competitibia,ogienkurwa, 1
[1/2/2023 0:3:43] /storage Competitibia,ogienkurwa, 2
[1/2/2023 0:3:45] /storage Competitibia,ogienkurwa,2
[1/2/2023 0:4:6] /reload movements
[1/2/2023 0:4:18] /storage Competitibia,788888,2
[1/2/2023 0:6:19] /reload movements
[1/2/2023 0:6:46] /reload movements
[1/2/2023 0:7:27] /reload movements
[1/2/2023 0:7:34] /storage Competitibia,788888,2
[1/2/2023 0:8:35] /reload movements
[1/2/2023 0:9:25] /storage Competitibia,788888,2
[1/2/2023 0:9:27] /storage Competitibia,788888,1
[1/2/2023 0:9:28] /storage Competitibia,788888,0
[1/2/2023 0:23:18] /i wand of vortex
[1/2/2023 0:23:19] /m dragon
[1/2/2023 0:23:37] /reload wepaonns
[1/2/2023 0:23:41] /reload weapons
[1/2/2023 0:23:59] /reload weapons
[1/2/2023 0:24:1] /m dragon
[1/2/2023 0:24:30] /addskill competitibia,mlvl,30
[1/2/2023 0:24:33] /addskill competitibia,mlvl,32
[1/2/2023 0:24:38] /n the oracle
[1/2/2023 0:24:42] /m dragon
[1/2/2023 0:24:44] /m dragon
[1/2/2023 0:25:9] /i wand of cosmic energy
[1/2/2023 0:25:17] /i burst arrow
[1/2/2023 0:25:19] /m dragon
[1/2/2023 0:25:20] /i bow
[1/2/2023 0:25:28] /m dragon
[1/2/2023 0:25:38] /m dragon
[1/2/2023 0:25:39] /m dragon
[1/2/2023 0:25:39] /m dragon
[1/2/2023 0:26:11] /reload weapons
[1/2/2023 0:26:12] /m dragon
[1/2/2023 0:26:43] /reload weapons
[1/2/2023 0:27:4] /reload weapons
[1/2/2023 0:27:4] /m dragon
[1/2/2023 0:27:42] /m dragon
[1/2/2023 0:27:48] /m dragon
[1/2/2023 22:30:21] /storage
[1/2/2023 22:30:25] /storage GM Dzban,788888,2
[1/2/2023 22:30:33] /storage Competitibia,788888,2
[1/2/2023 22:30:44] /reload movements
[1/2/2023 22:30:49] /o 150
[1/2/2023 22:31:1] /o 150
[1/2/2023 22:45:55] /openserver
[1/2/2023 22:46:3] /closeserver
[1/2/2023 22:46:17] /openserver
[1/2/2023 22:46:42] /reload creaturescripts
[1/2/2023 22:50:40] /reload creaturescripts
[1/2/2023 23:0:17] /reload creaturescripts
[1/2/2023 23:1:39] /reload creaturescripts
[1/2/2023 23:3:52] /reload creaturescripts
[1/2/2023 23:4:29] /reload creaturescripts
[1/2/2023 23:4:56] /reload creaturescripts
[1/2/2023 23:5:44] /reload creaturescripts
[1/2/2023 23:6:26] /storage Qtas,emce
[1/2/2023 23:6:36] /storage Qtas,MCCHEATER
[1/2/2023 23:6:51] /storage Qtas,MCCHEATER
[1/2/2023 23:6:58] /reload creaturescripts
[1/2/2023 23:7:8] /storage Qtas,083083
[1/2/2023 23:7:10] /storage Qtas,083083083
[1/2/2023 23:7:52] /reload creaturescritps
[1/2/2023 23:8:9] /storage qtas,083083083
[1/2/2023 23:8:10] /storage qtas,083083083
[1/2/2023 23:8:11] /storage qtas,083083083
[1/2/2023 23:8:51] /reload creaturescritps
[1/2/2023 23:8:59] /storage qtas,083083083
[1/2/2023 23:9:1] /storage qtas,083083083
[1/2/2023 23:9:9] /storage Qtas,083083083
[1/2/2023 23:10:1] /reload creaturescripts
[1/2/2023 23:10:25] /reload creaturescripts
[1/2/2023 23:11:16] /reload creaturescripts
[1/2/2023 23:11:41] /reload creaturescripts
[1/2/2023 23:12:4] /storage Ferunbrans,083083083
[1/2/2023 23:12:5] /storage Ferunbrans,083083083
[1/2/2023 23:12:5] /storage Ferunbrans,083083083
[1/2/2023 23:16:29] /storage Ferunbrans,083083083
[1/2/2023 23:16:32] /reload creaturescripts
[1/2/2023 23:17:4] /storage Qtas,8001811
[1/2/2023 23:17:7] /storage Qtas,8001811
[1/2/2023 23:17:8] /storage Qtas,8001811
[1/2/2023 23:17:9] /storage Qtas,8001811
[1/2/2023 23:17:11] /storage Qtas,8001811
[1/2/2023 23:22:29] /reload movements
[1/2/2023 23:22:31] /reload creaturescripts
[1/2/2023 23:22:48] /reload creaturescripts
[1/2/2023 23:22:52] /reload movements
[1/2/2023 23:25:44] /storage Competitibia
[1/2/2023 23:25:50] /storage Competitibia,788888
[1/2/2023 23:25:51] /storage Competitibia,788888
[1/2/2023 23:26:47] /reload movements
[1/2/2023 23:28:0] /reload movements
[1/2/2023 23:28:8] /storage Competitibia,788888
[1/2/2023 23:28:11] /storage Competitibia,788888,-`
[1/2/2023 23:28:13] /storage Competitibia,788888,-1
[1/2/2023 23:28:49] /reload movements
[1/2/2023 23:29:36] /reload movements
[1/2/2023 23:29:45] /reload movements
[1/2/2023 23:30:3] /reload movements
[1/2/2023 23:30:33] /reload movements
[1/2/2023 23:32:28] /reload movements
[1/2/2023 23:35:12] /reload movements
[1/2/2023 23:35:29] /reload movements
[1/2/2023 23:35:35] /reload movements
[1/2/2023 23:35:50] /reload movements
[1/2/2023 23:36:6] /reload movements
[1/2/2023 23:36:35] /reload movements
[1/2/2023 23:37:24] /reload movements
[1/2/2023 23:37:37] /reload movements
[1/2/2023 23:38:4] /reload movements
[1/2/2023 23:43:56] /b a
[1/2/2023 23:44:1] /b a
[1/2/2023 23:44:2] /b a
[1/2/2023 23:44:28] /town carlin
[2/2/2023 12:3:30] /o 131
[2/2/2023 12:3:44] /openserver
[2/2/2023 12:6:33] /openserver
[2/2/2023 12:9:5] /openserver
[2/2/2023 12:9:6] /town 10
[2/2/2023 12:9:9] /town 12
[2/2/2023 12:9:10] /town 10
[2/2/2023 12:9:38] /c somsia
[2/2/2023 12:9:39] /c somsiad
[2/2/2023 12:9:49] /m rat
[2/2/2023 12:12:12] /reload weapons
[2/2/2023 12:13:30] /reload movements
[2/2/2023 12:14:33] /i 2410
[2/2/2023 12:14:43] /s rat
[2/2/2023 12:15:17] /reload movements
[2/2/2023 12:17:40] /save
[2/2/2023 12:21:43] /reload movements
[2/2/2023 12:25:39] /openserver
[2/2/2023 12:25:44] /m rat
[2/2/2023 12:26:7] /reload weapons
[2/2/2023 12:26:22] /s ghoul
[2/2/2023 12:26:30] /addskill somsiad,sword,50
[2/2/2023 12:26:40] /m rat
[2/2/2023 12:26:41] /s rat
[2/2/2023 12:26:52] /addskill somsiad,lvl,30
[2/2/2023 12:28:51] /openserver
[2/2/2023 12:28:56] /m rat
[2/2/2023 12:29:8] /m rat
[2/2/2023 12:29:8] /m rat
[2/2/2023 12:29:9] /m rat
[2/2/2023 12:29:27] /m rat
[2/2/2023 12:29:27] /m rat
[2/2/2023 12:29:48] /m rat\
[2/2/2023 12:29:49] /m rat
[2/2/2023 12:29:59] /m rat
[2/2/2023 12:30:7] /m rat
[2/2/2023 12:30:8] /m rat
[2/2/2023 12:30:8] /m rat
[2/2/2023 12:30:38] /m rat
[2/2/2023 12:30:43] /m rat
[2/2/2023 12:30:51] /m rat
[2/2/2023 12:30:51] /m rat
[2/2/2023 12:30:51] /m rat
[2/2/2023 12:31:2] /m rat
[2/2/2023 12:31:2] /m rat
[2/2/2023 12:31:9] /m rat
[2/2/2023 12:31:15] /m rat
[2/2/2023 12:31:21] /m rat
[2/2/2023 12:36:27] /reload talkactions
[2/2/2023 12:37:17] /reload talkactions
[2/2/2023 12:37:30] /reload creaturescripts
[2/2/2023 12:38:53] /reload creaturescripts
[2/2/2023 12:40:37] /reload creaturescripts
[2/2/2023 12:44:58] /reload creaturescripts
[2/2/2023 12:46:3] /reload creaturescripts
[2/2/2023 12:50:48] /reload creaturescripts
[2/2/2023 12:52:51] /reload creaturescripts
[2/2/2023 12:58:44] /reload creaturescripts
[2/2/2023 13:4:28] /reload creaturescripts
[2/2/2023 13:5:44] /reload creaturescripts
[2/2/2023 13:5:50] /reload talkactions
[2/2/2023 13:26:27] /town thais
[2/2/2023 14:31:26] /reload creaturescripts
[2/2/2023 14:32:19] /reload creaturescriupts
[2/2/2023 14:32:21] /reload creaturescripts
[2/2/2023 14:33:57] /reload creaturescripts
[2/2/2023 14:34:4] /reload creaturescripts
[2/2/2023 14:35:17] /reload creaturescripts
[2/2/2023 14:35:51] /reload creaturescripts
[2/2/2023 14:36:36] /reload creaturescripts
[2/2/2023 14:37:4] /reload creaturescripts
[2/2/2023 14:37:45] /reload creaturescripts
[2/2/2023 14:39:18] /reload creaturescripts
[2/2/2023 14:39:55] /reload creaturescripts
[2/2/2023 14:40:2] /reload creaturescripts
[2/2/2023 14:41:58] /reload creaturescripts
[2/2/2023 14:44:31] /reload creaturescripts
[2/2/2023 16:28:15] /reload actions
[2/2/2023 16:28:27] /a 100
[2/2/2023 16:28:28] /a 100
[2/2/2023 16:28:28] /a 100
[2/2/2023 16:28:29] /a 100
[2/2/2023 16:28:31] /a 100
[2/2/2023 16:28:32] /a 100
[2/2/2023 16:28:48] /i 2006,3
[2/2/2023 16:28:51] /i 2006,3
[2/2/2023 16:28:54] /i 2006,3
[2/2/2023 16:32:53] /reload actions
[2/2/2023 16:33:22] /reload movements
[2/2/2023 16:33:28] /i 2006,7
[2/2/2023 16:33:28] /i 2006,3
[2/2/2023 16:33:32] /i 2006,3
[2/2/2023 16:34:20] /reload movements
[2/2/2023 16:35:31] /reload movements
[2/2/2023 16:35:35] /i 2006,7
[2/2/2023 16:35:36] /i 2006,3
[2/2/2023 16:35:37] /i 2006,3
[2/2/2023 16:43:25] /town thais
[2/2/2023 16:50:46] /reload talkactions
[2/2/2023 16:51:21] /reload talkaxtions
[2/2/2023 16:51:24] /reload talkactions
[2/2/2023 20:43:50] /openserver
[2/2/2023 20:45:39] /reload creaturescripts
[2/2/2023 20:45:48] /mc
[2/2/2023 20:45:53] /mc
[2/2/2023 20:46:5] /reload creaturescripts
[2/2/2023 21:34:49] /mc
[3/2/2023 2:16:53] /reload npcs
[3/2/2023 2:16:56] /goto aruda
[3/2/2023 2:17:0] /goto pracownica choroszczy
[3/2/2023 2:18:1] /reload npcs
[3/2/2023 2:18:16] /reload npcs
[3/2/2023 2:18:40] /reload npcs
[3/2/2023 2:20:13] /reload npcs
[3/2/2023 2:20:32] /reload npcs
[3/2/2023 2:21:34] /reload npcs
[3/2/2023 2:24:26] /reload movements
[3/2/2023 2:24:29] /o 150
[3/2/2023 2:25:20] /reload movements
[3/2/2023 2:25:30] /reload movements
[3/2/2023 2:26:22] /reload movements
[3/2/2023 2:27:39] /town thais
[3/2/2023 2:27:48] /r
[3/2/2023 2:27:50] /r
[3/2/2023 2:27:52] /r
[3/2/2023 2:27:53] /r
[3/2/2023 2:27:55] /r
[3/2/2023 2:27:56] /r
[3/2/2023 2:27:59] /i 2500
[3/2/2023 2:28:0] /i 2501
[3/2/2023 2:28:1] /i 2502
[3/2/2023 2:28:2] /i 2503
[3/2/2023 2:28:3] /i 2504
[3/2/2023 2:28:6] /i 2522
[3/2/2023 2:28:10] /i 2525
[3/2/2023 2:28:14] /i 2528
[3/2/2023 2:28:20] /i 4500
[3/2/2023 2:28:22] /i 4510
[3/2/2023 2:28:24] /i 4522
[3/2/2023 2:28:25] /i 4523
[3/2/2023 2:28:26] /i 4524
[3/2/2023 2:28:28] /i 4525
[3/2/2023 2:28:28] /i 4526
[3/2/2023 2:28:29] /i 4527
[3/2/2023 2:28:31] /i 4525
[3/2/2023 2:28:32] /i 4526
[3/2/2023 2:28:33] /i 4527
[3/2/2023 2:28:34] /i 4528
[3/2/2023 2:28:36] /i 4533
[3/2/2023 2:28:37] /i 4535
[3/2/2023 2:28:39] /i 4537
[3/2/2023 2:28:41] /i 4544
[3/2/2023 2:28:43] /i 4544
[3/2/2023 2:28:47] /i 4539
[3/2/2023 2:28:49] /i 4540
[3/2/2023 2:28:50] /i 4541
[3/2/2023 2:28:51] /i 4542
[3/2/2023 2:29:27] /reload movements
[3/2/2023 2:29:50] /reload movements
[3/2/2023 2:31:8] /reload movements
[3/2/2023 2:31:23] /reload movements
[3/2/2023 2:31:36] /a 5
[3/2/2023 2:31:39] /a 5
[3/2/2023 2:31:39] /a 5
[3/2/2023 2:31:39] /a 5
[3/2/2023 2:31:39] /a 5
[3/2/2023 2:31:40] /a 5
[3/2/2023 2:31:40] /a 5
[3/2/2023 2:31:40] /a 5
[3/2/2023 2:31:40] /a 5
[3/2/2023 2:31:40] /a 5
[3/2/2023 2:31:40] /a 5
[3/2/2023 2:31:41] /a 5
[3/2/2023 2:31:41] /a 5
[3/2/2023 2:31:41] /a 5
[3/2/2023 2:31:48] /a 5
[3/2/2023 2:31:49] /a 5
[3/2/2023 2:31:49] /a 5
[3/2/2023 2:31:49] /a 5
[3/2/2023 2:32:2] /town 10
[3/2/2023 2:32:25] /town edron
[3/2/2023 2:33:26] /i 4400
[3/2/2023 2:33:28] /town thais
[3/2/2023 2:33:29] /i 4400
[3/2/2023 2:33:30] /i 4402
[3/2/2023 2:33:31] /i 4405
[3/2/2023 2:33:33] /i 4404
[3/2/2023 2:33:37] /i 4406
[3/2/2023 2:33:37] /i 4407
[3/2/2023 2:33:39] /i 4422
[3/2/2023 2:33:40] /i 4425
[3/2/2023 2:33:41] /i 443
[3/2/2023 2:33:42] /i 4433
[3/2/2023 2:33:44] /i 4444
[3/2/2023 2:33:47] /i 4435
[3/2/2023 2:33:48] /i 4437
[3/2/2023 2:33:49] /i 4438
[3/2/2023 2:33:50] /i 4439
[3/2/2023 2:34:7] /i 4411
[3/2/2023 2:34:10] /i 4416
[3/2/2023 2:34:13] /i 4418
[3/2/2023 2:34:15] /i 4420
[3/2/2023 2:34:17] /i 4421
[3/2/2023 2:34:19] /i 4422
[3/2/2023 2:34:24] /i 4400
[3/2/2023 2:34:25] /i 4402
[3/2/2023 2:34:27] /i 4403\
[3/2/2023 2:34:30] /i 4403
[3/2/2023 2:34:32] /i 4404
[3/2/2023 2:35:1] /reload movements
[3/2/2023 2:35:4] /town edron
[3/2/2023 2:35:44] /i 4758
[3/2/2023 2:35:46] /i 4756
[3/2/2023 2:35:47] /i 4755
[3/2/2023 2:35:52] /i 4754
[3/2/2023 2:35:53] /i 4751
[3/2/2023 2:36:1] /town thais
[3/2/2023 2:36:21] /storage Competitibia,100100900,1
[3/2/2023 2:36:41] /reload movements
[3/2/2023 2:37:9] /reload movements
[3/2/2023 2:37:33] /reload movements
[3/2/2023 2:37:46] /storage Competitibia,100100900,-1
[3/2/2023 2:37:48] /storage Competitibia,100100900,1
[3/2/2023 2:38:45] /ghost
[3/2/2023 2:39:8] /storage Competitibia,100100900,-1
[3/2/2023 2:39:18] /o 75
[3/2/2023 2:39:20] /town thais
[3/2/2023 3:4:15] /goto anderson
[3/2/2023 3:20:41] /o 150
[3/2/2023 3:20:49] /storage Competitibia,100100900
[3/2/2023 3:20:51] /storage Competitibia,100100900,1
[3/2/2023 3:20:59] /storage Competitibia,muwie
[3/2/2023 3:21:8] /storage Competitibia,100100900,1
[3/2/2023 3:21:8] /storage Competitibia,100100900,-1
[3/2/2023 3:21:10] /storage Competitibia,100100900,1
[3/2/2023 15:55:42] /town edron
[3/2/2023 15:55:44] /a 5
[3/2/2023 15:55:44] /a 5
[3/2/2023 15:55:44] /a 5
[3/2/2023 15:55:44] /a 5
[3/2/2023 15:55:44] /a 5
[3/2/2023 15:55:44] /a 5
[3/2/2023 15:55:45] /a 5
[3/2/2023 15:55:45] /a 5
[3/2/2023 15:55:45] /a 5
[3/2/2023 15:55:46] /a 5
[3/2/2023 15:55:46] /a 5
[3/2/2023 15:55:47] /a 5
[3/2/2023 15:55:47] /a 5
[3/2/2023 15:55:48] /a 5
[3/2/2023 15:55:51] /light
[3/2/2023 15:55:52] /a 5
[3/2/2023 15:55:53] /a 5
[3/2/2023 15:55:53] /a 5
[3/2/2023 15:55:53] /a 5
[3/2/2023 15:55:53] /a 5
[3/2/2023 15:55:53] /a 5
[3/2/2023 15:55:53] /a 5
[3/2/2023 15:55:53] /a 5
[3/2/2023 15:55:53] /a 5
[3/2/2023 15:55:53] /a 5
[3/2/2023 15:55:54] /a 5
[3/2/2023 15:55:54] /a 5
[3/2/2023 15:55:54] /a 5
[3/2/2023 15:55:54] /a 5
[3/2/2023 15:55:54] /a 5
[3/2/2023 15:55:54] /a 5
[3/2/2023 15:55:54] /a 5
[3/2/2023 15:55:55] /a 5
[3/2/2023 15:55:55] /a 5
[3/2/2023 15:55:55] /a 5
[3/2/2023 15:55:55] /a 5
[3/2/2023 15:55:55] /a 5
[3/2/2023 15:55:55] /a 5
[3/2/2023 15:55:55] /a 5
[3/2/2023 15:55:56] /a 5
[3/2/2023 15:55:56] /a 5
[3/2/2023 15:55:56] /a 5
[3/2/2023 15:55:56] /a 5
[3/2/2023 15:55:56] /a 5
[3/2/2023 15:55:57] /a 5
[3/2/2023 15:55:57] /a 5
[3/2/2023 15:55:57] /a 5
[3/2/2023 15:55:57] /a 5
[3/2/2023 15:55:58] /a 5
[3/2/2023 15:55:58] /a 5
[3/2/2023 15:55:58] /a 5
[3/2/2023 15:55:58] /a 5
[3/2/2023 15:55:59] /a 5
[3/2/2023 15:55:59] /a 5
[3/2/2023 15:55:59] /a 5
[3/2/2023 15:55:59] /a 5
[3/2/2023 15:56:0] /a 5
[3/2/2023 15:56:0] /a 5
[3/2/2023 15:56:1] /town thais
[3/2/2023 16:22:53] /storage Competitibia,133
[3/2/2023 16:23:2] /storage Competitibia,132
[3/2/2023 16:23:3] /storage Competitibia,131
[3/2/2023 16:23:4] /storage Competitibia,130
[3/2/2023 16:25:10] /storage Competitibia,133,0
[3/2/2023 16:25:15] /storage Competitibia,133,1
[3/2/2023 16:26:13] /openserver
[3/2/2023 16:27:19] /reload creaturescripts
[3/2/2023 16:27:57] /i 5819
[3/2/2023 16:28:0] /town 12
[3/2/2023 16:28:18] /i 5820
[3/2/2023 16:28:19] /i 5821
[3/2/2023 16:28:21] /i 4460
[3/2/2023 16:29:27] /i 5546
[3/2/2023 16:29:30] /i 5546
[3/2/2023 16:29:45] /i 6888\
[3/2/2023 16:29:47] /i 6888
[3/2/2023 16:30:5] /i 5546
[3/2/2023 16:30:15] /addshop
[3/2/2023 16:30:21] /r
[3/2/2023 19:33:23] /openserver
[3/2/2023 19:42:12] /reload actions
[3/2/2023 19:43:6] /i 409
[3/2/2023 19:43:49] /reload actions
[3/2/2023 19:44:1] /goto noob
[3/2/2023 19:44:24] /goto noob/i 2021
[3/2/2023 19:44:29] /r
[3/2/2023 19:44:30] /r
[3/2/2023 19:44:31] /i 2021
[3/2/2023 19:45:40] /reload actions
[3/2/2023 19:47:50] /reload actions
[3/2/2023 19:48:25] /r
[3/2/2023 19:51:33] /reload actions
[3/2/2023 19:52:27] /reload actions
[3/2/2023 19:52:41] /light
[3/2/2023 19:53:52] /i 2021
[3/2/2023 19:53:53] /i 2022
[3/2/2023 19:53:54] /i 2021
[3/2/2023 19:54:50] /reload actions
[3/2/2023 19:57:55] /reload actions
[3/2/2023 19:58:8] /a 3
[3/2/2023 19:58:9] /i 2016
[3/2/2023 19:58:37] /reload actions
[3/2/2023 19:59:8] /reload actions
[3/2/2023 20:2:30] /town 12
[3/2/2023 20:2:31] /a 5
[3/2/2023 20:2:31] /a 5
[3/2/2023 20:2:31] /a 5
[3/2/2023 20:2:31] /a 5
[3/2/2023 20:2:32] /a 5
[3/2/2023 20:2:32] /a 5
[3/2/2023 20:2:32] /a 5
[3/2/2023 20:2:32] /a 5
[3/2/2023 20:2:33] /a 5
[3/2/2023 20:2:33] /a 5
[3/2/2023 20:2:33] /a 5
[3/2/2023 20:2:36] /i table
[3/2/2023 20:2:38] /r
[3/2/2023 20:2:39] /a 5
[3/2/2023 20:2:40] /a 5
[3/2/2023 20:2:40] /a 5
[3/2/2023 20:2:40] /a 5
[3/2/2023 20:2:40] /a 5
[3/2/2023 20:2:40] /a 5
[3/2/2023 20:2:40] /a 5
[3/2/2023 20:2:41] /a 5
[3/2/2023 20:2:41] /a 5
[3/2/2023 20:2:41] /a 5
[3/2/2023 20:2:41] /a 5
[3/2/2023 20:2:41] /a 5
[3/2/2023 20:2:42] /a 5
[3/2/2023 20:2:42] /a 5
[3/2/2023 20:2:44] /i barrel
[3/2/2023 20:2:46] /i barrel
[3/2/2023 20:2:48] /i barrel
[3/2/2023 20:3:0] /i barrel
[3/2/2023 20:3:0] /i barrel
[3/2/2023 20:3:3] /r
[3/2/2023 20:3:3] /r
[3/2/2023 20:3:4] /r
[3/2/2023 20:3:5] /r
[3/2/2023 20:3:6] /r
[3/2/2023 20:9:6] /reload actions
[3/2/2023 20:9:18] /goto noob
[3/2/2023 20:10:34] /reload actions
[3/2/2023 20:15:50] /reload actions
[3/2/2023 20:16:19] /i 2016
[3/2/2023 20:17:27] /i 2022
[3/2/2023 20:17:29] /i 2022
[3/2/2023 20:17:31] /i 2022
[3/2/2023 20:17:49] /reload actions
[13/2/2023 19:4:12] /town thais
[13/2/2023 19:13:56] /light
[13/2/2023 19:13:58] /town thais
[13/2/2023 20:10:20] /save
[13/2/2023 21:28:47] /r
[13/2/2023 21:28:47] /r
[13/2/2023 21:28:48] /r
[13/2/2023 21:28:48] /r
[13/2/2023 21:28:48] /r
[13/2/2023 21:28:48] /r
[13/2/2023 21:28:48] /r
[13/2/2023 21:28:48] /r
[13/2/2023 21:28:48] /r
[13/2/2023 21:28:48] /r
[13/2/2023 21:28:48] /r
[13/2/2023 21:28:49] /r
[13/2/2023 21:28:49] /r
[13/2/2023 21:28:49] /r
[13/2/2023 21:28:49] /r
[13/2/2023 21:28:49] /r
[13/2/2023 21:28:49] /r
[13/2/2023 21:28:49] /r
[13/2/2023 21:28:49] /r
[13/2/2023 21:28:49] /r
[13/2/2023 21:28:50] /r
[13/2/2023 21:28:50] /r
[13/2/2023 21:28:50] /r
[13/2/2023 21:28:50] /r
[13/2/2023 21:28:50] /r
[13/2/2023 21:28:51] /clean
[13/2/2023 21:29:33] /i 1998
[13/2/2023 21:30:18] /i blank ruyne
[13/2/2023 21:30:22] /i blank rune,1
[13/2/2023 21:34:38] /i blank rune,1
[13/2/2023 21:34:48] /i blank rune,1
[13/2/2023 21:34:50] /i blank rune,1
[13/2/2023 21:35:9] /m dragon
[13/2/2023 21:35:14] /m dragon
[13/2/2023 21:35:18] /m dragon
[13/2/2023 21:35:21] /m dragon
[13/2/2023 21:35:23] /m dragon
[13/2/2023 21:35:25] /m dragon
[13/2/2023 21:36:15] /i 2263
[13/2/2023 21:37:49] /m dragon
[13/2/2023 21:39:12] /m dragon
[13/2/2023 21:39:15] /m dragon
[13/2/2023 21:43:59] /goto xodet
[13/2/2023 21:44:1] /ghost
[13/2/2023 21:44:2] /r
[13/2/2023 21:44:4] /goto xodet
[13/2/2023 21:44:5] /r
[13/2/2023 21:44:11] /i 2260,100
[13/2/2023 21:44:22] /m dragon
[13/2/2023 21:44:33] /m ferumbras
[13/2/2023 21:45:12] /reload spells
[13/2/2023 21:45:51] /goto xodet
[13/2/2023 21:45:59] /i 2160
[13/2/2023 21:48:31] /reload nmpcs
[13/2/2023 21:48:34] /i 1998
[13/2/2023 21:48:37] /reload npcs
[13/2/2023 21:50:0] /reload npcs
[13/2/2023 21:50:4] /i 1998
[13/2/2023 21:50:21] /reload npcs
[13/2/2023 21:50:46] /reload npcs
[13/2/2023 21:57:4] /reload npcs
[13/2/2023 21:58:6] /town carlin
[13/2/2023 21:59:18] /reload npcs
[13/2/2023 21:59:21] /n xodet
[13/2/2023 22:0:2] /r
[13/2/2023 22:0:3] /reload npcs
[13/2/2023 22:0:50] /reload npcs
[13/2/2023 22:1:9] /reload npcs
[13/2/2023 22:2:14] /reload npcs
[13/2/2023 22:5:8] /reload npcs
[13/2/2023 22:8:21] /reload npcs
[13/2/2023 22:11:42] /goto lector
[13/2/2023 22:11:46] /i 2160
[13/2/2023 22:16:18] /i 2160
[13/2/2023 22:16:20] /goto lector
[13/2/2023 22:17:46] /goto lector
[13/2/2023 22:17:53] /i 2160
[13/2/2023 22:23:6] /goto xodet
[13/2/2023 22:23:12] /i 2160
[13/2/2023 22:23:20] /goto lector
[13/2/2023 22:23:23] /goto yaman
[13/2/2023 22:25:31] /goto lector
[13/2/2023 22:25:33] /i 2160
[13/2/2023 22:25:46] /goto xodet
[13/2/2023 22:26:47] /reload npcs
[13/2/2023 22:26:48] /goto lector
[13/2/2023 22:29:50] /reload npcs
[13/2/2023 22:31:42] /reload npcs
[13/2/2023 22:32:40] /goto lector
[13/2/2023 22:32:42] /i 2160
[13/2/2023 22:33:12] /n xodet
[13/2/2023 22:35:29] /goto xodet
[13/2/2023 22:35:36] /i 2160
[13/2/2023 22:54:16] /t
[14/2/2023 14:54:4] /town carlin
[14/2/2023 14:54:20] /town 1
[14/2/2023 14:54:23] /a 10
[14/2/2023 14:54:24] /a 10
[14/2/2023 14:54:25] /a 10
[14/2/2023 14:54:25] /a 10
[14/2/2023 14:54:28] /cliport
[14/2/2023 14:54:54] /town 2
[14/2/2023 14:54:59] /down
[14/2/2023 14:55:0] /down
[14/2/2023 14:55:1] /up
[14/2/2023 14:55:1] /up
[14/2/2023 14:55:2] /up
[14/2/2023 14:55:4] /up
[14/2/2023 14:55:8] /light
[14/2/2023 14:55:20] /up
[14/2/2023 14:55:41] /town 2
[14/2/2023 14:55:42] /town 3
[14/2/2023 14:55:43] /town 4
[14/2/2023 15:17:37] /reload actions
[14/2/2023 15:19:40] /reload actions
[14/2/2023 15:20:47] /reload actions
[14/2/2023 15:25:29] /reload actions
[14/2/2023 15:26:5] /reload actions
[14/2/2023 15:26:22] /reload actions
[14/2/2023 15:27:34] /reload actions
[14/2/2023 15:28:13] /reload actions
[14/2/2023 15:28:29] /storage Competitibia,27004
[14/2/2023 15:29:19] /reload actions
[14/2/2023 15:29:34] /reload actions
[14/2/2023 15:30:0] /reload actions
[14/2/2023 15:30:30] /reload actions
[14/2/2023 15:31:0] /reload actions
[14/2/2023 15:31:21] /reload actions
[14/2/2023 15:32:7] /reload actins
[14/2/2023 15:32:9] /reload actions
[14/2/2023 15:32:45] /reload actions
[14/2/2023 15:33:2] /storage Competitibia,27004
[14/2/2023 15:33:13] /ghost
[14/2/2023 15:35:7] /reload actions
[14/2/2023 15:35:56] /reload actions
[14/2/2023 15:38:11] /town carlin
[14/2/2023 15:38:50] /reload actions
[14/2/2023 15:38:58] /town thais
[14/2/2023 15:39:17] /reload actions
[14/2/2023 15:39:36] /reload actions
[14/2/2023 15:39:47] /town venore
[14/2/2023 15:39:53] /cliport
[14/2/2023 15:39:57] /cliport
[14/2/2023 15:40:7] /town edron
[14/2/2023 15:40:30] /reload actions
[14/2/2023 15:40:39] /town darashia
[14/2/2023 15:40:50] /town ankrahmun
[14/2/2023 15:41:18] /town port hope
[14/2/2023 15:41:19] /reload actions
[14/2/2023 15:41:42] /reload actions
[14/2/2023 15:54:30] /i 131
[14/2/2023 15:54:32] /o 131
[14/2/2023 16:31:34] /openserver
[14/2/2023 16:44:36] /o 155
[14/2/2023 16:44:39] /o 169
[14/2/2023 16:44:41] /o 170
[14/2/2023 16:44:43] /o 150
[14/2/2023 16:44:52] /o 199
[14/2/2023 16:50:14] /reload
[14/2/2023 16:50:26] /o 133
[14/2/2023 16:50:27] /o 134\
[14/2/2023 16:50:30] /o 199
[14/2/2023 16:50:34] /o 178
[14/2/2023 16:50:37] /o 75
[14/2/2023 16:52:19] /storage competitibia,133
[14/2/2023 17:5:27] /o 162
[14/2/2023 17:6:28] /o 150
[14/2/2023 17:9:48] /o 155
[14/2/2023 17:9:50] /o 150
[14/2/2023 17:10:22] /o 15
[14/2/2023 17:10:27] /o 15
[14/2/2023 17:10:35] /o 150
[14/2/2023 17:10:44] /o 333
[14/2/2023 19:22:55] /town venore
[14/2/2023 19:23:10] /r
[14/2/2023 19:43:17] /town venore
[14/2/2023 21:34:19] /town venore
[14/2/2023 21:34:41] /t
[15/2/2023 13:38:8] /town port hope
[15/2/2023 13:39:4] /up
[15/2/2023 14:4:15] /town calrin
[15/2/2023 14:4:17] /town carlin
[15/2/2023 14:4:42] /i great fireball rune
[15/2/2023 14:4:55] /m dragon
[15/2/2023 14:5:5] /i heavy magic missile rune
[15/2/2023 14:5:6] /m dragon
[15/2/2023 14:9:20] /reload npc
[15/2/2023 14:9:22] /goto xodet
