[12/7/2019 19:31:7] !deposit
[12/7/2019 19:31:8] !deposit all
[12/7/2019 19:31:12] !deposit 1500
[12/7/2019 19:31:20] !withdraw 15000
[12/7/2019 19:31:21] !withdraw 1500
[12/7/2019 19:31:23] !deposit 1500
[12/7/2019 19:44:31] !balance
[12/7/2019 19:46:24] !withdraw 1500
[12/7/2019 19:46:27] !withdraw 1500
[12/7/2019 19:46:57] !withdraw 1500
[12/7/2019 20:51:3] !deposit 9000
[12/7/2019 20:54:45] !withdraw 3000
[12/7/2019 20:56:25] !deposit 2500
[12/7/2019 20:56:43] !withdraw 1800
[12/7/2019 20:57:8] !withdraw 1800
[12/7/2019 20:57:57] !balance
[12/7/2019 21:9:38] !withdraw 3000
[12/7/2019 21:15:38] !balance
[12/7/2019 21:15:41] !balance
[12/7/2019 21:18:20] !balance
[12/7/2019 21:19:1] !withdraw 1000
[12/7/2019 21:19:14] !balance
[12/7/2019 21:19:16] !withdraw 900
[12/7/2019 22:14:6] !balance
[12/7/2019 22:15:59] !deposit 25000
[12/7/2019 22:19:29] !balance
[12/7/2019 22:19:33] !withdraw 3600
[12/7/2019 22:20:15] !withdraw 2000
[12/7/2019 22:20:51] !balance
[12/7/2019 22:20:54] !withdraw 15000
[12/7/2019 22:21:36] !balance
[12/7/2019 22:21:40] !withdraw 3600
[12/7/2019 22:24:45] !balance
