[3/4/2021 6:55:27] /goto pyrka leci
[3/4/2021 6:57:10] /goto opikk do boju
[3/4/2021 6:57:18] /goto opikki do boju
[3/4/2021 6:57:22] /goto pyrka leci
[3/4/2021 7:0:51] /goto grim reaper
[3/4/2021 7:1:7] /goto pyrka leci
[3/4/2021 7:2:1] /goto pyrka leci
[3/4/2021 7:3:42] /goto Melfik Opikejra
[3/4/2021 7:3:49] /goto pyrka leci
[3/4/2021 7:4:0] /goto pyrka leci
[3/4/2021 7:4:56] /goto pyrka leci
[3/4/2021 7:5:2] /goto pyrka leci
[3/4/2021 7:5:3] /goto Melfik Opikejra
[3/4/2021 7:5:13] /goto pyrka leci
[3/4/2021 7:5:22] /goto pyrka leci
[3/4/2021 7:5:27] /goto pyrka leci
[3/4/2021 7:5:30] /goto Melfik Opikejra
[3/4/2021 7:5:49] /goto pyrka leci
[3/4/2021 7:5:49] /goto pyrka leci
[3/4/2021 7:5:50] /goto pyrka leci
[3/4/2021 7:6:0] /goto pyrka leci
[3/4/2021 7:6:11] /goto pyrka leci
[3/4/2021 7:6:22] /goto pyrka leci
[3/4/2021 7:7:16] /goto ziemniak
[3/4/2021 7:7:47] /goto ziemniak
[3/4/2021 7:7:53] /goto ziemniak
[3/4/2021 7:9:8] /goto ziemniak
[3/4/2021 7:9:14] /goto pyrka leci
[3/4/2021 7:9:16] /goto pyrka leci
[3/4/2021 7:9:17] /goto pyrka leci
[3/4/2021 7:9:27] /goto necromancer
[3/4/2021 7:9:38] /goto necromancer
[3/4/2021 7:10:9] /goto pyrka leci
[3/4/2021 7:10:14] /goto Melfik Opikejra
[3/4/2021 7:11:32] /goto pyrka leci
[3/4/2021 7:12:13] /goto Melfik Opikejra
[3/4/2021 7:13:3] /goto Grimmjow
[3/4/2021 7:13:13] /goto pyrka leci
[3/4/2021 7:13:42] /goto pyrka leci
[3/4/2021 7:13:53] /goto pyrka leci
[3/4/2021 7:14:26] /goto pyrka leci
[3/4/2021 7:14:28] /goto Melfik Opikejra
[3/4/2021 7:14:44] /goto pyrka leci
[3/4/2021 7:14:57] /goto Melfik Opikejra
[3/4/2021 7:15:18] /goto pyrka leci
[3/4/2021 7:15:53] /goto pyrka leci
[3/4/2021 7:16:19] /goto Melfik Opikejra
[3/4/2021 7:16:20] /goto pyrka leci
[3/4/2021 7:16:24] /goto xodet
[3/4/2021 7:16:35] /goto pyrka leci
[3/4/2021 7:16:35] /goto pyrka leci
[3/4/2021 7:16:37] /goto pyrka leci
[3/4/2021 7:16:39] /goto Grimmjow
[3/4/2021 7:16:40] /goto Grimmjow
[3/4/2021 7:16:44] /goto Melfik Opikejra
[3/4/2021 7:17:17] /goto pyrka leci
[3/4/2021 7:17:18] /goto Melfik Opikejra
[3/4/2021 7:17:27] /goto Grimmjow
[3/4/2021 7:17:29] /goto Melfik Opikejra
[3/4/2021 7:17:49] /goto Melfik Opikejra
[3/4/2021 7:17:55] /goto Melfik Opikejra
[3/4/2021 7:17:57] /goto pyrka leci
[3/4/2021 7:18:0] /goto Melfik Opikejra
[3/4/2021 7:18:1] /goto Melfik Opikejra
[3/4/2021 7:18:3] /goto pyrka leci
[3/4/2021 7:18:4] /goto Melfik Opikejra
[3/4/2021 7:18:17] /goto ziemniaczek
[3/4/2021 7:18:19] /goto ziemniaczek
[3/4/2021 7:18:19] /goto ziemniaczek
[3/4/2021 7:18:20] /goto ziemniaczek
[3/4/2021 7:18:20] /goto ziemniaczek
[3/4/2021 7:18:21] /goto ziemniaczek
[3/4/2021 7:18:25] /goto demon
[3/4/2021 7:18:26] /goto pyrka leci
[3/4/2021 7:18:34] /goto demon
[3/4/2021 7:18:45] /goto pyrka leci
[3/4/2021 7:19:7] /goto Melfik Opikejra
[3/4/2021 7:19:9] /goto pyrka leci
[3/4/2021 7:19:28] /goto Melfik Opikejra
[3/4/2021 7:19:45] /goto pyrka leci
[3/4/2021 7:19:53] /goto Melfik Opikejra
[3/4/2021 7:20:2] /goto pyrka leci
[3/4/2021 7:20:21] /goto Melfik Opikejra
[3/4/2021 7:21:20] /goto Melfik Opikejra
[3/4/2021 7:21:42] /goto pyrka leci
[3/4/2021 7:21:48] /goto pyrka leci
[3/4/2021 7:22:10] /goto Melfik Opikejra
[3/4/2021 7:22:27] /goto pyrka leci
[3/4/2021 7:22:38] /goto Melfik Opikejra
[3/4/2021 7:23:42] /goto Melfik Opikejra
[3/4/2021 7:24:21] /goto pyrka leci
[3/4/2021 7:24:56] /goto pyrka leci
[3/4/2021 7:25:2] /goto Grimmjow
[3/4/2021 7:25:11] /goto Grimmjow
[3/4/2021 7:25:23] /goto Melfik Opikejra
[3/4/2021 7:25:24] /goto Grimmjow
[3/4/2021 7:25:44] /goto Melfik Opikejra
[3/4/2021 7:26:15] /goto Grimmjow
[3/4/2021 7:26:33] /goto gm opikk
[3/4/2021 7:26:43] /goto gm opikk
[3/4/2021 7:30:53] /goto necormancer
[3/4/2021 7:30:58] /goto necromancer
[3/4/2021 7:32:10] /goto necromancer
[3/4/2021 7:32:37] /goto necromancer
[3/4/2021 7:32:39] /goto pyrka leci
[3/4/2021 7:32:40] /goto pyrka leci
[3/4/2021 7:32:40] /goto pyrka leci
[3/4/2021 7:32:41] /goto Melfik Opikejra
[3/4/2021 7:32:57] /goto ziemniaczek
[3/4/2021 7:33:6] /goto ziemniaczek
[3/4/2021 7:33:32] /goto alesar
[3/4/2021 7:33:36] /goto alesar
[3/4/2021 7:33:40] /goto Melfik Opikejra
[3/4/2021 7:33:41] /goto pyrka leci
[3/4/2021 7:33:43] /goto Melfik Opikejra
[3/4/2021 7:33:43] /goto Grimmjow
[3/4/2021 7:33:49] /goto opikki do boju
[3/4/2021 7:34:2] /goto Opiki do boju
[3/4/2021 7:35:0] /goto warlock
[3/4/2021 7:35:3] /goto pyrka leci
[3/4/2021 7:35:4] /goto Melfik Opikejra
[3/4/2021 7:35:27] /goto gm opikk
[3/4/2021 7:35:41] /goto gm opikk
[3/4/2021 7:35:54] /goto gm opikk
[3/4/2021 7:37:51] /goto gm opikk
[3/4/2021 7:37:53] /goto gm opikk
[3/4/2021 7:38:5] /goto gm opikk
[3/4/2021 7:40:51] /goto gm opikk
[3/4/2021 7:41:44] /goto ziemniaczek
[3/4/2021 7:41:45] /goto ziemniaczek
[3/4/2021 7:41:46] /goto ziemniaczek
[3/4/2021 7:41:47] /goto ziemniaczek
[3/4/2021 8:23:15] /goto Melfik Opikejra
[3/4/2021 8:23:16] /goto Grimmjow
[3/4/2021 9:41:41] /goto gm opikk
[3/4/2021 9:41:43] /goto gm opikk
[3/4/2021 9:42:7] /goto gm opikk
[3/4/2021 9:42:17] /goto gm opikk
[3/4/2021 9:44:46] /goto pyrka leci
[3/4/2021 9:45:32] /goto demon
[3/4/2021 9:45:48] /goto GM Opikk
[3/4/2021 9:46:8] /goto frost dragon
[3/4/2021 9:51:47] /goto hydra
[3/4/2021 9:52:55] /goto hydra
[3/4/2021 9:58:58] /goto medusa
[3/4/2021 10:0:26] /goto medusa
[3/4/2021 10:0:37] /goto GM Opikk
[3/4/2021 10:8:35] /goto lich
