[8/2/2019 23:13:30] !balance
[8/2/2019 23:13:33] !deposit
[8/2/2019 23:13:34] !deposit 100
[8/2/2019 23:13:38] !withdraw 100
[8/2/2019 23:13:52] !deposit 278
[8/2/2019 23:28:31] !balance
[8/2/2019 23:28:56] !withdraw 250
[9/2/2019 17:43:16] !deposit 1000
[9/2/2019 18:2:49] !withdraw 1000
[9/2/2019 18:10:9] !deposit 50000
[9/2/2019 18:27:8] !transfer Slaktarn,1
[9/2/2019 18:37:48] !withdraw 10000
[9/2/2019 18:38:33] !withdraw 10000
[9/2/2019 18:38:53] !withdraw 10000
[9/2/2019 18:40:57] !withdraw 10000
[9/2/2019 19:30:34] !balance
[9/2/2019 20:15:3] !deposit 40000
[9/2/2019 20:18:58] !withdraw 20000
[9/2/2019 20:33:26] !balance
[9/2/2019 20:33:29] !withdraw 20000
[9/2/2019 20:33:30] !withdraw 20000
[9/2/2019 20:33:30] !withdraw 20000
[9/2/2019 21:0:20] !deposit 100000
[9/2/2019 21:0:21] !balance
[9/2/2019 21:9:7] !withdraw 20000
[9/2/2019 21:14:21] !withdraw 10000
[9/2/2019 21:22:34] !withdraw 1000
[9/2/2019 21:28:49] !balance
[9/2/2019 21:30:26] !balance
[9/2/2019 21:53:25] !balance
[9/2/2019 23:10:56] !balance
[9/2/2019 23:23:43] !withdraw 5000
[9/2/2019 23:53:41] !withdraw 10000
[9/2/2019 23:54:40] !withdraw 500
[10/2/2019 0:16:28] !withdraw 500
[10/2/2019 0:19:35] !transfer Jordi El Nino Polla,20000
[10/2/2019 0:20:46] !withdraw 500
[10/2/2019 0:21:58] !withdraw 10000
[10/2/2019 0:23:29] !withdraw 5000
[10/2/2019 0:24:0] !withdraw
[10/2/2019 0:24:1] !withdraw 500
[10/2/2019 1:3:43] !balance
[10/2/2019 1:4:11] !deposit 20000
[10/2/2019 1:52:52] !deposit all
[10/2/2019 1:52:54] !deposit 70000
[10/2/2019 1:53:5] !transfer Jordi El Nino Polla,10000
[10/2/2019 1:53:10] !transfer Mahamed Sallah,10000
[10/2/2019 1:54:1] !withdraw 1000
[10/2/2019 1:54:49] !withdraw 20000
[10/2/2019 2:20:57] !balance
[10/2/2019 2:21:4] !withdraw 6000
[10/2/2019 2:31:38] !balance
[10/2/2019 2:31:42] !withdraw 50000
[10/2/2019 2:31:44] !deposit 50000
[10/2/2019 2:32:14] !withdraw 28000
[10/2/2019 4:39:34] !deposit 85500
[10/2/2019 4:39:53] !withdraw 5000
[10/2/2019 5:43:51] !balance
[10/2/2019 5:44:9] !withdraw 500
[10/2/2019 6:17:53] !withdraw 40000
[10/2/2019 6:19:39] !withdraw 15000
[10/2/2019 6:50:49] !balance
[10/2/2019 6:53:26] !withdraw 20000
[10/2/2019 13:9:47] !withdraw 5000
[10/2/2019 13:10:54] !withdraw 500
[10/2/2019 13:31:30] !withdraw 30000
[10/2/2019 13:32:55] !withdraw 30000
[10/2/2019 13:34:24] !withdraw 6000
[10/2/2019 13:34:36] !withdraw 40000
[10/2/2019 13:34:36] !withdraw 4000
[10/2/2019 14:13:6] !deposit 90000
[10/2/2019 14:16:45] !deposit 100000
[10/2/2019 14:19:23] !withdraw 10000
[10/2/2019 14:19:27] !withdraw 10000
[10/2/2019 14:19:29] !withdraw 10000
[10/2/2019 14:22:47] !withdraw 4000
[10/2/2019 14:22:48] !withdraw 40000
[10/2/2019 15:2:46] !withdraw 10000
[10/2/2019 16:29:21] !withdraw 10000
[10/2/2019 16:32:50] !withdraw 5000
[10/2/2019 16:50:53] !withdraw 50000
[10/2/2019 17:4:47] !withdraw 2000
[10/2/2019 17:5:0] !withdraw 20000
[10/2/2019 18:19:44] !deposit 150000
[10/2/2019 19:46:33] !balance
[10/2/2019 20:7:39] !withdraw 10000
[10/2/2019 20:8:8] !withdraw 10000
[10/2/2019 22:28:37] !balance
[10/2/2019 22:28:42] !withdraw 10000
[11/2/2019 0:53:54] !withdraw 5000
[11/2/2019 0:53:56] !balance
[11/2/2019 1:1:45] !withdraw 40000
[11/2/2019 17:23:15] !balance
[11/2/2019 17:24:6] !balance
[11/2/2019 17:24:9] !withdraw 100000
[11/2/2019 17:38:21] !deposit 65000
[11/2/2019 19:39:12] !withdraw 20000
[12/2/2019 11:5:55] /lux
[12/2/2019 11:5:56] /lux
[12/2/2019 11:5:57] /lux
[12/2/2019 11:6:2] /lux
[12/2/2019 11:6:4] /lux
[12/2/2019 11:6:6] /lux
[12/2/2019 11:6:30] /lux off
[12/2/2019 11:6:31] /lux on
[12/2/2019 11:7:49] /lux
[12/2/2019 11:7:51] /lux
[12/2/2019 11:7:52] /lux off
[12/2/2019 11:7:54] /lux off
[12/2/2019 11:7:55] /lux
[12/2/2019 11:7:57] /lux
[12/2/2019 11:8:1] /lux
[12/2/2019 11:8:3] /lux
[12/2/2019 11:8:5] /lux off
[12/2/2019 11:9:27] /lux
[12/2/2019 11:9:28] /lux
[12/2/2019 11:10:24] /lux
[12/2/2019 11:10:24] /lux
[12/2/2019 11:10:25] /lux
[12/2/2019 11:10:27] /lux
[12/2/2019 11:10:30] /lux
[13/2/2019 12:7:8] /lux
[13/2/2019 15:27:42] /lux
[13/2/2019 15:35:55] !balance
[13/2/2019 15:37:40] !withdraw 30000
