[27/12/2018 3:52:58] /i sword
[27/12/2018 3:53:30] /a 4
[27/12/2018 3:53:32] /a 4
[27/12/2018 3:54:44] /a 100
[27/12/2018 3:54:45] /a 100
[27/12/2018 3:54:46] /a 100
[27/12/2018 3:54:47] /a 100
[27/12/2018 3:55:2] /t
[27/12/2018 3:55:10] /m rotworms
[27/12/2018 3:55:11] /m rotworm
[27/12/2018 3:55:14] /m cyclops
[27/12/2018 3:55:19] /i great fireball rune
[27/12/2018 3:55:32] /m demon
[27/12/2018 4:5:55] /r
[27/12/2018 4:5:56] /r
[27/12/2018 4:5:58] /r
[27/12/2018 4:5:59] /r
[27/12/2018 4:5:59] /r
[27/12/2018 4:10:2] /goto captain leonardo
[27/12/2018 4:10:13] /goto hydra
[27/12/2018 4:10:15] /goto captain~
[27/12/2018 4:10:20] /goto captain~
[27/12/2018 4:10:26] /goto captain~
[27/12/2018 4:10:29] /goto Captain~
[27/12/2018 4:10:32] /t
[27/12/2018 5:28:16] /t
[27/12/2018 5:28:16] /t
[27/12/2018 5:35:17] /reload config
[27/12/2018 5:37:30] /a 50
[27/12/2018 5:37:31] /a 50
[27/12/2018 5:37:38] /a 3
[27/12/2018 5:37:38] /a 3
[27/12/2018 5:37:38] /a 3
[27/12/2018 5:37:38] /a 3
[27/12/2018 5:37:38] /a 3
[27/12/2018 5:37:39] /a 3
[27/12/2018 5:37:39] /a 3
[27/12/2018 5:37:40] /a 3
[27/12/2018 5:37:40] /a 3
[27/12/2018 5:37:40] /a 3
[27/12/2018 5:37:40] /a 3
[27/12/2018 5:37:41] /a 3
[27/12/2018 5:37:41] /a 3
[27/12/2018 5:37:41] /a 3
[27/12/2018 5:37:41] /a 3
[27/12/2018 5:37:41] /a 3
[27/12/2018 5:37:41] /a 3
[27/12/2018 5:37:41] /a 3
[27/12/2018 5:37:41] /a 3
[27/12/2018 5:37:41] /a 3
[27/12/2018 5:37:41] /a 3
[27/12/2018 5:37:41] /a 3
[27/12/2018 5:37:41] /a 3
[27/12/2018 5:37:42] /a 3
[27/12/2018 5:37:42] /a 3
[27/12/2018 5:37:42] /a 3
[27/12/2018 5:37:42] /a 3
[27/12/2018 5:37:42] /a 3
[27/12/2018 5:37:42] /a 3
[27/12/2018 5:37:42] /a 3
[27/12/2018 5:37:43] /a 3
[27/12/2018 5:37:43] /a 3
[27/12/2018 5:37:43] /a 3
[27/12/2018 5:37:43] /a 3
[27/12/2018 5:37:43] /a 3
[27/12/2018 5:37:43] /a 3
[27/12/2018 5:37:44] /a 3
[27/12/2018 5:37:59] /i crystal coin
[27/12/2018 5:38:5] /t
