[5/2/2019 16:20:10] /closeserver
[5/2/2019 16:20:11] /t
[5/2/2019 16:20:13] /town 10
[5/2/2019 16:20:17] /town 11
[5/2/2019 16:20:19] /town 12
[5/2/2019 16:20:22] /i 1515
[5/2/2019 16:20:22] /i 1515
[5/2/2019 16:20:23] /i 1515
[5/2/2019 16:29:6] /reload config
[5/2/2019 16:38:46] /clean
[6/2/2019 17:48:56] /r
[7/2/2019 3:31:25] /town 10
[7/2/2019 3:33:26] /reload monsters
[7/2/2019 3:33:27] /m sea serpent
[7/2/2019 3:33:35] /m sea serpent
[7/2/2019 3:33:48] /m sea serpent
[7/2/2019 3:33:48] /m sea serpent
[7/2/2019 3:33:48] /m sea serpent
[7/2/2019 3:33:48] /m sea serpent
[7/2/2019 3:33:48] /m sea serpent
[7/2/2019 3:33:48] /m sea serpent
[7/2/2019 3:33:48] /m sea serpent
[7/2/2019 3:33:48] /m sea serpent
[7/2/2019 3:33:48] /m sea serpent
[7/2/2019 3:33:48] /m sea serpent
[7/2/2019 3:33:48] /m sea serpent
[7/2/2019 3:33:48] /m sea serpent
[7/2/2019 3:33:54] /m sea serpent
[7/2/2019 3:33:54] /m sea serpent
[7/2/2019 3:33:54] /m sea serpent
[7/2/2019 3:33:54] /m sea serpent
[7/2/2019 3:33:54] /m sea serpent
[7/2/2019 3:33:54] /m sea serpent
[7/2/2019 3:33:54] /m sea serpent
[7/2/2019 3:33:54] /m sea serpent
[7/2/2019 3:33:54] /m sea serpent
[7/2/2019 3:33:55] /m sea serpent
[7/2/2019 3:33:55] /m sea serpent
[7/2/2019 3:33:55] /m sea serpent
[7/2/2019 3:34:1] /m sea serpent
[7/2/2019 3:34:2] /m sea serpent
[7/2/2019 3:34:2] /m sea serpent
[7/2/2019 3:34:2] /m sea serpent
[7/2/2019 3:34:2] /m sea serpent
[7/2/2019 3:34:2] /m sea serpent
[7/2/2019 3:34:2] /m sea serpent
[7/2/2019 3:34:2] /m sea serpent
[7/2/2019 3:34:2] /m sea serpent
[7/2/2019 3:34:2] /m sea serpent
[7/2/2019 3:34:2] /m sea serpent
[7/2/2019 3:34:9] /goto medusa
[7/2/2019 3:34:28] /m sea serpent
[7/2/2019 3:34:28] /m sea serpent
[7/2/2019 3:35:27] /town 10
[7/2/2019 10:52:11] /goto orc warlord
[7/2/2019 10:52:13] /town thais
[7/2/2019 10:52:42] /light
[7/2/2019 10:53:25] /m sea serpent
[7/2/2019 11:9:25] /r
[7/2/2019 11:9:28] /r
[7/2/2019 11:9:29] /r
[7/2/2019 11:9:30] /r
[7/2/2019 11:9:43] /down
[7/2/2019 11:23:27] /t
[7/2/2019 11:23:28] /town 10
[8/2/2019 14:9:16] /town 15
[8/2/2019 14:9:17] /town 14
[8/2/2019 14:9:18] /town 13
[8/2/2019 14:9:19] /town 12
[8/2/2019 14:9:20] /ghost
[9/2/2019 2:6:23] /reload monsters
[9/2/2019 2:29:6] /reload config
[9/2/2019 2:29:7] /reload monsters
[9/2/2019 2:29:9] /raid snakez
[9/2/2019 10:43:50] /b global save
[9/2/2019 10:43:50] /save
[9/2/2019 10:43:56] /raid snakez
[9/2/2019 22:15:54] /goto bedurek
[9/2/2019 22:15:55] /ghost
[9/2/2019 22:15:56] /ghost
[9/2/2019 22:15:58] /ghost
[9/2/2019 22:16:0] /ghost
[9/2/2019 22:16:7] /goto genex
[9/2/2019 22:16:9] /goto rokte~
[9/2/2019 22:16:12] /goto szejku~
[9/2/2019 22:16:22] /goto uhaheh
[9/2/2019 22:16:28] /goto rhara
[9/2/2019 22:16:36] /goto qtas
[9/2/2019 22:16:49] /goto skruffen
[9/2/2019 22:16:53] /goto ppl wodzirej
[9/2/2019 22:17:7] /goto Kvaarg
[9/2/2019 22:17:11] /goto gavin
[9/2/2019 22:17:15] /goto toskafa ek
[9/2/2019 22:17:23] /goto sephiro
[9/2/2019 22:17:25] /goto neutro
[9/2/2019 22:17:27] /goto only pvp
[9/2/2019 22:17:29] /goto poug
[9/2/2019 22:17:55] /goto nied~
[9/2/2019 22:17:58] /goto julian~
[9/2/2019 22:18:8] /goto kalumga
[9/2/2019 22:18:18] /goto kalumga
[9/2/2019 22:18:23] /ghost
[9/2/2019 22:18:24] /ghost
[9/2/2019 22:18:24] /ghost
[9/2/2019 22:18:25] /ghost
[9/2/2019 22:18:25] /ghost
[9/2/2019 22:18:38] /i platinum coin
[9/2/2019 22:21:36] /goto bedurek
[9/2/2019 22:23:53] /s morgaroth
[9/2/2019 22:24:3] /m rat
[9/2/2019 22:24:14] /m dragon
[9/2/2019 22:24:24] /m dragon
[9/2/2019 22:24:32] /r
[9/2/2019 22:24:33] /r
[9/2/2019 22:24:34] /r
[9/2/2019 22:24:35] /r
[9/2/2019 22:24:36] /t
[9/2/2019 22:24:39] /town 12
[9/2/2019 22:24:41] /town 11
[9/2/2019 22:24:46] /s morgaroth
[9/2/2019 22:24:48] /m orshabaal
[9/2/2019 22:25:8] /t
[9/2/2019 22:25:42] /up 6
[9/2/2019 22:25:44] /up 5
[9/2/2019 22:25:59] /light
[9/2/2019 22:27:32] /goto sea serpent
[9/2/2019 22:28:1] /down
[9/2/2019 22:28:6] /up
[9/2/2019 22:29:9] /town 
[9/2/2019 22:29:20] /i 434
[9/2/2019 22:29:25] /i 445
[9/2/2019 22:29:29] /i 446]\
[9/2/2019 22:29:31] /i 446
[9/2/2019 22:29:33] /r
[9/2/2019 22:29:38] /i 4609
[9/2/2019 22:29:43] /r
[9/2/2019 22:29:59] /town thais
[9/2/2019 22:30:21] /r
[9/2/2019 22:30:25] /r
[9/2/2019 22:30:27] /r
[9/2/2019 22:30:35] /i 1050
[9/2/2019 22:31:0] /i 1998
[10/2/2019 2:8:9] /goto prisoner
[10/2/2019 2:8:10] /goto a prisoner
[10/2/2019 2:8:41] /i apple
[10/2/2019 2:8:45] /i red apple
[10/2/2019 2:9:5] /down
[10/2/2019 2:10:8] /goto a prisoner
[10/2/2019 2:10:13] /down 4
[10/2/2019 2:10:15] /down
[10/2/2019 2:10:15] /down
[10/2/2019 2:11:2] /up
[10/2/2019 2:11:16] /goto jordi~
[10/2/2019 2:11:35] /goto morris
[10/2/2019 2:11:59] /goto memento
[10/2/2019 2:12:2] /goto szejku~
[10/2/2019 2:12:4] /goto cuquis
[10/2/2019 2:12:10] /goto lunatica
[10/2/2019 2:12:17] /goto toskafa~
[10/2/2019 2:12:19] /goto uhaheh
[10/2/2019 2:12:22] /goto mahamed~
[10/2/2019 2:12:39] /r
[10/2/2019 2:12:41] /r
[10/2/2019 2:12:51] /i 1026
[10/2/2019 2:12:55] /i 1027
[10/2/2019 2:15:45] /b global save
[10/2/2019 2:15:46] /save
[10/2/2019 2:16:25] /c jordi~
[10/2/2019 2:19:53] /i 2040
[10/2/2019 2:19:54] /i 2040
[10/2/2019 2:19:55] /i 2040
[10/2/2019 2:19:56] /i 2040
[10/2/2019 2:19:57] /i 2040
[10/2/2019 2:19:57] /i 2040
[10/2/2019 2:19:58] /i 2040
[10/2/2019 2:20:0] /i 2040
[10/2/2019 2:20:0] /i 2040
[10/2/2019 2:20:1] /i 2040
[10/2/2019 2:23:14] /ghost
[10/2/2019 2:23:16] /goto jordi~
[10/2/2019 2:23:35] /goto jordi~
[10/2/2019 2:23:45] /goto jordi~
[10/2/2019 2:38:5] /goto jordi~
[10/2/2019 2:38:21] /light
[10/2/2019 2:38:25] /light
[10/2/2019 2:38:26] /light
[10/2/2019 2:38:26] /light
[10/2/2019 2:38:26] /light
[10/2/2019 2:38:27] /light
[10/2/2019 2:38:27] /light
[10/2/2019 2:38:28] /light
[10/2/2019 2:38:28] /light
[10/2/2019 2:38:28] /light
[10/2/2019 2:38:29] /light
[10/2/2019 2:38:29] /light
[10/2/2019 2:38:30] /light
[10/2/2019 2:38:30] /light
[10/2/2019 2:38:31] /light
[10/2/2019 2:38:32] /light
[10/2/2019 2:40:20] /goto moha~
[10/2/2019 2:40:25] /goto maha~
[10/2/2019 2:46:42] /goto jorgi~
[10/2/2019 2:46:44] /goto maha~
[10/2/2019 2:46:46] /goto jordi~
[10/2/2019 2:46:48] /goto toska~
[10/2/2019 2:46:55] /goto cuquis
[10/2/2019 2:46:57] /goto morris
[10/2/2019 2:46:58] /goto memento
[10/2/2019 2:47:1] /goto uhaheh
[10/2/2019 2:47:4] /mc
[10/2/2019 2:47:10] /goto toskafa~
[10/2/2019 2:51:3] /goto jordi~
[10/2/2019 2:51:8] /light
[10/2/2019 2:51:9] /light
[10/2/2019 2:51:9] /light
[10/2/2019 2:51:9] /light
[10/2/2019 2:51:10] /light
[10/2/2019 2:51:10] /light
[10/2/2019 2:51:11] /light
[10/2/2019 2:51:11] /light
[10/2/2019 2:51:11] /light
[10/2/2019 2:51:12] /light
[10/2/2019 2:51:12] /light
[10/2/2019 2:51:12] /light
[10/2/2019 2:51:14] /light
[10/2/2019 2:55:8] !deposit 5700
[10/2/2019 2:55:15] !transfer 100,Feos
[10/2/2019 2:55:19] !transfer Feos,100
[10/2/2019 2:55:31] /goto jordi~
[10/2/2019 2:55:59] /goto ma~
[10/2/2019 2:56:18] /goto morris
[10/2/2019 2:56:20] /goto szejku~
[10/2/2019 2:56:23] /r
[10/2/2019 2:56:24] /goto cuquis
[10/2/2019 2:56:27] /goto lunatica
[10/2/2019 2:56:59] /goto maha~
[10/2/2019 3:0:29] /a 5
[10/2/2019 3:0:31] /a 5
[10/2/2019 3:1:50] /goto jordi~
[10/2/2019 3:8:19] /ghost
[10/2/2019 3:8:20] /ghost
[10/2/2019 3:8:20] /goto jordi~
[10/2/2019 3:10:16] /reload npsc
[10/2/2019 3:10:19] /reload npc
[10/2/2019 3:10:22] /goto jordi~
[10/2/2019 3:10:24] /n rashid
[10/2/2019 3:10:26] /c jordi~
[10/2/2019 3:10:50] /r
[10/2/2019 3:10:52] /reload npc
[10/2/2019 3:10:53] /goto maha
[10/2/2019 3:10:55] /goto maha~
[10/2/2019 3:10:56] /n rahsid
[10/2/2019 3:11:0] /n rashid
[10/2/2019 3:11:2] /n rashid
[10/2/2019 3:11:5] /s rashid
[10/2/2019 3:11:8] /goto rashid
[10/2/2019 3:11:9] /c maha
[10/2/2019 3:11:10] /c maha~
[10/2/2019 3:11:27] /reload npcs
[10/2/2019 3:11:41] /b rashid enabled for sunday
[10/2/2019 3:20:6] /reload monsters
[10/2/2019 3:21:8] /reload monsters
[10/2/2019 3:31:21] /goto jorgi~
[10/2/2019 3:31:27] /goto jordi~
[10/2/2019 3:35:27] /goto jordi~
[10/2/2019 3:35:37] /i fire field
[10/2/2019 3:35:40] /r
[10/2/2019 3:35:45] /i great fireball rune
[10/2/2019 3:54:21] /goto jordi~
[10/2/2019 3:58:34] /goto jordi~
[10/2/2019 3:59:27] /goto jordi~
[10/2/2019 4:2:44] /i postman scroll
[10/2/2019 4:2:54] /addshop 20,postman boxes all around map
[10/2/2019 4:2:55] /r
[10/2/2019 4:5:49] /i 5746
[10/2/2019 4:5:57] /reload actions
[10/2/2019 4:6:19] /b global save
[10/2/2019 4:6:22] /save
[10/2/2019 4:6:28] /goto uhaheh
[10/2/2019 4:6:31] /goto only pvp
[10/2/2019 4:6:33] /ghost
[10/2/2019 4:7:39] /ghost
[10/2/2019 4:7:40] /goto jordi~
[10/2/2019 4:7:43] /t
[10/2/2019 4:8:38] /goto jordi~
[10/2/2019 4:8:44] /goto mah~
[10/2/2019 16:50:33] /reload config
[10/2/2019 16:50:37] /b Double skill event!
[10/2/2019 16:52:49] /goto gavin
[10/2/2019 16:53:5] /owner Nobody
[10/2/2019 16:53:7] /owner Gavin
[10/2/2019 16:53:48] /reload monsters
[10/2/2019 16:53:49] /goto julia
[10/2/2019 16:54:4] /up
[10/2/2019 16:55:43] /goto kurw~
[10/2/2019 16:55:46] /raid snakez
[10/2/2019 16:55:50] /n the oracle
[10/2/2019 16:57:15] /goto kurw~
[10/2/2019 19:42:52] /ghost
[10/2/2019 19:42:56] /ghost
[10/2/2019 19:42:57] /goto stac~
[10/2/2019 19:43:0] /ghost
[10/2/2019 19:44:7] /goto jquiless
[10/2/2019 19:44:39] /b double skill event is until tomorrow
[10/2/2019 19:56:0] /reload monsters
[10/2/2019 19:56:2] /ghost
[10/2/2019 19:56:2] /ghost
[10/2/2019 19:57:5] /reload monsters
[10/2/2019 19:57:59] /reload monsters
[10/2/2019 19:58:51] /goto feos
[10/2/2019 19:58:55] /m serpent spawn
[10/2/2019 19:58:57] /r
[10/2/2019 19:59:0] /m sea serpent
[10/2/2019 19:59:4] /r
[10/2/2019 19:59:17] /reload monsters
[10/2/2019 19:59:18] /m sea serpent
[10/2/2019 19:59:21] /r
[10/2/2019 20:0:17] /reload monsters
[10/2/2019 20:0:19] /m sea serpent
[10/2/2019 20:1:43] /t
[10/2/2019 20:1:47] /goto gavin
[10/2/2019 20:12:30] /town edron
[10/2/2019 20:12:31] /c jq~
[10/2/2019 20:12:50] /goto jq~
[10/2/2019 20:12:57] /c jq~
[10/2/2019 20:13:24] /t
[10/2/2019 20:13:38] /ghost
[10/2/2019 20:19:11] /town edron
[10/2/2019 20:19:13] /c jq~
[10/2/2019 20:19:14] /up
[10/2/2019 20:19:27] /goto feos
[10/2/2019 20:19:35] /goto jq~
[10/2/2019 20:19:40] /c feos
[10/2/2019 20:20:15] /r
[10/2/2019 20:20:18] /ghost
[10/2/2019 20:20:19] /ghost
[10/2/2019 20:20:22] /goto wazul
[10/2/2019 20:20:28] /i ultimate healing rune
[10/2/2019 20:20:32] /ghost
[10/2/2019 20:21:12] /n grizzly adams
[10/2/2019 20:21:27] /r
[10/2/2019 20:21:44] /i serpent sword
[10/2/2019 20:24:27] /goto gavin
[10/2/2019 20:26:3] /owner Jquiless
[10/2/2019 20:27:42] /goto 10
[10/2/2019 20:27:43] /town 10
[10/2/2019 20:34:37] /i demon shield
[10/2/2019 20:38:15] /goto gavin
[10/2/2019 20:39:40] /town 10
[10/2/2019 20:44:2] /i 1998
[10/2/2019 20:44:13] /b save
[10/2/2019 20:44:14] /save
[10/2/2019 22:23:9] /goto toskafa~
[10/2/2019 22:23:13] /ghost
[10/2/2019 22:23:15] /ghost
[10/2/2019 22:24:5] /c toskafa
[10/2/2019 22:24:5] /c toskafa~
[10/2/2019 22:25:23] /save
[10/2/2019 22:26:21] /reload npcs
[10/2/2019 22:26:26] /goto tosk~
[10/2/2019 22:26:34] /goto uhozol~
[10/2/2019 22:26:36] /goto toskafa~
[10/2/2019 22:26:39] /goto toskafa~
[10/2/2019 22:26:40] /goto toskafa~
[10/2/2019 22:26:41] /goto toskafa~
[10/2/2019 22:27:9] /goto szejku~
[10/2/2019 22:27:41] /goto swoup
[10/2/2019 22:28:3] /c feos~
[10/2/2019 22:28:59] /i small stone
[10/2/2019 23:33:10] /goto memento
[10/2/2019 23:33:11] /goto mega!
[10/2/2019 23:33:14] /goto memento
[10/2/2019 23:33:23] /goto maxmen
[10/2/2019 23:33:42] /goto hans~
[10/2/2019 23:34:49] /goto uhaheh
[11/2/2019 0:5:49] /goto morris
[11/2/2019 0:5:52] /goto toska~
[11/2/2019 0:5:54] /goto maxmen
[11/2/2019 0:13:11] /goto maxmen
[11/2/2019 0:13:20] /goto maha~
[11/2/2019 1:0:46] /goto nielson
[11/2/2019 1:0:54] /up
[11/2/2019 1:1:1] /t
[11/2/2019 1:3:46] /goto toska~
[11/2/2019 1:3:48] /goto moha~
[11/2/2019 1:3:50] /goto maha~
[11/2/2019 1:3:54] /c feos
[11/2/2019 1:55:26] /goto rezar
[11/2/2019 1:55:29] /goto rezar
[11/2/2019 1:55:35] /goto uhaheh
[11/2/2019 3:21:55] /goto uhaheh
[11/2/2019 3:21:58] /goto megapower
[11/2/2019 3:22:1] /goto uhaheh
[11/2/2019 3:22:13] /ghost
[11/2/2019 3:22:14] /ghost
[11/2/2019 3:22:29] /i wooden chest
[11/2/2019 3:22:33] /i parcel
[11/2/2019 3:22:34] /i parcel
[11/2/2019 3:23:34] /goto megapower
[11/2/2019 3:23:37] /a 2
[11/2/2019 3:23:43] /t
[11/2/2019 3:33:48] /goto megapower
[11/2/2019 3:52:39] /goto megapower
[11/2/2019 3:52:56] /i 5111
[11/2/2019 3:52:58] /i 403
[11/2/2019 3:53:0] /i 440
[11/2/2019 3:53:3] /r
[11/2/2019 3:53:4] /r
[11/2/2019 3:53:8] /i 1284
[11/2/2019 3:53:10] /i outfit dol
[11/2/2019 3:53:15] /i outfit doll
[11/2/2019 3:57:7] /goto genex
[11/2/2019 3:59:28] /s hellfirehound
[11/2/2019 3:59:34] /s hellhound
[11/2/2019 3:59:41] /r
[11/2/2019 4:10:57] /i outfit doll
[11/2/2019 13:48:12] /openserver
[11/2/2019 13:48:13] /town 10
[11/2/2019 14:31:43] /reload config
[11/2/2019 14:31:45] /goto x~
[11/2/2019 14:31:47] /goto stac~
[11/2/2019 14:31:56] /goto uho~
[11/2/2019 14:31:59] /ghost
[11/2/2019 14:32:11] /r
[11/2/2019 14:32:12] /r
[11/2/2019 14:32:17] /goto szejku~
[11/2/2019 14:32:33] /goto szehiku~
[11/2/2019 14:32:36] /goto szeiku~
[11/2/2019 14:32:38] /goto sheiku~
[11/2/2019 14:32:57] /goto szejku~
[11/2/2019 14:32:59] /goto uhozol~
[11/2/2019 14:33:29] /goto maxmen
[11/2/2019 14:33:51] /n rook vocationer
[11/2/2019 14:33:53] /s rook vocationer
[11/2/2019 14:34:10] /ghost
[11/2/2019 14:34:41] /goto maxmen
[11/2/2019 14:35:4] /up
[11/2/2019 14:35:58] /i boots of haste
[11/2/2019 14:38:20] /i barrel
[11/2/2019 14:38:21] /i barrel
[11/2/2019 14:38:22] /i barrel
[11/2/2019 14:38:23] /i barrel
[11/2/2019 14:50:43] /goto maxmen
[11/2/2019 14:50:50] /i rope
[11/2/2019 14:50:56] /r
[11/2/2019 14:51:22] /pos
[11/2/2019 16:6:30] /goto maha~
[11/2/2019 16:6:34] /r
[11/2/2019 16:6:35] /r
[11/2/2019 16:6:46] /goto bedurek
[11/2/2019 16:7:26] /goto maxmen
[11/2/2019 16:7:27] /goto szejku~
[11/2/2019 16:31:42] /goto maha~
[11/2/2019 16:31:44] /goto hans~
[11/2/2019 16:32:7] /goto bedurek
[11/2/2019 16:32:41] /t
[11/2/2019 16:38:2] /goto morris
[11/2/2019 16:38:30] /owner Nobody
[11/2/2019 16:38:30] /owner Morris
[11/2/2019 16:38:46] /owner Nobody
[11/2/2019 16:38:52] /i 2160
[11/2/2019 16:39:4] /i outfit doll
[11/2/2019 16:39:7] /i outfit doll
[11/2/2019 16:39:10] /i assassin star
[11/2/2019 16:40:14] /owner Morris
[11/2/2019 16:40:22] /i boots of haste
[11/2/2019 16:40:27] /i boots of haste
[11/2/2019 16:40:36] /ghost
[11/2/2019 16:40:37] /ghost
[11/2/2019 16:40:50] /i boots of haste
[11/2/2019 16:40:52] /i boots of haste
[11/2/2019 16:48:27] /goto feos
[11/2/2019 16:48:30] /ghost
[11/2/2019 16:48:30] /ghost
[11/2/2019 16:49:37] /i sudden death rune
[11/2/2019 16:49:42] /ghost
[11/2/2019 16:49:45] /i sudden death rune
[11/2/2019 16:49:55] /goto feos
[11/2/2019 17:2:8] /i sudden death rune
[11/2/2019 17:2:9] /goto feos
[11/2/2019 17:18:55] /goto spe~
[11/2/2019 17:19:0] /goto szejku~
[11/2/2019 17:20:20] /b you are allowed upto 4 characters on MC just remember if you get caught using macro you will get banned
[11/2/2019 17:21:23] /goto like duke
[11/2/2019 17:21:26] /ghost
[11/2/2019 17:21:26] /ghost
[11/2/2019 17:22:2] /light
[11/2/2019 17:22:2] /light
[11/2/2019 17:22:2] /light
[11/2/2019 17:22:2] /light
[11/2/2019 17:22:2] /light
[11/2/2019 17:22:2] /light
[11/2/2019 17:22:3] /light
[11/2/2019 17:22:3] /light
[11/2/2019 17:22:3] /light
[11/2/2019 17:22:3] /light
[11/2/2019 17:22:3] /light
[11/2/2019 17:22:3] /light
[11/2/2019 17:22:3] /light
[11/2/2019 17:22:4] /light
[11/2/2019 17:22:4] /light
[11/2/2019 17:22:4] /light
[11/2/2019 17:22:4] /light
[11/2/2019 17:22:4] /light
[11/2/2019 17:22:4] /light
[11/2/2019 17:22:4] /light
[11/2/2019 17:22:4] /light
[11/2/2019 17:22:5] /light
[11/2/2019 17:22:5] /light
[11/2/2019 17:22:5] /light
[11/2/2019 17:22:5] /light
[11/2/2019 17:22:5] /light
[11/2/2019 17:22:5] /light
[11/2/2019 17:22:6] /light
[11/2/2019 17:22:6] /light
[11/2/2019 17:22:6] /light
[11/2/2019 17:22:6] /light
[11/2/2019 17:22:6] /light
[11/2/2019 17:22:6] /light
[11/2/2019 17:22:6] /light
[11/2/2019 17:22:6] /light
[11/2/2019 17:22:6] /light
[11/2/2019 17:22:6] /light
[11/2/2019 17:22:6] /light
[11/2/2019 17:22:6] /light
[11/2/2019 17:22:6] /light
[11/2/2019 17:22:6] /light
[11/2/2019 17:22:6] /light
[11/2/2019 17:22:6] /light
[11/2/2019 17:22:6] /light
[11/2/2019 17:22:6] /light
[11/2/2019 17:22:6] /light
[11/2/2019 17:22:7] /light
[11/2/2019 17:22:7] /light
[11/2/2019 17:22:7] /light
[11/2/2019 17:22:7] /light
[11/2/2019 17:22:7] /light
[11/2/2019 17:22:7] /light
[11/2/2019 17:22:7] /light
[11/2/2019 17:22:7] /light
[11/2/2019 17:22:7] /light
[11/2/2019 17:22:7] /light
[11/2/2019 17:22:7] /light
[11/2/2019 17:22:7] /light
[11/2/2019 17:22:7] /light
[11/2/2019 17:22:7] /light
[11/2/2019 17:22:7] /light
[11/2/2019 17:22:7] /light
[11/2/2019 17:22:7] /light
[11/2/2019 17:22:7] /light
[11/2/2019 17:22:7] /light
[11/2/2019 17:22:7] /light
[11/2/2019 17:22:7] /light
[11/2/2019 17:22:7] /light
[11/2/2019 17:22:7] /light
[11/2/2019 17:22:7] /light
[11/2/2019 17:22:7] /light
[11/2/2019 17:22:7] /light
[11/2/2019 17:22:7] /light
[11/2/2019 17:22:7] /light
[11/2/2019 17:22:7] /light
[11/2/2019 17:22:7] /light
[11/2/2019 17:22:8] /light
[11/2/2019 17:22:8] /light
[11/2/2019 17:22:8] /light
[11/2/2019 17:22:8] /light
[11/2/2019 17:22:8] /light
[11/2/2019 17:22:8] /light
[11/2/2019 17:22:8] /light
[11/2/2019 17:22:8] /light
[11/2/2019 17:22:8] /light
[11/2/2019 17:22:8] /light
[11/2/2019 17:22:8] /light
[11/2/2019 17:22:8] /light
[11/2/2019 17:22:8] /light
[11/2/2019 17:22:8] /light
[11/2/2019 17:22:8] /light
[11/2/2019 17:22:8] /light
[11/2/2019 17:22:8] /light
[11/2/2019 17:22:8] /light
[11/2/2019 17:22:8] /light
[11/2/2019 17:22:8] /light
[11/2/2019 17:22:8] /light
[11/2/2019 17:22:8] /light
[11/2/2019 17:22:8] /light
[11/2/2019 17:22:8] /light
[11/2/2019 17:22:8] /light
[11/2/2019 17:22:8] /light
[11/2/2019 17:22:8] /light
[11/2/2019 17:22:8] /light
[11/2/2019 17:22:8] /light
[11/2/2019 17:22:8] /light
[11/2/2019 17:22:8] /light
[11/2/2019 17:22:9] /light
[11/2/2019 17:22:9] /light
[11/2/2019 17:22:9] /light
[11/2/2019 17:22:9] /light
[11/2/2019 17:22:9] /light
[11/2/2019 17:22:9] /light
[11/2/2019 17:22:9] /light
[11/2/2019 17:22:9] /light
[11/2/2019 17:22:9] /light
[11/2/2019 17:22:9] /light
[11/2/2019 17:22:9] /light
[11/2/2019 17:22:9] /light
[11/2/2019 17:22:9] /light
[11/2/2019 17:22:9] /light
[11/2/2019 17:22:9] /light
[11/2/2019 17:22:9] /light
[11/2/2019 17:22:9] /light
[11/2/2019 17:22:9] /light
[11/2/2019 17:22:9] /light
[11/2/2019 17:22:9] /light
[11/2/2019 17:22:9] /light
[11/2/2019 17:22:10] /light
[11/2/2019 17:22:11] /light
[11/2/2019 17:22:20] /c feos
[11/2/2019 17:23:50] /goto gavin
[11/2/2019 17:23:54] /goto hans~
[11/2/2019 17:26:1] /addskill Feos,mlvl,1
[11/2/2019 17:38:45] /town 10
[11/2/2019 18:8:3] /goto bedurek
[11/2/2019 18:8:5] /light
[11/2/2019 18:8:7] /ghost
[11/2/2019 18:8:14] /goto worjor
[11/2/2019 18:8:18] /goto hans~
[11/2/2019 18:8:26] /goto morris
[11/2/2019 18:8:34] /r
[11/2/2019 18:53:49] /goto bedurekk
[11/2/2019 20:47:41] /goto genex
[11/2/2019 20:47:45] /goto maxmen
[11/2/2019 21:30:10] /goto genex
[11/2/2019 21:30:39] /i sudden death rune
[11/2/2019 21:30:43] /i sudden death rune
[11/2/2019 21:31:15] /goto hans~
[11/2/2019 21:32:30] /i 1998
[11/2/2019 21:34:46] /n xodet
[11/2/2019 21:40:24] /goto maxmen
[11/2/2019 21:41:21] /goto morris
[11/2/2019 21:41:49] /goto bedurek
[11/2/2019 21:45:15] /goto morris
[11/2/2019 21:52:40] /goto morris
[11/2/2019 21:53:0] /r
[11/2/2019 21:53:1] /a 1
[11/2/2019 21:53:3] /a 1
[11/2/2019 21:53:3] /a 1
[11/2/2019 21:53:5] /a 1
[11/2/2019 21:53:6] /a 1
[11/2/2019 21:53:8] /a 1
[11/2/2019 21:53:9] /a 1
[11/2/2019 21:53:11] /a 1
[11/2/2019 21:53:12] /a 1
[11/2/2019 22:1:38] /pos
[11/2/2019 22:1:46] /town carlin
[11/2/2019 22:2:18] /goto genex
[11/2/2019 22:2:23] /goto bedurek
[11/2/2019 22:3:13] /goto genex
[11/2/2019 22:3:28] /goto maxmen
[11/2/2019 22:3:31] /goto bedurek
[11/2/2019 22:38:9] /goto maxmen
[11/2/2019 22:38:32] /up
[11/2/2019 22:38:34] /up
[11/2/2019 22:38:35] /up
[11/2/2019 22:38:35] /up
[11/2/2019 22:38:36] /up
[11/2/2019 22:38:43] /goto maxmen
[12/2/2019 0:5:3] /goto morris
[12/2/2019 0:5:8] /goto genex
[12/2/2019 0:6:19] /addskill Feos,mlvl,1
[12/2/2019 0:6:23] /town carlin
[12/2/2019 0:6:25] /c feos
[12/2/2019 0:6:41] /town 10
[12/2/2019 0:6:44] /c feos
[12/2/2019 0:7:59] /reload monsters
[12/2/2019 0:8:0] /m hytra
[12/2/2019 0:8:2] /m hytra
[12/2/2019 0:8:12] /reload monsters
[12/2/2019 0:8:13] /m hytra
[12/2/2019 0:8:28] /m hytra
[12/2/2019 0:8:30] /m hytra
[12/2/2019 0:8:30] /m hytra
[12/2/2019 0:8:30] /m hytra
[12/2/2019 0:8:30] /m hytra
[12/2/2019 0:8:30] /m hytra
[12/2/2019 0:8:30] /m hytra
[12/2/2019 0:8:30] /m hytra
[12/2/2019 0:8:30] /m hytra
[12/2/2019 0:8:30] /m hytra
[12/2/2019 0:8:30] /m hytra
[12/2/2019 0:8:30] /m hytra
[12/2/2019 0:8:30] /m hytra
[12/2/2019 0:8:31] /m hytra
[12/2/2019 0:8:31] /m hytra
[12/2/2019 0:8:31] /m hytra
[12/2/2019 0:8:31] /m hytra
[12/2/2019 0:8:31] /m hytra
[12/2/2019 0:8:31] /m hytra
[12/2/2019 0:8:31] /m hytra
[12/2/2019 0:8:31] /m hytra
[12/2/2019 0:8:31] /m hytra
[12/2/2019 0:8:31] /m hytra
[12/2/2019 0:8:31] /m hytra
[12/2/2019 0:8:32] /m hytra
[12/2/2019 0:8:33] /m hytra
[12/2/2019 0:8:33] /m hytra
[12/2/2019 0:8:33] /m hytra
[12/2/2019 0:8:33] /m hytra
[12/2/2019 0:8:34] /m hytra
[12/2/2019 0:8:34] /m hytra
[12/2/2019 0:8:35] /m hytra
[12/2/2019 0:8:35] /m hytra
[12/2/2019 0:8:36] /m hytra
[12/2/2019 0:8:36] /m hytra
[12/2/2019 0:8:36] /m hytra
[12/2/2019 0:8:37] /m hytra
[12/2/2019 0:8:37] /m hytra
[12/2/2019 0:8:37] /m hytra
[12/2/2019 0:8:37] /m hytra
[12/2/2019 0:8:38] /m hytra
[12/2/2019 0:8:38] /m hytra
[12/2/2019 0:8:56] /m hytra
[12/2/2019 0:8:57] /m hytra
[12/2/2019 0:8:57] /m hytra
[12/2/2019 0:8:57] /m hytra
[12/2/2019 0:8:57] /m hytra
[12/2/2019 0:8:57] /m hytra
[12/2/2019 0:8:58] /m hytra
[12/2/2019 0:8:58] /m hytra
[12/2/2019 0:8:58] /m hytra
[12/2/2019 0:8:58] /m hytra
[12/2/2019 0:8:58] /m hytra
[12/2/2019 0:8:59] /m hytra
[12/2/2019 0:8:59] /m hytra
[12/2/2019 0:8:59] /m hytra
[12/2/2019 0:8:59] /m hytra
[12/2/2019 0:8:59] /m hytra
[12/2/2019 0:8:59] /m hytra
[12/2/2019 0:9:0] /m hytra
[12/2/2019 0:9:0] /m hytra
[12/2/2019 0:9:0] /m hytra
[12/2/2019 0:9:0] /m hytra
[12/2/2019 0:9:0] /m hytra
[12/2/2019 0:9:1] /m hytra
[12/2/2019 0:9:1] /m hytra
[12/2/2019 0:9:1] /m hytra
[12/2/2019 0:9:1] /m hytra
[12/2/2019 0:9:1] /m hytra
[12/2/2019 0:9:2] /m hytra
[12/2/2019 0:9:2] /m hytra
[12/2/2019 0:9:2] /m hytra
[12/2/2019 0:9:2] /m hytra
[12/2/2019 0:9:2] /m hytra
[12/2/2019 0:9:3] /m hytra
[12/2/2019 0:9:3] /m hytra
[12/2/2019 0:9:3] /m hytra
[12/2/2019 0:9:3] /m hytra
[12/2/2019 0:9:3] /m hytra
[12/2/2019 0:9:4] /m hytra
[12/2/2019 0:9:4] /m hytra
[12/2/2019 0:9:4] /m hytra
[12/2/2019 0:9:4] /m hytra
[12/2/2019 0:9:4] /m hytra
[12/2/2019 0:9:5] /m hytra
[12/2/2019 0:9:5] /m hytra
[12/2/2019 0:9:5] /m hytra
[12/2/2019 0:9:5] /m hytra
[12/2/2019 0:9:5] /m hytra
[12/2/2019 0:9:6] /m hytra
[12/2/2019 0:9:6] /m hytra
[12/2/2019 0:9:6] /m hytra
[12/2/2019 0:9:6] /m hytra
[12/2/2019 0:9:6] /m hytra
[12/2/2019 0:9:7] /m hytra
[12/2/2019 0:9:7] /m hytra
[12/2/2019 0:9:7] /m hytra
[12/2/2019 0:9:7] /m hytra
[12/2/2019 0:9:7] /m hytra
[12/2/2019 0:9:7] /m hytra
[12/2/2019 0:9:8] /m hytra
[12/2/2019 0:9:8] /m hytra
[12/2/2019 0:9:8] /m hytra
[12/2/2019 0:9:8] /m hytra
[12/2/2019 0:9:8] /m hytra
[12/2/2019 0:9:9] /m hytra
[12/2/2019 0:9:9] /m hytra
[12/2/2019 0:9:9] /m hytra
[12/2/2019 0:9:9] /m hytra
[12/2/2019 0:9:9] /m hytra
[12/2/2019 0:9:9] /m hytra
[12/2/2019 0:9:10] /m hytra
[12/2/2019 0:9:10] /m hytra
[12/2/2019 0:9:10] /m hytra
[12/2/2019 0:9:10] /m hytra
[12/2/2019 0:9:10] /m hytra
[12/2/2019 0:9:11] /m hytra
[12/2/2019 0:9:11] /m hytra
[12/2/2019 0:9:11] /m hytra
[12/2/2019 0:9:11] /m hytra
[12/2/2019 0:9:11] /m hytra
[12/2/2019 0:9:12] /m hytra
[12/2/2019 0:9:12] /m hytra
[12/2/2019 0:9:12] /m hytra
[12/2/2019 0:9:12] /m hytra
[12/2/2019 0:9:12] /m hytra
[12/2/2019 0:9:12] /m hytra
[12/2/2019 0:9:13] /m hytra
[12/2/2019 0:9:13] /m hytra
[12/2/2019 0:9:13] /m hytra
[12/2/2019 0:9:13] /m hytra
[12/2/2019 0:9:13] /m hytra
[12/2/2019 0:9:14] /m hytra
[12/2/2019 0:9:14] /m hytra
[12/2/2019 0:9:14] /m hytra
[12/2/2019 0:9:14] /m hytra
[12/2/2019 0:9:14] /m hytra
[12/2/2019 0:9:14] /m hytra
[12/2/2019 0:9:15] /m hytra
[12/2/2019 0:9:15] /m hytra
[12/2/2019 0:9:15] /m hytra
[12/2/2019 0:9:15] /m hytra
[12/2/2019 0:9:15] /m hytra
[12/2/2019 0:9:16] /m hytra
[12/2/2019 0:9:16] /m hytra
[12/2/2019 0:9:16] /m hytra
[12/2/2019 0:9:16] /m hytra
[12/2/2019 0:9:16] /m hytra
[12/2/2019 0:9:16] /m hytra
[12/2/2019 0:9:17] /m hytra
[12/2/2019 0:9:17] /m hytra
[12/2/2019 0:9:17] /m hytra
[12/2/2019 0:9:17] /m hytra
[12/2/2019 0:9:17] /m hytra
[12/2/2019 0:9:18] /m hytra
[12/2/2019 0:9:18] /m hytra
[12/2/2019 0:9:18] /m hytra
[12/2/2019 0:9:18] /m hytra
[12/2/2019 0:9:18] /m hytra
[12/2/2019 0:9:19] /m hytra
[12/2/2019 0:9:19] /m hytra
[12/2/2019 0:9:19] /m hytra
[12/2/2019 0:9:19] /m hytra
[12/2/2019 0:9:20] /m hytra
[12/2/2019 0:9:20] /m hytra
[12/2/2019 0:9:20] /m hytra
[12/2/2019 0:9:20] /m hytra
[12/2/2019 0:9:20] /m hytra
[12/2/2019 0:9:20] /m hytra
[12/2/2019 0:9:21] /m hytra
[12/2/2019 0:9:21] /m hytra
[12/2/2019 0:9:21] /m hytra
[12/2/2019 0:9:21] /m hytra
[12/2/2019 0:9:22] /m hytra
[12/2/2019 0:9:22] /m hytra
[12/2/2019 0:9:22] /m hytra
[12/2/2019 0:9:22] /m hytra
[12/2/2019 0:9:22] /m hytra
[12/2/2019 0:9:23] /m hytra
[12/2/2019 0:9:23] /m hytra
[12/2/2019 0:9:23] /m hytra
[12/2/2019 0:9:23] /m hytra
[12/2/2019 0:9:23] /m hytra
[12/2/2019 0:9:23] /m hytra
[12/2/2019 0:9:24] /m hytra
[12/2/2019 0:9:24] /m hytra
[12/2/2019 0:9:24] /m hytra
[12/2/2019 0:9:24] /m hytra
[12/2/2019 0:9:24] /m hytra
[12/2/2019 0:9:25] /m hytra
[12/2/2019 0:9:25] /m hytra
[12/2/2019 0:9:25] /m hytra
[12/2/2019 0:9:25] /m hytra
[12/2/2019 0:9:25] /m hytra
[12/2/2019 0:9:26] /m hytra
[12/2/2019 0:9:26] /m hytra
[12/2/2019 0:9:26] /m hytra
[12/2/2019 0:9:26] /m hytra
[12/2/2019 0:9:26] /m hytra
[12/2/2019 0:9:27] /m hytra
[12/2/2019 0:9:27] /m hytra
[12/2/2019 0:9:27] /m hytra
[12/2/2019 0:11:6] /town carlin
[12/2/2019 0:11:7] /c feos
[12/2/2019 0:12:16] /addskill feos,mlvl,1
[12/2/2019 0:12:19] /addskill feos,mlvl,1
[12/2/2019 0:12:54] /goto feos
[12/2/2019 0:12:56] /i blue legs
[12/2/2019 0:13:14] /m demon
[12/2/2019 10:33:47] /openserver
[12/2/2019 10:33:49] /town darashia
[12/2/2019 10:33:50] /down 6
[12/2/2019 10:33:55] /town rookgaard
[12/2/2019 10:33:57] /town 12
[12/2/2019 10:34:28] /down
[12/2/2019 10:48:39] /goto captain bluebear
[12/2/2019 10:48:50] /a 50
[12/2/2019 10:48:50] /a 50
[12/2/2019 10:48:51] /a 50
[12/2/2019 10:48:52] /a 50
[12/2/2019 10:48:53] /a 50
[12/2/2019 10:58:11] /a 5
[12/2/2019 10:58:12] /a 5
[12/2/2019 10:58:12] /a 5
[12/2/2019 10:58:13] /a 5
[12/2/2019 10:58:13] /a 5
[12/2/2019 10:58:14] /a 5
[12/2/2019 10:58:14] /a 5
[12/2/2019 10:58:14] /a 5
[12/2/2019 10:58:15] /a 5
[12/2/2019 10:58:15] /a 5
[12/2/2019 10:58:16] /a 5
[12/2/2019 10:58:16] /a 5
[12/2/2019 10:58:17] /a 5
[12/2/2019 10:58:17] /a 5
[12/2/2019 10:58:18] /a 5
[12/2/2019 10:58:19] /a 5\
[12/2/2019 10:58:23] /t
[12/2/2019 11:3:1] /goto feos
[12/2/2019 11:3:4] /i sudden death rune
[12/2/2019 11:3:6] /i 1999
[12/2/2019 11:3:8] /i sudden death rune
[12/2/2019 11:3:8] /i sudden death rune
[12/2/2019 11:3:9] /i sudden death rune
[12/2/2019 11:3:9] /i sudden death rune
[12/2/2019 11:3:10] /i sudden death rune
[12/2/2019 11:3:10] /i sudden death rune
[12/2/2019 11:3:10] /i sudden death rune
[12/2/2019 11:3:11] /i sudden death rune
[12/2/2019 11:3:11] /i sudden death rune
[12/2/2019 11:3:11] /i sudden death rune
[12/2/2019 11:3:12] /i sudden death rune
[12/2/2019 11:3:12] /i sudden death rune
[12/2/2019 11:3:13] /i sudden death rune
[12/2/2019 11:3:13] /i sudden death rune
[12/2/2019 11:3:13] /i sudden death rune
[12/2/2019 11:3:14] /i sudden death rune
[12/2/2019 11:3:14] /i sudden death rune
[12/2/2019 11:3:15] /i sudden death rune
[12/2/2019 11:3:15] /i sudden death rune
[12/2/2019 11:3:15] /i sudden death rune
[12/2/2019 11:3:42] /light
[12/2/2019 11:3:43] /light
[12/2/2019 11:5:53] /reload talkactions
[12/2/2019 11:7:47] /reload talkactions
[12/2/2019 11:9:1] /reload talkactions
[12/2/2019 11:9:23] /reload talkactions
[12/2/2019 11:9:25] /lux
[12/2/2019 11:9:26] /lux
[12/2/2019 11:10:21] /reload talkactions
[12/2/2019 11:15:20] /c feos
[12/2/2019 13:43:57] /openserver
[12/2/2019 15:56:7] /goto sea serpent
[12/2/2019 15:56:11] /lux
[12/2/2019 15:57:49] /down
[12/2/2019 15:57:57] /up
[12/2/2019 16:11:3] /goto maxmen
[12/2/2019 16:11:5] /r
[12/2/2019 16:15:0] /goto maxmen
[12/2/2019 16:15:5] /goto bedurek
[12/2/2019 16:15:33] /c feos
[12/2/2019 16:21:14] /goto feos
[12/2/2019 16:21:15] /c bedurek
[12/2/2019 16:21:16] /ghost
[12/2/2019 16:21:17] /ghost
[12/2/2019 16:33:34] /r
[12/2/2019 16:33:37] /r
[12/2/2019 16:50:26] /town 10
[12/2/2019 16:50:31] /i 2458
[12/2/2019 16:50:34] /i 2458
[12/2/2019 16:50:35] /i 2458
[12/2/2019 16:50:41] /i 2639
[12/2/2019 16:50:51] /i 2660
[12/2/2019 16:50:54] /i 2663
[12/2/2019 16:51:49] /t
[12/2/2019 18:11:43] /goto nied~
[12/2/2019 18:12:4] /goto genex
[12/2/2019 18:22:29] /goto toskafa ek
[12/2/2019 18:22:47] /goto genex
[12/2/2019 18:35:50] /goto toska~
[12/2/2019 18:35:53] /i crown amror
[12/2/2019 18:35:56] /i crown armor
[12/2/2019 18:35:57] /i crown armor
[12/2/2019 18:35:58] /i crown armor
[12/2/2019 18:36:0] /i crown armor
[12/2/2019 18:36:2] /i crown legs
[12/2/2019 18:36:4] /i crown helmet
[12/2/2019 18:36:6] /i crown shield
[12/2/2019 18:36:10] /goto ge~
[12/2/2019 19:7:39] /town 10
[12/2/2019 19:7:42] /c genex
[12/2/2019 19:7:45] /c genex
[12/2/2019 19:7:46] /lux
[12/2/2019 19:7:48] /c genex
[12/2/2019 19:7:49] /c genex
[12/2/2019 19:7:55] /c genex
[12/2/2019 19:9:2] /c genex
[12/2/2019 19:9:4] /c genex
[12/2/2019 19:10:0] /c genex
[12/2/2019 19:10:10] /c genex
[12/2/2019 19:11:31] /s morgaroth
[12/2/2019 19:11:47] /m orshabaal
[12/2/2019 19:11:51] /r
[12/2/2019 19:11:54] /c genex
[12/2/2019 19:11:55] /c genex
[12/2/2019 19:12:3] /addskill genex,lvl,1
[12/2/2019 19:12:5] /addskill genex,mlvl,2
[12/2/2019 19:12:15] /i scroll of blessing
[12/2/2019 19:12:18] /i scroll of instant blessing
[12/2/2019 19:12:22] /i rashid scroll
[12/2/2019 19:12:29] /i scroll of rahsi
[12/2/2019 19:12:30] /i scroll of rashid
[12/2/2019 19:12:39] /i postman scroll
[12/2/2019 19:12:45] /town edron
[12/2/2019 19:12:51] /up
[12/2/2019 19:12:54] /c genex
[12/2/2019 19:12:56] /c genex
[12/2/2019 19:25:50] /goto genex
[12/2/2019 19:25:52] /goto genex
[12/2/2019 19:29:9] /i magma shield
[12/2/2019 19:32:39] /town 10
[12/2/2019 19:32:54] /goto toska~
[12/2/2019 19:32:56] /goto toskafka ek
[12/2/2019 19:32:58] /goto genex
[12/2/2019 19:33:25] /m hero
[12/2/2019 19:34:27] /m hero
[12/2/2019 19:34:36] /r
[12/2/2019 19:36:17] /t
[12/2/2019 19:36:18] /town thais
[12/2/2019 19:36:32] /goto szejku~
[12/2/2019 19:36:34] /i abyss mace
[12/2/2019 19:36:41] /i abyss club
[12/2/2019 19:37:0] /i 1998
[12/2/2019 19:45:42] /goto szejku~
[12/2/2019 19:47:11] /reload monster
[12/2/2019 19:47:14] /goto szejku~
[12/2/2019 19:47:15] /m hydra
[12/2/2019 19:48:4] /reload monster
[12/2/2019 19:48:10] /m hydra
[12/2/2019 19:52:23] /reload monsters
[12/2/2019 19:52:25] /m hydra
[12/2/2019 19:52:44] /goto szejku~
[12/2/2019 19:52:47] /m hydra
[12/2/2019 19:53:19] /r
[12/2/2019 19:53:21] /r
[12/2/2019 19:53:23] /reload monsters
[12/2/2019 19:53:24] /m hydra
[12/2/2019 19:53:26] /m hydra
[12/2/2019 19:53:31] /i 1041
[12/2/2019 19:56:23] /reload monsters
[12/2/2019 19:56:24] /m demon
[12/2/2019 19:57:1] /r
[12/2/2019 19:57:2] /reload monster
[12/2/2019 19:57:4] /m demon
[12/2/2019 19:57:34] /r
[12/2/2019 19:57:36] /b server save
[12/2/2019 19:57:42] /goto genex
[12/2/2019 19:57:45] /up
[12/2/2019 19:57:45] /up
[12/2/2019 19:57:48] /c genex~
[12/2/2019 19:57:50] /goto bedurek
[12/2/2019 19:57:54] /addskill Bedurek,lvl,2
[12/2/2019 19:57:57] /addskill Bedurek,distance,3
[12/2/2019 19:58:0] /addskill Bedurek,mlvl,1
[12/2/2019 19:58:15] /b global save
[12/2/2019 19:58:16] /goto genex
[12/2/2019 19:58:16] /save
[12/2/2019 20:0:1] /openserver
[12/2/2019 20:7:21] /openserver
[12/2/2019 20:12:54] /save
[12/2/2019 20:12:57] /reload config
[12/2/2019 20:13:0] /goto bedu~
[12/2/2019 20:13:8] /m troll
[12/2/2019 20:13:31] /reload config
[12/2/2019 20:13:32] /m troll
[12/2/2019 20:13:58] /reload config
[12/2/2019 20:14:2] /m troll
[12/2/2019 20:18:19] /goto bedurek
[12/2/2019 20:19:6] /m hydra
[12/2/2019 20:19:11] /m hytra
[12/2/2019 20:19:12] /m hytra
[12/2/2019 20:21:42] /reload monsters
[12/2/2019 20:22:0] /m frost dragon
[12/2/2019 20:45:31] /goto sze~
[12/2/2019 20:47:25] /c szejku~
[12/2/2019 20:47:27] /r
[12/2/2019 20:50:2] /addskill Syn Bedurka,mlvl,38
[12/2/2019 20:50:25] /n djinn master
[12/2/2019 20:50:29] /n xodet
[12/2/2019 20:51:12] /i 1515
[12/2/2019 20:51:13] /i 1515
[12/2/2019 20:51:14] /i 1515
[12/2/2019 20:51:18] /goto memento
[12/2/2019 20:51:47] /i 1998
[12/2/2019 20:52:20] /i 1998
[12/2/2019 20:52:48] /i 1998
[12/2/2019 20:53:20] /down
[12/2/2019 20:53:40] /owner nobody
[12/2/2019 20:55:7] /owner Syn Bedurka
[12/2/2019 20:55:12] /c syn bedurka
[12/2/2019 20:55:18] /goto bedurek
[12/2/2019 20:55:22] /goto syn bedurka
[12/2/2019 20:55:29] /goto bedurek
[12/2/2019 20:55:31] /c syn bedurka
[12/2/2019 20:55:34] /goto thais
[12/2/2019 20:55:37] /goto memento
[12/2/2019 20:56:24] /i 1998
[12/2/2019 20:56:25] /owner Nobody
[12/2/2019 20:56:37] /owner Nobody
[12/2/2019 20:58:32] /goto bedurek
[12/2/2019 20:58:42] /goto stac~
[12/2/2019 21:1:12] /goto bedurek
[12/2/2019 21:1:17] /i sudden death rune
[12/2/2019 21:1:18] /i sudden death rune
[12/2/2019 21:1:19] /i sudden death rune
[12/2/2019 21:1:21] /i sudden death rune
[12/2/2019 21:1:24] /i sudden death rune
[12/2/2019 21:1:26] /i sudden death rune
[12/2/2019 21:11:12] /goto syn~
[12/2/2019 22:19:36] /c feos
[12/2/2019 22:19:44] /addskill feos,mlvl,1
[12/2/2019 22:29:32] /goto maxmen
[12/2/2019 22:32:12] /goto maxmen
[12/2/2019 22:32:17] /up
[12/2/2019 22:32:28] /c maxmen
[12/2/2019 22:33:23] /i outfit doll
[12/2/2019 23:12:4] /goto memento
[12/2/2019 23:12:8] /goto maxmen
[12/2/2019 23:12:12] /town 12
[12/2/2019 23:12:12] /c maxmen
[12/2/2019 23:12:14] /c maxmen
[12/2/2019 23:12:15] /c maxmen
[12/2/2019 23:12:16] /c maxmen
[12/2/2019 23:12:16] /c maxmen
[12/2/2019 23:12:17] /c maxmen
[12/2/2019 23:12:18] /c maxmen
[12/2/2019 23:12:18] /c maxmen
[12/2/2019 23:12:22] /owner Maxmen
[12/2/2019 23:13:18] /i ferumbras armor
[12/2/2019 23:13:38] /i demon legs
[12/2/2019 23:13:57] /i demon helmet
[12/2/2019 23:14:2] /i magic long sword
[12/2/2019 23:14:5] /i magiclong sword
[12/2/2019 23:14:8] /i magic longsword
[12/2/2019 23:14:40] /addskill Maxmen,sword,20
[12/2/2019 23:18:47] /i amulet of loss,1
[12/2/2019 23:18:50] /i amulet of loss,1
[12/2/2019 23:18:54] /n grizzly adams
[12/2/2019 23:19:30] /r
[12/2/2019 23:19:33] /r
[13/2/2019 0:42:48] /goto toskafa~
[13/2/2019 0:43:0] /i ice sword
[13/2/2019 0:43:26] /i ice sword
[13/2/2019 0:43:42] /i magic sword
[13/2/2019 0:43:53] /i mastermind shield
[13/2/2019 0:44:13] /i demon armor
[13/2/2019 0:44:19] /i demon legs
[13/2/2019 0:44:22] /i demon helmet
[13/2/2019 0:44:34] /addskill Toskafa Ek,sword,30
[13/2/2019 0:45:35] /reload movements
[13/2/2019 0:45:37] /c toskafa~
[13/2/2019 0:45:58] /i 1998
[13/2/2019 0:47:18] /i small sword
[13/2/2019 0:48:7] /i 2196
[13/2/2019 0:49:23] /addskill Toskafa Ek,club,90
[13/2/2019 0:50:3] /s dragon
[13/2/2019 0:50:32] /i unsocketed magic sword
[13/2/2019 0:51:21] /addskill toskafa ek,mlvl,4
[13/2/2019 0:51:26] /m dragon
[13/2/2019 0:55:58] /goto toskafa~
[13/2/2019 0:56:4] /addskill toskafa ek,shielding,25
[13/2/2019 1:3:44] /goto toska~
[13/2/2019 1:3:59] /town venore
[13/2/2019 1:4:0] /c toska~
[13/2/2019 1:4:3] /goto genex
[13/2/2019 1:4:46] /n djinn master
[13/2/2019 1:48:12] /i magic sword
[13/2/2019 1:48:17] /i great axe
[13/2/2019 1:53:11] /goto genex
[13/2/2019 2:5:14] /goto genex
[13/2/2019 2:11:55] /t
[13/2/2019 2:29:4] /goto genex
[13/2/2019 2:30:36] /i outfit doll
[13/2/2019 10:59:17] /openserver
[13/2/2019 10:59:18] /town 12
[13/2/2019 10:59:30] /lux
[13/2/2019 10:59:32] /a 5
[13/2/2019 11:0:8] /t
[13/2/2019 11:0:11] /town 15
[13/2/2019 11:0:13] /town 14
[13/2/2019 11:0:15] /town 16
[13/2/2019 11:0:16] /town 13
[13/2/2019 11:0:23] /a 50
[13/2/2019 11:0:27] /down
[13/2/2019 11:0:28] /down
[13/2/2019 11:0:32] /a 5
[13/2/2019 11:0:32] /a 5
[13/2/2019 11:0:33] /a 5
[13/2/2019 11:0:33] /a 5
[13/2/2019 11:0:34] /a 5
[13/2/2019 11:0:34] /a 5
[13/2/2019 11:0:35] /a 5
[13/2/2019 11:0:37] /r
[13/2/2019 11:0:38] /r
[13/2/2019 11:0:39] /r
[13/2/2019 11:0:39] /r
[13/2/2019 11:1:8] /t
[13/2/2019 11:7:12] /goto syn~
[13/2/2019 11:8:35] /save
[13/2/2019 11:13:15] /openserver
[13/2/2019 11:14:23] /openserver
[13/2/2019 11:40:19] /goto girls beater
[13/2/2019 11:42:15] /lux
[13/2/2019 11:47:34] /i oriental shoes
[13/2/2019 11:48:20] /i ring of healing
[13/2/2019 11:48:28] /goto chillin
[13/2/2019 11:49:49] /i vampire shield
[13/2/2019 11:52:24] /town 10
[13/2/2019 11:52:25] /c chil~
[13/2/2019 11:52:28] /c chil~
[13/2/2019 11:52:30] /c chil~
[13/2/2019 11:52:32] /c chil~
[13/2/2019 11:52:33] /c chil~
[13/2/2019 11:52:34] /c chil~
[13/2/2019 11:52:40] /a 15
[13/2/2019 11:52:41] /c chil~\
[13/2/2019 11:52:42] /c chil~
[13/2/2019 11:52:50] /c chil~
[13/2/2019 11:53:1] /c chil~
[13/2/2019 11:53:11] /c chil~
[13/2/2019 11:53:15] /c chil~
[13/2/2019 11:53:17] /c chil~
[13/2/2019 11:53:33] /town 11
[13/2/2019 11:53:37] /c chil~
[13/2/2019 11:53:42] /addskill chillin,lvl,1
[13/2/2019 11:53:43] /n the oracle
[13/2/2019 12:2:39] /goto chillin
[13/2/2019 12:2:52] /i infernal bolt
[13/2/2019 12:3:5] /i crossbow
[13/2/2019 12:3:14] /addskill chillin,distance,25
[13/2/2019 12:3:17] /m rotworm
[13/2/2019 12:3:23] /m rotworm
[13/2/2019 12:3:23] /m rotworm
[13/2/2019 12:3:38] /m rotworm
[13/2/2019 12:3:44] /m rotworm
[13/2/2019 12:3:49] /m rotworm
[13/2/2019 12:22:23] /goto chil~
[13/2/2019 12:22:25] /i bolt
[13/2/2019 12:22:26] /i bolt
[13/2/2019 12:22:29] /i bolt
[13/2/2019 12:22:35] /lux
[13/2/2019 12:22:58] /i scroll of exp booster
[13/2/2019 12:23:1] /i exp booster
[13/2/2019 12:23:6] /i scroll of exp
[13/2/2019 12:23:7] /i scroll of exp boost
[13/2/2019 12:23:8] /i scroll of exp booster
[13/2/2019 12:23:37] /i 5540
[13/2/2019 12:23:45] /goto chil~
[13/2/2019 12:23:48] /i 5540
[13/2/2019 12:23:55] /m ghoul
[13/2/2019 12:37:2] /goto girls~
[13/2/2019 12:42:15] /goto chil~
[13/2/2019 12:42:17] /goto chil~
[13/2/2019 12:42:44] /c chil~
[13/2/2019 12:43:36] /town carlin
[13/2/2019 12:43:38] /c girl~
[13/2/2019 12:43:39] /c chi~
[13/2/2019 12:51:17] /goto chil~
[13/2/2019 12:51:24] /goto gi~
[13/2/2019 13:10:19] /goto chillin
[13/2/2019 13:10:36] /i assassin star
[13/2/2019 13:10:39] /i assassin star
[13/2/2019 13:10:40] /i assassin star
[13/2/2019 13:10:41] /i assassin star
[13/2/2019 13:27:3] /goto maxmen
[13/2/2019 14:50:9] /goto uhaheh
[13/2/2019 14:50:33] /addskill uhaheh,lvl,3
[13/2/2019 15:11:34] /goto toska~
[13/2/2019 15:11:43] /n xodet
[13/2/2019 15:11:45] /n xodet
[13/2/2019 15:12:12] /r
[13/2/2019 15:19:42] /ghost
[13/2/2019 15:19:44] /goto memento
[13/2/2019 15:19:57] /goto memento
[13/2/2019 15:24:8] /raid snakez
[13/2/2019 15:24:10] /goto trzepane~
[13/2/2019 15:24:51] /n the oracle
[13/2/2019 15:27:22] /reload config
[13/2/2019 15:27:27] /b Skill frenzy event 
[13/2/2019 15:27:31] /b all skills x4!
[13/2/2019 15:39:38] /goto feos
[13/2/2019 15:39:39] /i blue robe
[13/2/2019 15:39:40] /i blue robe
[13/2/2019 15:39:42] /i blue robe
[13/2/2019 15:39:52] /i lizards wisdom spellbook
[13/2/2019 15:39:58] /i lizard knowledge spellbook
[13/2/2019 15:40:12] /i skull cracker armor
[13/2/2019 15:40:16] /i skullcracker armor
[13/2/2019 15:40:33] /i bluel egs
[13/2/2019 15:40:37] /i blue legs
[13/2/2019 15:40:41] /i oriental shoes
[13/2/2019 15:40:43] /i oriental shoes
[13/2/2019 15:43:12] /i blue legs
[13/2/2019 15:43:23] /s demon
[13/2/2019 15:43:29] /addskill feos,lvl,1
[13/2/2019 15:43:35] /ghost
[13/2/2019 15:43:36] /ghost
[13/2/2019 15:43:40] /goto bedurek
[13/2/2019 15:43:49] /addskill feos,bedurek,lvl,1
[13/2/2019 15:43:54] /addskill bedurek,lvl,1
[13/2/2019 15:44:14] /t
[13/2/2019 15:47:37] /goto maxmen
[13/2/2019 15:48:14] /n grizzly adams
[13/2/2019 15:48:16] /ghost
[13/2/2019 15:49:28] /c maxmen
[13/2/2019 15:49:33] /n grizzly adams
[13/2/2019 15:49:44] /i heavy magic missile
[13/2/2019 15:49:49] /i heavy magic missile rune
[13/2/2019 15:49:57] /addskill maxmen,mlvl,4
[13/2/2019 15:50:7] /i 2273
[13/2/2019 15:50:21] /r
[13/2/2019 15:51:21] /goto bedurek
[13/2/2019 15:51:23] /i 2273
[13/2/2019 15:51:24] /i 2273
[13/2/2019 15:51:24] /i 2273
[13/2/2019 15:51:25] /i 2273
[13/2/2019 15:51:25] /i 2273
[13/2/2019 15:51:25] /i 2273
[13/2/2019 15:51:30] /i uh backpack
[13/2/2019 15:51:31] /i 2273
[13/2/2019 15:51:32] /i 2273
[13/2/2019 15:51:32] /i 2273
[13/2/2019 17:48:47] /reload config
[13/2/2019 17:48:50] /goto toska~
[13/2/2019 17:49:0] /goto maxmen
[13/2/2019 17:49:6] /lux
[13/2/2019 17:49:12] /goto toska~
[13/2/2019 18:46:52] /goto bedurek
[13/2/2019 18:47:8] /i sd backpack
[13/2/2019 18:47:11] /i sudden death rune
[13/2/2019 18:47:12] /i sudden death rune
[13/2/2019 18:47:13] /i sudden death rune
[13/2/2019 18:47:14] /i sudden death rune
[13/2/2019 18:47:15] /i sd backpack
[13/2/2019 18:47:15] /i sd backpack
[13/2/2019 18:47:16] /i sd backpack
[13/2/2019 18:47:16] /i sd backpack
[13/2/2019 18:47:16] /i sd backpack
[13/2/2019 18:47:17] /i sd backpack
[13/2/2019 18:47:17] /i sd backpack
[13/2/2019 18:47:17] /i sd backpack
[13/2/2019 18:47:18] /i sd backpack
[13/2/2019 18:47:18] /i sd backpack
[13/2/2019 18:47:25] /i sudden death rune
[13/2/2019 18:47:26] /i sudden death rune
[13/2/2019 18:47:26] /i sudden death rune
[13/2/2019 18:47:27] /i sudden death rune
[13/2/2019 18:47:27] /i sudden death rune
[13/2/2019 18:47:27] /i sudden death rune
[13/2/2019 18:47:28] /i sudden death rune
[13/2/2019 18:47:28] /i sudden death rune
[13/2/2019 18:47:28] /i sudden death rune
[13/2/2019 18:47:29] /i sudden death rune
[13/2/2019 18:47:38] /i sd backpack
[13/2/2019 18:47:39] /i sudden death rune
[13/2/2019 18:47:39] /i sudden death rune
[13/2/2019 18:47:40] /i sudden death rune
[13/2/2019 18:47:40] /i sudden death rune
[13/2/2019 18:47:41] /i sudden death rune
[13/2/2019 18:48:1] /i ultimate healing rune
[13/2/2019 18:48:2] /i ultimate healing rune
[13/2/2019 18:48:2] /i ultimate healing rune
[13/2/2019 18:48:2] /i ultimate healing rune
[13/2/2019 18:48:2] /i ultimate healing rune
[13/2/2019 18:48:2] /i ultimate healing rune
[13/2/2019 18:48:2] /i ultimate healing rune
[13/2/2019 18:48:2] /i ultimate healing rune
[13/2/2019 18:48:2] /i ultimate healing rune
[13/2/2019 18:48:2] /i ultimate healing rune
[13/2/2019 18:48:2] /i ultimate healing rune
[13/2/2019 18:48:2] /i ultimate healing rune
[13/2/2019 18:48:2] /i ultimate healing rune
[13/2/2019 18:48:2] /i ultimate healing rune
[13/2/2019 18:48:2] /i ultimate healing rune
[13/2/2019 18:48:2] /i ultimate healing rune
[13/2/2019 18:48:2] /i ultimate healing rune
[13/2/2019 18:48:6] /i uh backpack
[13/2/2019 18:48:7] /i uh backpack
[13/2/2019 18:48:28] /i uh backpackexori
[13/2/2019 18:50:38] /goto genex
[13/2/2019 18:50:57] /c feos
[13/2/2019 18:51:3] /goto nielson
[13/2/2019 18:51:33] /goto feos
[13/2/2019 18:51:36] /m frost dragon
[13/2/2019 18:52:5] /m frost dragon
[13/2/2019 18:52:8] /goto bedurek
[13/2/2019 18:53:1] /i glacier wand
[13/2/2019 18:53:3] /i glacier rod
[13/2/2019 18:53:48] /goto genex
[13/2/2019 18:53:52] /c feos
[13/2/2019 18:53:53] /goto nielson
[13/2/2019 18:53:54] /c feon
[13/2/2019 18:53:55] /c genex
[13/2/2019 18:53:57] /c feos
[13/2/2019 18:54:2] /r
[13/2/2019 18:54:4] /r
[13/2/2019 18:54:5] /t
[13/2/2019 18:54:6] /c genex
[13/2/2019 19:9:55] /goto syn bedurka
[13/2/2019 19:17:22] /goto bedurek
[13/2/2019 19:20:56] /goto bedurek
[13/2/2019 19:22:11] /t
[13/2/2019 19:22:31] /goto julia
[13/2/2019 19:23:8] /goto captain bluebear
[13/2/2019 19:23:12] /c julia
[13/2/2019 19:51:13] /goto bedurek
[13/2/2019 19:51:58] /i infernal bolt
[13/2/2019 19:52:7] /i arbalest
[13/2/2019 19:52:15] /m serpent spawn
[13/2/2019 21:3:40] /goto megapower
[13/2/2019 21:3:58] /goto megapower
[13/2/2019 21:4:15] /i great fireball rune
[13/2/2019 21:4:16] /i great fireball rune
[13/2/2019 21:4:16] /i great fireball rune
[13/2/2019 21:4:18] /i great fireball rune
[13/2/2019 21:4:24] /addskill megapower,mlvl,6
[13/2/2019 21:4:29] /i oriental shoes
[13/2/2019 21:26:41] /goto bedurek
[13/2/2019 21:26:44] /i sudden death rune
[13/2/2019 21:26:45] /i sudden death rune
[13/2/2019 21:26:47] /i sudden death rune
[13/2/2019 21:26:47] /i sudden death rune
[13/2/2019 21:26:47] /i sudden death rune
[13/2/2019 21:26:47] /i sudden death rune
[13/2/2019 21:26:47] /i sudden death rune
[13/2/2019 21:26:48] /i sudden death rune
[13/2/2019 21:26:48] /i sudden death rune
[13/2/2019 21:26:48] /i sudden death rune
[13/2/2019 21:26:48] /i sudden death rune
[13/2/2019 21:26:48] /i sudden death rune
[13/2/2019 21:26:48] /i sudden death rune
[13/2/2019 21:26:48] /i sudden death rune
[13/2/2019 21:26:48] /i sudden death rune
[13/2/2019 21:26:48] /i sudden death rune
[13/2/2019 21:26:48] /i sudden death rune
[13/2/2019 21:26:48] /i sudden death rune
[13/2/2019 21:26:48] /i sudden death rune
[13/2/2019 21:26:48] /i sudden death rune
[13/2/2019 21:26:48] /i sudden death rune
[13/2/2019 21:26:48] /i sudden death rune
[13/2/2019 21:26:48] /i sudden death rune
[13/2/2019 21:26:48] /i sudden death rune
[13/2/2019 21:26:48] /i sudden death rune
[13/2/2019 21:26:48] /i sudden death rune
[13/2/2019 21:26:48] /i sudden death rune
[13/2/2019 21:26:48] /i sudden death rune
[13/2/2019 21:26:48] /i sudden death rune
[13/2/2019 21:26:48] /i sudden death rune
[13/2/2019 21:26:48] /i sudden death rune
[13/2/2019 21:26:48] /i sudden death rune
[13/2/2019 21:26:48] /i sudden death rune
[13/2/2019 21:26:48] /i sudden death rune
[13/2/2019 21:26:48] /i sudden death rune
[13/2/2019 21:26:48] /i sudden death rune
[13/2/2019 21:26:49] /i sudden death rune
[13/2/2019 21:26:49] /i sudden death rune
[13/2/2019 21:26:49] /i sudden death rune
[13/2/2019 21:26:49] /i sudden death rune
[13/2/2019 21:26:49] /i sudden death rune
[13/2/2019 21:26:49] /i sudden death rune
[13/2/2019 21:26:49] /i sudden death rune
[13/2/2019 21:26:49] /i sudden death rune
[13/2/2019 21:26:49] /i sudden death rune
[13/2/2019 21:26:49] /i sudden death rune
[13/2/2019 21:26:49] /i sudden death rune
[13/2/2019 21:26:49] /i sudden death rune
[13/2/2019 21:26:49] /i sudden death rune
[13/2/2019 21:26:49] /i sudden death rune
[13/2/2019 21:26:49] /i sudden death rune
[13/2/2019 21:26:49] /i sudden death rune
[13/2/2019 21:26:49] /i sudden death rune
[13/2/2019 21:26:49] /i sudden death rune
[13/2/2019 21:26:49] /i sudden death rune
[13/2/2019 21:26:49] /i sudden death rune
[13/2/2019 21:26:49] /i sudden death rune
[13/2/2019 21:26:49] /i sudden death rune
[13/2/2019 21:26:49] /i sudden death rune
[13/2/2019 21:26:49] /i sudden death rune
[13/2/2019 21:26:49] /i sudden death rune
[13/2/2019 21:26:49] /i sudden death rune
[13/2/2019 21:26:49] /i sudden death rune
[13/2/2019 21:26:49] /i sudden death rune
[13/2/2019 21:26:49] /i sudden death rune
[13/2/2019 21:26:50] /i sudden death rune
[13/2/2019 21:26:50] /i sudden death rune
[13/2/2019 21:26:50] /i sudden death rune
[13/2/2019 21:26:50] /i sudden death rune
[13/2/2019 21:26:50] /i sudden death rune
[13/2/2019 21:26:50] /i sudden death rune
[13/2/2019 21:26:50] /i sudden death rune
[13/2/2019 21:26:50] /i sudden death rune
[13/2/2019 21:26:50] /i sudden death rune
[13/2/2019 21:26:50] /i sudden death rune
[13/2/2019 21:26:50] /i sudden death rune
[13/2/2019 21:26:50] /i sudden death rune
[13/2/2019 21:26:50] /i sudden death rune
[13/2/2019 21:26:50] /i sudden death rune
[13/2/2019 21:26:50] /i sudden death rune
[13/2/2019 21:26:50] /i sudden death rune
[13/2/2019 21:26:50] /i sudden death rune
[13/2/2019 21:26:50] /i sudden death rune
[13/2/2019 21:26:50] /i sudden death rune
[13/2/2019 21:26:50] /i sudden death rune
[13/2/2019 21:26:50] /i sudden death rune
[13/2/2019 21:26:50] /i sudden death rune
[13/2/2019 21:26:50] /i sudden death rune
[13/2/2019 21:26:50] /i sudden death rune
[13/2/2019 21:26:50] /i sudden death rune
[13/2/2019 21:26:50] /i sudden death rune
[13/2/2019 21:26:50] /i sudden death rune
[13/2/2019 21:26:50] /i sudden death rune
[13/2/2019 21:26:50] /i sudden death rune
[13/2/2019 21:26:51] /i sudden death rune
[13/2/2019 21:26:51] /i sudden death rune
[13/2/2019 21:26:51] /i sudden death rune
[13/2/2019 21:26:52] /i sudden death rune
[13/2/2019 21:26:52] /i sudden death rune
[13/2/2019 21:26:52] /i sudden death rune
[13/2/2019 21:26:52] /i sudden death rune
[13/2/2019 21:26:52] /i sudden death rune
[13/2/2019 21:26:53] /i sudden death rune
[13/2/2019 21:26:53] /i sudden death rune
[13/2/2019 21:26:53] /i sudden death rune
[13/2/2019 21:26:53] /i sudden death rune
[13/2/2019 21:26:53] /i sudden death rune
[13/2/2019 21:26:53] /i sudden death rune
[13/2/2019 21:26:54] /i sudden death rune
[13/2/2019 21:26:54] /i sudden death rune
[13/2/2019 21:26:54] /i sudden death rune
[13/2/2019 21:26:54] /i sudden death rune
[13/2/2019 21:26:55] /i sudden death rune
[13/2/2019 21:27:1] /i ultimate healing rune
[13/2/2019 21:27:1] /i ultimate healing rune
[13/2/2019 21:27:1] /i ultimate healing rune
[13/2/2019 21:27:1] /i ultimate healing rune
[13/2/2019 21:27:1] /i ultimate healing rune
[13/2/2019 21:27:1] /i ultimate healing rune
[13/2/2019 21:27:2] /i ultimate healing rune
[13/2/2019 21:27:2] /i ultimate healing rune
[13/2/2019 21:27:2] /i ultimate healing rune
[13/2/2019 21:27:2] /i ultimate healing rune
[13/2/2019 21:27:2] /i ultimate healing rune
[13/2/2019 21:27:3] /i ultimate healing rune
[13/2/2019 21:27:3] /i ultimate healing rune
[13/2/2019 21:27:3] /i ultimate healing rune
[13/2/2019 21:27:6] /i uh backpack
[13/2/2019 21:27:9] /i sd backpack
[13/2/2019 21:52:25] /goto bedurek
[13/2/2019 22:7:31] /goto bedurek
[13/2/2019 22:9:33] /goto bedurek
[13/2/2019 22:38:19] /goto maxmen
[13/2/2019 22:38:23] /goto toskafa~
[13/2/2019 22:54:41] /addskill feos,lvl,1
[14/2/2019 9:59:29] /addskill feos,mlvl,1
[14/2/2019 9:59:40] /goto feos
[14/2/2019 9:59:49] /m sea serpent
[14/2/2019 10:0:14] /m sea serpent
[14/2/2019 10:0:27] /addskill feos,lvl,1
[14/2/2019 10:0:29] /addskill feos,mlvl,1
[14/2/2019 10:0:41] /goto feos
[14/2/2019 10:0:51] /i 2160,10
[14/2/2019 10:50:40] /openserver
[14/2/2019 11:2:20] /openserver
[14/2/2019 11:3:42] /openserver
[14/2/2019 11:42:33] /openserver
[14/2/2019 11:42:54] /goto feos
[14/2/2019 11:42:56] /m sea serpent
[14/2/2019 11:44:23] /openserver
[14/2/2019 11:44:24] /openserver
[14/2/2019 11:44:24] /openserver
[14/2/2019 21:12:51] /goto pepinillo
[14/2/2019 21:12:58] /lux
[14/2/2019 21:13:20] /i scroll of golden account
[14/2/2019 21:13:23] /r
[14/2/2019 21:13:29] /lux
[14/2/2019 21:14:8] /i emberwing shield
[14/2/2019 21:14:11] /i featherwing shield
[14/2/2019 21:14:33] /lux
[14/2/2019 21:14:52] /goto bedurek
[14/2/2019 21:15:43] /i lizards knowledge spellbook
[14/2/2019 21:15:47] /i lizard knowledge spellbook
[14/2/2019 21:15:52] /i archer armor
[14/2/2019 21:16:13] /i demon armor
[14/2/2019 21:16:15] /i demon legs
[14/2/2019 21:16:17] /i demon helemt
[14/2/2019 21:16:20] /i demon helmet
[14/2/2019 21:16:26] /i hat of the mad
[14/2/2019 21:16:36] /i yalahari legs
[14/2/2019 21:16:40] /i yalahari legs
[14/2/2019 21:16:42] /i yalahar legs
[14/2/2019 21:16:46] /i yalahari armor
[14/2/2019 21:16:53] /i 5808
[14/2/2019 21:16:55] /i 5807
[14/2/2019 21:16:56] /i 5806
[14/2/2019 21:17:0] /i 5809
[14/2/2019 21:17:26] /i 5808
[14/2/2019 21:30:22] /goto pep~
[14/2/2019 21:31:45] /i demon armor
[14/2/2019 21:31:49] /i demon legs
[14/2/2019 21:31:51] /i demon helmet
[14/2/2019 21:31:58] /addskill Pepinillo,sword,45
[14/2/2019 21:32:1] /m rotworm
[14/2/2019 21:32:1] /m rotworm
[14/2/2019 21:32:2] /m rotworm
[14/2/2019 21:32:2] /m rotworm
[14/2/2019 21:32:2] /m rotworm
[14/2/2019 21:32:9] /addskill Pepinillo,shielding,45
[14/2/2019 21:32:12] /b save
[14/2/2019 21:32:24] /m rotworm
[14/2/2019 21:32:26] /m rotworm
[14/2/2019 21:33:48] /town thais
[14/2/2019 21:33:49] /c pep~
[14/2/2019 21:34:6] /i oriental shoes
[14/2/2019 21:34:19] /i amulet of loss,3
[14/2/2019 23:37:21] /town thais
[15/2/2019 12:39:5] /goto toskafa~
[15/2/2019 12:40:2] /goto nielson
[15/2/2019 12:40:3] /c toskafa
[15/2/2019 12:40:10] /i 1998
[15/2/2019 12:40:10] /i 2160
[15/2/2019 12:40:14] /c toska!
[15/2/2019 12:40:15] /c toska~
[15/2/2019 12:40:18] /c toska~
[15/2/2019 12:40:22] /lux
[15/2/2019 12:40:25] /c toska~
[15/2/2019 12:40:26] /c toska~
[15/2/2019 12:40:27] /c toska~
[15/2/2019 12:40:41] /i utlimate healing rune
[15/2/2019 12:40:52] /c toska~
[15/2/2019 12:40:56] /addskill toska~,lvl,1
[15/2/2019 12:40:59] /addskill toska~,lvl,1
[15/2/2019 12:41:10] /o ultimate healing rune
[15/2/2019 12:41:10] /o ultimate healing rune
[15/2/2019 12:41:11] /o ultimate healing rune
[15/2/2019 12:41:15] /i 2273
[15/2/2019 12:41:15] /i 2273
[15/2/2019 12:41:16] /i 2273
[15/2/2019 12:41:16] /i 2273
[15/2/2019 12:41:17] /i 2273
[15/2/2019 12:41:17] /i 2273
[15/2/2019 12:41:17] /i 2273
[15/2/2019 12:41:18] /i 2273
[15/2/2019 13:32:15] /goto toska~
[15/2/2019 13:32:22] /addskill toskafa ek,lvl,1
[15/2/2019 13:32:22] /addskill toskafa ek,lvl,1
[15/2/2019 13:32:28] /goto nied~
[15/2/2019 13:32:56] /b https://www.twitch.tv/kajsiusiak/
[15/2/2019 15:49:52] /goto rojber
[15/2/2019 15:51:55] /m dragon
[15/2/2019 15:52:10] /r
[15/2/2019 15:52:11] /r
[15/2/2019 16:0:49] /i abyss club
[15/2/2019 19:39:26] /goto julia
[15/2/2019 19:40:31] /t
[15/2/2019 19:40:38] /goto syn bedurka
[15/2/2019 19:40:51] /r
[15/2/2019 19:40:59] /r
[15/2/2019 19:40:59] /r
[15/2/2019 19:40:59] /r
[15/2/2019 19:41:0] /r
[15/2/2019 19:41:0] /r
[15/2/2019 19:41:0] /r
[15/2/2019 19:41:0] /r
[15/2/2019 19:41:0] /r
[15/2/2019 19:41:0] /r
[15/2/2019 19:41:0] /r
[15/2/2019 19:41:0] /r
[15/2/2019 19:41:0] /r
[15/2/2019 19:41:0] /r
[15/2/2019 19:41:0] /r
[15/2/2019 19:41:0] /r
[15/2/2019 19:41:0] /r
[15/2/2019 19:41:0] /r
[15/2/2019 19:41:0] /r
[15/2/2019 19:41:0] /r
[15/2/2019 19:41:1] /r
[15/2/2019 19:41:1] /r
[15/2/2019 19:41:1] /r
[15/2/2019 19:41:1] /r
[15/2/2019 19:41:1] /r
[15/2/2019 19:41:1] /r
[15/2/2019 19:41:1] /r
[15/2/2019 19:41:1] /r
[15/2/2019 19:41:1] /r
[15/2/2019 19:41:1] /r
[15/2/2019 19:41:1] /r
[15/2/2019 19:41:1] /r
[15/2/2019 19:41:1] /r
[15/2/2019 19:41:1] /r
[15/2/2019 19:41:1] /r
[15/2/2019 19:41:1] /r
[15/2/2019 19:41:2] /r
[15/2/2019 19:41:2] /r
[15/2/2019 19:41:2] /r
[15/2/2019 19:41:2] /r
[15/2/2019 19:41:2] /r
[15/2/2019 19:41:2] /r
[15/2/2019 19:41:2] /r
[15/2/2019 19:41:2] /r
[15/2/2019 19:41:2] /r
[15/2/2019 19:41:2] /r
[15/2/2019 19:41:2] /r
[15/2/2019 19:41:2] /r
[15/2/2019 19:41:2] /r
[15/2/2019 19:41:2] /r
[15/2/2019 19:41:2] /r
[15/2/2019 19:41:2] /r
[15/2/2019 19:41:3] /r
[15/2/2019 19:41:3] /r
[15/2/2019 19:41:3] /r
[15/2/2019 19:41:3] /r
[15/2/2019 19:41:3] /r
[15/2/2019 19:41:3] /r
[15/2/2019 19:41:3] /r
[15/2/2019 19:41:3] /r
[15/2/2019 19:41:3] /r
[15/2/2019 19:41:3] /r
[15/2/2019 19:41:3] /r
[15/2/2019 19:41:3] /r
[15/2/2019 19:41:3] /r
[15/2/2019 19:41:3] /r
[15/2/2019 19:41:3] /r
[15/2/2019 19:41:3] /r
[15/2/2019 19:41:4] /r
[15/2/2019 19:41:4] /r
[15/2/2019 19:41:4] /r
[15/2/2019 19:41:4] /r
[15/2/2019 19:41:4] /r
[15/2/2019 19:41:4] /r
[15/2/2019 19:41:9] /r
[15/2/2019 19:41:10] /r
[15/2/2019 19:41:10] /r
[15/2/2019 19:41:10] /r
[15/2/2019 19:41:10] /r
[15/2/2019 19:41:10] /r
[15/2/2019 19:41:10] /r
[15/2/2019 19:41:10] /r
[15/2/2019 19:41:10] /r
[15/2/2019 19:41:10] /r
[15/2/2019 19:41:10] /r
[15/2/2019 19:41:10] /r
[15/2/2019 19:41:10] /r
[15/2/2019 19:41:10] /r
[15/2/2019 19:41:10] /r
[15/2/2019 19:41:10] /r
[15/2/2019 19:41:10] /r
[15/2/2019 19:41:11] /r
[15/2/2019 19:41:11] /r
[15/2/2019 19:41:11] /r
[15/2/2019 19:41:11] /r
[15/2/2019 19:41:11] /r
[15/2/2019 19:41:11] /r
[15/2/2019 19:41:11] /r
[15/2/2019 19:41:11] /r
[15/2/2019 19:41:11] /r
[15/2/2019 19:41:11] /r
[15/2/2019 19:41:11] /r
[15/2/2019 19:41:11] /r
[15/2/2019 19:41:11] /r
[15/2/2019 19:41:11] /r
[15/2/2019 19:41:11] /r
[15/2/2019 19:41:11] /r
[15/2/2019 19:41:12] /r
[15/2/2019 19:41:12] /r
[15/2/2019 19:41:12] /r
[15/2/2019 19:41:12] /r
[15/2/2019 19:41:12] /r
[15/2/2019 19:41:12] /r
[15/2/2019 19:41:12] /r
[15/2/2019 19:41:12] /r
[15/2/2019 19:41:12] /r
[15/2/2019 19:41:12] /r
[15/2/2019 19:41:12] /r
[15/2/2019 19:41:12] /r
[15/2/2019 19:41:12] /r
[15/2/2019 19:41:12] /r
[15/2/2019 19:41:12] /r
[15/2/2019 19:41:12] /r
[15/2/2019 19:41:12] /r
[15/2/2019 19:41:12] /r
[15/2/2019 19:41:13] /r
[15/2/2019 19:41:13] /r
[15/2/2019 19:41:13] /r
[15/2/2019 19:41:13] /r
[15/2/2019 19:41:13] /r
[15/2/2019 19:41:13] /r
[15/2/2019 19:41:13] /r
[15/2/2019 19:41:13] /r
[15/2/2019 19:41:13] /r
[15/2/2019 19:41:13] /r
[15/2/2019 19:41:13] /r
[15/2/2019 19:41:13] /r
[15/2/2019 19:41:13] /r
[15/2/2019 19:41:13] /r
[15/2/2019 19:41:13] /r
[15/2/2019 19:41:13] /r
[15/2/2019 19:41:14] /r
[15/2/2019 19:41:14] /r
[15/2/2019 19:41:14] /r
[15/2/2019 19:41:14] /r
[15/2/2019 19:41:14] /r
[15/2/2019 19:41:14] /r
[15/2/2019 19:41:14] /r
[15/2/2019 19:41:14] /r
[15/2/2019 19:41:14] /r
[15/2/2019 19:41:14] /r
[15/2/2019 19:41:14] /r
[15/2/2019 19:41:14] /r
[15/2/2019 19:41:14] /r
[15/2/2019 19:41:14] /r
[15/2/2019 19:41:14] /r
[15/2/2019 19:41:14] /r
[15/2/2019 19:41:14] /r
[15/2/2019 19:41:15] /r
[15/2/2019 19:41:15] /r
[15/2/2019 19:41:15] /r
[15/2/2019 19:41:15] /r
[15/2/2019 19:41:15] /r
[15/2/2019 19:41:15] /r
[15/2/2019 19:41:15] /r
[15/2/2019 19:41:15] /r
[15/2/2019 19:41:15] /r
[15/2/2019 19:41:15] /r
[15/2/2019 19:41:15] /r
[15/2/2019 19:41:15] /r
[15/2/2019 19:41:15] /r
[15/2/2019 19:41:15] /r
[15/2/2019 19:41:15] /r
[15/2/2019 19:41:15] /r
[15/2/2019 19:41:16] /r
[15/2/2019 19:41:16] /r
[15/2/2019 19:41:16] /r
[15/2/2019 19:41:16] /r
[15/2/2019 19:41:16] /r
[15/2/2019 19:41:16] /r
[15/2/2019 19:41:16] /r
[15/2/2019 19:41:16] /r
[15/2/2019 19:41:16] /r
[15/2/2019 19:41:16] /r
[15/2/2019 19:41:16] /r
[15/2/2019 19:41:16] /r
[15/2/2019 19:41:16] /r
[15/2/2019 19:41:16] /r
[15/2/2019 19:41:16] /r
[15/2/2019 19:41:16] /r
[15/2/2019 19:41:17] /r
[15/2/2019 19:41:17] /r
[15/2/2019 19:41:17] /r
[15/2/2019 19:41:17] /r
[15/2/2019 19:41:17] /r
[15/2/2019 19:41:17] /r
[15/2/2019 19:41:17] /r
[15/2/2019 19:41:17] /r
[15/2/2019 19:41:17] /r
[15/2/2019 19:41:17] /r
[15/2/2019 19:41:17] /r
[15/2/2019 19:41:17] /r
[15/2/2019 19:41:17] /r
[15/2/2019 19:41:17] /r
[15/2/2019 19:41:17] /r
[15/2/2019 19:41:17] /r
[15/2/2019 19:41:18] /r
[15/2/2019 19:41:18] /r
[15/2/2019 19:41:18] /r
[15/2/2019 19:41:18] /r
[15/2/2019 19:41:18] /r
[15/2/2019 19:41:18] /r
[15/2/2019 19:41:18] /r
[15/2/2019 19:41:18] /r
[15/2/2019 19:41:18] /r
[15/2/2019 19:41:18] /r
[15/2/2019 19:41:18] /r
[15/2/2019 19:41:18] /r
[15/2/2019 19:41:18] /r
[15/2/2019 19:41:18] /r
[15/2/2019 19:41:18] /r
[15/2/2019 19:41:18] /r
[15/2/2019 19:41:19] /r
[15/2/2019 19:41:19] /r
[15/2/2019 19:41:19] /r
[15/2/2019 19:41:19] /r
[15/2/2019 19:41:19] /r
[15/2/2019 19:41:19] /r
[15/2/2019 19:41:19] /r
[15/2/2019 19:41:19] /r
[15/2/2019 19:41:19] /r
[15/2/2019 19:41:19] /r
[15/2/2019 19:41:19] /r
[15/2/2019 19:41:19] /r
[15/2/2019 19:41:19] /r
[15/2/2019 19:41:19] /r
[15/2/2019 19:41:19] /r
[15/2/2019 19:41:19] /r
[15/2/2019 19:41:20] /r
[15/2/2019 19:41:20] /r
[15/2/2019 19:41:20] /r
[15/2/2019 19:41:20] /r
[15/2/2019 19:41:20] /r
[15/2/2019 19:41:20] /r
[15/2/2019 19:41:20] /r
[15/2/2019 19:41:20] /r
[15/2/2019 19:41:20] /r
[15/2/2019 19:41:20] /r
[15/2/2019 19:41:20] /r
[15/2/2019 19:41:20] /r
[15/2/2019 19:41:20] /r
[15/2/2019 19:41:20] /r
[15/2/2019 19:41:20] /r
[15/2/2019 19:41:20] /r
[15/2/2019 19:41:21] /r
[15/2/2019 19:41:21] /r
[15/2/2019 19:41:21] /r
[15/2/2019 19:41:21] /r
[15/2/2019 19:41:21] /r
[15/2/2019 19:41:21] /r
[15/2/2019 19:41:21] /r
[15/2/2019 19:41:21] /r
[15/2/2019 19:41:21] /r
[15/2/2019 19:41:21] /r
[15/2/2019 19:41:21] /r
[15/2/2019 19:41:21] /r
[15/2/2019 19:41:21] /r
[15/2/2019 19:41:21] /r
[15/2/2019 19:41:21] /r
[15/2/2019 19:41:21] /r
[15/2/2019 19:41:22] /r
[15/2/2019 19:41:22] /r
[15/2/2019 19:41:22] /r
[15/2/2019 19:41:22] /r
[15/2/2019 19:41:22] /r
[15/2/2019 19:41:22] /r
[15/2/2019 19:41:22] /r
[15/2/2019 19:41:22] /r
[15/2/2019 19:41:22] /r
[15/2/2019 19:41:22] /r
[15/2/2019 19:41:22] /r
[15/2/2019 19:41:22] /r
[15/2/2019 19:41:22] /r
[15/2/2019 19:41:22] /r
[15/2/2019 19:41:22] /r
[15/2/2019 19:41:22] /r
[15/2/2019 19:41:23] /r
[15/2/2019 19:41:23] /r
[15/2/2019 19:41:23] /r
[15/2/2019 19:41:23] /r
[15/2/2019 19:41:23] /r
[15/2/2019 19:41:23] /r
[15/2/2019 19:41:23] /r
[15/2/2019 19:41:23] /r
[15/2/2019 19:41:23] /r
[15/2/2019 19:41:23] /r
[15/2/2019 19:41:23] /r
[15/2/2019 19:41:23] /r
[15/2/2019 19:41:23] /r
[15/2/2019 19:41:23] /r
[15/2/2019 19:41:23] /r
[15/2/2019 19:41:23] /r
[15/2/2019 19:42:0] /addskill Syn Bedurka,mlvl,6
[15/2/2019 19:42:9] /i sudden death rune,
[15/2/2019 19:42:15] /i sudden death rune
[15/2/2019 19:42:17] /i sudden death rune
[15/2/2019 19:42:18] /i sudden death rune
[15/2/2019 19:42:19] /i sudden death rune
[15/2/2019 19:42:20] /i sudden death rune
[15/2/2019 19:47:38] /i frag remover
[15/2/2019 19:47:42] /i book of frag remover
[15/2/2019 19:48:11] /goto toska~
[15/2/2019 19:48:14] /c syn~
[15/2/2019 21:23:18] /town 10
[15/2/2019 21:23:28] /a 5
[15/2/2019 21:26:31] /town 10
[15/2/2019 21:26:35] /town thais
[15/2/2019 21:59:44] /goto syn bedurka
[15/2/2019 22:21:27] /goto bedurek
[15/2/2019 22:36:17] /goto syn bedurka
[15/2/2019 22:36:20] /goto syn bedurka
[15/2/2019 22:36:22] /goto bedurek
[15/2/2019 22:36:25] /goto toska~
[15/2/2019 22:38:10] /reload monsters
[16/2/2019 0:26:13] /i 1638
[16/2/2019 1:7:4] /r
[16/2/2019 1:7:7] /openserver
[16/2/2019 1:7:14] /town 18
[16/2/2019 1:7:55] /c feos
[16/2/2019 1:8:0] /m frost dragon
[16/2/2019 1:8:48] /r
[16/2/2019 1:8:52] /m ghoul
[16/2/2019 1:9:26] /m dragon lord
[16/2/2019 1:13:29] /reload monsters
[16/2/2019 1:13:31] /m frost dragon
[16/2/2019 1:14:34] /c feos
[16/2/2019 1:14:35] /reload monsters
[16/2/2019 1:14:40] /m frost dragon
[16/2/2019 1:14:41] /m frost dragon
[16/2/2019 1:15:22] /reload monsters
[16/2/2019 1:15:24] /m frost dragon
[16/2/2019 12:28:42] /goto syn~
[16/2/2019 12:28:47] /town 18
[16/2/2019 12:28:49] /c syn~
[16/2/2019 12:28:54] /light
[16/2/2019 12:29:13] /addskill Syn~,lvl,5
[16/2/2019 12:29:30] /addskill feos,lvl,5
[16/2/2019 12:29:36] /addskill feos,lvl,4
[16/2/2019 12:29:47] /addskill Syn bedurka,lvl,5
[16/2/2019 12:29:50] /addskill Syn bedurka,mlvl,3
[16/2/2019 12:29:53] /addskill feos,mlvl,4
[16/2/2019 12:30:3] /m sea serpent
[16/2/2019 12:31:12] /addskill feos,lvl,9
[16/2/2019 12:31:20] /addskill Syn Bedurka,lvl,10
[16/2/2019 12:31:47] /c syn~
[16/2/2019 12:32:53] /c syn~
[16/2/2019 12:32:54] /c feos
[16/2/2019 12:33:48] /goto feos
[16/2/2019 12:33:54] /c syn~
[16/2/2019 12:33:54] /c feos
[16/2/2019 12:34:28] /town 17
[16/2/2019 12:34:30] /c feos
[16/2/2019 12:34:31] /c syn~
[16/2/2019 12:35:34] /goto feos
[16/2/2019 12:35:39] /r
[16/2/2019 12:35:39] /r
[16/2/2019 12:36:37] /goto eremo
[16/2/2019 12:36:39] /c syn~
[16/2/2019 12:36:41] /c feos
[16/2/2019 12:37:0] /goto feos
[16/2/2019 12:37:0] /down 16
[16/2/2019 12:37:2] /down 7
[16/2/2019 12:37:3] /down 6
[16/2/2019 12:37:5] /up
[16/2/2019 12:37:6] /up
[16/2/2019 12:37:7] /up
[16/2/2019 12:37:7] /up
[16/2/2019 12:37:9] /up 2
[16/2/2019 12:37:11] /up 
[16/2/2019 12:37:15] /c syn~
[16/2/2019 12:37:16] /c feos
[16/2/2019 12:37:23] /a 4
[16/2/2019 12:37:25] /c syn~
[16/2/2019 12:37:38] /a 2
[16/2/2019 12:37:44] /down
[16/2/2019 12:37:46] /c syn!~
[16/2/2019 12:37:48] /c syn
[16/2/2019 12:37:49] /c syn~
[16/2/2019 12:38:10] /a 4
[16/2/2019 12:38:11] /c syn~
[16/2/2019 12:38:30] /town 16
[16/2/2019 12:38:33] /c syn~
[16/2/2019 12:38:51] /town 15
[16/2/2019 12:38:52] /up 2
[16/2/2019 12:38:54] /c syn~
[16/2/2019 12:39:16] /a 15
[16/2/2019 12:39:16] /a 15
[16/2/2019 12:39:19] /c syn~
[16/2/2019 12:40:1] /town 14
[16/2/2019 12:40:5] /town 13
[16/2/2019 12:40:6] /c syn~
[16/2/2019 12:40:13] /c feos~
[16/2/2019 12:40:37] /n xodet
[16/2/2019 12:41:18] /goto julia
[16/2/2019 12:42:7] /i skull cracker armor
[16/2/2019 12:42:10] /i skullcracker armor
[16/2/2019 12:42:15] /i yalahari mask
[16/2/2019 12:42:54] /goto feos
[16/2/2019 12:42:58] /c feos~
[16/2/2019 12:43:0] /c feos~
[16/2/2019 12:43:1] /c yn~
[16/2/2019 12:43:3] /c syn~
[16/2/2019 12:45:21] /i skull master armor
[16/2/2019 12:45:23] /i skullmaster armor
[16/2/2019 12:45:49] /i skull master armor
[16/2/2019 12:45:52] /i skull master armor
[16/2/2019 12:45:54] /i skullmaster armor
[16/2/2019 12:47:19] /m lizard chosen
[16/2/2019 12:48:37] /m lizard high guard
[16/2/2019 12:52:7] /goto sea~
[16/2/2019 12:52:10] /goto sea serpent
[16/2/2019 12:52:11] /up
[16/2/2019 12:52:17] /c syn~
[16/2/2019 12:54:0] /down
[16/2/2019 12:54:2] /c syn~
[16/2/2019 12:54:13] /up
[16/2/2019 12:54:14] /c syn!
[16/2/2019 12:54:16] /c syn~
[16/2/2019 12:54:20] /down
[16/2/2019 12:54:25] /up
[16/2/2019 12:55:48] /c syn~
[16/2/2019 12:55:55] /town carlinj
[16/2/2019 12:55:56] /town carlin
[16/2/2019 12:56:5] /c syn~
[16/2/2019 12:56:23] /c syn~
[16/2/2019 12:56:39] /i shovel
[16/2/2019 12:57:42] /up 3
[16/2/2019 12:58:58] /c syn~
[16/2/2019 12:59:42] /c syn~
[16/2/2019 13:4:11] /goto syn~
[16/2/2019 13:4:14] /i blood
[16/2/2019 13:4:19] /m dragon
[16/2/2019 13:4:21] /r
[16/2/2019 13:4:23] /i bones
[16/2/2019 13:4:24] /i bone
[16/2/2019 13:4:57] /c feos
[16/2/2019 13:5:2] /i bonepile
[16/2/2019 13:5:3] /i bone pile
[16/2/2019 13:5:7] /i skeleton body
[16/2/2019 13:5:10] /i skeleton
[16/2/2019 13:5:12] /m skeleton
[16/2/2019 13:5:15] /m dragon
[16/2/2019 13:5:17] /r
[16/2/2019 13:5:20] /i 2844
[16/2/2019 13:5:24] /r
[16/2/2019 13:5:25] /i 2842
[16/2/2019 13:5:37] /i bone
[16/2/2019 13:6:13] /i enchanted staff
[16/2/2019 13:7:30] /i enchanted staff
[16/2/2019 13:8:2] /i skull staff
[16/2/2019 13:11:52] /i magma armor
[16/2/2019 13:11:56] /i magma monocle
[16/2/2019 13:12:2] /i magma coat
[16/2/2019 13:12:4] /i magma legs
[16/2/2019 13:12:6] /i magma boots
[16/2/2019 13:12:8] /i magma amulet
[16/2/2019 13:12:10] /i magma shield
[16/2/2019 13:19:37] /i featherwing shield
[16/2/2019 14:25:26] /goto syn~
[16/2/2019 14:25:59] /up
[16/2/2019 14:57:9] /i sudden death runea
[16/2/2019 14:57:10] /i sudden death runea
[16/2/2019 14:57:10] /i sudden death runea
[16/2/2019 14:57:10] /i sudden death runea
[16/2/2019 14:57:10] /i sudden death runea
[16/2/2019 14:57:10] /i sudden death runea
[16/2/2019 14:57:10] /i sudden death runea
[16/2/2019 14:57:10] /i sudden death runea
[16/2/2019 14:57:10] /i sudden death runea
[16/2/2019 14:57:10] /i sudden death runea
[16/2/2019 14:57:10] /i sudden death runea
[16/2/2019 14:57:10] /i sudden death runea
[16/2/2019 14:57:10] /i sudden death runea
[16/2/2019 14:57:10] /i sudden death runea
[16/2/2019 14:57:13] /i sudden death rune
[16/2/2019 14:57:14] /i sudden death rune
[16/2/2019 14:57:14] /i sudden death rune
[16/2/2019 14:57:14] /i sudden death rune
[16/2/2019 14:57:14] /i sudden death rune
[16/2/2019 14:57:14] /i sudden death rune
[16/2/2019 14:57:14] /i sudden death rune
[16/2/2019 14:57:14] /i sudden death rune
[16/2/2019 14:57:14] /i sudden death rune
[16/2/2019 14:57:14] /i sudden death rune
[16/2/2019 14:57:14] /i sudden death rune
[16/2/2019 14:57:14] /i sudden death rune
[16/2/2019 14:57:14] /i sudden death rune
[16/2/2019 14:57:14] /i sudden death rune
[16/2/2019 14:57:14] /i sudden death rune
[16/2/2019 14:57:14] /i sudden death rune
[16/2/2019 14:57:14] /i sudden death rune
[16/2/2019 14:57:14] /i sudden death rune
[16/2/2019 14:57:14] /i sudden death rune
[16/2/2019 14:57:14] /i sudden death rune
[16/2/2019 14:57:14] /i sudden death rune
[16/2/2019 14:57:14] /i sudden death rune
[16/2/2019 14:57:14] /i sudden death rune
[16/2/2019 14:57:14] /i sudden death rune
[16/2/2019 14:57:14] /i sudden death rune
[16/2/2019 14:57:15] /i sudden death rune
[16/2/2019 14:57:15] /i sudden death rune
[16/2/2019 14:57:15] /i sudden death rune
[16/2/2019 14:57:15] /i sudden death rune
[16/2/2019 14:57:15] /i sudden death rune
[16/2/2019 14:57:15] /i sudden death rune
[16/2/2019 14:57:15] /i sudden death rune
[16/2/2019 14:57:15] /i sudden death rune
[16/2/2019 14:57:15] /i sudden death rune
[16/2/2019 14:57:15] /i sudden death rune
[16/2/2019 14:57:15] /i sudden death rune
[16/2/2019 14:57:15] /i sudden death rune
[16/2/2019 14:57:16] /i sudden death rune
[16/2/2019 14:57:16] /i sudden death rune
[16/2/2019 14:57:16] /i sudden death rune
[16/2/2019 14:57:16] /i sudden death rune
[16/2/2019 14:57:16] /i sudden death rune
[16/2/2019 14:57:16] /i sudden death rune
[16/2/2019 14:57:16] /i sudden death rune
[16/2/2019 14:57:16] /i sudden death rune
[16/2/2019 14:57:16] /i sudden death rune
[16/2/2019 14:57:16] /i sudden death rune
[16/2/2019 14:57:16] /i sudden death rune
[16/2/2019 14:57:16] /i sudden death rune
[16/2/2019 14:57:17] /i sudden death rune
[16/2/2019 14:57:17] /i sudden death rune
[16/2/2019 14:57:17] /i sudden death rune
[16/2/2019 14:57:17] /i sudden death rune
[16/2/2019 14:57:17] /i sudden death rune
[16/2/2019 14:57:17] /i sudden death rune
[16/2/2019 14:57:17] /i sudden death rune
[16/2/2019 14:57:17] /i sudden death rune
[16/2/2019 14:57:17] /i sudden death rune
[16/2/2019 14:57:19] /i 
[16/2/2019 14:57:22] /i sd backpack
[16/2/2019 14:59:18] /r
[16/2/2019 14:59:22] /i 1051
[16/2/2019 20:56:44] /goto maxmen
[16/2/2019 20:56:53] /goto szejku~
[16/2/2019 20:57:0] /ghost
[16/2/2019 20:57:2] /ghost
[16/2/2019 20:59:20] /i mastermind shield
[16/2/2019 20:59:39] /i abyss club
[16/2/2019 20:59:52] /addskill Szejku~,club,5
[16/2/2019 21:1:5] /addskill Szejku~,club,5
[16/2/2019 21:1:8] /addskill Szejku~,club,5
[16/2/2019 21:1:13] /i demon armor
[16/2/2019 21:1:17] /i demon legs
[16/2/2019 21:1:21] /i demon helmet
[16/2/2019 21:1:29] /addskill Szejku~,shielding,6
[16/2/2019 21:1:31] /i boots of haste
[16/2/2019 21:1:32] /i boots of haste
[16/2/2019 21:1:37] /i oriental boots
[16/2/2019 21:1:43] /i oriental shoes
[16/2/2019 21:2:46] /i ice flail
[16/2/2019 21:3:9] /i amulet of loss
[16/2/2019 21:3:14] /up
[16/2/2019 21:3:20] /c szejku~
[16/2/2019 21:3:52] /addskill Szejku Krul Rookgaardu,mlvl,4
[16/2/2019 21:4:24] /goto maxmen
[16/2/2019 21:4:25] /i wingman helmet
[16/2/2019 21:4:28] /i wingmen helmet
[16/2/2019 21:4:30] /i winged helmet
[16/2/2019 21:4:31] /i winged helmet
[16/2/2019 21:4:41] /goto szejku~
[16/2/2019 21:5:11] /i crown backpack
[16/2/2019 21:5:45] /light
[16/2/2019 21:9:55] /up
[16/2/2019 21:9:55] /up
[16/2/2019 21:9:56] /up
[16/2/2019 21:10:6] /c szejku~
[16/2/2019 21:10:27] /goto szejku~
[16/2/2019 21:11:50] /goto szejku~
[16/2/2019 21:12:45] /r
[16/2/2019 21:12:49] /i crowbar
[16/2/2019 21:12:56] /i hammer
[16/2/2019 21:12:58] /i hammer
[16/2/2019 21:13:1] /i iron hammer
[16/2/2019 21:13:19] /ghost
[16/2/2019 21:13:26] /light
[16/2/2019 21:13:27] /goto maxmen
[16/2/2019 21:16:42] /i 1050
[16/2/2019 21:18:29] /goto maxmen
[16/2/2019 21:20:51] /goto 18
[16/2/2019 21:20:53] /town 18
[16/2/2019 21:20:55] /c maxmen
[16/2/2019 21:21:1] /ghost
[16/2/2019 21:21:31] /c maxmen
[16/2/2019 21:21:33] /c maxmen
[16/2/2019 21:21:37] /c maxmen
[16/2/2019 21:21:40] /c maxmen
[16/2/2019 21:21:44] /c maxmen
[16/2/2019 21:21:48] /c szejku~
[16/2/2019 21:22:1] /t maxmen
[16/2/2019 21:22:3] /t szejku~
[16/2/2019 21:22:3] /t
[16/2/2019 21:22:4] /town 12
[16/2/2019 21:24:26] /i amulet of loss
[16/2/2019 21:24:27] /i amulet of loss
[16/2/2019 21:24:27] /i amulet of loss
[16/2/2019 21:24:31] /i sd backpack
[16/2/2019 21:24:38] /i heart backpack
[16/2/2019 21:25:15] /i moon backpack
[16/2/2019 21:25:20] /i energy backpack
[16/2/2019 21:25:22] /i energy backpack
[16/2/2019 21:25:23] /i energy backpack
[16/2/2019 21:25:24] /i energy backpack
[16/2/2019 21:25:25] /i energy backpack
[16/2/2019 21:25:30] /i ice backpack
[16/2/2019 21:25:32] /i frosty backpack
[16/2/2019 21:25:33] /i frosty backpack
[16/2/2019 21:25:35] /i frosty backpack
[16/2/2019 21:26:6] /i golden ruby backpack
[16/2/2019 21:26:15] /i gold ruby backpack
[16/2/2019 21:26:17] /town 10
[16/2/2019 21:26:29] /goto szejku~
[16/2/2019 21:26:31] /i 5859
[16/2/2019 21:26:32] /i 5859
[16/2/2019 21:26:54] /i backpack of holding
[16/2/2019 21:27:2] /r
[16/2/2019 21:27:7] /town 10
[16/2/2019 21:27:54] /goto szejku~
[16/2/2019 21:27:56] /i 5834
[16/2/2019 21:27:59] /i 5833
[16/2/2019 21:28:0] /i 5834
[16/2/2019 21:28:31] /i 5835
[16/2/2019 21:28:32] /i 5835
[16/2/2019 21:28:36] /i 5835
[16/2/2019 21:28:36] /i 5835
[16/2/2019 21:28:37] /i 5835
[16/2/2019 21:28:37] /i 5835
[16/2/2019 21:28:38] /i 5835
[16/2/2019 21:28:39] /i 5835
[16/2/2019 21:28:39] /i 5835
[16/2/2019 21:28:40] /i 5835
[16/2/2019 21:28:41] /i 5835
[16/2/2019 21:28:41] /i 5835
[16/2/2019 21:28:42] /i 5835
[16/2/2019 21:28:43] /i 5835
[16/2/2019 21:28:52] /i red tapestry
[16/2/2019 21:28:57] /i red tapestry
[16/2/2019 21:29:11] /town thias
[16/2/2019 21:29:13] /town thais
[16/2/2019 21:29:34] /i demon trophy
[16/2/2019 21:30:16] /i 1882
[16/2/2019 21:30:20] /i 1883
[16/2/2019 21:30:50] /goto szejku~
[16/2/2019 21:33:12] /i spellbook
[16/2/2019 21:33:40] /i 5835
[16/2/2019 21:33:53] /n gamon
[16/2/2019 21:34:23] /i 1880
[16/2/2019 21:34:26] /i 1869
[16/2/2019 21:34:28] /i 1880
[16/2/2019 21:34:29] /i 1880
[16/2/2019 21:34:32] /i 1869
[16/2/2019 21:34:33] /i 1869
[16/2/2019 21:34:45] /r
[16/2/2019 21:34:46] /r
[16/2/2019 21:34:47] /r
[16/2/2019 21:34:47] /r
[16/2/2019 21:35:11] /m demon
[16/2/2019 21:35:48] /s ferumbras
[16/2/2019 21:36:25] /r
[16/2/2019 21:37:10] /reload monsters
[16/2/2019 21:37:13] /m meferumbras
[16/2/2019 21:37:32] /r
[16/2/2019 21:37:40] /i 1547
[16/2/2019 21:37:42] /i 1547
[16/2/2019 21:37:43] /i 1547
[16/2/2019 21:37:43] /i 1547
[16/2/2019 21:37:44] /i 1547
[16/2/2019 21:37:52] /r
[16/2/2019 21:37:53] /r
[16/2/2019 21:38:0] /i antidote rune
[16/2/2019 21:38:4] /i antidote rune
[16/2/2019 21:38:29] /addskill szejku~mlvl,2
[16/2/2019 21:38:33] /addskill szejku~,mlvl,2
[16/2/2019 21:39:50] /m scorpion
[16/2/2019 21:41:21] /ghost
[16/2/2019 21:41:22] /ghost
