[3/4/2021 4:4:33] /t
[3/4/2021 5:28:47] /openserver
[3/4/2021 5:28:47] /t
[3/4/2021 5:29:25] /town 12
[3/4/2021 5:30:16] /i 5811
[3/4/2021 5:33:0] /i 5811
[3/4/2021 5:33:1] /i 5811
[3/4/2021 5:33:55] /i golden days scroll
[3/4/2021 5:33:58] /i 30 golden days scroll
[3/4/2021 5:34:2] /i 7 days golden scroll
[3/4/2021 5:34:4] /i golden scroll
[3/4/2021 5:34:6] /i green cup
[3/4/2021 5:34:9] /i 5750
[3/4/2021 5:34:12] /i 5748
[3/4/2021 5:34:14] /i 5747
[3/4/2021 5:34:15] /i 5746
[3/4/2021 5:34:16] /i 5745
[3/4/2021 5:34:24] /r
[3/4/2021 5:34:55] /i 5546
[3/4/2021 5:35:0] /goto grimmjow
[3/4/2021 5:35:16] /i 5546
[3/4/2021 5:36:31] /i frozenstarlight
[3/4/2021 5:36:37] /i frozen starlight
[3/4/2021 5:37:21] /i life fluid
[3/4/2021 5:37:23] /i 2006,1
[3/4/2021 5:37:25] /i 2006,2
[3/4/2021 5:37:26] /i 2006,3
[3/4/2021 5:37:27] /i 2006,4
[3/4/2021 5:37:30] /i 2006,5
[3/4/2021 5:37:31] /i 2006,6
[3/4/2021 5:37:32] /i 2006,7
[3/4/2021 5:37:33] /i 2006,8
[3/4/2021 5:37:35] /i 2006,9
[3/4/2021 5:37:36] /i 2006,10
[3/4/2021 5:37:38] /i 2006,10
[3/4/2021 5:37:40] /i 2006,10
[3/4/2021 5:37:41] /i 2006,10
[3/4/2021 5:37:42] /i 2006,10
[3/4/2021 5:37:43] /i 2006,10
[3/4/2021 5:37:44] /i 2006,10
[3/4/2021 5:51:32] /goto grimmjow
[3/4/2021 6:0:58] /openserver
[3/4/2021 6:1:22] /goto grimmjob
[3/4/2021 6:1:24] /goto grimmjow
[3/4/2021 6:1:28] /n the oracle
[3/4/2021 6:1:45] /goto grimmjow
[3/4/2021 6:2:5] /reload config
[3/4/2021 6:2:36] /reload config
[3/4/2021 6:2:54] /i 2006,7
[3/4/2021 6:2:56] /i 2006,7
[3/4/2021 6:2:57] /i 2006,7
[3/4/2021 6:3:0] /m dog
[3/4/2021 6:3:5] /m skeleton
[3/4/2021 6:3:6] /i fire axe
[3/4/2021 6:3:13] /i demon shield
[3/4/2021 6:3:30] /m skeleton
[3/4/2021 6:3:30] /m skeleton
[3/4/2021 6:3:33] /m skeleton
[3/4/2021 6:4:6] /addskill grimjow,lvl,6
[3/4/2021 6:4:12] /addskill grimmjow,lvl,20
[3/4/2021 6:4:17] /addskill grimmjow,mlvl,15
[3/4/2021 6:5:3] /down 5
[3/4/2021 6:6:16] /goto grimmjow
[3/4/2021 6:8:48] /goto ziemniak
[3/4/2021 6:8:56] /i 2160
[3/4/2021 6:8:59] /i 2640
[3/4/2021 6:9:21] /goto pyrka leci
[3/4/2021 6:9:24] /i 2640
[3/4/2021 6:9:25] /i 2640
[3/4/2021 6:9:34] /m bug
[3/4/2021 6:9:35] /m bug
[3/4/2021 6:9:37] /m snake
[3/4/2021 6:9:38] /m snake
[3/4/2021 6:9:39] /m snake
[3/4/2021 6:9:39] /m snake
[3/4/2021 6:9:41] /raid rook
[3/4/2021 6:9:43] /i mace
[3/4/2021 6:9:50] /c ziemniak
[3/4/2021 6:9:52] /i demon shiekd
[3/4/2021 6:9:53] /i demon shield
[3/4/2021 6:9:55] /i demon shiekd
[3/4/2021 6:9:56] /i demon shield
[3/4/2021 6:9:58] /i fire axe
[3/4/2021 6:10:0] /i fire axe
[3/4/2021 6:10:3] /i fire axe
[3/4/2021 6:10:6] /i demon shield
[3/4/2021 6:10:15] /m snake
[3/4/2021 6:10:16] /m snake
[3/4/2021 6:10:16] /m snake
[3/4/2021 6:10:17] /m snake
[3/4/2021 6:10:17] /m snake
[3/4/2021 6:10:18] /m snake
[3/4/2021 6:10:19] /m snake
[3/4/2021 6:10:20] /m snake
[3/4/2021 6:10:20] /m snake
[3/4/2021 6:10:21] /m snake
[3/4/2021 6:10:21] /m snake
[3/4/2021 6:10:22] /m snake
[3/4/2021 6:10:22] /m snake
[3/4/2021 6:10:23] /m snake
[3/4/2021 6:10:23] /m snake
[3/4/2021 6:10:53] /i demon armor
[3/4/2021 6:10:56] /i brass armor
[3/4/2021 6:10:58] /i chain armor
[3/4/2021 6:11:2] /i studded legs
[3/4/2021 6:11:8] /i legion helmet
[3/4/2021 6:11:16] /m bug
[3/4/2021 6:11:19] /m wolf
[3/4/2021 6:11:21] /m wolf
[3/4/2021 6:11:30] /m wolf
[3/4/2021 6:11:34] /m wolf
[3/4/2021 6:11:34] /m wolf
[3/4/2021 6:11:34] /m wolf
[3/4/2021 6:11:36] /m wolf
[3/4/2021 6:11:36] /m wolf
[3/4/2021 6:11:36] /m wolf
[3/4/2021 6:11:54] /m wolf
[3/4/2021 6:11:54] /m wolf
[3/4/2021 6:11:55] /m wolf
[3/4/2021 6:11:57] /m wolf
[3/4/2021 6:11:57] /m wolf
[3/4/2021 6:11:58] /m wolf
[3/4/2021 6:11:58] /m wolf
[3/4/2021 6:12:5] /m wolf
[3/4/2021 6:12:5] /m wolf
[3/4/2021 6:12:6] /m wolf
[3/4/2021 6:12:6] /m wolf
[3/4/2021 6:12:7] /m wolf
[3/4/2021 6:12:7] /m wolf
[3/4/2021 6:12:7] /m wolf
[3/4/2021 6:12:8] /m wolf
[3/4/2021 6:12:8] /m wolf
[3/4/2021 6:12:8] /m wolf
[3/4/2021 6:13:4] /goto grimmjow
[3/4/2021 6:13:10] /goto ziemniak
[3/4/2021 6:13:36] /save
[3/4/2021 6:13:37] /reload actions
[3/4/2021 6:14:37] /r
[3/4/2021 6:14:38] /r
[3/4/2021 6:14:38] /r
[3/4/2021 6:14:39] /r
[3/4/2021 6:17:48] /goto melfik opikejra
[3/4/2021 6:17:54] /i demon shield
[3/4/2021 6:17:57] /i fire axe
[3/4/2021 6:18:17] /i 2006,10
[3/4/2021 6:18:20] /i 2006,10
[3/4/2021 6:18:23] /i snake
[3/4/2021 6:18:26] /m snake
[3/4/2021 6:18:27] /m snake
[3/4/2021 6:18:27] /m snake
[3/4/2021 6:18:28] /m snake
[3/4/2021 6:18:28] /m snake
[3/4/2021 6:18:29] /m snake
[3/4/2021 6:18:29] /m snake
[3/4/2021 6:18:29] /m snake
[3/4/2021 6:18:29] /m snake
[3/4/2021 6:18:31] /i snake
[3/4/2021 6:18:31] /i snake
[3/4/2021 6:18:32] /m snake
[3/4/2021 6:18:32] /m snake
[3/4/2021 6:18:33] /m snake
[3/4/2021 6:18:36] /goto ziemniak
[3/4/2021 6:19:21] /s morgaroth
[3/4/2021 6:19:32] /t
[3/4/2021 6:19:36] /goto ziemniaczek
[3/4/2021 6:19:40] /s fire elemental
[3/4/2021 6:19:41] /s fire elemental
[3/4/2021 6:19:41] /s fire elemental
[3/4/2021 6:19:41] /s fire elemental
[3/4/2021 6:19:42] /s fire elemental
[3/4/2021 6:19:42] /s fire elemental
[3/4/2021 6:19:50] /t
[3/4/2021 6:19:55] /goto melfik opikejra
[3/4/2021 6:20:1] /i 4667
[3/4/2021 6:20:1] /i 4667
[3/4/2021 6:20:2] /i 4667
[3/4/2021 6:20:15] /c melfik opikejra
[3/4/2021 6:20:21] /owner Melfik Opikejra
[3/4/2021 6:20:39] /goto mummy
[3/4/2021 6:20:43] /town ankrahmun
[3/4/2021 6:20:45] /c grimmjow
[3/4/2021 6:20:46] /c ziemniaczek
[3/4/2021 6:20:47] /c ziemniak
[3/4/2021 6:20:49] /c melfik opikejra
[3/4/2021 6:20:51] /c pyrka leci
[3/4/2021 6:21:1] /r
[3/4/2021 6:21:2] /r
[3/4/2021 6:21:3] /r
[3/4/2021 6:21:3] /r
[3/4/2021 6:21:4] /r
[3/4/2021 6:21:9] /addskill ziemniak,mlvl,5
[3/4/2021 6:21:13] /addskill ziemniaczek,mlvl,5
[3/4/2021 6:21:21] /addskill melfik opikejra,mlvl,10
[3/4/2021 6:21:26] /i great fireball rune,100
[3/4/2021 6:21:30] /i great fireball rune,100
[3/4/2021 6:21:30] /i great fireball rune,100
[3/4/2021 6:21:32] /i great fireball rune,100
[3/4/2021 6:21:35] /i 2006.10
[3/4/2021 6:21:38] /i 2006,10
[3/4/2021 6:21:40] /i 2006,7
[3/4/2021 6:21:42] /i 2006,7
[3/4/2021 6:21:44] /i 2006,7
[3/4/2021 6:21:45] /i 2006,7
[3/4/2021 6:21:49] /i great fireball rune,100
[3/4/2021 6:21:54] /i 2006,7
[3/4/2021 6:21:55] /i great fireball rune,100
[3/4/2021 6:21:57] /i great fireball rune,100
[3/4/2021 6:22:1] /i great fireball rune,100
[3/4/2021 6:22:17] /i energy ring
[3/4/2021 6:22:49] /i sudden death rune,1000
[3/4/2021 6:22:49] /i sudden death rune,1000
[3/4/2021 6:22:50] /i sudden death rune,1000
[3/4/2021 6:22:50] /i sudden death rune,1000
[3/4/2021 6:23:5] /i sudden death rune,1000
[3/4/2021 6:23:6] /i sudden death rune,1000
[3/4/2021 6:23:6] /i sudden death rune,1000
[3/4/2021 6:23:10] /i soft boots
[3/4/2021 6:23:13] /i pair of soft boots
[3/4/2021 6:23:14] /i pair of soft boots
[3/4/2021 6:23:14] /i pair of soft boots
[3/4/2021 6:23:15] /i pair of soft boots
[3/4/2021 6:23:19] /a 100
[3/4/2021 6:23:20] /a 100
[3/4/2021 6:23:21] /a 100
[3/4/2021 6:23:31] /i shovel
[3/4/2021 6:23:34] /i 2006,7
[3/4/2021 6:23:35] /i 2006,7
[3/4/2021 6:23:35] /i 2006,7
[3/4/2021 6:23:36] /i 2006,7
[3/4/2021 6:23:37] /i 2006,7
[3/4/2021 6:23:40] /i shovel
[3/4/2021 6:23:44] /i scarab coin
[3/4/2021 6:23:46] /i scarab coin
[3/4/2021 6:23:47] /i scarab coin
[3/4/2021 6:23:50] /i scarab coin
[3/4/2021 6:23:51] /i scarab coin
[3/4/2021 6:23:52] /i scarab coin
[3/4/2021 6:24:5] /i ring of healing
[3/4/2021 6:24:6] /i ring of healing
[3/4/2021 6:24:7] /i ring of healing
[3/4/2021 6:24:9] /i ring of healing
[3/4/2021 6:24:10] /i ring of healing
[3/4/2021 6:24:11] /i ring of healing
[3/4/2021 6:24:13] /i ring of healing
[3/4/2021 6:24:17] /c melfik opikejra
[3/4/2021 6:24:20] /i amulet of loss
[3/4/2021 6:24:24] /i blue backpack
[3/4/2021 6:24:29] /i great fireballrune, 1000
[3/4/2021 6:24:32] /i great fireballrune,10000
[3/4/2021 6:24:35] /i great fireball rune,1000
[3/4/2021 6:24:37] /i great fireball rune,1000
[3/4/2021 6:24:43] /i great fireball rune,1000
[3/4/2021 6:24:53] /i scarab coin
[3/4/2021 6:25:54] /i 30 golden account scroll
[3/4/2021 6:25:55] /i 30 golden account scroll
[3/4/2021 6:26:1] /i 30 golden account scroll
[3/4/2021 6:26:2] /i 30 golden account scroll
[3/4/2021 6:26:2] /i 30 golden account scroll
[3/4/2021 6:26:30] /r
[3/4/2021 6:26:33] /r
[3/4/2021 6:26:35] /r
[3/4/2021 6:26:39] /c pyrka leci
[3/4/2021 6:26:47] /c melfik opikejra
[3/4/2021 6:26:52] /n xodt
[3/4/2021 6:26:53] /n xodet
[3/4/2021 6:26:58] /n xodet
[3/4/2021 6:27:18] /goto ziemniaczek
[3/4/2021 6:27:20] /goto ziemniak
[3/4/2021 6:27:31] /i 405
[3/4/2021 6:27:31] /i 405
[3/4/2021 6:27:32] /i 405
[3/4/2021 6:27:33] /i 405
[3/4/2021 6:27:34] /r
[3/4/2021 6:27:35] /r
[3/4/2021 6:27:37] /i 405
[3/4/2021 6:27:38] /r
[3/4/2021 6:28:7] /goto ziemniaczek
[3/4/2021 6:28:20] /goto melfik opikejra
[3/4/2021 6:28:26] /c pyrka leci
[3/4/2021 6:28:34] /r
[3/4/2021 6:28:35] /r
[3/4/2021 6:28:38] /r
[3/4/2021 6:28:40] /r
[3/4/2021 6:28:46] /i sudden death rune,10000
[3/4/2021 6:29:28] /goto pyrka leci
[3/4/2021 6:29:30] /r
[3/4/2021 6:29:37] /i 30 golden account scroll
[3/4/2021 6:30:5] /goto melfik opikejra
[3/4/2021 6:30:6] /ghost
[3/4/2021 6:31:2] /c pyrka leci
[3/4/2021 6:31:3] /c pyrka leci
[3/4/2021 6:31:4] /c pyrka leci
[3/4/2021 6:31:6] /c pyrka leci
[3/4/2021 6:31:6] /c pyrka leci
[3/4/2021 6:31:7] /c pyrka leci
[3/4/2021 6:31:7] /c pyrka leci
[3/4/2021 6:31:8] /c pyrka leci
[3/4/2021 6:31:8] /c pyrka leci
[3/4/2021 6:31:9] /c pyrka leci
[3/4/2021 6:31:9] /c pyrka leci
[3/4/2021 6:31:10] /c pyrka leci
[3/4/2021 6:31:10] /c pyrka leci
[3/4/2021 6:31:10] /c pyrka leci
[3/4/2021 6:31:11] /c pyrka leci
[3/4/2021 6:31:11] /c pyrka leci
[3/4/2021 6:31:12] /c pyrka leci
[3/4/2021 6:31:12] /c pyrka leci
[3/4/2021 6:31:13] /c pyrka leci
[3/4/2021 6:31:13] /c pyrka leci
[3/4/2021 6:31:14] /c pyrka leci
[3/4/2021 6:31:14] /c pyrka leci
[3/4/2021 6:31:18] /c pyrka leci
[3/4/2021 6:31:19] /c pyrka leci
[3/4/2021 6:31:20] /c pyrka leci
[3/4/2021 6:31:26] /c pyrka leci
[3/4/2021 6:31:27] /c pyrka leci
[3/4/2021 6:31:38] /c pyrka leci
[3/4/2021 6:31:53] /goto opiki do boju
[3/4/2021 6:31:59] /addskill opiki do boju,lvl,7
[3/4/2021 6:32:5] /goto melfik opikejra
[3/4/2021 6:32:8] /up
[3/4/2021 6:32:14] /c pyrka leci
[3/4/2021 6:32:17] /addskill pyrka leci,lvl,30
[3/4/2021 6:32:37] /addskill pyrka leci,mlvl,4
[3/4/2021 6:32:41] /i ultimate healing rune,10000
[3/4/2021 6:32:48] /m demon shield
[3/4/2021 6:32:53] /i ultimate healing rune,10000
[3/4/2021 6:32:57] /i mastermind shield
[3/4/2021 6:33:8] /goto melfik opikejra
[3/4/2021 6:33:16] /ghost
[3/4/2021 6:33:25] /addskill melfik opikejra,mlvl,10
[3/4/2021 6:33:26] /addskill melfik opikejra,mlvl,10
[3/4/2021 6:33:31] /addskill ziemniak,mlvl,15
[3/4/2021 6:33:38] /addskill ziemniak,lvl
[3/4/2021 6:33:48] /goto opiki do boju
[3/4/2021 6:33:56] /addskill opiki do boju,lvl,15
[3/4/2021 6:34:22] /addskill opiki do boju,mlvl,15
