[3/4/2021 9:6:10] /up
[3/4/2021 9:6:12] /up
[3/4/2021 9:6:16] /up
[3/4/2021 9:6:17] /up
[3/4/2021 9:6:19] /up
[3/4/2021 9:6:21] /down
[3/4/2021 9:6:22] /down
[3/4/2021 9:6:22] /down
[3/4/2021 9:6:23] /down
[3/4/2021 9:6:24] /down
[3/4/2021 9:6:26] /up
[3/4/2021 9:6:27] /up
[3/4/2021 9:6:29] /up
[3/4/2021 9:6:30] /up
[3/4/2021 9:6:32] /down
[3/4/2021 9:6:59] /r
[3/4/2021 9:7:5] /r
[3/4/2021 9:7:6] /r
[3/4/2021 9:7:7] /r
[3/4/2021 9:7:36] /i 3031
[3/4/2021 9:7:36] /i 3031
[3/4/2021 9:7:37] /i 3031
[3/4/2021 9:7:38] /i 3031
[3/4/2021 9:7:39] /i 3031
[3/4/2021 9:7:54] /i 3031
[3/4/2021 9:7:56] /i 3034
[3/4/2021 9:8:2] /i 2152
[3/4/2021 9:8:3] /i 2152
[3/4/2021 9:8:6] /i 3031
[3/4/2021 9:8:7] /i 3031
[3/4/2021 9:8:8] /i 3031
[3/4/2021 9:8:10] /i 3031
[3/4/2021 9:8:14] /i crystal coin
[3/4/2021 9:8:17] /i crystal coin,1
[3/4/2021 10:31:49] /a 2
[3/4/2021 10:31:49] /a 2
[3/4/2021 10:31:49] /a 2
[3/4/2021 10:31:50] /a 2
[3/4/2021 10:31:50] /a 2
[3/4/2021 10:31:50] /a 2
[3/4/2021 10:31:51] /a 2
[3/4/2021 10:31:51] /a 2
[3/4/2021 11:56:22] /goto Makumba Tester Oralny
[3/4/2021 11:56:29] /a 2
[3/4/2021 11:56:30] /a 2
[3/4/2021 11:56:46] /down
[3/4/2021 11:57:9] /up
[3/4/2021 11:57:14] /m rat
[3/4/2021 11:57:14] /m rat
[3/4/2021 11:57:15] /m rat
[3/4/2021 11:57:22] /i boots of haste
[3/4/2021 11:57:28] /i demon legs
[3/4/2021 11:57:36] /i demon legs
[3/4/2021 11:57:38] /i boots of haste
[3/4/2021 11:58:29] /i crystal coin
[3/4/2021 11:58:40] /i soft boots
[3/4/2021 11:58:41] /i soft boots
[3/4/2021 11:59:12] /goto gm opikk
[3/4/2021 11:59:23] /goto gm opikk
[3/4/2021 11:59:26] /goto gm opikk
[3/4/2021 11:59:29] /goto sea serpent
[3/4/2021 11:59:42] /down
[3/4/2021 12:0:0] /up
[3/4/2021 12:0:11] /goto sea serpent
[3/4/2021 12:0:14] /goto sea serpent
[3/4/2021 12:0:59] /up
[3/4/2021 12:1:10] /up
[3/4/2021 12:1:39] /goto grim reapesr
[3/4/2021 12:1:40] /goto grim reapers
[3/4/2021 12:1:43] /goto grim reapers
[3/4/2021 12:1:46] /goto grim reapers
[3/4/2021 12:1:53] /goto grim reapers
[3/4/2021 12:2:4] /goto grim reapers
[3/4/2021 12:2:25] /goto grim reapers
[3/4/2021 12:2:26] /goto grim reaper
[3/4/2021 12:3:32] /goto Makumba Tester Oralny
[3/4/2021 12:3:34] /goto Makumba Tester Oralny
[3/4/2021 12:4:7] /i stone skin amulet
[3/4/2021 14:42:4] /a 2
[3/4/2021 14:42:6] /a 1
[3/4/2021 15:16:18] /i mastermind shield
[3/4/2021 15:16:33] /m sea serpent
[3/4/2021 15:16:36] /m sea serpent
[3/4/2021 15:16:37] /m sea serpent
[3/4/2021 15:16:37] /m sea serpent
[3/4/2021 15:16:38] /m sea serpent
[3/4/2021 15:16:38] /m sea serpent
[3/4/2021 15:16:38] /m sea serpent
[3/4/2021 15:16:39] /m sea serpent
[3/4/2021 15:16:39] /m sea serpent
[3/4/2021 15:16:40] /m sea serpent
[3/4/2021 15:17:23] /i necromancete
[3/4/2021 15:17:26] /m necromancer
[3/4/2021 15:17:27] /m necromancer
[3/4/2021 15:17:27] /m necromancer
[3/4/2021 15:17:28] /m necromancer
[3/4/2021 15:17:28] /m necromancer
[3/4/2021 15:17:38] /m necromancer
[3/4/2021 15:17:39] /m necromancer
[3/4/2021 15:17:39] /m necromancer
[3/4/2021 15:17:39] /m necromancer
[3/4/2021 15:17:39] /m necromancer
[3/4/2021 15:17:39] /m necromancer
[3/4/2021 15:17:39] /m necromancer
[3/4/2021 15:17:39] /m necromancer
[3/4/2021 15:17:39] /m necromancer
[3/4/2021 15:17:39] /m necromancer
[3/4/2021 15:17:39] /m necromancer
[3/4/2021 15:17:39] /m necromancer
[3/4/2021 15:17:39] /m necromancer
[3/4/2021 15:17:39] /m necromancer
[3/4/2021 15:17:39] /m necromancer
[3/4/2021 15:17:39] /m necromancer
[3/4/2021 15:17:39] /m necromancer
[3/4/2021 15:17:39] /m necromancer
[3/4/2021 15:17:39] /m necromancer
[3/4/2021 15:17:39] /m necromancer
[3/4/2021 15:17:39] /m necromancer
[3/4/2021 15:17:39] /m necromancer
[3/4/2021 15:17:39] /m necromancer
[3/4/2021 15:17:40] /m necromancer
[3/4/2021 15:17:40] /m necromancer
[3/4/2021 15:17:40] /m necromancer
[3/4/2021 15:17:40] /m necromancer
[3/4/2021 15:17:40] /m necromancer
[3/4/2021 15:17:40] /m necromancer
[3/4/2021 15:17:40] /m necromancer
[3/4/2021 15:17:40] /m necromancer
[3/4/2021 15:17:45] /m necromancer
[3/4/2021 15:17:45] /m necromancer
[3/4/2021 15:17:46] /m necromancer
[3/4/2021 15:17:46] /m necromancer
[3/4/2021 15:17:49] /m necromancer
[3/4/2021 15:17:50] /m necromancer
[3/4/2021 15:17:50] /m necromancer
[3/4/2021 15:17:50] /m necromancer
[3/4/2021 15:17:50] /m necromancer
[3/4/2021 15:17:50] /m necromancer
[3/4/2021 15:17:50] /m necromancer
[3/4/2021 15:17:50] /m necromancer
[3/4/2021 15:17:50] /m necromancer
[3/4/2021 15:17:50] /m necromancer
[3/4/2021 15:17:50] /m necromancer
[3/4/2021 15:17:50] /m necromancer
[3/4/2021 15:17:50] /m necromancer
[3/4/2021 15:17:51] /m necromancer
[3/4/2021 15:17:51] /m necromancer
[3/4/2021 15:17:51] /m necromancer
[3/4/2021 15:17:51] /m necromancer
[3/4/2021 15:17:51] /m necromancer
[3/4/2021 15:17:51] /m necromancer
[3/4/2021 15:17:51] /m necromancer
[3/4/2021 15:17:51] /m necromancer
[3/4/2021 15:17:51] /m necromancer
[3/4/2021 15:17:51] /m necromancer
[3/4/2021 15:17:51] /m necromancer
[3/4/2021 15:17:51] /m necromancer
[3/4/2021 15:17:51] /m necromancer
[3/4/2021 15:17:51] /m necromancer
[3/4/2021 15:17:51] /m necromancer
[3/4/2021 15:17:51] /m necromancer
[3/4/2021 15:17:55] /m necromancer
[3/4/2021 15:17:55] /m necromancer
[3/4/2021 15:17:55] /m necromancer
[3/4/2021 15:17:55] /m necromancer
[3/4/2021 15:17:56] /m necromancer
[3/4/2021 15:17:56] /m necromancer
[3/4/2021 15:17:56] /m necromancer
[3/4/2021 15:17:56] /m necromancer
[3/4/2021 15:17:59] /m necromancer
[3/4/2021 15:17:59] /m necromancer
[3/4/2021 15:17:59] /m necromancer
[3/4/2021 15:17:59] /m necromancer
[3/4/2021 15:18:0] /m necromancer
[3/4/2021 15:18:0] /m necromancer
[3/4/2021 15:18:0] /m necromancer
[3/4/2021 15:18:0] /m necromancer
[3/4/2021 15:18:0] /m necromancer
[3/4/2021 15:18:0] /m necromancer
[3/4/2021 15:18:0] /m necromancer
[3/4/2021 15:18:0] /m necromancer
[3/4/2021 15:18:0] /m necromancer
[3/4/2021 15:18:0] /m necromancer
[3/4/2021 15:18:0] /m necromancer
[3/4/2021 15:18:0] /m necromancer
[3/4/2021 15:18:0] /m necromancer
[3/4/2021 15:18:0] /m necromancer
[3/4/2021 15:18:0] /m necromancer
[3/4/2021 15:18:0] /m necromancer
[3/4/2021 15:18:0] /m necromancer
[3/4/2021 15:18:0] /m necromancer
[3/4/2021 15:18:0] /m necromancer
[3/4/2021 15:18:0] /m necromancer
[3/4/2021 15:18:0] /m necromancer
[3/4/2021 15:18:0] /m necromancer
[3/4/2021 15:18:0] /m necromancer
[3/4/2021 15:18:0] /m necromancer
[3/4/2021 15:18:0] /m necromancer
[3/4/2021 15:18:0] /m necromancer
[3/4/2021 15:18:0] /m necromancer
[3/4/2021 15:18:0] /m necromancer
[3/4/2021 15:18:0] /m necromancer
[3/4/2021 15:18:0] /m necromancer
[3/4/2021 15:18:0] /m necromancer
[3/4/2021 15:18:0] /m necromancer
[3/4/2021 15:18:0] /m necromancer
[3/4/2021 15:18:0] /m necromancer
[3/4/2021 15:18:0] /m necromancer
[3/4/2021 15:18:0] /m necromancer
[3/4/2021 15:18:0] /m necromancer
[3/4/2021 15:18:0] /m necromancer
[3/4/2021 15:18:0] /m necromancer
[3/4/2021 15:18:0] /m necromancer
[3/4/2021 15:18:0] /m necromancer
[3/4/2021 15:18:0] /m necromancer
[3/4/2021 15:18:0] /m necromancer
[3/4/2021 15:18:0] /m necromancer
[3/4/2021 15:18:0] /m necromancer
[3/4/2021 15:18:0] /m necromancer
[3/4/2021 15:18:0] /m necromancer
[3/4/2021 15:18:0] /m necromancer
[3/4/2021 15:18:0] /m necromancer
[3/4/2021 15:18:0] /m necromancer
[3/4/2021 15:18:1] /m necromancer
[3/4/2021 15:18:1] /m necromancer
[3/4/2021 15:18:1] /m necromancer
[3/4/2021 15:18:1] /m necromancer
[3/4/2021 15:18:1] /m necromancer
[3/4/2021 15:18:1] /m necromancer
[3/4/2021 15:18:1] /m necromancer
[3/4/2021 15:18:1] /m necromancer
[3/4/2021 15:18:1] /m necromancer
[3/4/2021 15:18:1] /m necromancer
[3/4/2021 15:18:1] /m necromancer
[3/4/2021 15:18:1] /m necromancer
[3/4/2021 15:18:1] /m necromancer
[3/4/2021 15:18:1] /m necromancer
[3/4/2021 15:18:1] /m necromancer
[3/4/2021 15:18:1] /m necromancer
[3/4/2021 15:18:1] /m necromancer
[3/4/2021 15:18:1] /m necromancer
[3/4/2021 15:18:1] /m necromancer
[3/4/2021 15:18:1] /m necromancer
[3/4/2021 15:18:1] /m necromancer
[3/4/2021 15:18:3] /m necromancer
[3/4/2021 15:18:3] /m necromancer
[3/4/2021 15:18:3] /m necromancer
[3/4/2021 15:18:3] /m necromancer
[3/4/2021 15:18:3] /m necromancer
[3/4/2021 15:18:3] /m necromancer
[3/4/2021 15:18:3] /m necromancer
[3/4/2021 15:18:3] /m necromancer
[3/4/2021 15:24:10] /i magic wall rune
[4/4/2021 4:11:13] /m necromancer
[4/4/2021 4:11:13] /m necromancer
[4/4/2021 4:11:13] /m necromancer
[4/4/2021 4:11:13] /m necromancer
[4/4/2021 4:11:13] /m necromancer
[4/4/2021 4:11:13] /m necromancer
[4/4/2021 4:11:13] /m necromancer
[4/4/2021 4:11:13] /m necromancer
[4/4/2021 4:11:13] /m necromancer
[4/4/2021 4:11:13] /m necromancer
[4/4/2021 4:11:13] /m necromancer
[4/4/2021 4:11:13] /m necromancer
[4/4/2021 4:11:13] /m necromancer
[4/4/2021 4:11:13] /m necromancer
[4/4/2021 4:11:13] /m necromancer
[4/4/2021 4:11:13] /m necromancer
[4/4/2021 4:11:13] /m necromancer
[4/4/2021 4:11:13] /m necromancer
[4/4/2021 4:11:13] /m necromancer
[4/4/2021 4:11:13] /m necromancer
[4/4/2021 4:11:14] /m necromancer
[4/4/2021 4:11:14] /m necromancer
[4/4/2021 4:11:14] /m necromancer
[4/4/2021 4:11:14] /m necromancer
[4/4/2021 4:11:14] /m necromancer
[4/4/2021 4:11:14] /m necromancer
[4/4/2021 4:11:14] /m necromancer
[4/4/2021 4:11:14] /m necromancer
[4/4/2021 4:11:14] /m necromancer
[4/4/2021 4:11:14] /m necromancer
[4/4/2021 4:11:14] /m necromancer
[4/4/2021 4:11:14] /m necromancer
[4/4/2021 4:11:14] /m necromancer
[4/4/2021 4:11:14] /m necromancer
[4/4/2021 4:11:14] /m necromancer
[4/4/2021 4:11:14] /m necromancer
[4/4/2021 4:11:14] /m necromancer
[4/4/2021 4:11:14] /m necromancer
[4/4/2021 4:11:14] /m necromancer
[4/4/2021 4:11:14] /m necromancer
[4/4/2021 4:11:14] /m necromancer
[4/4/2021 4:11:14] /m necromancer
[4/4/2021 4:11:14] /m necromancer
[4/4/2021 4:11:14] /m necromancer
[4/4/2021 4:11:14] /m necromancer
[4/4/2021 4:11:14] /m necromancer
[4/4/2021 4:11:14] /m necromancer
[4/4/2021 4:11:14] /m necromancer
[4/4/2021 4:11:14] /m necromancer
[4/4/2021 4:11:14] /m necromancer
[4/4/2021 4:11:14] /m necromancer
[4/4/2021 4:11:15] /m necromancer
[4/4/2021 4:11:15] /m necromancer
[4/4/2021 4:11:15] /m necromancer
[4/4/2021 4:11:15] /m necromancer
[4/4/2021 4:11:15] /m necromancer
[4/4/2021 4:11:15] /m necromancer
[4/4/2021 4:11:15] /m necromancer
[4/4/2021 4:11:15] /m necromancer
[4/4/2021 4:11:15] /m necromancer
[4/4/2021 4:11:15] /m necromancer
[4/4/2021 4:11:15] /m necromancer
[4/4/2021 4:11:15] /m necromancer
[4/4/2021 4:11:15] /m necromancer
[4/4/2021 4:11:15] /m necromancer
[4/4/2021 4:11:15] /m necromancer
[4/4/2021 4:11:15] /m necromancer
[4/4/2021 4:11:15] /m necromancer
[4/4/2021 4:11:15] /m necromancer
[4/4/2021 4:11:15] /m necromancer
[4/4/2021 4:11:15] /m necromancer
[4/4/2021 4:11:15] /m necromancer
[4/4/2021 4:11:15] /m necromancer
[4/4/2021 4:11:15] /m necromancer
[4/4/2021 4:11:15] /m necromancer
[4/4/2021 4:11:15] /m necromancer
[4/4/2021 4:11:15] /m necromancer
[4/4/2021 4:11:15] /m necromancer
[4/4/2021 4:11:15] /m necromancer
[4/4/2021 4:11:15] /m necromancer
[4/4/2021 4:11:15] /m necromancer
[4/4/2021 4:11:15] /m necromancer
[4/4/2021 4:11:15] /m necromancer
[4/4/2021 4:11:15] /m necromancer
[4/4/2021 4:11:15] /m necromancer
[4/4/2021 4:11:15] /m necromancer
[4/4/2021 4:11:15] /m necromancer
[4/4/2021 4:11:15] /m necromancer
[4/4/2021 4:11:15] /m necromancer
[4/4/2021 4:11:15] /m necromancer
[4/4/2021 4:11:15] /m necromancer
[4/4/2021 4:11:15] /m necromancer
[4/4/2021 4:11:15] /m necromancer
[4/4/2021 4:11:15] /m necromancer
[4/4/2021 4:11:15] /m necromancer
[4/4/2021 4:11:15] /m necromancer
[4/4/2021 4:11:15] /m necromancer
[4/4/2021 4:11:15] /m necromancer
[4/4/2021 4:11:15] /m necromancer
[4/4/2021 4:11:15] /m necromancer
[4/4/2021 4:11:16] /m necromancer
[4/4/2021 4:11:16] /m necromancer
[4/4/2021 4:11:16] /m necromancer
[4/4/2021 4:11:16] /m necromancer
[4/4/2021 4:11:16] /m necromancer
[4/4/2021 4:11:16] /m necromancer
[4/4/2021 4:11:16] /m necromancer
[4/4/2021 4:11:16] /m necromancer
[4/4/2021 4:11:16] /m necromancer
[4/4/2021 4:11:16] /m necromancer
[4/4/2021 4:11:16] /m necromancer
[4/4/2021 4:11:16] /m necromancer
[4/4/2021 4:11:16] /m necromancer
[4/4/2021 4:11:16] /m necromancer
[4/4/2021 4:11:16] /m necromancer
[4/4/2021 4:11:16] /m necromancer
[4/4/2021 4:11:16] /m necromancer
[4/4/2021 4:11:16] /m necromancer
[4/4/2021 4:11:16] /m necromancer
[4/4/2021 4:11:16] /m necromancer
[4/4/2021 4:11:16] /m necromancer
[4/4/2021 4:11:16] /m necromancer
[4/4/2021 4:11:16] /m necromancer
[4/4/2021 4:11:16] /m necromancer
[4/4/2021 4:11:16] /m necromancer
[4/4/2021 4:11:16] /m necromancer
[4/4/2021 4:11:16] /m necromancer
[4/4/2021 4:11:16] /m necromancer
[4/4/2021 4:11:16] /m necromancer
[4/4/2021 4:11:16] /m necromancer
[4/4/2021 4:11:16] /m necromancer
[4/4/2021 4:11:16] /m necromancer
[4/4/2021 4:11:16] /m necromancer
[4/4/2021 4:11:16] /m necromancer
[4/4/2021 4:11:16] /m necromancer
[4/4/2021 4:11:16] /m necromancer
[4/4/2021 4:11:16] /m necromancer
[4/4/2021 4:11:16] /m necromancer
[4/4/2021 4:11:16] /m necromancer
[4/4/2021 4:11:16] /m necromancer
[4/4/2021 4:11:16] /m necromancer
[4/4/2021 4:11:16] /m necromancer
[4/4/2021 4:11:16] /m necromancer
[4/4/2021 4:11:16] /m necromancer
[4/4/2021 4:11:16] /m necromancer
[4/4/2021 4:11:16] /m necromancer
[4/4/2021 4:11:16] /m necromancer
[4/4/2021 4:11:16] /m necromancer
[4/4/2021 4:11:16] /m necromancer
[4/4/2021 4:11:16] /m necromancer
[4/4/2021 4:11:17] /m necromancer
[4/4/2021 4:11:17] /m necromancer
[4/4/2021 4:11:17] /m necromancer
[4/4/2021 4:11:17] /m necromancer
[4/4/2021 4:11:17] /m necromancer
[4/4/2021 4:11:17] /m necromancer
[4/4/2021 4:11:17] /m necromancer
[4/4/2021 4:11:17] /m necromancer
[4/4/2021 4:11:17] /m necromancer
[4/4/2021 4:11:17] /m necromancer
[4/4/2021 4:11:17] /m necromancer
[4/4/2021 4:11:17] /m necromancer
[4/4/2021 4:11:17] /m necromancer
[4/4/2021 4:11:17] /m necromancer
[4/4/2021 4:11:17] /m necromancer
[4/4/2021 4:11:17] /m necromancer
[4/4/2021 4:11:17] /m necromancer
[4/4/2021 4:11:17] /m necromancer
[4/4/2021 4:11:17] /m necromancer
[4/4/2021 4:11:17] /m necromancer
[4/4/2021 4:11:17] /m necromancer
[4/4/2021 4:11:17] /m necromancer
[4/4/2021 4:11:17] /m necromancer
[4/4/2021 4:11:17] /m necromancer
[4/4/2021 4:11:17] /m necromancer
[4/4/2021 4:11:17] /m necromancer
[4/4/2021 4:11:17] /m necromancer
[4/4/2021 4:11:17] /m necromancer
[4/4/2021 4:11:17] /m necromancer
[4/4/2021 4:11:17] /m necromancer
[4/4/2021 4:11:17] /m necromancer
[4/4/2021 4:11:17] /m necromancer
[4/4/2021 4:11:17] /m necromancer
[4/4/2021 4:11:17] /m necromancer
[4/4/2021 4:11:17] /m necromancer
[4/4/2021 4:11:17] /m necromancer
[4/4/2021 4:11:17] /m necromancer
[4/4/2021 4:11:17] /m necromancer
[4/4/2021 4:11:17] /m necromancer
[4/4/2021 4:11:17] /m necromancer
[4/4/2021 4:11:17] /m necromancer
[4/4/2021 4:11:17] /m necromancer
[4/4/2021 4:11:17] /m necromancer
[4/4/2021 4:11:17] /m necromancer
[4/4/2021 4:11:17] /m necromancer
[4/4/2021 4:11:17] /m necromancer
[4/4/2021 4:11:17] /m necromancer
[4/4/2021 4:11:17] /m necromancer
[4/4/2021 4:11:17] /m necromancer
[4/4/2021 4:11:17] /m necromancer
[4/4/2021 4:11:18] /m necromancer
[4/4/2021 4:11:18] /m necromancer
[4/4/2021 4:11:18] /m necromancer
[4/4/2021 4:11:18] /m necromancer
[4/4/2021 4:11:18] /m necromancer
[4/4/2021 4:11:18] /m necromancer
[4/4/2021 4:11:18] /m necromancer
[4/4/2021 4:11:18] /m necromancer
[4/4/2021 4:11:18] /m necromancer
[4/4/2021 4:11:18] /m necromancer
[4/4/2021 4:11:18] /m necromancer
[4/4/2021 4:11:18] /m necromancer
[4/4/2021 4:11:18] /m necromancer
[4/4/2021 4:11:18] /m necromancer
[4/4/2021 4:11:18] /m necromancer
[4/4/2021 4:11:18] /m necromancer
[4/4/2021 4:11:18] /m necromancer
[4/4/2021 4:11:18] /m necromancer
[4/4/2021 4:11:18] /m necromancer
[4/4/2021 4:11:18] /m necromancer
[4/4/2021 4:11:18] /m necromancer
[4/4/2021 4:11:18] /m necromancer
[4/4/2021 4:11:18] /m necromancer
[4/4/2021 4:11:18] /m necromancer
[4/4/2021 4:11:18] /m necromancer
[4/4/2021 4:11:18] /m necromancer
[4/4/2021 4:11:18] /m necromancer
[4/4/2021 4:11:18] /m necromancer
[4/4/2021 4:11:18] /m necromancer
[4/4/2021 4:11:18] /m necromancer
[4/4/2021 4:11:18] /m necromancer
[4/4/2021 4:11:18] /m necromancer
[4/4/2021 4:11:18] /m necromancer
[4/4/2021 4:11:18] /m necromancer
[4/4/2021 4:11:18] /m necromancer
[4/4/2021 4:11:18] /m necromancer
[4/4/2021 4:11:18] /m necromancer
[4/4/2021 4:11:18] /m necromancer
[4/4/2021 4:11:18] /m necromancer
[4/4/2021 4:11:18] /m necromancer
[4/4/2021 4:11:18] /m necromancer
[4/4/2021 4:11:18] /m necromancer
[4/4/2021 4:11:18] /m necromancer
[4/4/2021 4:11:18] /m necromancer
[4/4/2021 4:11:18] /m necromancer
[4/4/2021 4:11:18] /m necromancer
[4/4/2021 4:11:18] /m necromancer
[4/4/2021 4:11:18] /m necromancer
[4/4/2021 4:11:18] /m necromancer
[4/4/2021 4:11:18] /m necromancer
[4/4/2021 4:11:19] /m necromancer
[4/4/2021 4:11:19] /m necromancer
[4/4/2021 4:11:19] /m necromancer
[4/4/2021 4:11:19] /m necromancer
[4/4/2021 4:11:19] /m necromancer
[4/4/2021 4:11:19] /m necromancer
[4/4/2021 4:11:19] /m necromancer
[4/4/2021 4:11:19] /m necromancer
[4/4/2021 4:11:19] /m necromancer
[4/4/2021 4:11:19] /m necromancer
[4/4/2021 4:11:19] /m necromancer
[4/4/2021 4:11:20] /m necromancer
[4/4/2021 4:11:23] /m necromancer
[4/4/2021 5:6:28] /goto ero
[4/4/2021 5:9:45] /goto demon
[4/4/2021 5:9:46] /r
[4/4/2021 5:9:47] /r
[4/4/2021 5:9:49] /r
[4/4/2021 5:9:50] /r
[4/4/2021 5:9:51] /goto demon
[4/4/2021 5:9:52] /r
[4/4/2021 5:9:52] /goto demon
[4/4/2021 5:9:53] /r
[4/4/2021 5:9:54] /goto demon
[4/4/2021 5:9:56] /r
[4/4/2021 5:9:56] /goto demon
[4/4/2021 5:9:58] /r
[4/4/2021 5:9:59] /goto demon
[4/4/2021 5:10:0] /r
[4/4/2021 5:10:1] /goto demon
[4/4/2021 5:10:2] /r
[4/4/2021 5:10:4] /r
[4/4/2021 5:10:4] /goto demon
[4/4/2021 5:10:5] /r
[4/4/2021 5:10:6] /goto demon
[4/4/2021 5:10:7] /r
[4/4/2021 5:10:8] /goto demon
[4/4/2021 5:10:9] /r
[4/4/2021 5:10:10] /goto demon
[4/4/2021 5:10:11] /r
[4/4/2021 5:10:12] /goto demon
[4/4/2021 5:10:13] /r
[4/4/2021 5:10:14] /goto demon
[4/4/2021 5:10:15] /r
[4/4/2021 5:10:16] /goto demon
[4/4/2021 5:10:17] /r
[4/4/2021 5:10:17] /goto demon
[4/4/2021 5:10:19] /r
[4/4/2021 5:10:36] /a 5
[4/4/2021 5:10:37] /a 5
[4/4/2021 5:10:39] /a 5
[4/4/2021 5:10:40] /a 5
[4/4/2021 5:10:42] /a 3
[4/4/2021 5:10:44] /a 3
[4/4/2021 5:10:45] /a 3
[4/4/2021 5:10:46] /a 3
[4/4/2021 5:10:47] /a 7
[4/4/2021 5:10:48] /a  8
[4/4/2021 5:10:52] /a  8
[4/4/2021 5:11:26] /goto ero
[4/4/2021 5:11:42] /goto chest
[4/4/2021 5:11:43] /goto chest
[4/4/2021 5:11:45] /goto demon
[4/4/2021 5:12:5] /goto edron
[4/4/2021 5:12:10] /town edron
[4/4/2021 5:12:12] /up
[4/4/2021 5:13:7] /r
[4/4/2021 5:13:13] /r
[4/4/2021 5:18:10] /goto ero
[4/4/2021 5:18:12] /goto ero
[4/4/2021 5:18:18] /raid snake
[4/4/2021 5:18:19] /raid snake
[4/4/2021 5:18:22] /raid rat
[4/4/2021 5:18:26] /goto paladyn na iglicy
[4/4/2021 5:18:42] /i magic longsword
[4/4/2021 5:19:5] /raid snakes
[4/4/2021 5:19:7] /raid snakes
[4/4/2021 5:19:7] /raid snakes
[4/4/2021 5:19:10] /raid snakez
[4/4/2021 5:19:11] /raid snakez
[4/4/2021 5:19:26] /raid snakez
[4/4/2021 5:19:29] /raid snakez
[4/4/2021 5:19:30] /raid snakez
[4/4/2021 5:19:57] /c ero
[4/4/2021 5:20:0] /c paladyn na iglicy
[4/4/2021 5:20:5] /town thais
[4/4/2021 5:20:6] /c paladyn na iglicy
[4/4/2021 5:20:13] /t paladyn na iglicy
[4/4/2021 5:20:17] /n oracle
[4/4/2021 5:20:19] /n oracle
[4/4/2021 5:20:20] /n oracle
[4/4/2021 5:20:20] /n oracle
[4/4/2021 5:20:27] /i crossbow
[4/4/2021 5:22:39] /c paladyn na iglicy
[4/4/2021 5:23:23] /i power bolt
[4/4/2021 5:32:17] /i uh 100
[4/4/2021 5:32:18] /i uh 100
[4/4/2021 5:32:22] /i ultimate healing rune
[4/4/2021 5:32:23] /i ultimate healing rune
[4/4/2021 5:32:32] /i sudden death rune
[4/4/2021 5:32:33] /i sudden death rune
[4/4/2021 5:32:33] /i sudden death rune
[4/4/2021 5:32:42] /i bolt, 1000
[4/4/2021 5:32:43] /i bolt, 1000
[4/4/2021 5:32:44] /i bolt, 1000
[4/4/2021 5:32:46] /i bolt, 1000
[4/4/2021 5:32:47] /i bolt, 1000
[4/4/2021 5:32:47] /i bolt, 1000
[4/4/2021 5:32:47] /i bolt, 1000
[4/4/2021 5:32:53] /i crystal coin
[4/4/2021 5:57:10] /r
[4/4/2021 6:6:8] /r
[4/4/2021 6:6:13] /r
[4/4/2021 6:6:15] /m demon
[4/4/2021 6:6:18] /c ero
[4/4/2021 6:6:22] /r
[4/4/2021 6:6:24] /m demon
[4/4/2021 6:6:31] /s demon
[4/4/2021 6:6:32] /s demon
[4/4/2021 6:6:32] /s demon
[4/4/2021 6:6:33] /s demon
[4/4/2021 6:6:33] /s demon
[4/4/2021 6:6:34] /s demon
[4/4/2021 6:6:34] /s demon
[4/4/2021 6:6:35] /s demon
[4/4/2021 6:6:35] /s demon
[4/4/2021 6:6:43] /c ero
[4/4/2021 6:6:45] /c ero
[4/4/2021 6:6:47] /c ero
[4/4/2021 6:6:47] /c ero
[4/4/2021 6:6:48] /c ero
[4/4/2021 6:6:50] /c ero
[4/4/2021 6:6:51] /c ero
[4/4/2021 6:6:51] /c ero
[4/4/2021 6:6:52] /c ero
[4/4/2021 6:6:52] /c ero
[4/4/2021 6:6:53] /c ero
[4/4/2021 6:6:54] /c ero
[4/4/2021 6:6:54] /c ero
[4/4/2021 6:6:55] /c ero
[4/4/2021 6:6:55] /c ero
[4/4/2021 6:6:56] /c ero
[4/4/2021 6:6:57] /c ero
[4/4/2021 6:6:57] /c ero
[4/4/2021 6:6:59] /c ero
[4/4/2021 6:7:1] /c ero
[4/4/2021 6:7:3] /r
[4/4/2021 6:7:4] /r
[4/4/2021 6:7:5] /c ero
[4/4/2021 6:7:6] /c ero
[4/4/2021 6:7:11] /a 2
[4/4/2021 6:7:12] /c ero
[4/4/2021 6:7:21] /r
[4/4/2021 6:7:22] /r
[4/4/2021 6:7:23] /r
[4/4/2021 6:7:25] /r
[4/4/2021 6:7:28] /i 1036
[4/4/2021 6:7:30] /i 1036
[4/4/2021 6:7:33] /i 1036
[4/4/2021 6:7:34] /i 1036
[4/4/2021 6:7:34] /i 1036
[4/4/2021 6:7:35] /r
[4/4/2021 6:7:36] /r
[4/4/2021 6:7:37] /i 1036
[4/4/2021 6:7:38] /i 1036
[4/4/2021 6:7:40] /i 1036
[4/4/2021 6:7:40] /i 1036
[4/4/2021 6:7:43] /i 1036
[4/4/2021 6:7:45] /i 1036
[4/4/2021 6:7:46] /i 1036
[4/4/2021 6:7:47] /i 1036
[4/4/2021 6:7:47] /i 1036
[4/4/2021 6:7:49] /i 1036
[4/4/2021 6:7:49] /i 1036
[4/4/2021 6:7:50] /i 1036
[4/4/2021 6:7:57] /i 1263
[4/4/2021 6:7:59] /i 1263
[4/4/2021 6:8:1] /i 1263
[4/4/2021 6:8:3] /i 1263
[4/4/2021 6:8:10] /i 2038
[4/4/2021 6:8:11] /i 2038
[4/4/2021 6:8:12] /i 2038
[4/4/2021 6:8:14] /i 2038
[4/4/2021 6:8:16] /i 2038
[4/4/2021 6:8:18] /i 2038
[4/4/2021 6:8:21] /i 2038
[4/4/2021 6:8:23] /i 2038
[4/4/2021 6:8:23] /i 2038
[4/4/2021 6:8:25] /i 2038
[4/4/2021 6:8:26] /i 2038
[4/4/2021 6:8:26] /i 2038
[4/4/2021 6:8:29] /i 2038
[4/4/2021 6:8:38] /c ero
[4/4/2021 6:8:49] /r
[4/4/2021 6:8:52] /c ero
[4/4/2021 6:8:56] /i 356
[4/4/2021 6:8:58] /i 356
[4/4/2021 6:8:58] /i 356
[4/4/2021 6:8:59] /c ero
[4/4/2021 6:9:6] /c erojuz
[4/4/2021 6:9:14] /i 101
[4/4/2021 6:9:16] /i 101
[4/4/2021 6:9:17] /i 101
[4/4/2021 6:9:19] /i 101
[4/4/2021 6:9:19] /i 101
[4/4/2021 6:9:20] /i 101
[4/4/2021 6:9:25] /up
[4/4/2021 6:9:27] /c ero
[4/4/2021 6:9:34] /c ero
[4/4/2021 6:9:44] /c ero
[4/4/2021 6:9:56] /up
[4/4/2021 6:9:56] /up
[4/4/2021 6:9:57] /up
[4/4/2021 6:9:59] /up
[4/4/2021 6:10:1] /c ero
[4/4/2021 6:10:6] /c ero
[4/4/2021 6:10:10] /c ero
[4/4/2021 6:10:11] /c ero
[4/4/2021 6:10:11] /c ero
[4/4/2021 6:10:12] /c ero
[4/4/2021 6:10:16] /c ero
[4/4/2021 6:10:18] /c ero
[4/4/2021 6:10:21] /c gm opikk
[4/4/2021 6:10:22] /c ero
[4/4/2021 6:10:27] /c gm opikk
[4/4/2021 6:10:29] /c gm opikk
[4/4/2021 6:10:31] /down
[4/4/2021 6:10:33] /c gm opikk
[4/4/2021 6:10:40] /c gm opikk
[4/4/2021 6:10:42] /c ero
[4/4/2021 6:10:43] /c ero
[4/4/2021 6:10:44] /c ero
[4/4/2021 6:10:44] /c ero
[4/4/2021 6:10:44] /c ero
[4/4/2021 6:10:45] /c ero
[4/4/2021 6:10:46] /c ero
[4/4/2021 6:10:46] /c ero
[4/4/2021 6:10:47] /c ero
[4/4/2021 6:10:47] /c ero
[4/4/2021 6:10:48] /c ero
[4/4/2021 6:10:49] /c ero
[4/4/2021 6:10:50] /c ero
[4/4/2021 6:10:51] /r
[4/4/2021 6:10:53] /r
[4/4/2021 6:10:54] /c ero
[4/4/2021 6:11:0] /i 1546
[4/4/2021 6:11:1] /i 1546
[4/4/2021 6:13:41] /t
[4/4/2021 6:13:41] /t
[4/4/2021 6:13:42] /t
[4/4/2021 6:13:43] /c
[4/4/2021 6:13:44] /c ero
[4/4/2021 6:13:45] /c ero
[4/4/2021 6:13:48] /c ero
[4/4/2021 6:13:50] /c ero
[4/4/2021 6:13:55] /goto ero
[4/4/2021 6:13:56] /c ero
[4/4/2021 6:13:58] /t
[4/4/2021 6:13:59] /c ero
[4/4/2021 6:14:0] /c ero
[4/4/2021 6:14:4] /c ero
[4/4/2021 6:14:7] /c ero
[4/4/2021 6:14:35] /c ero
[4/4/2021 6:15:22] /m dog
[4/4/2021 6:15:24] /m dog
[4/4/2021 6:15:24] /m dog
[4/4/2021 6:15:25] /m dog
[4/4/2021 6:15:25] /m dog
[4/4/2021 6:15:25] /m dog
[4/4/2021 6:15:26] /m dog
[4/4/2021 6:15:26] /m dog
[4/4/2021 6:15:27] /m dog
[4/4/2021 6:15:27] /m dog
[4/4/2021 6:15:28] /m dog
[4/4/2021 6:15:28] /m dog
[4/4/2021 6:15:29] /m dog
[4/4/2021 6:15:29] /m dog
[4/4/2021 6:15:30] /m dog
[4/4/2021 6:15:30] /m dog
[4/4/2021 6:15:31] /m dog
[4/4/2021 6:15:36] /m dog
[4/4/2021 6:15:37] /m dog
[4/4/2021 6:15:37] /m dog
[4/4/2021 6:15:38] /m dog
[4/4/2021 6:15:38] /m dog
[4/4/2021 6:15:38] /m dog
[4/4/2021 6:15:43] /m snow wolf
[4/4/2021 6:15:47] /m shark
[4/4/2021 6:15:47] /m shark
[4/4/2021 6:15:51] /m shark
[4/4/2021 6:15:52] /m shark
[4/4/2021 6:15:52] /m shark
[4/4/2021 6:15:57] /m sea serpent
[4/4/2021 6:18:19] /i ultimate healing rune
[4/4/2021 6:18:32] /s dragon
[4/4/2021 6:18:55] /s dragon
[4/4/2021 6:19:6] /i sudden death rune
[4/4/2021 6:38:22] /goto ero
[4/4/2021 6:38:30] /m demon
[4/4/2021 6:38:32] /r
[4/4/2021 12:14:1] /ghost
