[8/4/2021 23:28:36] /ghost
[8/4/2021 23:28:42] /town 12
[9/4/2021 18:38:1] /ghost
[9/4/2021 18:40:39] /ghost
[9/4/2021 18:40:39] /ghost
[9/4/2021 19:3:15] /a 5
[9/4/2021 19:3:18] /a 5
[9/4/2021 20:25:24] /ghost
[9/4/2021 20:25:24] /town 12
[9/4/2021 23:35:25] /reload config
[9/4/2021 23:35:30] /ghost
[9/4/2021 23:35:32] /tpr
[9/4/2021 23:35:52] /tpr
[9/4/2021 23:35:56] /tpr
[9/4/2021 23:35:57] /tpr
[9/4/2021 23:35:59] /tpr
[9/4/2021 23:36:1] /tpr
[9/4/2021 23:36:4] /tpr
[9/4/2021 23:38:36] /tpr
[9/4/2021 23:39:2] /tpr
[9/4/2021 23:39:22] /tpr
[9/4/2021 23:39:23] /tpr
[9/4/2021 23:39:25] /tpr
[9/4/2021 23:39:31] /tpr
[9/4/2021 23:39:33] /tpr
[9/4/2021 23:39:34] /tpr
[9/4/2021 23:39:42] /ghost
[9/4/2021 23:39:45] /tpr
[9/4/2021 23:39:48] /tpr
[9/4/2021 23:39:51] /reload config
[9/4/2021 23:39:52] /tpr
[9/4/2021 23:39:57] /n the oracle
[9/4/2021 23:40:1] /n the oracle
[9/4/2021 23:40:3] /tpr
[9/4/2021 23:40:4] /tpr
[9/4/2021 23:40:6] /tpr
[9/4/2021 23:40:7] /tpr
[9/4/2021 23:41:25] /reload monsters
[9/4/2021 23:43:23] /reload monsters
[9/4/2021 23:44:1] /reload monsters
[9/4/2021 23:44:40] /reload monsters
[9/4/2021 23:45:8] /reload monsters
[9/4/2021 23:45:32] /i 30 golden account scroll
[9/4/2021 23:45:35] /i 30 golden account scroll
[9/4/2021 23:45:38] /i 30 golden account scroll
[9/4/2021 23:45:54] /n dufi
[9/4/2021 23:46:5] /i parcel
[9/4/2021 23:46:6] /i parcel
[9/4/2021 23:46:10] /i label
[9/4/2021 23:46:11] /i label
[9/4/2021 23:47:18] /raid snakez
[9/4/2021 23:47:22] /goto polaczkos~
[9/4/2021 23:47:29] /n the oracle
[9/4/2021 23:47:31] /n the oracle
[9/4/2021 23:47:37] /m snake
[9/4/2021 23:47:37] /m snake
[9/4/2021 23:47:37] /m snake
[9/4/2021 23:47:37] /m snake
[9/4/2021 23:47:37] /m snake
[9/4/2021 23:47:37] /m snake
[9/4/2021 23:47:37] /m snake
[9/4/2021 23:47:37] /m snake
[9/4/2021 23:47:37] /m snake
[9/4/2021 23:47:37] /m snake
[9/4/2021 23:47:37] /m snake
[9/4/2021 23:48:11] /b loot pokazuje temu kto dobija
[9/4/2021 23:49:17] /goto torin
[9/4/2021 23:49:36] /i 7 golden account scroll
[9/4/2021 23:50:0] /up
[9/4/2021 23:50:2] /c torin
[9/4/2021 23:50:3] /n the oracl
[9/4/2021 23:50:6] /n the oracle
[9/4/2021 23:53:22] /goto opikk
[9/4/2021 23:53:24] /goto ero
[9/4/2021 23:53:28] /ghost
[9/4/2021 23:53:29] /ghost
[9/4/2021 23:53:33] /goto hydra
[9/4/2021 23:53:35] /down
[9/4/2021 23:53:52] /i parcel
[9/4/2021 23:53:54] /i label
[9/4/2021 23:53:57] /i parcel
[9/4/2021 23:53:57] /i label
[9/4/2021 23:53:59] /i parcel
[9/4/2021 23:54:0] /i label
[9/4/2021 23:54:11] /n dufi
[9/4/2021 23:54:14] /town thais
[9/4/2021 23:54:19] /goto opikk team leader
[9/4/2021 23:54:22] /goto opikk team leader
[9/4/2021 23:54:25] /goto opik team leader
[9/4/2021 23:54:44] /goto opikk team lider
[9/4/2021 23:54:46] /n benjamin
[9/4/2021 23:54:51] /r
[9/4/2021 23:54:52] /r
[9/4/2021 23:54:56] /i 330
[9/4/2021 23:54:59] /r
[9/4/2021 23:55:0] /i 3304
[9/4/2021 23:55:47] /reload monsters
[9/4/2021 23:57:31] /goto polaczkos~
[9/4/2021 23:57:53] /goto kat
[9/4/2021 23:58:32] /goto opikk team~
[9/4/2021 23:58:40] /i mailbow
[9/4/2021 23:58:41] /i mailbox
[9/4/2021 23:58:47] /r
[9/4/2021 23:59:31] /reload monsters
[10/4/2021 0:0:0] /goto apple red
[10/4/2021 0:0:4] /ghost
[10/4/2021 0:0:11] /i 5811
[10/4/2021 0:0:12] /i 5811
[10/4/2021 0:0:13] /i 5811
[10/4/2021 0:0:14] /i 5811
[10/4/2021 0:0:14] /i 5811
[10/4/2021 0:0:15] /i 5811
[10/4/2021 0:0:15] /i 5811
[10/4/2021 0:0:16] /i 5811
[10/4/2021 0:0:41] /m frost dragon
[10/4/2021 0:0:44] /m hydra
[10/4/2021 0:0:52] /r
[10/4/2021 0:0:58] /r
[10/4/2021 0:1:18] /goto opikk team~
[10/4/2021 0:1:19] /i 5811
[10/4/2021 0:1:20] /i 5811
[10/4/2021 0:1:20] /i 5811
[10/4/2021 0:2:1] /i 7 golden account scroll
[10/4/2021 0:2:46] /i 5811
[10/4/2021 0:4:2] /goto ero
[10/4/2021 0:4:4] /i 5811
[10/4/2021 0:4:5] /i 5811
[10/4/2021 0:5:1] /goto dederja
[10/4/2021 0:5:6] /down
[10/4/2021 0:5:7] /up
[10/4/2021 0:5:8] /down
[10/4/2021 0:5:10] /c dederja
[10/4/2021 0:6:29] /goto abd~
[10/4/2021 0:6:32] /goto abdkenac~
[10/4/2021 0:6:37] /goto abdjebac~
[10/4/2021 0:6:44] /goto adbjebac~
[10/4/2021 0:7:4] /i 5811
[10/4/2021 0:7:6] /i 5811
[10/4/2021 0:7:59] /i 7 golden account scroll
[10/4/2021 0:8:1] /i 7 golden account scroll
[10/4/2021 0:9:29] /i goldenruby backpack
[10/4/2021 0:9:30] /i goldenruby backpack
[10/4/2021 0:10:41] /m dog
[10/4/2021 0:10:41] /m dog
[10/4/2021 0:10:42] /m dog
[10/4/2021 0:10:49] /ghost
[10/4/2021 0:10:49] /goto apple red
[10/4/2021 0:10:52] /goto apple red
[10/4/2021 0:11:27] /goto
[10/4/2021 0:11:28] /goto Captain Jack Sparrow
[10/4/2021 0:11:42] /i 5850
[10/4/2021 0:13:29] /goto ero
[10/4/2021 0:13:44] /goto ero
[10/4/2021 0:13:51] /town darashia
[10/4/2021 0:13:52] /down 7
[10/4/2021 0:14:15] /m skeleton
[10/4/2021 0:14:16] /m skeleton
[10/4/2021 0:14:16] /m skeleton
[10/4/2021 0:14:16] /m skeleton
[10/4/2021 0:14:17] /m skeleton
[10/4/2021 0:14:17] /m skeleton
[10/4/2021 0:14:18] /m skeleton
[10/4/2021 0:14:20] /r
[10/4/2021 0:14:21] /r
[10/4/2021 0:14:22] /r
[10/4/2021 0:14:23] /r
[10/4/2021 0:14:24] /r
[10/4/2021 0:14:24] /r
[10/4/2021 0:14:25] /r
[10/4/2021 0:14:27] /goto dederja
[10/4/2021 0:14:34] /ghost
[10/4/2021 0:17:7] /goto ero
[10/4/2021 0:17:10] /a 15
[10/4/2021 0:17:10] /a 15
[10/4/2021 0:17:10] /a 15
[10/4/2021 0:17:10] /a 15
[10/4/2021 0:17:11] /a 15
[10/4/2021 0:17:12] /a 15
[10/4/2021 0:17:13] /a 15
[10/4/2021 0:17:13] /a 15
[10/4/2021 0:17:14] /a 5
[10/4/2021 0:17:34] /ghost
[10/4/2021 0:17:35] /tpr
[10/4/2021 0:17:37] /tpr
[10/4/2021 0:17:38] /tpr
[10/4/2021 0:17:39] /tpr
[10/4/2021 0:17:43] /tpr
[10/4/2021 0:17:46] /ghost
[10/4/2021 0:17:47] /ghost
[10/4/2021 0:17:53] /tpr
[10/4/2021 0:18:55] /goto alko pyrena
[10/4/2021 0:19:2] /n djinn specialist
[10/4/2021 0:19:13] /r
[10/4/2021 0:19:19] /r
[10/4/2021 0:19:26] /town thais
[10/4/2021 0:20:5] /owner Opikk Team Lider
[10/4/2021 0:20:5] /goto moderator francuz
[10/4/2021 0:20:15] /up
[10/4/2021 0:20:22] /down
[10/4/2021 0:20:24] /up
[10/4/2021 0:20:26] /up
[10/4/2021 0:20:29] /down
[10/4/2021 0:20:31] /i 408
[10/4/2021 0:20:33] /i 405
[10/4/2021 0:20:34] /i 405
[10/4/2021 0:20:35] /i 405
[10/4/2021 0:20:36] /i 405
[10/4/2021 0:20:37] /i 405
[10/4/2021 0:20:37] /i 405
[10/4/2021 0:20:38] /i 405
[10/4/2021 0:20:39] /i 405
[10/4/2021 0:20:39] /i 405
[10/4/2021 0:20:41] /i ladder
[10/4/2021 0:20:43] /r
[10/4/2021 0:20:45] /i 405
[10/4/2021 0:20:46] /up
[10/4/2021 0:20:50] /i 1386
[10/4/2021 0:20:52] /n djinn leader
[10/4/2021 0:20:56] /n djinn specialist
[10/4/2021 0:20:56] /up
[10/4/2021 0:20:58] /up
[10/4/2021 0:21:0] /c alko pyrena
[10/4/2021 0:21:7] /c opikk Team lider~
[10/4/2021 0:21:20] /c alko pyrena
[10/4/2021 0:21:31] /up
[10/4/2021 0:21:39] /i blue tapestry
[10/4/2021 0:21:43] /i blue tapestry
[10/4/2021 0:21:44] /i blue tapestry
[10/4/2021 0:21:53] /i blue tapestry
[10/4/2021 0:21:57] /i 1871
[10/4/2021 0:21:59] /r
[10/4/2021 0:21:59] /r
[10/4/2021 0:22:0] /r
[10/4/2021 0:22:3] /n xodet
[10/4/2021 0:22:4] /r
[10/4/2021 0:22:8] /i 424
[10/4/2021 0:22:9] /r
[10/4/2021 0:22:10] /r
[10/4/2021 0:22:10] /r
[10/4/2021 0:22:13] /i 424
[10/4/2021 0:22:17] /i 1036
[10/4/2021 0:22:23] /r
[10/4/2021 0:22:24] /r
[10/4/2021 0:22:24] /r
[10/4/2021 0:22:24] /r
[10/4/2021 0:22:25] /r
[10/4/2021 0:22:26] /r
[10/4/2021 0:22:26] /r
[10/4/2021 0:22:29] /up
[10/4/2021 0:22:30] /r
[10/4/2021 0:22:35] /i 424
[10/4/2021 0:22:39] /i 1386
[10/4/2021 0:23:29] /reload spells
[10/4/2021 0:23:58] /c opikk team lider
[10/4/2021 0:23:59] /c opikk team lider
[10/4/2021 0:24:23] /t
[10/4/2021 0:24:25] /tpr
[10/4/2021 0:24:26] /tpr
[10/4/2021 0:24:28] /ghost
[10/4/2021 0:24:29] /ghost
[10/4/2021 0:24:31] /tpr
[10/4/2021 0:24:32] /tpr
[10/4/2021 0:24:32] /tpr
[10/4/2021 0:24:33] /tpr
[10/4/2021 0:24:35] /tpr
[10/4/2021 0:24:37] /tpr
[10/4/2021 0:25:8] /storage Elias Ziani,266666
[10/4/2021 0:25:11] /storage Elias Ziani,255555
[10/4/2021 0:25:13] /storage Elias Ziani,244444
[10/4/2021 0:25:33] /ghost
[10/4/2021 0:25:42] /ghost
[10/4/2021 0:27:52] /up
[10/4/2021 0:27:55] /goto opikk
[10/4/2021 0:27:56] /goto opikk
[10/4/2021 0:28:0] /goto opikk
[10/4/2021 0:28:55] /goto captain jack~
[10/4/2021 0:29:56] /tpr
[10/4/2021 0:29:57] /tpr
[10/4/2021 0:29:59] /tpr
[10/4/2021 0:30:0] /tpr
[10/4/2021 0:30:0] /tpr
[10/4/2021 0:30:1] /tpr
[10/4/2021 0:30:2] /tpr
[10/4/2021 0:30:3] /tpr
[10/4/2021 0:30:10] /t
[10/4/2021 0:30:11] /tpr
[10/4/2021 0:30:15] /tpr
[10/4/2021 0:30:16] /tpr
[10/4/2021 0:30:19] /tpr
[10/4/2021 0:30:20] /tpr
[10/4/2021 0:30:21] /tpr
[10/4/2021 0:30:23] /tpr
[10/4/2021 0:30:25] /tpr
[10/4/2021 0:30:27] /tpr
[10/4/2021 0:30:30] /tpr
[10/4/2021 0:30:40] /t
[10/4/2021 0:32:21] /goto opikk team lider
[10/4/2021 0:32:56] /up
[10/4/2021 0:32:58] /down
[10/4/2021 0:33:2] /i 400
[10/4/2021 0:33:12] /goto dederja
[10/4/2021 0:33:23] /i golden account scroll
[10/4/2021 0:33:34] /goto dederja
[10/4/2021 0:33:34] /i 7 golden account scroll
[10/4/2021 0:33:46] /goto kat
[10/4/2021 0:33:55] /i mailbow
[10/4/2021 0:33:57] /i mailbox
[10/4/2021 0:34:1] /r
[10/4/2021 0:34:40] /goto dederja
[10/4/2021 0:34:42] /i parcel
[10/4/2021 0:34:48] /i label
[10/4/2021 0:34:52] /t
[10/4/2021 0:36:31] /goto rashid
[10/4/2021 0:37:9] /town 1
[10/4/2021 0:37:56] /goto opikk team lider
[10/4/2021 0:37:58] /i burst arrow
[10/4/2021 0:38:3] /i burst arrow
[10/4/2021 0:38:4] /i burst arrow
[10/4/2021 0:38:11] /i red backpack
[10/4/2021 0:38:18] /i burst arrow
[10/4/2021 0:38:19] /i burst arrow
[10/4/2021 0:38:20] /i burst arrow
[10/4/2021 0:38:20] /i burst arrow
[10/4/2021 0:38:24] /r
[10/4/2021 0:38:25] /r
[10/4/2021 0:38:26] /r
[10/4/2021 0:38:32] /i burst arrow
[10/4/2021 0:38:35] /ghost
[10/4/2021 0:38:35] /ghost
[10/4/2021 0:38:36] /t
[10/4/2021 10:30:36] /ghost
[10/4/2021 10:30:38] /ghost
[10/4/2021 18:16:43] /ghost
[13/4/2021 20:43:18] /goto demon
[13/4/2021 20:43:27] /goto dragon
[13/4/2021 20:43:41] /i 1998
[13/4/2021 20:43:49] /i sudden death rune
[13/4/2021 20:44:16] /t
[13/4/2021 21:22:24] /c testchar
[14/4/2021 12:12:6] /c testchar
[14/4/2021 12:12:9] /m minotaur
[14/4/2021 12:12:10] /m minotaur
[14/4/2021 12:39:18] /openserver
[14/4/2021 13:38:55] /t
[14/4/2021 21:55:41] /goto tevi grandmaster
[14/4/2021 21:55:59] /town ankrahmun
[14/4/2021 21:56:1] /c tevi~
[14/4/2021 21:56:18] /goto tevi~
[14/4/2021 21:56:19] /goto tevi~
[14/4/2021 21:56:20] /goto tevi~
[14/4/2021 21:56:21] /goto tevi~
[14/4/2021 21:56:21] /goto tevi~
[14/4/2021 21:56:22] /goto tevi~
[14/4/2021 21:56:23] /goto tevi~
[14/4/2021 21:56:23] /goto tevi~
[14/4/2021 21:56:23] /goto tevi~
[14/4/2021 21:56:24] /goto tevi~
[14/4/2021 21:56:25] /goto tevi~
[14/4/2021 21:56:26] /goto tevi~
[14/4/2021 21:56:26] /goto tevi~
[14/4/2021 21:56:27] /goto tevi~
[14/4/2021 21:56:27] /goto tevi~
[14/4/2021 21:56:28] /goto tevi~
[14/4/2021 21:56:28] /goto tevi~
[14/4/2021 21:56:29] /goto tevi~
[14/4/2021 21:56:30] /goto tevi~
[14/4/2021 21:56:31] /goto tevi~
[14/4/2021 21:56:54] /up
[14/4/2021 21:57:13] /r
[14/4/2021 21:57:14] /r
[14/4/2021 21:57:14] /r
[14/4/2021 21:57:18] /up
[14/4/2021 21:57:21] /r
[14/4/2021 21:57:29] /r
[14/4/2021 21:57:56] /addskill Tevi~,lvl,100
[14/4/2021 21:58:18] /i oriental shoes
[14/4/2021 21:58:23] /i soft boots
[14/4/2021 21:58:39] /goto grim reaper
[14/4/2021 21:58:44] /goto wyrm
[14/4/2021 21:58:48] /goto sea serpent
[14/4/2021 21:58:54] /t
