[7/4/2021 14:54:44] /goto gm opikk
[7/4/2021 14:55:11] /goto gm opikk
[7/4/2021 14:55:12] /goto gm opikk
[7/4/2021 14:55:13] /goto gm opikk
[7/4/2021 14:55:13] /goto gm opikk
[7/4/2021 14:55:14] /goto gm opikk
[7/4/2021 14:55:16] /goto gm opikk
[7/4/2021 14:55:17] /goto gm opikk
[7/4/2021 14:55:17] /goto gm opikk
[7/4/2021 14:55:18] /goto gm opikk
[7/4/2021 14:55:19] /goto gm opikk
[7/4/2021 14:55:19] /goto gm opikk
[7/4/2021 14:55:20] /goto gm opikk
[7/4/2021 14:55:21] /goto gm opikk
[7/4/2021 14:55:24] /a 5
[7/4/2021 14:55:27] /c gm opikk
[7/4/2021 14:55:30] /goto gm opikk
[7/4/2021 14:55:30] /goto gm opikk
[7/4/2021 14:55:32] /goto gm opikk
[7/4/2021 14:55:33] /goto gm opikk
[7/4/2021 14:55:54] /goto gm opikk
[7/4/2021 14:56:37] /goto gm opikk
[7/4/2021 14:56:38] /goto gm opikk
[7/4/2021 14:56:38] /goto gm opikk
[7/4/2021 14:56:39] /goto gm opikk
[7/4/2021 14:56:39] /goto gm opikk
[7/4/2021 14:56:43] /goto gm opikk
[7/4/2021 14:56:43] /goto gm opikk
[7/4/2021 14:56:44] /goto gm opikk
[7/4/2021 14:56:44] /goto gm opikk
[7/4/2021 14:56:45] /goto gm opikk
[7/4/2021 14:56:46] /goto gm opikk
[7/4/2021 14:56:46] /goto gm opikk
[7/4/2021 14:56:50] /a 2
[7/4/2021 14:58:43] /town thais
[7/4/2021 15:0:25] /goto gm opikk
[7/4/2021 15:0:33] /i 2229
[7/4/2021 15:0:39] /goto gm opikk
[7/4/2021 15:0:48] /i machete
[7/4/2021 15:1:0] /up
[7/4/2021 15:1:12] /up
[7/4/2021 15:1:12] /up
[7/4/2021 15:1:14] /up
[7/4/2021 15:3:13] /t
[7/4/2021 15:3:16] /i exp scroll
[7/4/2021 15:3:20] /i exp boost
[7/4/2021 15:3:21] /i exp boost scroll
[7/4/2021 15:3:32] /i 5776
[7/4/2021 15:3:34] /i 5777
[7/4/2021 15:3:35] /i 5778
[7/4/2021 15:3:35] /i 5779
[7/4/2021 15:3:36] /i 5780
[7/4/2021 15:3:37] /i 5781
[7/4/2021 15:3:38] /i 5782
[7/4/2021 15:3:39] /i 5783
[7/4/2021 15:3:40] /i 5784
[7/4/2021 15:3:58] /town 12
[7/4/2021 15:4:0] /town 1
[7/4/2021 15:4:1] /town 10
[7/4/2021 15:5:0] /goto gm opikk
[7/4/2021 15:5:17] /i composite hornbow
[7/4/2021 15:5:20] /i composite hornbow
[7/4/2021 15:5:36] /i tibia coins
[7/4/2021 15:5:38] /i tibia coin
[7/4/2021 15:5:40] /i tibia coin
[7/4/2021 15:8:42] /s dragon
[7/4/2021 15:8:50] /r
[7/4/2021 15:8:52] /r
[7/4/2021 15:10:16] /a 1
[7/4/2021 15:10:32] /town thais
[7/4/2021 15:10:35] /goto gm opikk
[7/4/2021 15:12:26] /c tester omga
[7/4/2021 15:12:27] /c tester omega
[7/4/2021 15:12:32] /goto gm opikk
[7/4/2021 15:12:33] /c tester omega
[7/4/2021 15:12:55] /s dragon
[7/4/2021 15:12:58] /goto gm opikk
[7/4/2021 15:13:2] /c tester omega
[7/4/2021 15:21:59] /save
[7/4/2021 15:22:46] /m dragon
[7/4/2021 15:22:50] /c tester omega
[7/4/2021 15:22:58] /goto gm opikk
[7/4/2021 15:27:52] /goto gm opikk
[7/4/2021 15:27:56] /t
[7/4/2021 15:30:12] /goto gm opikk
[7/4/2021 15:30:28] /r
[7/4/2021 16:9:30] /goto gm opikk
[7/4/2021 16:9:31] /goto gm opikk
[7/4/2021 16:9:32] /goto gm opikk
[7/4/2021 16:9:32] /goto gm opikk
[7/4/2021 16:9:34] /goto gm opikk
[7/4/2021 16:9:35] /goto gm opikk
[7/4/2021 16:9:36] /goto gm opikk
[7/4/2021 16:9:36] /goto gm opikk
[7/4/2021 16:9:37] /goto gm opikk
[7/4/2021 16:9:37] /goto gm opikk
[7/4/2021 16:9:39] /goto gm opikk
[7/4/2021 16:9:40] /goto gm opikk
[7/4/2021 16:9:40] /goto gm opikk
[7/4/2021 16:9:41] /goto gm opikk
[7/4/2021 16:9:41] /goto gm opikk
[7/4/2021 16:9:42] /goto gm opikk
[7/4/2021 16:9:42] /goto gm opikk
[7/4/2021 16:9:43] /goto gm opikk
[7/4/2021 16:9:43] /goto gm opikk
[7/4/2021 16:9:44] /goto gm opikk
[7/4/2021 16:9:44] /goto gm opikk
[7/4/2021 16:9:45] /goto gm opikk
[7/4/2021 16:9:46] /goto gm opikk
[7/4/2021 16:9:46] /goto gm opikk
[7/4/2021 16:9:47] /goto gm opikk
[7/4/2021 16:9:48] /goto gm opikk
[7/4/2021 16:9:49] /goto gm opikk
[7/4/2021 16:9:50] /goto gm opikk
[7/4/2021 16:9:51] /goto gm opikk
[7/4/2021 16:9:52] /goto gm opikk
[7/4/2021 16:9:53] /goto gm opikk
[7/4/2021 16:9:53] /goto gm opikk
[7/4/2021 16:9:54] /goto gm opikk
[7/4/2021 16:9:55] /goto gm opikk
[7/4/2021 16:9:55] /goto gm opikk
[7/4/2021 16:9:56] /goto gm opikk
[7/4/2021 16:9:57] /goto gm opikk
[7/4/2021 16:9:57] /goto gm opikk
[7/4/2021 16:9:58] /goto gm opikk
[7/4/2021 16:9:58] /goto gm opikk
[7/4/2021 16:9:59] /goto gm opikk
[7/4/2021 16:9:59] /goto gm opikk
[7/4/2021 16:10:0] /goto gm opikk
[7/4/2021 16:10:0] /goto gm opikk
[7/4/2021 16:10:1] /goto gm opikk
[7/4/2021 16:10:1] /goto gm opikk
[7/4/2021 16:10:2] /goto gm opikk
[7/4/2021 16:10:3] /goto gm opikk
[7/4/2021 16:10:3] /goto gm opikk
[7/4/2021 16:10:4] /goto gm opikk
[7/4/2021 16:10:4] /goto gm opikk
[7/4/2021 16:10:5] /goto gm opikk
[7/4/2021 16:10:6] /goto gm opikk
[7/4/2021 16:10:6] /goto gm opikk
[7/4/2021 16:10:7] /goto gm opikk
[7/4/2021 16:10:16] /goto gm opikk
[7/4/2021 16:10:17] /goto gm opikk
[7/4/2021 16:10:25] /down
[7/4/2021 16:10:27] /a 2
[7/4/2021 16:10:28] /a 2
[7/4/2021 16:10:33] /up
[7/4/2021 16:10:46] /c tester omega
[7/4/2021 16:11:1] /r
[7/4/2021 16:12:30] /m dragon
[7/4/2021 16:12:43] /c tester omega
[7/4/2021 16:13:6] /c gm opikk
[7/4/2021 16:18:28] /i 2589
[7/4/2021 16:18:30] /i 2594
[7/4/2021 16:18:32] /r
[7/4/2021 16:18:33] /r
[7/4/2021 16:18:33] /r
[7/4/2021 16:18:34] /r
[7/4/2021 16:19:3] /town 12
[7/4/2021 16:19:5] /town 11
[7/4/2021 16:19:7] /c gm opikk
[7/4/2021 16:19:20] /town 12
[7/4/2021 16:19:21] /town 13
[7/4/2021 16:19:23] /town 12
[7/4/2021 16:19:24] /town 10
[7/4/2021 16:19:26] /down
[7/4/2021 16:19:29] /c gm opikkk
[7/4/2021 16:19:30] /c gm opikk
[7/4/2021 16:20:43] /t
[7/4/2021 16:21:51] /goto gm opikk
[7/4/2021 16:23:25] /goto wyrm
[7/4/2021 16:23:27] /down
[7/4/2021 16:23:36] /c gm opikk
[7/4/2021 16:27:36] /town thais
[7/4/2021 16:27:48] /down
[7/4/2021 16:27:50] /down
[7/4/2021 16:27:54] /down
[7/4/2021 16:28:11] /town ankrahmun
[7/4/2021 16:28:15] /a 100
[7/4/2021 16:28:16] /down
[7/4/2021 16:28:17] /down
[7/4/2021 16:28:17] /down
[7/4/2021 16:28:17] /down
[7/4/2021 16:28:19] /a 15
[7/4/2021 16:28:19] /a 15
[7/4/2021 16:28:21] /a 15
[7/4/2021 16:28:21] /a 15
[7/4/2021 16:28:22] /a 5
[7/4/2021 16:30:27] /goto 32176,32352,7
[7/4/2021 16:30:42] /goto 32176,32352,7
[7/4/2021 16:30:58] /goto 32716,32352,7
[7/4/2021 16:31:1] /goto 32716,32352,10
[7/4/2021 16:31:11] /goto 32716,32352
[7/4/2021 16:31:15] /goto 32716,3235212
[7/4/2021 16:31:16] /goto 32716,32352,12
[7/4/2021 17:55:27] /t
[7/4/2021 18:32:4] /tpr
[7/4/2021 21:12:45] /goto gm opikk
[7/4/2021 21:12:48] /pos
[7/4/2021 21:13:5] /pos
[7/4/2021 21:13:15] /i 5852
[7/4/2021 21:13:18] /i 5862
[7/4/2021 21:13:57] /clean
[7/4/2021 21:14:14] /pos
[7/4/2021 21:14:42] /pos
[7/4/2021 21:16:55] /a 10
[7/4/2021 21:16:56] /a 10
[7/4/2021 21:16:58] /a 10
[7/4/2021 21:17:0] /a 10
[7/4/2021 21:17:0] /a 10
[7/4/2021 21:17:0] /a 10
[7/4/2021 21:17:1] /a 10
[7/4/2021 21:17:2] /a 10
[7/4/2021 21:17:2] /a 10
[7/4/2021 21:17:3] /a 10
[7/4/2021 21:17:3] /a 10
[7/4/2021 21:17:4] /a 10
[7/4/2021 21:17:4] /a 10
[7/4/2021 21:17:5] /a 10
[7/4/2021 21:17:5] /a 10
[7/4/2021 21:17:6] /a 10
[7/4/2021 21:17:7] /a 10
[7/4/2021 21:17:8] /a 10
[7/4/2021 21:17:8] /a 10
[7/4/2021 21:17:9] /a 10
[7/4/2021 21:17:10] /a 10
[7/4/2021 21:17:11] /a 10
[7/4/2021 21:17:12] /a 10
[7/4/2021 21:17:32] /pos
[7/4/2021 21:17:48] /reload raids
[7/4/2021 21:17:49] /raid snakez
[7/4/2021 21:18:9] /reload raids
[7/4/2021 21:18:13] /raid snakez
[7/4/2021 21:19:17] /c gm opikk 2
[7/4/2021 21:19:21] /c gm opikk
[7/4/2021 21:19:40] /up
[7/4/2021 21:20:13] /goto gm opikk
[7/4/2021 21:21:7] /goto gm opikk
[7/4/2021 21:21:11] /down
[7/4/2021 21:21:34] /up
[7/4/2021 21:22:7] /goto gm opikk
[7/4/2021 21:22:22] /m rabbit
[7/4/2021 21:23:18] /t
[7/4/2021 21:23:20] /town 11
[7/4/2021 21:23:22] /kick gm opikk
[7/4/2021 21:23:25] /tpr
[7/4/2021 21:23:47] /r
[7/4/2021 21:23:48] /r
[7/4/2021 21:23:48] /r
[7/4/2021 21:23:48] /r
[7/4/2021 21:23:48] /r
[7/4/2021 21:23:48] /r
[7/4/2021 21:23:48] /r
[7/4/2021 21:23:48] /r
[7/4/2021 21:23:48] /r
[7/4/2021 21:23:48] /r
[7/4/2021 21:23:48] /r
[7/4/2021 21:23:48] /r
[7/4/2021 21:23:48] /r
[7/4/2021 21:23:48] /r
[7/4/2021 21:23:48] /r
[7/4/2021 21:23:48] /r
[7/4/2021 21:23:48] /r
[7/4/2021 21:23:48] /r
[7/4/2021 21:23:48] /r
[7/4/2021 21:23:48] /r
[7/4/2021 21:23:48] /r
[7/4/2021 21:24:20] /t
[7/4/2021 21:24:21] /t
[7/4/2021 21:24:21] /t
[7/4/2021 21:24:21] /t
[7/4/2021 21:24:21] /t
[7/4/2021 21:24:22] /t
[7/4/2021 21:24:22] /t
[7/4/2021 21:24:22] /t
[7/4/2021 21:24:22] /t
[7/4/2021 21:24:22] /t
[7/4/2021 21:24:22] /t
[7/4/2021 21:24:22] /t
[7/4/2021 21:24:22] /t
[7/4/2021 21:24:22] /t
[7/4/2021 21:24:22] /t
[7/4/2021 21:24:22] /t
[7/4/2021 21:24:22] /t
[7/4/2021 21:24:22] /t
[7/4/2021 21:24:22] /t
[7/4/2021 21:24:22] /t
[7/4/2021 21:24:22] /t
[7/4/2021 21:24:22] /t
[7/4/2021 21:24:23] /t
[7/4/2021 21:24:23] /t
[7/4/2021 21:24:23] /t
[7/4/2021 21:24:23] /t
[7/4/2021 21:24:23] /t
[7/4/2021 21:24:23] /t
[7/4/2021 21:24:25] /t 1
[7/4/2021 21:24:26] /t
[7/4/2021 21:24:26] /t 1
[7/4/2021 21:24:27] /town 2
[7/4/2021 21:24:30] /town gm opikk
[7/4/2021 21:24:32] /t gm opikk
[7/4/2021 21:24:33] /t gm opikk
[7/4/2021 21:24:33] /t gm opikk
[7/4/2021 21:24:35] /t gm opikk
[7/4/2021 21:24:36] /t gm opikk
[7/4/2021 21:24:36] /t gm opikk
[7/4/2021 21:24:36] /t gm opikk
[7/4/2021 21:24:36] /t gm opikk
[7/4/2021 21:24:36] /t gm opikk
[7/4/2021 21:24:36] /t gm opikk
[7/4/2021 21:24:36] /t gm opikk
[7/4/2021 21:24:36] /t gm opikk
[7/4/2021 21:24:36] /t gm opikk
[7/4/2021 21:24:36] /t gm opikk
[7/4/2021 21:24:36] /t gm opikk
[7/4/2021 21:24:36] /t gm opikk
[7/4/2021 21:24:36] /t gm opikk
[7/4/2021 21:24:36] /t gm opikk
[7/4/2021 21:24:36] /t gm opikk
[7/4/2021 21:24:36] /t gm opikk
[7/4/2021 21:24:36] /t gm opikk
[7/4/2021 21:24:36] /t gm opikk
[7/4/2021 21:24:36] /t gm opikk
[7/4/2021 21:24:36] /t gm opikk
[7/4/2021 21:24:36] /t gm opikk
[7/4/2021 21:24:36] /t gm opikk
[7/4/2021 21:24:36] /t gm opikk
[7/4/2021 21:24:36] /t gm opikk
[7/4/2021 21:24:36] /t
[7/4/2021 21:24:36] /t gm opikk
[7/4/2021 21:24:37] /t gm opikk
[7/4/2021 21:24:37] /t gm opikk
[7/4/2021 21:24:37] /t gm opikk
[7/4/2021 21:24:37] /t gm opikk
[7/4/2021 21:24:38] /t gm opikk
[7/4/2021 21:24:38] /t gm opikk
[7/4/2021 21:24:38] /t gm opikk
[7/4/2021 21:24:39] /t gm opikk
[7/4/2021 21:24:39] /t gm opikk
[7/4/2021 21:24:39] /t gm opikk
[7/4/2021 21:24:39] /t gm opikk
[7/4/2021 21:24:39] /t gm opikk
[7/4/2021 21:24:39] /t gm opikk
[7/4/2021 21:24:39] /t gm opikk
[7/4/2021 21:24:40] /t gm opikk
[7/4/2021 21:24:40] /t gm opikk
[7/4/2021 21:24:40] /t gm opikk
[7/4/2021 21:24:40] /t gm opikk
[7/4/2021 21:24:40] /t gm opikk
[7/4/2021 21:24:40] /t gm opikk
[7/4/2021 21:24:40] /t gm opikk
[7/4/2021 21:24:40] /t gm opikk
[7/4/2021 21:24:40] /t gm opikk
[7/4/2021 21:24:40] /t gm opikk
[7/4/2021 21:24:40] /t gm opikk
[7/4/2021 21:24:40] /t gm opikk
[7/4/2021 21:24:40] /t gm opikk
[7/4/2021 21:24:40] /t gm opikk
[7/4/2021 21:24:40] /t gm opikk
[7/4/2021 21:24:40] /t gm opikk
[7/4/2021 21:24:40] /t gm opikk
[7/4/2021 21:24:40] /t gm opikk
[7/4/2021 21:24:40] /t gm opikk
[7/4/2021 21:24:41] /t gm opikk
[7/4/2021 21:24:41] /t gm opikk
[7/4/2021 21:24:41] /t gm opikk
[7/4/2021 21:24:41] /t gm opikk
[7/4/2021 21:24:41] /t gm opikk
[7/4/2021 21:24:41] /t gm opikk
[7/4/2021 21:24:41] /t gm opikk
[7/4/2021 21:24:41] /t gm opikk
[7/4/2021 21:24:41] /t gm opikk
[7/4/2021 21:24:41] /t gm opikk
[7/4/2021 21:24:41] /t gm opikk
[7/4/2021 21:24:41] /t gm opikk
[7/4/2021 21:24:41] /t gm opikk
[7/4/2021 21:24:41] /t gm opikk
[7/4/2021 21:24:41] /t gm opikk
[7/4/2021 21:24:41] /t gm opikk
[7/4/2021 21:24:41] /t gm opikk
[7/4/2021 21:24:41] /t gm opikk
[7/4/2021 21:24:41] /t gm opikk
[7/4/2021 21:24:41] /t gm opikk
[7/4/2021 21:24:41] /t gm opikk
[7/4/2021 21:24:41] /t gm opikk
[7/4/2021 21:24:41] /t gm opikk
[7/4/2021 21:24:41] /t gm opikk
[7/4/2021 21:24:41] /t gm opikk
[7/4/2021 21:24:41] /t gm opikk
[7/4/2021 21:24:41] /t gm opikk
[7/4/2021 21:24:41] /t gm opikk
[7/4/2021 21:24:41] /t gm opikk
[7/4/2021 21:24:41] /t gm opikk
[7/4/2021 21:24:42] /t gm opikk
[7/4/2021 21:24:42] /t gm opikk
[7/4/2021 21:24:42] /t gm opikk
[7/4/2021 21:24:42] /t gm opikk
[7/4/2021 21:24:42] /t gm opikk
[7/4/2021 21:24:42] /t gm opikk
[7/4/2021 21:24:42] /t gm opikk
[7/4/2021 21:24:42] /t gm opikk
[7/4/2021 21:24:42] /t gm opikk
[7/4/2021 21:24:42] /t gm opikk
[7/4/2021 21:24:42] /t gm opikk
[7/4/2021 21:24:42] /t gm opikk
[7/4/2021 21:24:42] /t gm opikk
[7/4/2021 21:24:42] /t gm opikk
[7/4/2021 21:24:42] /t gm opikk
[7/4/2021 21:24:42] /t gm opikk
[7/4/2021 21:24:42] /t gm opikk
[7/4/2021 21:24:42] /t gm opikk
[7/4/2021 21:24:42] /t gm opikk
[7/4/2021 21:24:42] /t gm opikk
[7/4/2021 21:24:42] /t gm opikk
[7/4/2021 21:24:42] /t gm opikk
[7/4/2021 21:24:42] /t gm opikk
[7/4/2021 21:24:42] /t gm opikk
[7/4/2021 21:24:42] /t gm opikk
[7/4/2021 21:24:42] /t gm opikk
[7/4/2021 21:24:42] /t gm opikk
[7/4/2021 21:24:42] /t gm opikk
[7/4/2021 21:24:42] /t gm opikk
[7/4/2021 21:24:43] /t gm opikk
[7/4/2021 21:24:43] /t gm opikk
[7/4/2021 21:24:43] /t gm opikk
[7/4/2021 21:24:43] /t gm opikk
[7/4/2021 21:24:43] /t gm opikk
[7/4/2021 21:24:43] /t gm opikk
[7/4/2021 21:24:43] /t gm opikk
[7/4/2021 21:24:43] /t gm opikk
[7/4/2021 21:24:43] /t gm opikk
[7/4/2021 21:24:43] /t gm opikk
[7/4/2021 21:24:43] /t gm opikk
[7/4/2021 21:24:43] /t gm opikk
[7/4/2021 21:24:43] /t gm opikk
[7/4/2021 21:24:43] /t gm opikk
[7/4/2021 21:24:43] /t gm opikk
[7/4/2021 21:24:43] /t gm opikk
[7/4/2021 21:24:43] /t gm opikk
[7/4/2021 21:24:43] /t gm opikk
[7/4/2021 21:24:43] /t gm opikk
[7/4/2021 21:24:43] /t gm opikk
[7/4/2021 21:24:43] /t gm opikk
[7/4/2021 21:24:43] /t gm opikk
[7/4/2021 21:24:43] /t gm opikk
[7/4/2021 21:24:43] /t gm opikk
[7/4/2021 21:24:43] /t gm opikk
[7/4/2021 21:24:43] /t gm opikk
[7/4/2021 21:24:43] /t gm opikk
[7/4/2021 21:24:43] /t gm opikk
[7/4/2021 21:24:43] /t gm opikk
[7/4/2021 21:24:43] /t gm opikk
[7/4/2021 21:24:43] /t gm opikk
[7/4/2021 21:24:44] /t gm opikk
[7/4/2021 21:24:44] /t gm opikk
[7/4/2021 21:24:44] /t gm opikk
[7/4/2021 21:24:44] /t gm opikk
[7/4/2021 21:24:44] /t gm opikk
[7/4/2021 21:24:44] /t gm opikk
[7/4/2021 21:24:44] /t gm opikk
[7/4/2021 21:24:44] /t gm opikk
[7/4/2021 21:24:44] /t gm opikk
[7/4/2021 21:24:44] /t gm opikk
[7/4/2021 21:24:44] /t gm opikk
[7/4/2021 21:24:44] /t gm opikk
[7/4/2021 21:24:44] /t gm opikk
[7/4/2021 21:24:44] /t gm opikk
[7/4/2021 21:24:44] /t gm opikk
[7/4/2021 21:24:44] /t gm opikk
[7/4/2021 21:24:44] /t gm opikk
[7/4/2021 21:24:44] /t gm opikk
[7/4/2021 21:24:44] /t gm opikk
[7/4/2021 21:24:44] /t gm opikk
[7/4/2021 21:24:44] /t gm opikk
[7/4/2021 21:24:44] /t gm opikk
[7/4/2021 21:24:44] /t gm opikk
[7/4/2021 21:24:44] /t gm opikk
[7/4/2021 21:24:44] /t gm opikk
[7/4/2021 21:24:44] /t gm opikk
[7/4/2021 21:24:44] /t gm opikk
[7/4/2021 21:24:44] /t gm opikk
[7/4/2021 21:24:44] /t gm opikk
[7/4/2021 21:24:44] /t gm opikk
[7/4/2021 21:24:44] /t gm opikk
[7/4/2021 21:24:45] /t gm opikk
[7/4/2021 21:24:45] /t gm opikk
[7/4/2021 21:24:45] /t gm opikk
[7/4/2021 21:24:45] /t gm opikk
[7/4/2021 21:24:45] /t gm opikk
[7/4/2021 21:24:45] /t gm opikk
[7/4/2021 21:24:45] /t gm opikk
[7/4/2021 21:24:45] /t gm opikk
[7/4/2021 21:24:45] /t gm opikk
[7/4/2021 21:24:45] /t gm opikk
[7/4/2021 21:24:45] /t gm opikk
[7/4/2021 21:24:45] /t gm opikk
[7/4/2021 21:24:45] /t gm opikk
[7/4/2021 21:24:45] /t gm opikk
[7/4/2021 21:24:45] /t gm opikk
[7/4/2021 21:24:45] /t gm opikk
[7/4/2021 21:24:45] /t gm opikk
[7/4/2021 21:24:45] /t gm opikk
[7/4/2021 21:24:45] /t gm opikk
[7/4/2021 21:24:45] /t gm opikk
[7/4/2021 21:24:45] /t gm opikk
[7/4/2021 21:24:45] /t gm opikk
[7/4/2021 21:24:45] /t gm opikk
[7/4/2021 21:24:45] /t gm opikk
[7/4/2021 21:24:45] /t gm opikk
[7/4/2021 21:24:45] /t gm opikk
[7/4/2021 21:24:45] /t gm opikk
[7/4/2021 21:24:45] /t gm opikk
[7/4/2021 21:24:46] /t gm opikk
[7/4/2021 21:24:46] /t gm opikk
[7/4/2021 21:24:46] /t gm opikk
[7/4/2021 21:24:46] /t gm opikk
[7/4/2021 21:24:46] /t gm opikk
[7/4/2021 21:24:46] /t gm opikk
[7/4/2021 21:24:46] /t gm opikk
[7/4/2021 21:24:46] /t gm opikk
[7/4/2021 21:24:46] /t gm opikk
[7/4/2021 21:24:46] /t gm opikk
[7/4/2021 21:24:46] /t gm opikk
[7/4/2021 21:24:46] /t gm opikk
[7/4/2021 21:24:46] /t gm opikk
[7/4/2021 21:24:46] /t gm opikk
[7/4/2021 21:24:46] /t gm opikk
[7/4/2021 21:24:46] /t gm opikk
[7/4/2021 21:24:46] /t gm opikk
[7/4/2021 21:24:46] /t gm opikk
[7/4/2021 21:24:46] /t gm opikk
[7/4/2021 21:24:46] /t gm opikk
[7/4/2021 21:24:46] /t gm opikk
[7/4/2021 21:24:46] /t gm opikk
[7/4/2021 21:24:46] /t gm opikk
[7/4/2021 21:24:46] /t gm opikk
[7/4/2021 21:24:46] /t gm opikk
[7/4/2021 21:24:46] /t gm opikk
[7/4/2021 21:24:46] /t gm opikk
[7/4/2021 21:24:46] /t gm opikk
[7/4/2021 21:24:46] /t gm opikk
[7/4/2021 21:24:46] /t gm opikk
[7/4/2021 21:24:46] /t gm opikk
[7/4/2021 21:24:47] /t gm opikk
[7/4/2021 21:24:47] /t gm opikk
[7/4/2021 21:24:47] /t gm opikk
[7/4/2021 21:24:47] /t gm opikk
[7/4/2021 21:24:47] /t gm opikk
[7/4/2021 21:24:47] /t gm opikk
[7/4/2021 21:24:47] /t gm opikk
[7/4/2021 21:24:47] /t gm opikk
[7/4/2021 21:24:47] /t gm opikk
[7/4/2021 21:24:47] /t gm opikk
[7/4/2021 21:24:47] /t gm opikk
[7/4/2021 21:24:47] /t gm opikk
[7/4/2021 21:24:47] /t gm opikk
[7/4/2021 21:24:47] /t gm opikk
[7/4/2021 21:24:47] /t gm opikk
[7/4/2021 21:24:47] /t gm opikk
[7/4/2021 21:24:47] /t gm opikk
[7/4/2021 21:24:47] /t gm opikk
[7/4/2021 21:24:47] /t gm opikk
[7/4/2021 21:24:47] /t gm opikk
[7/4/2021 21:24:47] /t gm opikk
[7/4/2021 21:24:47] /t gm opikk
[7/4/2021 21:24:47] /t gm opikk
[7/4/2021 21:24:47] /t gm opikk
[7/4/2021 21:24:47] /t gm opikk
[7/4/2021 21:24:47] /t gm opikk
[7/4/2021 21:24:47] /t gm opikk
[7/4/2021 21:24:47] /t gm opikk
[7/4/2021 21:24:47] /t gm opikk
[7/4/2021 21:24:47] /t gm opikk
[7/4/2021 21:24:48] /t gm opikk
[7/4/2021 21:24:48] /t gm opikk
[7/4/2021 21:24:48] /t gm opikk
[7/4/2021 21:24:48] /t gm opikk
[7/4/2021 21:24:48] /t gm opikk
[7/4/2021 21:24:48] /t gm opikk
[7/4/2021 21:24:48] /t gm opikk
[7/4/2021 21:24:48] /t gm opikk
[7/4/2021 21:24:48] /t gm opikk
[7/4/2021 21:24:48] /t gm opikk
[7/4/2021 21:24:48] /t gm opikk
[7/4/2021 21:24:48] /t gm opikk
[7/4/2021 21:24:48] /t gm opikk
[7/4/2021 21:24:48] /t gm opikk
[7/4/2021 21:24:48] /t gm opikk
[7/4/2021 21:24:48] /t gm opikk
[7/4/2021 21:24:48] /t gm opikk
[7/4/2021 21:24:48] /t gm opikk
[7/4/2021 21:24:48] /t gm opikk
[7/4/2021 21:24:48] /t gm opikk
[7/4/2021 21:24:48] /t gm opikk
[7/4/2021 21:24:48] /t gm opikk
[7/4/2021 21:24:48] /t gm opikk
[7/4/2021 21:24:48] /t gm opikk
[7/4/2021 21:24:48] /t gm opikk
[7/4/2021 21:24:48] /t gm opikk
[7/4/2021 21:24:48] /t gm opikk
[7/4/2021 21:24:48] /t gm opikk
[7/4/2021 21:24:48] /t gm opikk
[7/4/2021 21:24:48] /t gm opikk
[7/4/2021 21:24:48] /t gm opikk
[7/4/2021 21:24:48] /t gm opikk
[7/4/2021 21:24:49] /t gm opikk
[7/4/2021 21:24:49] /t gm opikk
[7/4/2021 21:24:49] /t gm opikk
[7/4/2021 21:24:49] /t gm opikk
[7/4/2021 21:24:49] /t gm opikk
[7/4/2021 21:24:49] /t gm opikk
[7/4/2021 21:24:49] /t gm opikk
[7/4/2021 21:24:49] /t gm opikk
[7/4/2021 21:24:49] /t gm opikk
[7/4/2021 21:24:49] /t gm opikk
[7/4/2021 21:24:49] /t gm opikk
[7/4/2021 21:24:49] /t gm opikk
[7/4/2021 21:24:49] /t gm opikk
[7/4/2021 21:24:49] /t gm opikk
[7/4/2021 21:24:49] /t gm opikk
[7/4/2021 21:24:49] /t gm opikk
[7/4/2021 21:24:49] /t gm opikk
[7/4/2021 21:24:49] /t gm opikk
[7/4/2021 21:24:49] /t gm opikk
[7/4/2021 21:24:49] /t gm opikk
[7/4/2021 21:24:49] /t gm opikk
[7/4/2021 21:24:49] /t gm opikk
[7/4/2021 21:24:49] /t gm opikk
[7/4/2021 21:24:49] /t gm opikk
[7/4/2021 21:24:49] /t gm opikk
[7/4/2021 21:24:49] /t gm opikk
[7/4/2021 21:24:49] /t gm opikk
[7/4/2021 21:24:49] /t gm opikk
[7/4/2021 21:24:49] /t gm opikk
[7/4/2021 21:24:50] /t gm opikk
[7/4/2021 21:24:50] /t gm opikk
[7/4/2021 21:24:50] /t gm opikk
[7/4/2021 21:24:50] /t gm opikk
[7/4/2021 21:24:50] /t gm opikk
[7/4/2021 21:24:50] /t gm opikk
[7/4/2021 21:24:50] /t gm opikk
[7/4/2021 21:24:50] /t gm opikk
[7/4/2021 21:24:50] /t gm opikk
[7/4/2021 21:24:50] /t gm opikk
[7/4/2021 21:24:50] /t gm opikk
[7/4/2021 21:24:50] /t gm opikk
[7/4/2021 21:24:50] /t gm opikk
[7/4/2021 21:24:50] /t gm opikk
[7/4/2021 21:24:50] /t gm opikk
[7/4/2021 21:24:50] /t gm opikk
[7/4/2021 21:24:50] /t gm opikk
[7/4/2021 21:24:50] /t gm opikk
[7/4/2021 21:24:50] /t gm opikk
[7/4/2021 21:24:50] /t gm opikk
[7/4/2021 21:24:50] /t gm opikk
[7/4/2021 21:24:50] /t gm opikk
[7/4/2021 21:24:50] /t gm opikk
[7/4/2021 21:24:50] /t gm opikk
[7/4/2021 21:24:50] /t gm opikk
[7/4/2021 21:24:50] /t gm opikk
[7/4/2021 21:24:50] /t gm opikk
[7/4/2021 21:24:50] /t gm opikk
[7/4/2021 21:24:50] /t gm opikk
[7/4/2021 21:24:50] /t gm opikk
[7/4/2021 21:24:51] /t gm opikk
[7/4/2021 21:24:51] /t gm opikk
[7/4/2021 21:24:51] /t gm opikk
[7/4/2021 21:24:51] /t gm opikk
[7/4/2021 21:24:52] /t gm opikk
[7/4/2021 21:24:52] /t gm opikk
[7/4/2021 21:24:52] /t gm opikk
[7/4/2021 21:24:52] /t gm opikk
[7/4/2021 21:24:52] /t gm opikk
[7/4/2021 21:24:52] /t gm opikk
[7/4/2021 21:24:52] /t gm opikk
[7/4/2021 21:24:52] /t gm opikk
[7/4/2021 21:24:52] /t gm opikk
[7/4/2021 21:24:52] /t gm opikk
[7/4/2021 21:24:52] /t gm opikk
[7/4/2021 21:24:52] /t gm opikk
[7/4/2021 21:24:52] /t gm opikk
[7/4/2021 21:24:52] /t gm opikk
[7/4/2021 21:24:52] /t gm opikk
[7/4/2021 21:24:52] /t gm opikk
[7/4/2021 21:24:52] /t gm opikk
[7/4/2021 21:24:52] /t gm opikk
[7/4/2021 21:24:52] /t gm opikk
[7/4/2021 21:24:52] /t gm opikk
[7/4/2021 21:24:52] /t gm opikk
[7/4/2021 21:24:52] /t gm opikk
[7/4/2021 21:24:52] /t gm opikk
[7/4/2021 21:24:53] /t gm opikk
[7/4/2021 21:24:53] /t gm opikk
[7/4/2021 21:24:53] /t gm opikk
[7/4/2021 21:24:53] /t gm opikk
[7/4/2021 21:24:53] /t gm opikk
[7/4/2021 21:24:53] /t gm opikk
[7/4/2021 21:24:53] /t gm opikk
[7/4/2021 21:24:53] /t gm opikk
[7/4/2021 21:24:53] /t gm opikk
[7/4/2021 21:24:53] /t gm opikk
[7/4/2021 21:24:53] /t gm opikk
[7/4/2021 21:24:53] /t gm opikk
[7/4/2021 21:24:53] /t gm opikk
[7/4/2021 21:24:53] /t gm opikk
[7/4/2021 21:24:53] /t gm opikk
[7/4/2021 21:24:53] /t gm opikk
[7/4/2021 21:24:53] /t gm opikk
[7/4/2021 21:24:53] /t gm opikk
[7/4/2021 21:24:53] /t gm opikk
[7/4/2021 21:24:53] /t gm opikk
[7/4/2021 21:24:53] /t gm opikk
[7/4/2021 21:24:53] /t gm opikk
[7/4/2021 21:24:53] /t gm opikk
[7/4/2021 21:24:53] /t gm opikk
[7/4/2021 21:24:53] /t gm opikk
[7/4/2021 21:24:53] /t gm opikk
[7/4/2021 21:24:53] /t gm opikk
[7/4/2021 21:24:53] /t gm opikk
[7/4/2021 21:24:53] /t gm opikk
[7/4/2021 21:24:53] /t gm opikk
[7/4/2021 21:24:53] /t gm opikk
[7/4/2021 21:24:53] /t gm opikk
[7/4/2021 21:24:54] /t gm opikk
[7/4/2021 21:24:54] /t gm opikk
[7/4/2021 21:24:54] /t gm opikk
[7/4/2021 21:24:54] /t gm opikk
[7/4/2021 21:24:54] /t gm opikk
[7/4/2021 21:24:54] /t gm opikk
[7/4/2021 21:24:55] /t gm opikk
[7/4/2021 21:24:55] /t gm opikk
[7/4/2021 21:24:56] /t gm opikk
[7/4/2021 21:24:57] /t gm opikk
[7/4/2021 21:24:57] /t gm opikk
[7/4/2021 21:24:57] /t gm opikk
[7/4/2021 21:24:57] /t gm opikk
[7/4/2021 21:24:57] /t gm opikk
[7/4/2021 21:24:59] /t gm opikk
[7/4/2021 21:24:59] /t gm opikk
[7/4/2021 21:24:59] /t gm opikk
[7/4/2021 21:25:0] /t gm opikk
[7/4/2021 21:25:0] /t gm opikk
[7/4/2021 21:25:0] /t gm opikk
[7/4/2021 21:25:0] /t gm opikk
[7/4/2021 21:25:0] /t gm opikk
[7/4/2021 21:25:0] /t gm opikk
[7/4/2021 21:25:1] /t gm opikk
[7/4/2021 21:25:1] /t gm opikk
[7/4/2021 21:25:1] /t gm opikk
[7/4/2021 21:25:1] /t gm opikk
[7/4/2021 21:25:1] /t gm opikk
[7/4/2021 21:25:1] /t gm opikk
[7/4/2021 21:25:5] /t gm opikk
[7/4/2021 21:25:10] /up
[8/4/2021 12:31:29] /goto nah'bob
[8/4/2021 12:31:31] /down
[8/4/2021 12:31:32] /down
[8/4/2021 12:31:32] /down
[8/4/2021 12:31:34] /down
[8/4/2021 12:32:18] /t
[8/4/2021 12:52:13] /goto grizzly adams
[8/4/2021 12:52:21] /n grizzly adams
[8/4/2021 12:52:36] /m giant spider
[8/4/2021 12:52:40] /m giant spider
[8/4/2021 12:53:34] /reload talkactions
[8/4/2021 12:53:41] /t
[8/4/2021 12:55:35] /s giant spider
[8/4/2021 12:55:37] /m dragon
[8/4/2021 12:56:14] /r
[8/4/2021 12:56:15] /t
[8/4/2021 12:56:16] /town 10
[8/4/2021 12:56:17] /t
[8/4/2021 13:5:8] /i spear
[8/4/2021 13:5:14] /s dragon
[8/4/2021 13:5:18] /i small stone
[8/4/2021 13:19:8] /s giant spider
[8/4/2021 13:19:16] /r
[8/4/2021 13:19:16] /r
[8/4/2021 13:24:6] /reload creaturescripts
[8/4/2021 13:24:8] /s giant spider
[8/4/2021 13:24:11] /m giant spider
[8/4/2021 13:24:55] /m giant spider
[8/4/2021 13:25:0] /reload creaturescripts
[8/4/2021 13:25:2] /m giant spider
[8/4/2021 13:25:2] /reload creaturescripts
[8/4/2021 13:25:21] /reload creaturescripts
[8/4/2021 13:25:23] /m giant spider
[8/4/2021 13:25:28] /s giant spider
[8/4/2021 15:58:5] /goto hellhound
[8/4/2021 15:58:7] /a 5
[8/4/2021 15:58:7] /a 5
[8/4/2021 15:58:8] /a 5
[8/4/2021 15:58:8] /a 5
[8/4/2021 15:58:8] /a 5
[8/4/2021 15:58:9] /a 5
[8/4/2021 15:58:9] /a 5
[8/4/2021 15:58:9] /a 5
[8/4/2021 15:58:9] /a 5
[8/4/2021 15:58:9] /a 5
[8/4/2021 15:58:10] /a 5
[8/4/2021 15:58:10] /a 5
[8/4/2021 15:58:11] /up
[8/4/2021 15:58:12] /a 5
[8/4/2021 15:58:12] /a 5
[8/4/2021 15:58:12] /a 5
[8/4/2021 15:58:12] /a 5
[8/4/2021 15:58:12] /a 5
[8/4/2021 15:58:12] /a 5
[8/4/2021 15:58:14] /up
[8/4/2021 15:58:15] /a 5
[8/4/2021 15:58:15] /a 5
[8/4/2021 15:58:16] /a 5
[8/4/2021 15:58:16] /a 5
[8/4/2021 15:58:16] /a 5
[8/4/2021 15:58:17] /a 5
[8/4/2021 15:58:17] /a 5
[8/4/2021 15:58:17] /a 5
[8/4/2021 15:58:17] /a 5
[8/4/2021 15:58:17] /a 5
[8/4/2021 15:58:18] /a 5
[8/4/2021 15:58:18] /a 5
[8/4/2021 15:58:18] /a 5
[8/4/2021 15:58:18] /a 5
[8/4/2021 15:58:18] /a 5
[8/4/2021 15:58:18] /a 5
[8/4/2021 15:58:20] /down
[8/4/2021 15:58:20] /down
[8/4/2021 15:58:21] /down
[8/4/2021 15:58:21] /a 5
[8/4/2021 15:58:22] /a 5
[8/4/2021 15:58:22] /a 5
[8/4/2021 15:58:22] /a 5
[8/4/2021 15:58:22] /a 5
[8/4/2021 15:58:22] /a 5
[8/4/2021 15:58:22] /a 5
[8/4/2021 15:58:22] /a 5
[8/4/2021 15:58:23] /a 5
[8/4/2021 15:58:23] /a 5
[8/4/2021 15:58:23] /a 5
[8/4/2021 15:58:23] /up
[8/4/2021 15:58:24] /a 5
[8/4/2021 15:58:24] /a 5
[8/4/2021 15:58:24] /a 5
[8/4/2021 15:58:25] /a 5
[8/4/2021 15:58:27] /up
[8/4/2021 15:58:27] /a 5
[8/4/2021 15:58:27] /a 5
[8/4/2021 15:58:27] /a 5
[8/4/2021 15:58:29] /a 5
[8/4/2021 15:58:43] /a 5
[8/4/2021 15:59:0] /t
[8/4/2021 16:2:49] /i 6433
[8/4/2021 16:5:56] /t
[8/4/2021 16:5:57] /town 12
[8/4/2021 16:6:2] /raid snakez
[8/4/2021 16:6:33] /up
[8/4/2021 16:6:34] /up
[8/4/2021 16:6:38] /down
[8/4/2021 16:10:20] /t
[8/4/2021 16:58:47] /t
