[4/2/2019 20:15:22] /reload talkactions
[4/2/2019 20:15:26] /i 2160
[4/2/2019 20:21:57] /town thais
[4/2/2019 20:47:29] /i 5829
[4/2/2019 20:59:0] /m demon
[4/2/2019 21:1:9] /m dragon
[4/2/2019 21:1:30] /i ice rapier,1
[4/2/2019 21:1:37] /i ice rapier,1
[4/2/2019 21:1:41] /i ice rapier,1
[4/2/2019 21:1:44] /i ice rapier,1
[4/2/2019 21:1:47] /i ice rapier,1
[4/2/2019 21:2:0] /i ice rapier,1
[4/2/2019 21:2:26] /i infernal bolt
[4/2/2019 21:2:30] /i assassin star
[4/2/2019 21:2:43] /m dragon
[4/2/2019 21:2:48] /i crossbow
[4/2/2019 21:3:22] /addskill GM Wodzirej,distance,50
[4/2/2019 21:3:36] /town 10
[5/2/2019 16:42:21] /i 6507
[5/2/2019 16:45:46] /i infernal bolt
[5/2/2019 16:47:7] /reload actions
[5/2/2019 16:48:1] /reload actions
[5/2/2019 16:48:21] /reload actions
[5/2/2019 16:48:53] /reload actions
[5/2/2019 16:51:44] /reload actions
[5/2/2019 16:51:59] /i 6507,3
[5/2/2019 16:52:8] /reload actions
[5/2/2019 16:54:22] /i spellbook of lost souls
[5/2/2019 16:58:1] /i zaoan legs
[5/2/2019 17:2:0] /i 2181
[5/2/2019 17:15:48] /light
[5/2/2019 17:22:10] /goto 32187,31624,8
[5/2/2019 17:22:20] /r
[5/2/2019 17:22:22] /r
[5/2/2019 17:22:23] /r
[5/2/2019 17:22:24] /r
[5/2/2019 17:31:56] /town thais
[5/2/2019 17:32:35] /i 1634
[5/2/2019 17:32:36] /r
[5/2/2019 17:37:21] /cliport
[5/2/2019 17:37:39] /i fishing rod
[5/2/2019 18:6:54] /t
[5/2/2019 18:30:29] /town carlin
[5/2/2019 18:32:28] /goto topsy
[5/2/2019 18:40:2] /goto 33075,32171,1
[5/2/2019 18:40:7] /t
[5/2/2019 18:58:8] /town thais
[5/2/2019 18:58:29] /closeserver
[5/2/2019 18:59:51] /town 10
[5/2/2019 19:6:57] /reload npcs
[5/2/2019 19:6:59] /n xodet
[5/2/2019 19:7:19] /i 2160
[5/2/2019 19:7:43] /reload npcs
[5/2/2019 19:7:57] /i purple backpack
[5/2/2019 19:7:59] /i green backpack
[5/2/2019 19:9:1] /goto mehkhesh
[5/2/2019 19:9:9] /goto mehkesh
[5/2/2019 19:9:24] /goto getout
[5/2/2019 19:10:43] /goto shiriel
[5/2/2019 19:10:54] /goto fenech
[5/2/2019 19:11:0] /goto rachel
[5/2/2019 19:11:4] /goto asima
[5/2/2019 19:11:7] /goto sandra
[5/2/2019 19:11:9] /goto sigurd
[5/2/2019 19:11:12] /goto tandros
[5/2/2019 19:11:15] /goto topshy
[5/2/2019 19:11:17] /goto topsy
[5/2/2019 19:11:26] /reload npcs
[5/2/2019 19:11:27] /goto sigurd
[5/2/2019 19:35:51] /i 1634
[5/2/2019 19:36:4] /town thais
[5/2/2019 19:36:23] /i 16223
[5/2/2019 19:36:24] /i 1622
[5/2/2019 19:36:26] /r
[5/2/2019 19:36:27] /r
[6/2/2019 1:19:26] /t thais
[6/2/2019 1:19:27] /town
[6/2/2019 1:19:31] /reload actions
[6/2/2019 1:19:44] /i fire sword
[6/2/2019 1:19:47] /m wyrm
[6/2/2019 1:19:50] /m grim reaper
[6/2/2019 1:19:58] /addskill GM Wodzirej,sword,25
[6/2/2019 1:19:59] /addskill GM Wodzirej,sword,25
[6/2/2019 1:20:1] /addskill GM Wodzirej,sword,25
[6/2/2019 1:20:43] /addskill GM Wodzirej,sword,25
[6/2/2019 1:20:54] /i nightmare blade
[6/2/2019 1:28:35] /town rookgaard
[6/2/2019 1:28:37] /town 10
[6/2/2019 1:28:38] /town 11
[6/2/2019 1:28:39] /town 9
[6/2/2019 1:28:40] /town 12
[6/2/2019 1:28:42] /i 1515
[6/2/2019 1:28:42] /i 1515
[6/2/2019 1:28:44] /i 1515
[6/2/2019 1:28:50] /town 1
[6/2/2019 1:28:51] /town 11
[6/2/2019 1:28:55] /town thais
[6/2/2019 17:49:2] /r
[6/2/2019 18:13:35] /town 10
[6/2/2019 20:54:12] /reload monsters
[6/2/2019 20:54:13] /m medusa
[6/2/2019 20:54:17] /m medusa
[6/2/2019 20:54:23] /m Medusa
[6/2/2019 20:54:51] /reload monsters
[6/2/2019 20:54:52] /m mdeusa
[6/2/2019 20:54:53] /m medusa
[6/2/2019 20:54:55] /m medusa
[6/2/2019 20:54:56] /m Medusa
[6/2/2019 20:55:47] /reload monsters
[6/2/2019 20:56:2] /reload monsters
[6/2/2019 20:56:3] /m Medusa
[6/2/2019 20:56:21] /m medusa
[6/2/2019 20:56:21] /m medusa
[6/2/2019 20:56:21] /m medusa
[6/2/2019 20:56:21] /m medusa
[6/2/2019 20:56:21] /m medusa
[6/2/2019 20:56:21] /m medusa
[6/2/2019 20:56:21] /m medusa
[6/2/2019 20:56:21] /m medusa
[6/2/2019 20:56:21] /m medusa
[6/2/2019 20:56:21] /m medusa
[6/2/2019 20:56:37] /m medusa
[6/2/2019 20:56:44] /m sea serpent
[6/2/2019 23:11:24] /goto nielsson
[6/2/2019 23:11:28] /goto nielson
[6/2/2019 23:11:34] /i 2160
[7/2/2019 18:43:50] /reload channels
[7/2/2019 18:44:5] /a 4
[7/2/2019 18:44:6] /a 4
[7/2/2019 18:44:6] /a 4
[7/2/2019 18:44:6] /a 4
[7/2/2019 18:44:6] /a 4
[7/2/2019 18:44:6] /a 4
[7/2/2019 18:44:6] /a 4
[7/2/2019 18:44:6] /a 4
[7/2/2019 18:44:6] /a 4
[7/2/2019 18:44:6] /a 4
[7/2/2019 18:44:6] /a 4
[7/2/2019 18:44:6] /a 4
[7/2/2019 18:44:6] /a 4
[7/2/2019 18:44:6] /a 4
[7/2/2019 18:44:7] /a 4
[7/2/2019 18:44:7] /a 4
[7/2/2019 18:44:7] /a 4
[7/2/2019 18:44:7] /a 4
[7/2/2019 18:44:7] /a 4
[7/2/2019 18:44:7] /a 4
[7/2/2019 18:44:7] /a 4
[7/2/2019 18:44:7] /a 4
[7/2/2019 18:44:8] /a 4
[7/2/2019 18:44:8] /a 4
[7/2/2019 18:44:8] /a 4
[7/2/2019 18:44:8] /a 4
[7/2/2019 18:44:8] /a 4
[7/2/2019 18:44:8] /a 4
[7/2/2019 18:44:8] /a 4
[7/2/2019 18:44:8] /a 4
[7/2/2019 18:44:8] /a 4
[7/2/2019 18:44:8] /a 4
[7/2/2019 18:44:8] /a 4
[7/2/2019 18:44:8] /a 4
[7/2/2019 18:44:8] /a 4
[7/2/2019 18:44:8] /a 4
[7/2/2019 18:44:8] /a 4
[7/2/2019 18:44:8] /a 4
[7/2/2019 18:44:8] /a 4
[7/2/2019 18:44:9] /a 4
[7/2/2019 18:44:9] /a 4
[7/2/2019 18:44:9] /a 4
[7/2/2019 18:44:9] /a 4
[7/2/2019 18:44:9] /a 4
[7/2/2019 18:44:9] /a 4
[7/2/2019 18:44:10] /a 4
[7/2/2019 18:44:10] /a 4
[7/2/2019 18:44:10] /a 4
[7/2/2019 18:44:10] /a 4
[7/2/2019 18:44:10] /a 4
[7/2/2019 18:44:10] /a 4
[7/2/2019 18:44:10] /a 4
[7/2/2019 18:44:10] /a 4
[7/2/2019 18:44:10] /a 4
[7/2/2019 18:44:10] /a 4
[7/2/2019 18:44:10] /a 4
[7/2/2019 18:44:10] /a 4
[7/2/2019 18:44:10] /a 4
[7/2/2019 18:44:10] /a 4
[7/2/2019 18:44:10] /a 4
[7/2/2019 18:44:11] /a 4
[7/2/2019 18:44:11] /a 4
[7/2/2019 18:44:11] /a 4
[7/2/2019 18:44:11] /a 4
[7/2/2019 18:44:11] /a 4
[7/2/2019 18:44:11] /a 4
[7/2/2019 18:44:12] /a 4
[7/2/2019 18:44:12] /a 4
[7/2/2019 18:44:12] /a 4
[7/2/2019 18:44:12] /a 4
[7/2/2019 18:44:12] /a 4
[7/2/2019 18:44:12] /a 4
[7/2/2019 18:44:12] /a 4
[7/2/2019 18:44:12] /a 4
[7/2/2019 18:44:12] /a 4
[7/2/2019 18:44:12] /a 4
[7/2/2019 18:44:12] /a 4
[7/2/2019 18:44:12] /a 4
[7/2/2019 18:44:12] /a 4
[7/2/2019 18:44:12] /a 4
[7/2/2019 18:44:12] /a 4
[7/2/2019 18:44:12] /a 4
[7/2/2019 18:44:12] /a 4
[7/2/2019 18:44:12] /a 4
[7/2/2019 18:44:12] /a 4
[7/2/2019 18:44:12] /a 4
[7/2/2019 18:44:12] /a 4
[7/2/2019 18:44:12] /a 4
[7/2/2019 18:44:12] /a 4
[7/2/2019 18:44:12] /a 4
[7/2/2019 18:44:12] /a 4
[7/2/2019 18:44:13] /a 4
[7/2/2019 18:44:13] /a 4
[7/2/2019 18:44:13] /a 4
[7/2/2019 18:44:13] /a 4
[7/2/2019 18:44:13] /a 4
[7/2/2019 18:44:13] /a 4
[7/2/2019 18:44:13] /a 4
[7/2/2019 18:44:13] /a 4
[7/2/2019 18:44:13] /a 4
[7/2/2019 18:44:13] /a 4
[7/2/2019 18:44:13] /a 4
[7/2/2019 18:44:13] /a 4
[7/2/2019 18:44:13] /a 4
[7/2/2019 18:44:13] /a 4
[7/2/2019 18:44:14] /a 4
[7/2/2019 18:44:14] /a 4
[7/2/2019 18:44:14] /a 4
[7/2/2019 18:44:14] /a 4
[7/2/2019 18:44:14] /a 4
[7/2/2019 18:44:15] /a 4
[7/2/2019 18:44:15] /a 4
[7/2/2019 18:44:15] /a 4
[7/2/2019 18:44:15] /a 4
[7/2/2019 18:44:15] /a 4
[7/2/2019 18:44:15] /a 4
[7/2/2019 18:44:15] /a 4
[7/2/2019 18:44:15] /a 4
[7/2/2019 18:44:15] /a 4
[7/2/2019 18:44:15] /a 4
[7/2/2019 18:44:15] /a 4
[7/2/2019 18:44:16] /a 4
[7/2/2019 18:44:16] /a 4
[7/2/2019 18:44:16] /a 4
[7/2/2019 18:44:16] /a 4
[7/2/2019 18:44:16] /a 4
[7/2/2019 18:44:16] /a 4
[7/2/2019 18:44:16] /a 4
[7/2/2019 18:44:16] /a 4
[7/2/2019 18:44:16] /a 4
[7/2/2019 18:44:16] /a 4
[7/2/2019 18:44:16] /a 4
[7/2/2019 18:44:16] /a 4
[7/2/2019 18:44:16] /a 4
[7/2/2019 18:44:16] /a 4
[7/2/2019 18:44:16] /a 4
[7/2/2019 18:44:16] /a 4
[7/2/2019 18:44:16] /a 4
[7/2/2019 18:44:16] /a 4
[7/2/2019 18:44:16] /a 4
[7/2/2019 18:44:17] /a 4
[7/2/2019 18:44:17] /a 4
[7/2/2019 18:44:17] /a 4
[7/2/2019 18:44:18] /a 4
[7/2/2019 18:44:18] /a 4
[7/2/2019 18:44:18] /a 4
[7/2/2019 18:44:18] /a 4
[7/2/2019 18:44:18] /a 4
[7/2/2019 18:44:18] /a 4
[7/2/2019 18:44:18] /a 4
[7/2/2019 18:44:18] /a 4
[7/2/2019 18:44:18] /a 4
[7/2/2019 18:44:18] /a 4
[7/2/2019 18:44:18] /a 4
[7/2/2019 18:44:18] /a 4
[7/2/2019 18:44:18] /a 4
[7/2/2019 18:44:18] /a 4
[7/2/2019 18:44:18] /a 4
[7/2/2019 18:44:18] /a 4
[7/2/2019 18:44:18] /a 4
[7/2/2019 18:44:18] /a 4
[7/2/2019 18:44:18] /a 4
[7/2/2019 18:44:18] /a 4
[7/2/2019 18:44:18] /a 4
[7/2/2019 18:44:18] /a 4
[7/2/2019 18:44:18] /a 4
[7/2/2019 18:44:19] /a 4
[7/2/2019 18:44:19] /a 4
[7/2/2019 18:44:19] /a 4
[7/2/2019 18:44:20] /a 4
[7/2/2019 18:44:20] /a 4
[7/2/2019 18:44:20] /a 4
[7/2/2019 18:44:20] /a 4
[7/2/2019 18:44:20] /a 4
[7/2/2019 18:44:20] /a 4
[7/2/2019 18:44:20] /a 4
[7/2/2019 18:44:20] /a 4
[7/2/2019 18:44:20] /a 4
[7/2/2019 18:44:20] /a 4
[7/2/2019 18:44:20] /a 4
[7/2/2019 18:44:20] /a 4
[7/2/2019 18:44:20] /a 4
[7/2/2019 18:44:20] /a 4
[7/2/2019 18:44:20] /a 4
[7/2/2019 18:44:21] /a 4
[7/2/2019 18:44:21] /a 4
[7/2/2019 18:44:21] /a 4
[7/2/2019 18:44:21] /a 4
[7/2/2019 18:44:22] /a 4
[7/2/2019 18:44:22] /a 4
[7/2/2019 18:44:22] /a 4
[7/2/2019 18:44:22] /a 4
[7/2/2019 18:44:23] /a 4
[7/2/2019 18:44:23] /a 4
[7/2/2019 18:44:23] /a 4
[7/2/2019 18:44:23] /a 4
[7/2/2019 18:44:23] /a 4
[7/2/2019 18:44:23] /a 4
[7/2/2019 18:44:23] /a 4
[7/2/2019 18:44:23] /a 4
[7/2/2019 18:44:23] /a 4
[7/2/2019 18:44:23] /a 4
[7/2/2019 18:44:23] /a 4
[7/2/2019 18:44:24] /a 4
[7/2/2019 18:44:24] /a 4
[7/2/2019 18:44:24] /a 4
[7/2/2019 18:44:24] /a 4
[7/2/2019 18:44:24] /a 4
[7/2/2019 18:44:24] /a 4
[7/2/2019 18:44:24] /a 4
[7/2/2019 18:44:24] /a 4
[7/2/2019 18:44:24] /a 4
[7/2/2019 18:44:24] /a 4
[7/2/2019 18:44:24] /a 4
[7/2/2019 18:44:24] /a 4
[7/2/2019 18:44:24] /a 4
[7/2/2019 18:44:24] /a 4
[7/2/2019 18:44:24] /a 4
[7/2/2019 18:44:24] /a 4
[7/2/2019 18:44:24] /a 4
[7/2/2019 18:44:24] /a 4
[7/2/2019 18:44:24] /a 4
[7/2/2019 18:44:25] /a 4
[7/2/2019 18:44:25] /a 4
[7/2/2019 18:44:25] /a 4
[7/2/2019 18:44:27] /a 4
[7/2/2019 18:44:27] /a 4
[7/2/2019 18:44:27] /a 4
[7/2/2019 18:44:27] /a 4
[7/2/2019 18:44:27] /a 4
[7/2/2019 18:44:27] /a 4
[7/2/2019 18:44:27] /a 4
[7/2/2019 18:44:28] /a 4
[7/2/2019 18:44:28] /a 4
[7/2/2019 18:44:29] /a 4
[7/2/2019 18:44:29] /a 4
[7/2/2019 18:44:29] /a 4
[7/2/2019 18:44:29] /a 4
[7/2/2019 18:44:29] /a 4
[7/2/2019 18:44:29] /a 4
[7/2/2019 18:44:29] /a 4
[7/2/2019 18:44:29] /a 4
[7/2/2019 18:44:29] /a 4
[7/2/2019 18:44:29] /a 4
[7/2/2019 18:44:29] /a 4
[7/2/2019 18:44:29] /a 4
[7/2/2019 18:44:29] /a 4
[7/2/2019 18:44:30] /a 4
[7/2/2019 18:44:30] /a 4
[7/2/2019 18:44:30] /a 4
[7/2/2019 18:44:31] /a 4
[7/2/2019 18:44:31] /a 4
[7/2/2019 18:44:31] /a 4
[7/2/2019 18:44:31] /a 4
[7/2/2019 18:44:31] /a 4
[7/2/2019 18:44:31] /a 4
[7/2/2019 18:44:31] /a 4
[7/2/2019 18:44:31] /a 4
[7/2/2019 18:44:31] /a 4
[7/2/2019 18:44:31] /a 4
[7/2/2019 18:44:31] /a 4
[7/2/2019 18:44:31] /a 4
[7/2/2019 18:44:31] /a 4
[7/2/2019 18:44:32] /a 4
[7/2/2019 18:44:32] /a 4
[7/2/2019 18:44:32] /a 4
[7/2/2019 18:44:32] /a 4
[7/2/2019 18:44:32] /a 4
[7/2/2019 18:44:32] /a 4
[7/2/2019 18:44:32] /a 4
[7/2/2019 18:44:32] /a 4
[7/2/2019 18:44:32] /a 4
[7/2/2019 18:44:33] /a 4
[7/2/2019 18:47:12] /down
[7/2/2019 18:47:16] /up
[7/2/2019 18:47:37] /goto medusa
[7/2/2019 18:52:4] /t
[7/2/2019 18:52:5] /town 15
[7/2/2019 18:52:6] /town 12
[7/2/2019 23:56:36] /goto nah'bob
[7/2/2019 23:56:37] /down
[7/2/2019 23:56:38] /down
[7/2/2019 23:56:52] /a 15
[7/2/2019 23:58:54] /goto nah'bob
[7/2/2019 23:58:56] /a 25
[7/2/2019 23:58:57] /a 50
[7/2/2019 23:59:5] /a 25
[7/2/2019 23:59:6] /a 50
[7/2/2019 23:59:30] /cliport
[8/2/2019 0:18:45] /goto medusa
[8/2/2019 0:18:48] /light
[8/2/2019 0:19:14] /goto sea serpent
[8/2/2019 0:19:39] /r
[8/2/2019 0:19:39] /r
[8/2/2019 0:35:21] /cliport
[8/2/2019 0:35:24] /cliport
[8/2/2019 0:35:31] /town darashia
[8/2/2019 0:35:32] /down 6
[8/2/2019 0:39:17] /town thais
[8/2/2019 0:39:30] /town 12
[8/2/2019 0:39:36] /town 10
[8/2/2019 0:39:38] /m warlock
[8/2/2019 0:39:39] /m warlock
[8/2/2019 0:39:39] /m warlock
[8/2/2019 0:39:39] /m warlock
[8/2/2019 0:39:39] /m warlock
[8/2/2019 0:39:39] /m warlock
[8/2/2019 0:39:39] /m warlock
[8/2/2019 0:39:39] /m warlock
[8/2/2019 0:39:39] /m warlock
[8/2/2019 0:39:39] /m warlock
[8/2/2019 0:39:39] /a 4
[8/2/2019 0:39:51] /m warlock
[8/2/2019 0:39:51] /m warlock
[8/2/2019 0:39:52] /m warlock
[8/2/2019 0:39:52] /m warlock
[8/2/2019 0:39:52] /m warlock
[8/2/2019 0:39:52] /m warlock
[8/2/2019 0:39:52] /m warlock
[8/2/2019 0:39:52] /m warlock
[8/2/2019 0:39:52] /m warlock
[8/2/2019 0:39:52] /m warlock
[8/2/2019 0:39:52] /m warlock
[8/2/2019 0:40:1] /m warlock
[8/2/2019 0:40:1] /m warlock
[8/2/2019 0:40:2] /m warlock
[8/2/2019 0:40:2] /m warlock
[8/2/2019 0:40:2] /m warlock
[8/2/2019 0:40:2] /m warlock
[8/2/2019 0:40:2] /m warlock
[8/2/2019 0:40:2] /m warlock
[8/2/2019 0:40:2] /m warlock
[8/2/2019 0:40:2] /m warlock
[8/2/2019 0:40:18] /m warlock
[8/2/2019 0:40:18] /m warlock
[8/2/2019 0:40:18] /m warlock
[8/2/2019 0:40:18] /m warlock
[8/2/2019 0:40:18] /m warlock
[8/2/2019 0:40:18] /m warlock
[8/2/2019 0:40:18] /m warlock
[8/2/2019 0:40:18] /m warlock
[8/2/2019 0:40:19] /m warlock
[8/2/2019 0:40:19] /m warlock
[8/2/2019 0:40:19] /m warlock
[8/2/2019 0:40:19] /m warlock
[8/2/2019 0:40:29] /m warlock
[8/2/2019 0:40:29] /m warlock
[8/2/2019 0:40:29] /m warlock
[8/2/2019 0:40:29] /m warlock
[8/2/2019 0:40:29] /m warlock
[8/2/2019 0:40:29] /m warlock
[8/2/2019 0:40:29] /m warlock
[8/2/2019 0:40:29] /m warlock
[8/2/2019 0:40:29] /m warlock
[8/2/2019 0:40:29] /a 4
[8/2/2019 0:40:47] /m warlock
[8/2/2019 0:40:48] /m warlock
[8/2/2019 0:40:48] /m warlock
[8/2/2019 0:40:48] /m warlock
[8/2/2019 0:40:48] /m warlock
[8/2/2019 0:40:48] /m warlock
[8/2/2019 0:40:48] /m warlock
[8/2/2019 0:40:48] /m warlock
[8/2/2019 0:40:48] /m warlock
[8/2/2019 0:40:48] /m warlock
[8/2/2019 0:40:48] /m warlock
[8/2/2019 0:40:52] /m warlock
[8/2/2019 0:40:53] /m warlock
[8/2/2019 0:40:53] /m warlock
[8/2/2019 0:40:53] /m warlock
[8/2/2019 0:40:53] /m warlock
[8/2/2019 0:40:53] /m warlock
[8/2/2019 0:40:53] /m warlock
[8/2/2019 0:40:53] /m warlock
[8/2/2019 0:40:53] /m warlock
[8/2/2019 0:40:53] /m warlock
[8/2/2019 0:40:53] /m warlock
[8/2/2019 0:40:57] /m warlock
[8/2/2019 0:40:57] /m warlock
[8/2/2019 0:40:57] /m warlock
[8/2/2019 0:40:57] /m warlock
[8/2/2019 0:40:57] /m warlock
[8/2/2019 0:40:57] /m warlock
[8/2/2019 0:40:57] /m warlock
[8/2/2019 0:40:57] /m warlock
[8/2/2019 0:40:57] /m warlock
[8/2/2019 0:40:57] /m warlock
[8/2/2019 0:40:57] /m warlock
[8/2/2019 0:41:0] /m warlock
[8/2/2019 0:41:1] /m warlock
[8/2/2019 0:41:1] /m warlock
[8/2/2019 0:41:1] /m warlock
[8/2/2019 0:41:1] /m warlock
[8/2/2019 0:41:1] /m warlock
[8/2/2019 0:41:1] /m warlock
[8/2/2019 0:41:1] /m warlock
[8/2/2019 0:41:1] /m warlock
[8/2/2019 0:41:1] /m warlock
[8/2/2019 0:41:1] /m warlock
[8/2/2019 0:41:1] /m warlock
[8/2/2019 0:41:3] /m warlock
[8/2/2019 0:41:4] /m warlock
[8/2/2019 0:41:4] /m warlock
[8/2/2019 0:41:4] /m warlock
[8/2/2019 0:41:4] /m warlock
[8/2/2019 0:41:4] /m warlock
[8/2/2019 0:41:4] /m warlock
[8/2/2019 0:41:4] /m warlock
[8/2/2019 0:41:4] /m warlock
[8/2/2019 0:41:4] /m warlock
[8/2/2019 0:41:4] /m warlock
[8/2/2019 0:41:4] /m warlock
[8/2/2019 0:41:7] /m warlock
[8/2/2019 0:41:8] /m warlock
[8/2/2019 0:41:8] /m warlock
[8/2/2019 0:41:8] /m warlock
[8/2/2019 0:41:8] /m warlock
[8/2/2019 0:41:8] /m warlock
[8/2/2019 0:41:8] /m warlock
[8/2/2019 0:41:8] /m warlock
[8/2/2019 0:41:8] /m warlock
[8/2/2019 0:41:8] /m warlock
[8/2/2019 0:41:8] /m warlock
[8/2/2019 0:41:8] /m warlock
[8/2/2019 0:41:8] /m warlock
[8/2/2019 0:41:12] /m warlock
[8/2/2019 0:41:12] /m warlock
[8/2/2019 0:41:12] /m warlock
[8/2/2019 0:41:13] /m warlock
[8/2/2019 0:41:13] /m warlock
[8/2/2019 0:41:13] /m warlock
[8/2/2019 0:41:13] /m warlock
[8/2/2019 0:41:13] /m warlock
[8/2/2019 0:41:13] /m warlock
[8/2/2019 0:41:52] /i 5111
[8/2/2019 0:41:56] /i outfit doll
[8/2/2019 0:42:28] /addshop 30,outfit doll say /outfit all for list /outfit unlock,name to unlock outfit and /outfit name to change into it!
[8/2/2019 0:43:36] /i 2157
[8/2/2019 0:43:40] /i 2158
[8/2/2019 0:43:42] /i platinum coin
[8/2/2019 11:8:52] /reload config
[8/2/2019 11:8:59] /t
[8/2/2019 11:9:1] /town 10
[8/2/2019 11:9:2] /town 11
[8/2/2019 11:9:3] /town 12
[8/2/2019 11:9:6] /clean
[8/2/2019 11:17:21] /town 15
[8/2/2019 11:17:23] /town 12
[8/2/2019 11:17:26] /ghost
[8/2/2019 11:17:30] /m the oracle
[8/2/2019 11:17:33] /n the oracle
[8/2/2019 11:17:35] /n the oracle
[8/2/2019 11:17:37] /n the oracle
[8/2/2019 11:17:39] /n the oracle
[8/2/2019 11:17:43] /n the oracle
[8/2/2019 11:17:44] /n the oracle
[8/2/2019 11:17:47] /n the oracle
[8/2/2019 11:17:49] /n the oracle
[8/2/2019 11:17:52] /n the oracle
[8/2/2019 11:17:56] /n the oracle
[8/2/2019 13:45:2] /ghost
[8/2/2019 13:45:3] /ghost
[8/2/2019 14:3:1] /reload config
[8/2/2019 14:7:50] /closeserver
[8/2/2019 14:7:52] /reload config
[8/2/2019 14:10:29] /reload config
[8/2/2019 14:10:42] /ghost
[8/2/2019 14:10:43] /ghost
[8/2/2019 17:37:26] /i platinum coin
[8/2/2019 17:44:59] /reload raids
[8/2/2019 17:45:1] /raid snakez
[8/2/2019 17:46:10] /reload config
[8/2/2019 17:58:17] /ghost
[8/2/2019 17:58:20] /ghost
[8/2/2019 17:58:25] /o 333
[8/2/2019 18:0:0] /raid snakez
[8/2/2019 18:0:1] /openserver
[8/2/2019 18:0:57] /n the orace
[8/2/2019 18:0:58] /n the oracle
[8/2/2019 18:0:59] /n the oracle
[8/2/2019 18:1:0] /n the oracle
[8/2/2019 18:1:1] /raid snakez
[8/2/2019 18:1:4] /n the oracle
[8/2/2019 18:1:7] /n the oracle
[8/2/2019 18:1:9] /n the oracle
[8/2/2019 18:1:13] /n the oracle
[8/2/2019 18:1:18] /n the oracle
[8/2/2019 18:1:20] /n the oracle
[8/2/2019 18:1:21] /n the oracle
[8/2/2019 18:1:30] /raid snakez
[8/2/2019 18:2:10] /raid snakez
[8/2/2019 18:2:38] /c gamer
[8/2/2019 18:4:8] /c worjor
[8/2/2019 18:6:41] /raid snakez
[8/2/2019 18:9:16] /raid snakez
[8/2/2019 18:9:51] /reload config
[8/2/2019 18:12:37] /raid snakez
[8/2/2019 18:23:0] /raid snakez
[8/2/2019 18:23:2] /light
[8/2/2019 18:31:56] /raid snakez
[8/2/2019 18:40:57] /reload config
[8/2/2019 18:42:2] /goto bedurek
[8/2/2019 18:43:50] /c gm bogdan
[8/2/2019 18:46:34] /goto bedurek
[8/2/2019 19:15:15] /goto feos
[8/2/2019 19:15:20] /m troll
[8/2/2019 19:15:20] /m troll
[8/2/2019 19:15:21] /m troll
[8/2/2019 19:15:21] /m troll
[8/2/2019 19:15:22] /m troll
[8/2/2019 19:15:22] /m troll
[8/2/2019 19:15:23] /m troll
[8/2/2019 19:18:30] /raid snakes
[8/2/2019 19:18:31] /raid snakez
[8/2/2019 19:18:33] /goto nathu
[8/2/2019 19:18:37] /ghost
[8/2/2019 19:21:56] /reload config
[8/2/2019 19:26:16] /goto feos
[8/2/2019 19:26:17] /up
[8/2/2019 19:26:18] /up
[8/2/2019 19:26:22] /m troll
[8/2/2019 19:26:23] /m troll
[8/2/2019 19:26:23] /m troll
[8/2/2019 19:26:23] /m troll
[8/2/2019 19:26:24] /m troll
[8/2/2019 19:26:24] /m troll
[8/2/2019 19:26:25] /m troll
[8/2/2019 19:26:25] /m troll
[8/2/2019 19:26:26] /m troll
[8/2/2019 19:26:27] /m troll
[8/2/2019 19:26:27] /m troll
[8/2/2019 19:26:28] /m troll
[8/2/2019 19:26:28] /m troll
[8/2/2019 19:27:43] /t
[8/2/2019 19:29:12] /town 11
[8/2/2019 19:29:13] /town 12
[8/2/2019 19:29:16] /raid snakez
[8/2/2019 19:32:51] /goto captain bluebear
[8/2/2019 19:32:54] /owner Nobody
[8/2/2019 19:33:1] /owner GM Ja
[8/2/2019 19:33:6] /owner GM Wodzirej
[8/2/2019 19:33:15] /owner nobody
[8/2/2019 19:33:21] /light
[8/2/2019 20:6:28] /town 12
[8/2/2019 20:6:30] /raid snakez
[8/2/2019 21:16:42] /i fire sword
[8/2/2019 21:16:46] /ghost
[8/2/2019 21:16:58] /raid snakez
[8/2/2019 21:32:16] /reload config
[8/2/2019 21:32:17] /raid snakez
[8/2/2019 21:35:3] /ghost
[8/2/2019 21:35:4] /ghost
[8/2/2019 21:35:5] /goto feus
[8/2/2019 21:35:9] /goto feos
[8/2/2019 21:35:12] /m dragon
[8/2/2019 21:35:13] /town 12
[8/2/2019 21:35:23] /reload monsters
[8/2/2019 21:36:29] /reload monsters
[8/2/2019 21:58:14] /goto el jo~
[8/2/2019 21:58:15] /goto el j~
[8/2/2019 21:58:19] /goto jordi~
[8/2/2019 22:24:47] /goto towar zzhuja ostrobuja
[8/2/2019 22:24:51] /ghost
[8/2/2019 22:25:5] /goto rhara
[8/2/2019 22:25:28] /b fixed the donations they werent confirming if you made payment just cancel it 
[8/2/2019 22:26:16] /b paladin has exori san and exevo mas san
[8/2/2019 22:26:22] /b knight exana mort exori mas exori hur exori gran
[8/2/2019 22:26:30] /b druid can make AVA and stoneshower
[8/2/2019 22:26:44] /b sorc can make GFB + thundershower (druid has gfb aswell just because its 7.4 and they are useful )
[8/2/2019 22:27:7] /n the oracle
[8/2/2019 22:27:41] /b druids has exevo tera hur also and exori frigo (no exori tera) + ue pox hhits 80% ue dmg
[8/2/2019 22:27:42] /r
[8/2/2019 22:27:43] /goto povix
[8/2/2019 22:27:56] /i life ring
[8/2/2019 22:28:22] /b ms needs to use life ring / ring of healing ( djinns are lvl 30 gate ) it greatly increases mana regen 
[8/2/2019 22:30:20] /goto scruffen
[8/2/2019 22:30:26] /goto terry
[8/2/2019 22:30:46] /mc
[8/2/2019 22:30:52] /goto zantyk
[8/2/2019 22:31:54] /goto Arkangel
[8/2/2019 22:31:59] /goto bedurek
[8/2/2019 22:33:15] /goto rhara
[8/2/2019 22:33:20] /goto bedurek
[8/2/2019 22:33:32] /goto rhara
[8/2/2019 22:33:38] /goto kilua
[8/2/2019 22:33:40] /goto killua
[8/2/2019 22:34:1] /i outfit doll
[8/2/2019 22:34:3] /i outfit doll
[8/2/2019 22:37:33] /b !color is usable command
[8/2/2019 22:37:38] /goto bedurek
[8/2/2019 22:41:29] /goto bedurek
[8/2/2019 22:41:32] /goto killu
[8/2/2019 22:41:42] /goto killua
[8/2/2019 22:41:43] /c bedurek
[8/2/2019 22:41:55] /i soul orb
[8/2/2019 22:43:54] /reload config
[8/2/2019 22:43:59] /bc
[8/2/2019 22:44:4] /bc double loot event
[8/2/2019 22:44:11] /b double loot event
[8/2/2019 22:49:20] /b double skill event
[8/2/2019 22:49:28] /b 30min all skills doubled
[8/2/2019 22:50:16] /reload config
[8/2/2019 22:50:46] /b recommended task is orcs u can have upto 3 tasks at same time !task info
[8/2/2019 22:51:0] /b orcs task is to be taken up until lvl 50 so remember once you cross level 50 you cant choose some tasks
[8/2/2019 22:54:9] /goto rhara
[8/2/2019 22:54:25] /goto neutro
[8/2/2019 22:54:27] /goto rhara
[8/2/2019 22:54:38] /n sam
[8/2/2019 22:54:58] /r
[8/2/2019 22:55:2] /town carlin
[8/2/2019 22:55:3] /c rhara
[8/2/2019 22:55:5] /c rhara
[8/2/2019 22:55:10] /c rhara
[8/2/2019 22:55:24] /goto neutro
[8/2/2019 22:56:38] /i 2100
[8/2/2019 22:56:41] /i 2100
[8/2/2019 22:56:42] /i 2100
[8/2/2019 22:56:43] /i 2100
[8/2/2019 22:56:48] /i 2100
[8/2/2019 22:56:50] /i 2100
[8/2/2019 22:56:51] /i 2100
[8/2/2019 22:56:53] /i 2100
[8/2/2019 22:57:1] /c neutro
[8/2/2019 22:57:3] /c neutro
[8/2/2019 22:57:4] /c neutro
[8/2/2019 22:57:5] /i spaer
[8/2/2019 22:57:7] /i spear
[8/2/2019 22:57:22] /goto laxia
[8/2/2019 22:57:27] /ghost
[8/2/2019 22:57:28] /ghost
[8/2/2019 22:57:56] /mc
[8/2/2019 22:58:14] /r
[8/2/2019 22:58:15] /r
[8/2/2019 22:58:15] /r
[8/2/2019 22:58:15] /r
[8/2/2019 22:58:15] /r
[8/2/2019 22:58:15] /r
[8/2/2019 22:58:15] /r
[8/2/2019 22:58:15] /r
[8/2/2019 22:58:15] /r
[8/2/2019 22:58:15] /r
[8/2/2019 22:58:15] /r
[8/2/2019 22:58:16] /r
[8/2/2019 22:58:16] /r
[8/2/2019 22:58:16] /r
[8/2/2019 22:58:16] /r
[8/2/2019 22:58:16] /r
[8/2/2019 22:58:16] /r
[8/2/2019 22:58:16] /r
[8/2/2019 22:58:16] /r
[8/2/2019 22:58:16] /r
[8/2/2019 22:58:16] /r
[8/2/2019 22:58:16] /r
[8/2/2019 22:58:16] /r
[8/2/2019 22:58:16] /r
[8/2/2019 22:58:16] /r
[8/2/2019 22:58:16] /r
[8/2/2019 22:58:16] /r
[8/2/2019 22:58:16] /r
[8/2/2019 22:58:16] /r
[8/2/2019 22:58:16] /r
[8/2/2019 22:58:16] /r
[8/2/2019 22:58:17] /r
[8/2/2019 22:58:17] /r
[8/2/2019 22:58:17] /r
[8/2/2019 22:58:17] /r
[8/2/2019 22:58:17] /r
[8/2/2019 22:58:17] /r
[8/2/2019 22:58:17] /r
[8/2/2019 22:58:17] /r
[8/2/2019 22:58:17] /r
[8/2/2019 22:58:17] /r
[8/2/2019 22:58:17] /r
[8/2/2019 22:58:17] /r
[8/2/2019 22:58:17] /r
[8/2/2019 22:58:17] /r
[8/2/2019 22:58:17] /r
[8/2/2019 22:58:17] /r
[8/2/2019 22:58:17] /r
[8/2/2019 22:58:17] /r
[8/2/2019 22:58:17] /r
[8/2/2019 22:58:17] /r
[8/2/2019 22:58:17] /r
[8/2/2019 22:58:17] /r
[8/2/2019 22:58:17] /r
[8/2/2019 22:58:17] /r
[8/2/2019 22:58:17] /r
[8/2/2019 22:58:17] /r
[8/2/2019 22:58:17] /r
[8/2/2019 22:58:17] /r
[8/2/2019 22:58:17] /r
[8/2/2019 22:58:17] /r
[8/2/2019 22:58:18] /r
[8/2/2019 22:58:18] /r
[8/2/2019 22:58:18] /r
[8/2/2019 22:58:18] /r
[8/2/2019 22:58:18] /r
[8/2/2019 22:58:18] /r
[8/2/2019 22:58:18] /r
[8/2/2019 22:58:18] /r
[8/2/2019 22:58:18] /r
[8/2/2019 22:58:18] /r
[8/2/2019 22:58:18] /r
[8/2/2019 22:58:18] /r
[8/2/2019 22:58:18] /r
[8/2/2019 22:58:18] /r
[8/2/2019 22:58:18] /r
[8/2/2019 22:58:18] /r
[8/2/2019 22:58:18] /r
[8/2/2019 22:58:18] /r
[8/2/2019 22:58:18] /r
[8/2/2019 22:58:18] /r
[8/2/2019 22:58:18] /r
[8/2/2019 22:58:18] /r
[8/2/2019 22:58:18] /r
[8/2/2019 22:58:18] /r
[8/2/2019 22:58:18] /r
[8/2/2019 22:58:18] /r
[8/2/2019 22:58:18] /r
[8/2/2019 22:58:18] /r
[8/2/2019 22:58:18] /r
[8/2/2019 22:58:18] /r
[8/2/2019 22:58:19] /r
[8/2/2019 22:58:19] /r
[8/2/2019 22:58:19] /r
[8/2/2019 22:58:19] /r
[8/2/2019 22:58:19] /r
[8/2/2019 22:58:19] /r
[8/2/2019 22:58:19] /r
[8/2/2019 22:58:19] /r
[8/2/2019 22:58:19] /r
[8/2/2019 22:58:19] /r
[8/2/2019 22:58:19] /r
[8/2/2019 22:58:19] /r
[8/2/2019 22:58:19] /r
[8/2/2019 22:58:19] /r
[8/2/2019 22:58:19] /r
[8/2/2019 22:58:19] /r
[8/2/2019 22:58:19] /r
[8/2/2019 22:58:19] /r
[8/2/2019 22:58:19] /r
[8/2/2019 22:58:19] /r
[8/2/2019 22:58:19] /r
[8/2/2019 22:58:19] /r
[8/2/2019 22:58:19] /r
[8/2/2019 22:58:19] /r
[8/2/2019 22:58:19] /r
[8/2/2019 22:58:19] /r
[8/2/2019 22:58:19] /r
[8/2/2019 22:58:19] /r
[8/2/2019 22:58:19] /r
[8/2/2019 22:58:19] /r
[8/2/2019 22:58:20] /r
[8/2/2019 22:58:20] /r
[8/2/2019 22:58:20] /r
[8/2/2019 22:58:20] /r
[8/2/2019 22:58:20] /r
[8/2/2019 22:58:20] /r
[8/2/2019 22:58:20] /r
[8/2/2019 22:58:20] /r
[8/2/2019 22:58:20] /r
[8/2/2019 22:58:20] /r
[8/2/2019 22:58:20] /r
[8/2/2019 22:58:20] /r
[8/2/2019 22:58:20] /r
[8/2/2019 22:58:20] /r
[8/2/2019 22:58:20] /r
[8/2/2019 22:58:20] /r
[8/2/2019 22:58:20] /r
[8/2/2019 22:58:20] /r
[8/2/2019 22:58:20] /r
[8/2/2019 22:58:20] /r
[8/2/2019 22:58:20] /r
[8/2/2019 22:58:20] /r
[8/2/2019 22:58:20] /r
[8/2/2019 22:58:20] /r
[8/2/2019 22:58:20] /r
[8/2/2019 22:58:20] /r
[8/2/2019 22:58:20] /r
[8/2/2019 22:58:20] /r
[8/2/2019 22:58:20] /r
[8/2/2019 22:58:20] /r
[8/2/2019 22:58:21] /r
[8/2/2019 22:58:21] /r
[8/2/2019 22:58:21] /r
[8/2/2019 22:58:21] /r
[8/2/2019 22:58:21] /r
[8/2/2019 22:58:21] /r
[8/2/2019 22:58:21] /r
[8/2/2019 22:58:21] /r
[8/2/2019 22:58:21] /r
[8/2/2019 22:58:21] /r
[8/2/2019 22:58:21] /r
[8/2/2019 22:58:21] /r
[8/2/2019 22:58:21] /r
[8/2/2019 22:58:21] /r
[8/2/2019 22:58:21] /r
[8/2/2019 22:58:21] /r
[8/2/2019 22:58:21] /r
[8/2/2019 22:58:21] /r
[8/2/2019 22:58:21] /r
[8/2/2019 22:58:21] /r
[8/2/2019 22:58:21] /r
[8/2/2019 22:58:21] /r
[8/2/2019 22:58:21] /r
[8/2/2019 22:58:21] /r
[8/2/2019 22:58:21] /r
[8/2/2019 22:58:21] /r
[8/2/2019 22:58:21] /r
[8/2/2019 22:58:21] /r
[8/2/2019 22:58:21] /r
[8/2/2019 22:58:21] /r
[8/2/2019 22:58:21] /r
[8/2/2019 22:58:22] /r
[8/2/2019 22:58:22] /r
[8/2/2019 22:58:22] /r
[8/2/2019 22:58:22] /r
[8/2/2019 22:58:22] /r
[8/2/2019 22:58:22] /r
[8/2/2019 22:58:22] /r
[8/2/2019 22:58:22] /r
[8/2/2019 22:58:22] /r
[8/2/2019 22:58:22] /r
[8/2/2019 22:58:22] /r
[8/2/2019 22:58:22] /r
[8/2/2019 22:58:22] /r
[8/2/2019 22:58:22] /r
[8/2/2019 22:58:22] /r
[8/2/2019 22:58:22] /r
[8/2/2019 22:58:22] /r
[8/2/2019 22:58:22] /r
[8/2/2019 22:58:22] /r
[8/2/2019 22:58:22] /r
[8/2/2019 22:58:22] /r
[8/2/2019 22:58:22] /r
[8/2/2019 22:58:22] /r
[8/2/2019 22:58:22] /r
[8/2/2019 22:58:22] /r
[8/2/2019 22:58:22] /r
[8/2/2019 22:58:22] /r
[8/2/2019 22:58:22] /r
[8/2/2019 22:58:22] /r
[8/2/2019 22:58:22] /r
[8/2/2019 22:58:23] /r
[8/2/2019 22:58:23] /r
[8/2/2019 22:58:23] /r
[8/2/2019 22:58:23] /r
[8/2/2019 22:58:23] /r
[8/2/2019 22:58:23] /r
[8/2/2019 22:58:23] /r
[8/2/2019 22:58:23] /r
[8/2/2019 22:58:23] /r
[8/2/2019 22:58:23] /r
[8/2/2019 22:58:23] /r
[8/2/2019 22:58:23] /r
[8/2/2019 22:58:23] /r
[8/2/2019 22:58:23] /r
[8/2/2019 22:58:23] /r
[8/2/2019 22:58:23] /r
[8/2/2019 22:58:23] /r
[8/2/2019 22:58:23] /r
[8/2/2019 22:58:23] /r
[8/2/2019 22:58:23] /r
[8/2/2019 22:58:23] /r
[8/2/2019 22:58:23] /r
[8/2/2019 22:58:23] /r
[8/2/2019 22:58:23] /r
[8/2/2019 22:58:23] /r
[8/2/2019 22:58:23] /r
[8/2/2019 22:58:23] /r
[8/2/2019 22:58:23] /r
[8/2/2019 22:58:23] /r
[8/2/2019 22:58:23] /r
[8/2/2019 22:58:24] /r
[8/2/2019 22:58:24] /r
[8/2/2019 22:58:24] /r
[8/2/2019 22:58:24] /r
[8/2/2019 22:58:24] /r
[8/2/2019 22:58:24] /r
[8/2/2019 22:58:24] /r
[8/2/2019 22:58:24] /r
[8/2/2019 22:58:24] /r
[8/2/2019 22:58:24] /r
[8/2/2019 22:58:24] /r
[8/2/2019 22:58:24] /r
[8/2/2019 22:58:24] /r
[8/2/2019 22:58:24] /r
[8/2/2019 22:58:24] /r
[8/2/2019 22:58:24] /r
[8/2/2019 22:58:24] /r
[8/2/2019 22:58:24] /r
[8/2/2019 22:58:24] /r
[8/2/2019 22:58:24] /r
[8/2/2019 22:58:24] /r
[8/2/2019 22:58:24] /r
[8/2/2019 22:58:24] /r
[8/2/2019 22:58:24] /r
[8/2/2019 22:58:24] /r
[8/2/2019 22:58:24] /r
[8/2/2019 22:58:24] /r
[8/2/2019 22:58:24] /r
[8/2/2019 22:58:24] /r
[8/2/2019 22:58:24] /r
[8/2/2019 22:58:24] /r
[8/2/2019 22:58:25] /r
[8/2/2019 22:58:25] /r
[8/2/2019 22:58:25] /r
[8/2/2019 22:58:25] /r
[8/2/2019 22:58:25] /r
[8/2/2019 22:58:25] /r
[8/2/2019 22:58:25] /r
[8/2/2019 22:58:25] /r
[8/2/2019 22:58:25] /r
[8/2/2019 22:58:25] /r
[8/2/2019 22:58:25] /r
[8/2/2019 22:58:25] /r
[8/2/2019 22:58:25] /r
[8/2/2019 22:58:25] /r
[8/2/2019 22:58:25] /r
[8/2/2019 22:58:25] /r
[8/2/2019 22:58:25] /r
[8/2/2019 22:58:25] /r
[8/2/2019 22:58:25] /r
[8/2/2019 22:58:25] /r
[8/2/2019 22:58:25] /r
[8/2/2019 22:58:25] /r
[8/2/2019 22:58:25] /r
[8/2/2019 22:58:25] /r
[8/2/2019 22:58:25] /r
[8/2/2019 22:58:25] /r
[8/2/2019 22:58:25] /r
[8/2/2019 22:58:25] /r
[8/2/2019 22:58:25] /r
[8/2/2019 22:58:25] /r
[8/2/2019 22:58:26] /r
[8/2/2019 22:58:26] /r
[8/2/2019 22:58:26] /r
[8/2/2019 22:58:26] /r
[8/2/2019 22:58:26] /r
[8/2/2019 22:58:26] /r
[8/2/2019 22:58:26] /r
[8/2/2019 22:58:26] /r
[8/2/2019 22:58:26] /r
[8/2/2019 22:58:26] /r
[8/2/2019 22:58:26] /r
[8/2/2019 22:58:26] /r
[8/2/2019 22:58:26] /r
[8/2/2019 22:58:26] /r
[8/2/2019 22:58:26] /r
[8/2/2019 22:58:26] /r
[8/2/2019 22:58:26] /r
[8/2/2019 22:58:26] /r
[8/2/2019 22:58:26] /r
[8/2/2019 22:58:26] /r
[8/2/2019 22:58:26] /r
[8/2/2019 22:58:26] /r
[8/2/2019 22:58:26] /r
[8/2/2019 22:58:26] /r
[8/2/2019 22:58:26] /r
[8/2/2019 22:58:26] /r
[8/2/2019 22:58:26] /r
[8/2/2019 22:58:26] /r
[8/2/2019 22:58:26] /r
[8/2/2019 22:58:26] /r
[8/2/2019 22:58:26] /r
[8/2/2019 22:58:27] /r
[8/2/2019 22:58:27] /r
[8/2/2019 22:58:27] /r
[8/2/2019 22:58:27] /r
[8/2/2019 22:58:27] /r
[8/2/2019 22:58:27] /r
[8/2/2019 22:58:27] /r
[8/2/2019 22:58:27] /r
[8/2/2019 22:58:27] /r
[8/2/2019 22:58:27] /r
[8/2/2019 22:58:27] /r
[8/2/2019 22:58:27] /r
[8/2/2019 22:58:27] /r
[8/2/2019 22:58:27] /r
[8/2/2019 22:58:27] /r
[8/2/2019 22:58:27] /r
[8/2/2019 22:58:27] /r
[8/2/2019 22:58:27] /r
[8/2/2019 22:58:27] /r
[8/2/2019 22:58:27] /r
[8/2/2019 22:58:27] /r
[8/2/2019 22:58:27] /r
[8/2/2019 22:58:27] /r
[8/2/2019 22:58:27] /r
[8/2/2019 22:58:27] /r
[8/2/2019 22:58:27] /r
[8/2/2019 22:58:27] /r
[8/2/2019 22:58:27] /r
[8/2/2019 22:58:27] /r
[8/2/2019 22:58:27] /r
[8/2/2019 22:58:28] /r
[8/2/2019 22:58:28] /r
[8/2/2019 22:58:28] /r
[8/2/2019 22:58:28] /r
[8/2/2019 22:58:28] /r
[8/2/2019 22:58:28] /r
[8/2/2019 22:58:28] /r
[8/2/2019 22:58:28] /r
[8/2/2019 22:58:28] /r
[8/2/2019 22:58:28] /r
[8/2/2019 22:58:28] /r
[8/2/2019 22:58:28] /r
[8/2/2019 22:58:28] /r
[8/2/2019 22:58:28] /r
[8/2/2019 22:58:28] /r
[8/2/2019 22:58:28] /r
[8/2/2019 22:58:28] /r
[8/2/2019 22:58:28] /r
[8/2/2019 22:58:28] /r
[8/2/2019 22:58:28] /r
[8/2/2019 22:58:28] /r
[8/2/2019 22:58:28] /r
[8/2/2019 22:58:28] /r
[8/2/2019 22:58:28] /r
[8/2/2019 22:58:28] /r
[8/2/2019 22:58:28] /r
[8/2/2019 22:58:28] /r
[8/2/2019 22:58:28] /r
[8/2/2019 22:58:28] /r
[8/2/2019 22:58:28] /r
[8/2/2019 22:58:28] /r
[8/2/2019 22:58:29] /r
[8/2/2019 22:58:29] /r
[8/2/2019 22:58:29] /r
[8/2/2019 22:58:29] /r
[8/2/2019 22:58:29] /r
[8/2/2019 22:58:29] /r
[8/2/2019 22:58:29] /r
[8/2/2019 22:58:29] /r
[8/2/2019 22:58:29] /r
[8/2/2019 22:58:29] /r
[8/2/2019 22:58:29] /r
[8/2/2019 22:58:29] /r
[8/2/2019 22:58:29] /r
[8/2/2019 22:58:29] /r
[8/2/2019 22:58:29] /r
[8/2/2019 22:58:29] /r
[8/2/2019 22:58:29] /r
[8/2/2019 22:58:29] /r
[8/2/2019 22:58:29] /r
[8/2/2019 22:58:29] /r
[8/2/2019 22:58:29] /r
[8/2/2019 22:58:29] /r
[8/2/2019 22:58:29] /r
[8/2/2019 22:58:29] /r
[8/2/2019 22:58:29] /r
[8/2/2019 22:58:29] /r
[8/2/2019 22:58:29] /r
[8/2/2019 22:58:29] /r
[8/2/2019 22:58:29] /r
[8/2/2019 22:58:29] /r
[8/2/2019 22:58:30] /r
[8/2/2019 22:58:30] /r
[8/2/2019 22:58:30] /r
[8/2/2019 22:58:30] /r
[8/2/2019 22:58:30] /r
[8/2/2019 22:58:30] /r
[8/2/2019 22:58:30] /r
[8/2/2019 22:58:30] /r
[8/2/2019 22:58:30] /r
[8/2/2019 22:58:30] /r
[8/2/2019 22:58:30] /r
[8/2/2019 22:58:30] /r
[8/2/2019 22:58:30] /r
[8/2/2019 22:58:30] /r
[8/2/2019 22:58:30] /r
[8/2/2019 22:58:30] /r
[8/2/2019 22:58:30] /r
[8/2/2019 22:58:30] /r
[8/2/2019 22:58:30] /r
[8/2/2019 22:58:30] /r
[8/2/2019 22:58:30] /r
[8/2/2019 22:58:30] /r
[8/2/2019 22:58:30] /r
[8/2/2019 22:58:30] /r
[8/2/2019 22:58:30] /r
[8/2/2019 22:58:30] /r
[8/2/2019 22:58:30] /r
[8/2/2019 22:58:30] /r
[8/2/2019 22:58:30] /r
[8/2/2019 22:58:30] /r
[8/2/2019 22:58:31] /r
[8/2/2019 22:58:31] /r
[8/2/2019 22:58:31] /r
[8/2/2019 22:58:31] /r
[8/2/2019 22:58:31] /r
[8/2/2019 22:58:31] /r
[8/2/2019 22:58:31] /r
[8/2/2019 22:58:31] /r
[8/2/2019 22:58:31] /r
[8/2/2019 22:58:31] /r
[8/2/2019 22:58:31] /r
[8/2/2019 22:58:31] /r
[8/2/2019 22:58:31] /r
[8/2/2019 22:58:31] /r
[8/2/2019 22:58:31] /r
[8/2/2019 22:58:31] /r
[8/2/2019 22:58:31] /r
[8/2/2019 22:58:31] /r
[8/2/2019 22:58:31] /r
[8/2/2019 22:58:31] /r
[8/2/2019 22:58:31] /r
[8/2/2019 22:58:31] /r
[8/2/2019 22:58:31] /r
[8/2/2019 22:58:31] /r
[8/2/2019 22:58:31] /r
[8/2/2019 22:58:31] /r
[8/2/2019 22:58:31] /r
[8/2/2019 22:58:31] /r
[8/2/2019 22:58:31] /r
[8/2/2019 22:58:31] /r
[8/2/2019 22:58:32] /r
[8/2/2019 22:58:32] /r
[8/2/2019 22:58:32] /r
[8/2/2019 22:58:32] /r
[8/2/2019 22:58:32] /r
[8/2/2019 22:58:32] /r
[8/2/2019 22:58:32] /r
[8/2/2019 22:58:32] /r
[8/2/2019 22:58:32] /r
[8/2/2019 22:58:32] /r
[8/2/2019 22:58:32] /r
[8/2/2019 22:58:32] /r
[8/2/2019 22:58:32] /r
[8/2/2019 22:58:32] /r
[8/2/2019 22:58:32] /r
[8/2/2019 22:58:32] /r
[8/2/2019 22:58:32] /r
[8/2/2019 22:58:32] /r
[8/2/2019 22:58:32] /r
[8/2/2019 22:58:36] /r
[8/2/2019 22:58:37] /r
[8/2/2019 22:58:37] /r
[8/2/2019 22:58:37] /r
[8/2/2019 22:58:37] /r
[8/2/2019 22:58:37] /r
[8/2/2019 22:58:38] /r
[8/2/2019 22:58:39] /r
[8/2/2019 22:58:39] /r
[8/2/2019 22:58:39] /r
[8/2/2019 22:58:39] /r
[8/2/2019 22:58:39] /r
[8/2/2019 22:58:39] /r
[8/2/2019 22:58:39] /r
[8/2/2019 22:58:39] /r
[8/2/2019 22:58:39] /r
[8/2/2019 22:58:39] /r
[8/2/2019 22:58:39] /r
[8/2/2019 22:58:39] /r
[8/2/2019 22:58:39] /r
[8/2/2019 22:58:39] /r
[8/2/2019 22:58:39] /r
[8/2/2019 22:58:39] /r
[8/2/2019 22:58:39] /r
[8/2/2019 22:58:39] /r
[8/2/2019 22:58:39] /r
[8/2/2019 22:58:39] /r
[8/2/2019 22:58:39] /r
[8/2/2019 22:58:39] /r
[8/2/2019 22:58:39] /r
[8/2/2019 22:58:39] /r
[8/2/2019 22:58:39] /r
[8/2/2019 22:58:39] /r
[8/2/2019 22:58:39] /r
[8/2/2019 22:58:40] /r
[8/2/2019 22:58:40] /r
[8/2/2019 22:58:40] /r
[8/2/2019 22:58:40] /r
[8/2/2019 22:58:40] /r
[8/2/2019 22:58:40] /r
[8/2/2019 22:58:40] /r
[8/2/2019 22:58:40] /r
[8/2/2019 22:58:40] /r
[8/2/2019 22:58:40] /r
[8/2/2019 22:58:40] /r
[8/2/2019 22:58:40] /r
[8/2/2019 22:58:40] /r
[8/2/2019 22:58:40] /r
[8/2/2019 22:58:40] /r
[8/2/2019 22:58:40] /r
[8/2/2019 22:58:40] /r
[8/2/2019 22:58:40] /r
[8/2/2019 22:58:40] /r
[8/2/2019 22:58:40] /r
[8/2/2019 22:58:40] /r
[8/2/2019 22:58:40] /r
[8/2/2019 22:58:40] /r
[8/2/2019 22:58:40] /r
[8/2/2019 22:58:40] /r
[8/2/2019 22:58:40] /r
[8/2/2019 22:58:40] /r
[8/2/2019 22:58:40] /r
[8/2/2019 22:58:40] /r
[8/2/2019 22:58:40] /r
[8/2/2019 22:58:40] /r
[8/2/2019 22:58:41] /r
[8/2/2019 22:58:41] /r
[8/2/2019 22:58:41] /r
[8/2/2019 22:58:41] /r
[8/2/2019 22:58:41] /r
[8/2/2019 22:58:41] /r
[8/2/2019 22:58:41] /r
[8/2/2019 22:58:41] /r
[8/2/2019 22:58:41] /r
[8/2/2019 22:58:41] /r
[8/2/2019 22:58:41] /r
[8/2/2019 22:58:41] /r
[8/2/2019 22:58:41] /r
[8/2/2019 22:58:41] /r
[8/2/2019 22:58:41] /r
[8/2/2019 22:58:41] /r
[8/2/2019 22:58:41] /r
[8/2/2019 22:58:41] /r
[8/2/2019 22:58:41] /r
[8/2/2019 22:58:41] /r
[8/2/2019 22:58:41] /r
[8/2/2019 22:58:41] /r
[8/2/2019 22:58:41] /r
[8/2/2019 22:58:41] /r
[8/2/2019 22:58:41] /r
[8/2/2019 22:58:41] /r
[8/2/2019 22:58:41] /r
[8/2/2019 22:58:41] /r
[8/2/2019 22:58:41] /r
[8/2/2019 22:58:41] /r
[8/2/2019 22:58:42] /r
[8/2/2019 22:58:42] /r
[8/2/2019 22:58:42] /r
[8/2/2019 22:58:42] /r
[8/2/2019 22:58:42] /r
[8/2/2019 22:58:42] /r
[8/2/2019 22:58:42] /r
[8/2/2019 22:58:42] /r
[8/2/2019 22:58:42] /r
[8/2/2019 22:58:42] /r
[8/2/2019 22:58:42] /r
[8/2/2019 22:58:42] /r
[8/2/2019 22:58:42] /r
[8/2/2019 22:58:42] /r
[8/2/2019 22:58:42] /r
[8/2/2019 22:58:42] /r
[8/2/2019 22:58:42] /r
[8/2/2019 22:58:42] /r
[8/2/2019 22:58:42] /r
[8/2/2019 22:58:42] /r
[8/2/2019 22:58:42] /r
[8/2/2019 22:58:42] /r
[8/2/2019 22:58:42] /r
[8/2/2019 22:58:42] /r
[8/2/2019 22:58:42] /r
[8/2/2019 22:58:42] /r
[8/2/2019 22:58:42] /r
[8/2/2019 22:58:42] /r
[8/2/2019 22:58:42] /r
[8/2/2019 22:58:42] /r
[8/2/2019 22:58:42] /r
[8/2/2019 22:58:43] /r
[8/2/2019 22:58:43] /r
[8/2/2019 22:58:43] /r
[8/2/2019 22:58:43] /r
[8/2/2019 22:58:43] /r
[8/2/2019 22:58:43] /r
[8/2/2019 22:58:43] /r
[8/2/2019 22:58:43] /r
[8/2/2019 22:58:43] /r
[8/2/2019 22:58:43] /r
[8/2/2019 22:58:43] /r
[8/2/2019 22:58:43] /r
[8/2/2019 22:58:43] /r
[8/2/2019 22:58:43] /r
[8/2/2019 22:58:43] /r
[8/2/2019 22:58:43] /r
[8/2/2019 22:58:43] /r
[8/2/2019 22:58:43] /r
[8/2/2019 22:58:43] /r
[8/2/2019 22:58:43] /r
[8/2/2019 22:58:43] /r
[8/2/2019 22:58:43] /r
[8/2/2019 22:58:43] /r
[8/2/2019 22:58:43] /r
[8/2/2019 22:58:43] /r
[8/2/2019 22:58:43] /r
[8/2/2019 22:58:43] /r
[8/2/2019 22:58:43] /r
[8/2/2019 22:58:43] /r
[8/2/2019 22:58:43] /r
[8/2/2019 22:58:44] /r
[8/2/2019 22:58:44] /r
[8/2/2019 22:58:44] /r
[8/2/2019 22:58:44] /r
[8/2/2019 22:58:44] /r
[8/2/2019 22:58:44] /r
[8/2/2019 22:58:44] /r
[8/2/2019 22:58:44] /r
[8/2/2019 22:58:44] /r
[8/2/2019 22:58:44] /r
[8/2/2019 22:58:44] /r
[8/2/2019 22:58:44] /r
[8/2/2019 22:58:44] /r
[8/2/2019 22:58:45] /r
[8/2/2019 22:58:46] /r
[8/2/2019 22:58:46] /r
[8/2/2019 22:58:46] /r
[8/2/2019 22:58:47] /r
[8/2/2019 22:58:47] /r
[8/2/2019 22:58:47] /r
[8/2/2019 22:58:47] /r
[8/2/2019 22:58:47] /r
[8/2/2019 22:58:47] /r
[8/2/2019 22:58:47] /r
[8/2/2019 22:58:47] /r
[8/2/2019 22:58:47] /r
[8/2/2019 22:58:47] /r
[8/2/2019 22:58:47] /r
[8/2/2019 22:58:47] /r
[8/2/2019 22:58:47] /r
[8/2/2019 22:58:47] /r
[8/2/2019 22:58:47] /r
[8/2/2019 22:58:47] /r
[8/2/2019 22:58:47] /r
[8/2/2019 22:58:47] /r
[8/2/2019 22:58:47] /r
[8/2/2019 22:58:47] /r
[8/2/2019 22:58:47] /r
[8/2/2019 22:58:47] /r
[8/2/2019 22:58:47] /r
[8/2/2019 22:58:47] /r
[8/2/2019 22:58:47] /r
[8/2/2019 22:58:47] /r
[8/2/2019 22:58:47] /r
[8/2/2019 22:58:47] /r
[8/2/2019 22:58:47] /r
[8/2/2019 22:58:47] /r
[8/2/2019 22:58:48] /r
[8/2/2019 22:58:48] /r
[8/2/2019 22:58:48] /r
[8/2/2019 22:58:48] /r
[8/2/2019 22:58:48] /r
[8/2/2019 22:58:48] /r
[8/2/2019 22:58:48] /r
[8/2/2019 22:58:48] /r
[8/2/2019 22:58:48] /r
[8/2/2019 22:58:48] /r
[8/2/2019 22:58:48] /r
[8/2/2019 22:58:48] /r
[8/2/2019 22:58:48] /r
[8/2/2019 22:58:48] /r
[8/2/2019 22:58:48] /r
[8/2/2019 22:58:48] /r
[8/2/2019 22:58:48] /r
[8/2/2019 22:58:48] /r
[8/2/2019 22:58:48] /r
[8/2/2019 22:58:48] /r
[8/2/2019 22:58:48] /r
[8/2/2019 22:58:48] /r
[8/2/2019 22:59:1] /i 1515
[8/2/2019 22:59:2] /i 1515
[8/2/2019 22:59:3] /i 1515
[8/2/2019 22:59:3] /i 1515
[8/2/2019 22:59:5] /i 1515
[8/2/2019 22:59:5] /i 1515
[8/2/2019 22:59:26] /b this guy has been botting for few hours with gfb and fishing XD
[8/2/2019 22:59:35] /b all runes under him ;( RIP
[8/2/2019 22:59:39] /goto maxmen
[8/2/2019 23:0:21] /goto killua
[8/2/2019 23:0:40] /b in thais depo u have door to djinns if you have golden account then you can use it
[8/2/2019 23:0:41] /town thais
[8/2/2019 23:0:42] /c killua
[8/2/2019 23:0:45] /c killua
[8/2/2019 23:0:45] /c killua
[8/2/2019 23:0:46] /c killua
[8/2/2019 23:0:46] /c killua
[8/2/2019 23:0:47] /c killua
[8/2/2019 23:0:48] /c killua
[8/2/2019 23:0:48] /c killua
[8/2/2019 23:0:49] /c killua
[8/2/2019 23:1:5] /goto rhara
[8/2/2019 23:1:25] /c rhara
[8/2/2019 23:1:26] /m troll
[8/2/2019 23:1:27] /m troll
[8/2/2019 23:1:31] /r
[8/2/2019 23:1:32] /r
[8/2/2019 23:1:33] /m rat
[8/2/2019 23:1:33] /m rat
[8/2/2019 23:2:11] /goto killua
[8/2/2019 23:2:15] /goto povix
[8/2/2019 23:2:17] /goto liderus
[8/2/2019 23:2:47] /m bat
[8/2/2019 23:2:47] /m bat
[8/2/2019 23:2:48] /m bat
[8/2/2019 23:2:52] /m bat
[8/2/2019 23:3:1] /goto skruffen
[8/2/2019 23:3:20] /i outfit doll
[8/2/2019 23:3:39] /goto neutro
[8/2/2019 23:3:42] /m rotworm
[8/2/2019 23:3:47] /m rotworm
[8/2/2019 23:3:48] /m rotworm
[8/2/2019 23:3:49] /m rotworm
[8/2/2019 23:3:50] /m rotworm
[8/2/2019 23:3:51] /m rotworm
[8/2/2019 23:3:51] /m rotworm
[8/2/2019 23:3:55] /m rotworm
[8/2/2019 23:3:56] /m rotworm
[8/2/2019 23:4:0] /goto bedurek
[8/2/2019 23:4:2] /goto cuquis
[8/2/2019 23:4:5] /goto lunatica
[8/2/2019 23:4:8] /goto lunatica
[8/2/2019 23:4:11] /goto nathu
[8/2/2019 23:4:12] /goto liderus
[8/2/2019 23:4:15] /goto lunatica
[8/2/2019 23:4:16] /goto lunatica
[8/2/2019 23:4:20] /goto sephireo
[8/2/2019 23:4:22] /goto sephiro
[8/2/2019 23:4:26] /goto war teox
[8/2/2019 23:6:8] /b promotion is for all
[8/2/2019 23:6:19] /b promotion 10k
[8/2/2019 23:6:20] /goto liderus
[8/2/2019 23:8:12] /goto bedurek
[8/2/2019 23:8:21] /r
[8/2/2019 23:8:31] /town thais
[8/2/2019 23:8:34] /goto bedurek
[8/2/2019 23:8:36] /n quentin
[8/2/2019 23:8:43] /goto war teox
[8/2/2019 23:8:56] /goto bedurek
[8/2/2019 23:9:2] /goto war teox
[8/2/2019 23:10:1] /b our server feature Trade-Paypal chat where u can trade world to world - ots  to ots no rules just trade what you want.
[8/2/2019 23:10:9] /b its under Help
[8/2/2019 23:10:19] /goto skruffen
[8/2/2019 23:10:31] /goto war teox
[8/2/2019 23:12:58] /goto neutro
[8/2/2019 23:13:5] /c neutro
[8/2/2019 23:13:8] /c neutro
[8/2/2019 23:13:25] /b bank can be used in DEPO !balance !deposit !withdraw !transfer name,amount or amount,name not sure either will work
[8/2/2019 23:13:47] /b never mind you dont need to be in depo just not have fight ticks
[8/2/2019 23:14:49] /goto war teox
[8/2/2019 23:16:7] /goto skruffen
[8/2/2019 23:16:20] /o 330
[8/2/2019 23:16:23] /o 329
[8/2/2019 23:16:27] /o 138
[8/2/2019 23:16:43] /i platinum coin
[8/2/2019 23:18:49] /r
[8/2/2019 23:18:50] /r
[8/2/2019 23:18:58] /town carlin
[8/2/2019 23:19:0] /down
[8/2/2019 23:19:4] /m rotworm
[8/2/2019 23:19:5] /m rotworm
[8/2/2019 23:19:5] /m rotworm
[8/2/2019 23:19:5] /m rotworm
[8/2/2019 23:19:6] /m rotworm
[8/2/2019 23:19:6] /m rotworm
[8/2/2019 23:19:6] /m rotworm
[8/2/2019 23:19:7] /m rotworm
[8/2/2019 23:19:7] /m rotworm
[8/2/2019 23:19:7] /m rotworm
[8/2/2019 23:19:7] /m rotworm
[8/2/2019 23:19:8] /m rotworm
[8/2/2019 23:19:8] /m rotworm
[8/2/2019 23:19:8] /m rotworm
[8/2/2019 23:19:8] /m rotworm
[8/2/2019 23:19:9] /m rotworm
[8/2/2019 23:19:9] /m rotworm
[8/2/2019 23:19:9] /m rotworm
[8/2/2019 23:19:9] /m rotworm
[8/2/2019 23:19:10] /m rotworm
[8/2/2019 23:19:11] /m rotworm
[8/2/2019 23:19:11] /m rotworm
[8/2/2019 23:19:14] /m rotworm
[8/2/2019 23:19:15] /m rotworm
[8/2/2019 23:19:15] /m rotworm
[8/2/2019 23:19:15] /m rotworm
[8/2/2019 23:19:15] /m rotworm
[8/2/2019 23:19:16] /m rotworm
[8/2/2019 23:19:16] /m rotworm
[8/2/2019 23:19:16] /m rotworm
[8/2/2019 23:19:17] /m rotworm
[8/2/2019 23:19:17] /m rotworm
[8/2/2019 23:19:17] /m rotworm
[8/2/2019 23:19:17] /m rotworm
[8/2/2019 23:19:18] /m rotworm
[8/2/2019 23:19:18] /m rotworm
[8/2/2019 23:19:21] /m rotworm
[8/2/2019 23:19:21] /m rotworm
[8/2/2019 23:19:21] /m rotworm
[8/2/2019 23:19:22] /m rotworm
[8/2/2019 23:19:22] /m rotworm
[8/2/2019 23:19:22] /m rotworm
[8/2/2019 23:19:22] /m rotworm
[8/2/2019 23:19:23] /m rotworm
[8/2/2019 23:19:23] /m rotworm
[8/2/2019 23:19:23] /m rotworm
[8/2/2019 23:19:23] /m rotworm
[8/2/2019 23:19:23] /m rotworm
[8/2/2019 23:19:24] /m rotworm
[8/2/2019 23:19:24] /m rotworm
[8/2/2019 23:19:25] /m rotworm
[8/2/2019 23:19:25] /m rotworm
[8/2/2019 23:19:25] /m rotworm
[8/2/2019 23:19:26] /m rotworm
[8/2/2019 23:24:2] /goto killua
[8/2/2019 23:24:3] /goto zantyk
[8/2/2019 23:24:4] /goto maxmen
[8/2/2019 23:24:6] /goto terry
[8/2/2019 23:24:13] /goto povix
[8/2/2019 23:24:15] /goto nathu
[8/2/2019 23:24:37] /mc
[8/2/2019 23:24:52] /b oh boy we have another cheater
[8/2/2019 23:25:31] /owner GM Wodzirej
[8/2/2019 23:25:35] /town thais
[8/2/2019 23:25:47] /b 22:25 You have taken the action "Banishment" against: nathu (Warnings: 1), with reason: "using unofficial software to play", and comment: "BOTTING".
[8/2/2019 23:26:7] /reload config
[8/2/2019 23:26:14] /b bans were not broadcasting you can seee ban list on website
[8/2/2019 23:26:55] /goto povix
[8/2/2019 23:27:40] /town thais
[8/2/2019 23:27:42] /down
[8/2/2019 23:27:45] /m rotworm
[8/2/2019 23:27:45] /m rotworm
[8/2/2019 23:27:45] /m rotworm
[8/2/2019 23:27:45] /m rotworm
[8/2/2019 23:27:45] /m rotworm
[8/2/2019 23:27:45] /m rotworm
[8/2/2019 23:27:46] /m rotworm
[8/2/2019 23:27:46] /m rotworm
[8/2/2019 23:27:49] /a 4
[8/2/2019 23:27:50] /m rotworm
[8/2/2019 23:27:50] /m rotworm
[8/2/2019 23:27:50] /m rotworm
[8/2/2019 23:27:50] /m rotworm
[8/2/2019 23:27:52] /a 4
[8/2/2019 23:27:52] /a 4
[8/2/2019 23:27:52] /a 4
[8/2/2019 23:27:53] /m rotworm
[8/2/2019 23:27:53] /m rotworm
[8/2/2019 23:27:53] /m rotworm
[8/2/2019 23:27:53] /m rotworm
[8/2/2019 23:27:53] /m rotworm
[8/2/2019 23:27:54] /m rotworm
[8/2/2019 23:27:54] /m rotworm
[8/2/2019 23:27:54] /m rotworm
[8/2/2019 23:27:55] /a 4
[8/2/2019 23:27:55] /a 4
[8/2/2019 23:27:56] /a 4
[8/2/2019 23:28:35] /a 4
[8/2/2019 23:28:36] /a 4
[8/2/2019 23:28:37] /m rotworm
[8/2/2019 23:28:37] /m rotworm
[8/2/2019 23:28:39] /a 2
[8/2/2019 23:28:40] /m rotworm
[8/2/2019 23:28:40] /m rotworm
[8/2/2019 23:28:40] /m rotworm
[8/2/2019 23:28:42] /m rotworm
[8/2/2019 23:28:42] /m rotworm
[8/2/2019 23:28:43] /m rotworm
[8/2/2019 23:28:44] /a 2
[8/2/2019 23:28:44] /m rotworm
[8/2/2019 23:28:45] /m rotworm
[8/2/2019 23:28:45] /m rotworm
[8/2/2019 23:28:45] /m rotworm
[8/2/2019 23:28:47] /a 20
[8/2/2019 23:28:48] /m rotworm
[8/2/2019 23:28:50] /a 4
[8/2/2019 23:28:51] /m rotworm
[8/2/2019 23:28:51] /m rotworm
[8/2/2019 23:28:52] /a 4
[8/2/2019 23:28:52] /m rotworm
[8/2/2019 23:28:52] /m rotworm
[8/2/2019 23:28:53] /a 4
[8/2/2019 23:28:53] /m rotworm
[8/2/2019 23:28:53] /m rotworm
[8/2/2019 23:28:53] /m rotworm
[8/2/2019 23:30:0] /t
[8/2/2019 23:32:50] /town thais
[8/2/2019 23:32:59] /m rotworm
[8/2/2019 23:32:59] /m rotworm
[8/2/2019 23:32:59] /m rotworm
[8/2/2019 23:33:0] /m rotworm
[8/2/2019 23:33:1] /m rotworm
[8/2/2019 23:33:1] /m rotworm
[8/2/2019 23:33:2] /m rotworm
[8/2/2019 23:33:2] /m rotworm
[8/2/2019 23:33:2] /m rotworm
[8/2/2019 23:33:4] /m rotworm
[8/2/2019 23:33:4] /m rotworm
[8/2/2019 23:33:4] /m rotworm
[8/2/2019 23:33:5] /m rotworm
[8/2/2019 23:33:5] /m rotworm
[8/2/2019 23:33:6] /m rotworm
[8/2/2019 23:33:6] /m rotworm
[8/2/2019 23:33:7] /t
[8/2/2019 23:39:5] /raid scarabs
[8/2/2019 23:52:38] /goto bedurek
[8/2/2019 23:52:54] /goto killua
[8/2/2019 23:52:55] /c bedurek
[8/2/2019 23:52:57] /c bedurek
[8/2/2019 23:52:59] /r
[9/2/2019 0:21:31] /goto povix
[9/2/2019 0:21:34] /goto povix
[9/2/2019 0:25:50] /raid snakez
[9/2/2019 0:29:4] /b i scheduled update for tomorrow where there will be goroma added with few spawns including medusa / nightmares / and some other creatures
[9/2/2019 0:34:55] /b you can use few mcs in game even on 1 accounts just dont full AFK
[9/2/2019 0:35:12] /b for example training 2 chars on 1 account is available but do not use macro for it.
[9/2/2019 0:40:3] /goto feos
[9/2/2019 0:40:6] /a 2
[9/2/2019 0:55:12] /reload config
[9/2/2019 0:55:14] /town thais
[9/2/2019 0:55:16] /goto bedurek
[9/2/2019 0:56:26] /town 14
[9/2/2019 0:56:28] /c bedurek
[9/2/2019 0:56:38] /c bedurek
[9/2/2019 0:56:40] /c bedurek
[9/2/2019 0:57:15] /i 4011
[9/2/2019 0:57:16] /i 4011
[9/2/2019 0:57:18] /r
[9/2/2019 0:58:31] /i arrow
[9/2/2019 0:58:32] /i arrow
[9/2/2019 0:58:52] /r
[9/2/2019 0:58:55] /i composite hornbow
[9/2/2019 1:1:9] /goto feos
[9/2/2019 1:1:11] /i coal basin
[9/2/2019 1:1:14] /i coal basin
[9/2/2019 1:1:16] /i coal basin
[9/2/2019 1:1:17] /goto bedurek
[9/2/2019 1:1:36] /i power bolt
[9/2/2019 1:2:8] /i 5538
[9/2/2019 1:2:9] /r
[9/2/2019 1:2:16] /i composite hornbow
[9/2/2019 1:2:18] /r
[9/2/2019 1:2:27] /reload weapons
[9/2/2019 1:2:53] /i 1998
[9/2/2019 1:4:19] /r
[9/2/2019 1:4:46] /reload config
[9/2/2019 1:5:22] /reload config
[9/2/2019 1:15:30] /reload monsters
[9/2/2019 1:17:35] /ghost
[9/2/2019 1:17:36] /goto bedurek
[9/2/2019 1:17:39] /a 5
[9/2/2019 1:31:29] /t
[9/2/2019 1:31:33] /goto terry
[9/2/2019 1:31:36] /goto zantyk
[9/2/2019 1:31:39] /goto valkirya
[9/2/2019 1:31:42] /goto skruffen
[9/2/2019 1:31:45] /goto feos
[9/2/2019 1:31:48] /goto rokte sokka
[9/2/2019 1:31:51] /goto julian baggini
[9/2/2019 1:31:55] /goto lunatica
[9/2/2019 1:31:57] /goto cuquis
[9/2/2019 1:41:4] /reload config
[9/2/2019 1:42:58] /reload config
[9/2/2019 1:43:0] /reload monsters
[9/2/2019 1:43:52] /reload monsters
[9/2/2019 1:44:50] /reload monsters
[9/2/2019 1:47:58] /town thais
[9/2/2019 1:48:4] /owner Nobody
[9/2/2019 1:50:29] /town darashia
[9/2/2019 1:50:46] /owner Feos
[9/2/2019 3:35:8] /goto toskafa ek
[9/2/2019 3:35:11] /ghost
[9/2/2019 3:35:18] /goto lunatica
[9/2/2019 3:35:28] /goto bedurek
[9/2/2019 3:35:37] /goto neutro
[9/2/2019 3:35:46] /goto julian baggini
[9/2/2019 3:36:22] /goto megapower
[9/2/2019 3:36:27] /a 2
[9/2/2019 3:37:3] /goto n
[9/2/2019 3:37:7] /goto bedurek
[9/2/2019 3:38:40] /m hero
[9/2/2019 3:38:53] /r
[9/2/2019 3:38:56] /r
[9/2/2019 3:39:11] /m hero
[9/2/2019 3:39:23] /r
[9/2/2019 3:39:24] /r
[9/2/2019 3:39:28] /r
[9/2/2019 3:39:29] /m hero
[9/2/2019 3:39:53] /r
[9/2/2019 3:39:54] /r
[9/2/2019 3:39:58] /m hero
[9/2/2019 3:40:19] /r
[9/2/2019 3:41:7] /i assassin star
[9/2/2019 3:42:20] /reload spells
[9/2/2019 3:43:13] /m lizard chosen
[9/2/2019 3:44:18] /m monk
[9/2/2019 3:44:39] /m training monk
[9/2/2019 3:44:41] /m xd
[9/2/2019 3:44:44] /m trainer
[9/2/2019 3:44:48] /s ferumbras
[9/2/2019 3:47:10] /t
[9/2/2019 3:47:12] /goto deburek
[9/2/2019 3:47:15] /goto bedurek
[9/2/2019 3:47:17] /goto megapower
[9/2/2019 3:47:28] /goto bedurek
[9/2/2019 3:50:36] /goto bedurek
[9/2/2019 3:50:39] /goto uhaheh
[9/2/2019 3:50:52] /b all players that got banned got their chars removed so they do not show on banned list
[9/2/2019 3:51:1] /b "deleted"
[9/2/2019 3:51:37] /goto toska~
[9/2/2019 3:51:45] /i dwarven armor
[9/2/2019 3:51:49] /i dwarven legs
[9/2/2019 3:51:52] /i dwarven helmet
[9/2/2019 3:51:56] /i dwarven boots
[9/2/2019 3:51:58] /up
[9/2/2019 3:51:59] /up
[9/2/2019 3:52:0] /up
[9/2/2019 3:52:1] /up
[9/2/2019 3:52:2] /up
[9/2/2019 3:52:4] /up
[9/2/2019 3:52:4] /up
[9/2/2019 3:52:6] /up
[9/2/2019 3:52:7] /up
[9/2/2019 3:52:8] /up
[9/2/2019 3:52:25] /up
[9/2/2019 3:52:32] /t
[9/2/2019 10:55:12] /town 12
[9/2/2019 11:11:31] /goto feos
[9/2/2019 11:11:33] /r
[9/2/2019 11:11:34] /r
[9/2/2019 11:11:36] /n grizzly adams
[9/2/2019 11:11:40] /n grizzly adams
[9/2/2019 11:23:7] /reload monsters
[9/2/2019 11:23:16] /goto fjol
[9/2/2019 11:23:20] /t
[9/2/2019 11:24:17] /raid snakez
[9/2/2019 11:24:17] /town 12
[9/2/2019 11:27:25] /goto feos
[9/2/2019 11:27:40] /save
[9/2/2019 11:27:43] /reload npcs
[9/2/2019 11:27:54] /t
[9/2/2019 11:34:25] /reload monsters
[9/2/2019 11:57:44] /i 5781
[9/2/2019 11:57:47] /i 5780
[9/2/2019 11:57:58] /i 578/i 5879
[9/2/2019 11:58:1] /i 5879
[9/2/2019 11:58:5] /i 5880
[9/2/2019 11:58:6] /i 5881
[9/2/2019 11:58:7] /i 5882
[9/2/2019 11:58:40] /reload monsters
[9/2/2019 12:17:42] /goto skruffen
[9/2/2019 12:17:45] /goto rokte~
[9/2/2019 12:17:48] /goto slaktarn
[9/2/2019 12:23:32] /t
[9/2/2019 12:53:51] /town 12
[9/2/2019 12:53:56] /goto bedurek
[9/2/2019 12:54:7] /goto slaktarn
[9/2/2019 12:55:31] /i soul orb
[9/2/2019 12:56:11] /r
[9/2/2019 12:56:11] /r
[9/2/2019 12:56:49] /s lizard chosen
[9/2/2019 12:56:53] /s lizard dragon priest
[9/2/2019 12:56:56] /s lizard high guard
[9/2/2019 12:57:9] /s morgaroth
[9/2/2019 12:57:55] /r
[9/2/2019 12:57:55] /r
[9/2/2019 12:57:56] /r
[9/2/2019 12:57:56] /r
[9/2/2019 12:59:11] /t
[9/2/2019 12:59:12] /town 12
[9/2/2019 14:51:0] /goto henex
[9/2/2019 14:51:2] /goto genex
[9/2/2019 14:51:39] /goto bedurek
[9/2/2019 14:51:50] /goto maxmen
[9/2/2019 14:51:57] /goto skruffen
[9/2/2019 14:53:18] /town 12
[9/2/2019 16:24:53] /s quara pincher
[9/2/2019 16:24:58] /s quara pincher scout
[9/2/2019 16:25:1] /s quara predator
[9/2/2019 16:41:31] /b gameworld is undergoing an update server will shutdown in 10 minutes find a safe spot to logout ( it will take approximately 2 minutes
[9/2/2019 16:43:14] /goto skruffen
[9/2/2019 16:43:17] /goto rokte sokka
[9/2/2019 16:43:24] /goto genex
[9/2/2019 16:43:29] /goto valkirya
[9/2/2019 16:43:32] /goto bedurekk
[9/2/2019 16:43:35] /goto bedurek
[9/2/2019 16:43:37] /goto bedurekk
[9/2/2019 16:46:22] /b server restarting soon.
[9/2/2019 16:46:46] /goto makaking thonr
[9/2/2019 16:46:47] /goto makaking thorne
[9/2/2019 16:47:23] /o 333
[9/2/2019 16:47:31] /b global save
[9/2/2019 16:47:33] /save
[9/2/2019 16:47:35] /b restart
[9/2/2019 16:48:26] /openserver
[9/2/2019 16:49:19] /goto 32244,33551,7
[9/2/2019 16:49:29] /n captain fearless
[9/2/2019 16:49:37] /cliport
[9/2/2019 16:49:37] /cliport
[9/2/2019 16:50:41] /down
[9/2/2019 16:50:44] /up
[9/2/2019 16:50:48] /down
[9/2/2019 16:50:49] /up
[9/2/2019 16:50:50] /i hole
[9/2/2019 16:51:17] /goto rokte~
[9/2/2019 16:51:27] /goto 32244,33551,7
[9/2/2019 16:53:31] /up
[9/2/2019 16:53:32] /up
[9/2/2019 16:53:48] /down
[9/2/2019 16:53:50] /up
[9/2/2019 16:53:53] /r
[9/2/2019 16:53:55] /i hole
[9/2/2019 16:56:30] /up
[9/2/2019 16:56:39] /up
[9/2/2019 16:56:40] /up
[9/2/2019 16:57:7] /down
[9/2/2019 16:57:43] /goto 32244,33551,7
[9/2/2019 16:58:13] /pos
[9/2/2019 16:59:31] /goto captain bluebear
[9/2/2019 16:59:32] /reload npcs
[9/2/2019 16:59:45] /b goroma is now available as boat fromt hais
[9/2/2019 16:59:58] /goto bedurek
[9/2/2019 17:0:31] /up 4
[9/2/2019 17:0:36] /a 4
[9/2/2019 17:0:45] /light
[9/2/2019 17:1:46] /goto bedurek
[9/2/2019 17:16:29] /m medusa
[9/2/2019 17:17:14] /a 25
[9/2/2019 17:17:15] /a 25
[9/2/2019 17:17:42] /goto captain fearless
[9/2/2019 17:18:59] /goto medusa
[9/2/2019 17:19:2] /goto bedurek
[9/2/2019 17:19:28] /reload monsters
[9/2/2019 17:19:48] /reload monsters
[9/2/2019 17:20:15] /town 12
[9/2/2019 17:20:18] /raid snakez
[9/2/2019 17:37:11] /n the oracle
[9/2/2019 17:37:14] /n the oracle
[9/2/2019 17:37:16] /n the oracle
[9/2/2019 17:37:23] /raid snakez
[9/2/2019 17:37:27] /n the oracle
[9/2/2019 19:31:48] /reload monsters
[9/2/2019 19:31:50] /goto bedurek
[9/2/2019 19:31:53] /goto genex
[9/2/2019 19:32:1] /goto lord!
[9/2/2019 19:32:5] /goto lord~
[9/2/2019 19:32:31] /ghost
[9/2/2019 19:32:35] /goto rokte~
[9/2/2019 19:32:37] /goto slaktarn~
[9/2/2019 19:32:39] /goto najv~
[9/2/2019 19:32:44] /goto sir~
[9/2/2019 19:32:46] /goto julian~
[9/2/2019 19:32:49] /goto nie~
[9/2/2019 19:32:55] /goto kvaarg
[9/2/2019 19:32:58] /goto kalumga
[9/2/2019 19:33:1] /goto sir~
[9/2/2019 20:9:55] /goto bedurek
[9/2/2019 20:9:56] /goto genex
[9/2/2019 20:9:58] /goto rokte~
[9/2/2019 20:10:0] /goto slak~
[9/2/2019 20:10:1] /goto najv
[9/2/2019 20:10:5] /goto szejku~
[9/2/2019 20:10:10] /goto kalumga
[9/2/2019 20:10:13] /goto uhaheh
[9/2/2019 20:10:18] /goto julian~
[9/2/2019 20:10:23] /goto julia
[9/2/2019 20:10:24] /goto julia
[9/2/2019 20:10:36] /ghost
[9/2/2019 20:10:44] /goto nied~
[9/2/2019 20:10:45] /goto killua
[9/2/2019 20:25:12] /reload monsters
[9/2/2019 20:27:25] /ghost
[9/2/2019 20:27:26] /ghost
[9/2/2019 20:29:7] /n xodet
[9/2/2019 20:29:12] /r
[9/2/2019 20:30:15] /kick feos
[9/2/2019 20:30:26] /kick feos
[9/2/2019 20:30:29] /kick feos
[9/2/2019 20:30:42] /kick feos
[9/2/2019 20:31:2] /ghost
[9/2/2019 20:31:4] /goto feos
[9/2/2019 20:31:21] /r
[9/2/2019 20:31:25] /r
[9/2/2019 20:31:26] /r
[9/2/2019 20:31:27] /r
[9/2/2019 20:31:30] /r
[9/2/2019 20:31:31] /r
[9/2/2019 20:31:31] /r
[9/2/2019 20:31:32] /r
[9/2/2019 20:31:32] /r
[9/2/2019 20:31:36] /i 1798
[9/2/2019 20:31:37] /i 1798
[9/2/2019 20:31:38] /i 1798
[9/2/2019 20:31:40] /r
[9/2/2019 20:31:47] /r
[9/2/2019 20:31:48] /r
[9/2/2019 20:31:48] /r
[9/2/2019 20:31:49] /r
[9/2/2019 20:31:50] /r
[9/2/2019 20:31:50] /r
[9/2/2019 20:33:18] /r
[9/2/2019 20:33:19] /r
[9/2/2019 20:33:22] /i 1112
[9/2/2019 20:36:3] /goto julian~
[9/2/2019 20:36:23] /goto feos
[9/2/2019 20:36:27] /goto only pvp
[9/2/2019 20:36:44] /goto qtas
[9/2/2019 20:36:50] /goto skruffen
[9/2/2019 20:36:59] /goto niedwiedino
[9/2/2019 20:37:2] /ghost
[9/2/2019 20:37:37] /m troll
[9/2/2019 20:37:43] /s wyrm
[9/2/2019 20:37:46] /light
[9/2/2019 20:38:1] /s lizard chosen
[9/2/2019 20:38:2] /s grim reaper
[9/2/2019 20:38:6] /s ghastly dragon
[9/2/2019 20:38:12] /s undead dragon
[9/2/2019 20:39:24] /s fury
[9/2/2019 20:39:31] /town thais
[9/2/2019 20:39:34] /ghost
[9/2/2019 20:39:35] /goto rokte~
[9/2/2019 20:40:48] /ghost
[9/2/2019 20:47:15] /b save
[9/2/2019 20:47:16] /save
[9/2/2019 20:53:59] /b fredrik did u get points?
[9/2/2019 20:54:15] /b contact me on game-chat if it didnt add you im trying to fix the script
[9/2/2019 20:55:7] /b it didnt
[9/2/2019 20:55:10] /b whats ur account id
[9/2/2019 20:55:13] /b i mean or
[9/2/2019 20:55:15] /goto kvaarg
[9/2/2019 20:56:13] /goto feos
[9/2/2019 20:56:15] /r
[9/2/2019 20:56:19] /r
[9/2/2019 20:56:21] /n grizzly adams
[9/2/2019 20:59:48] /i golden account scroll
[9/2/2019 20:59:49] /goto feos
[9/2/2019 20:59:56] /i scroll of golden account
[9/2/2019 21:1:22] /b if anyone can find house Feos owns tell me on game-chat and i will reward you with 10 premium points
[9/2/2019 21:23:52] /b !task list , !color is 2 commands that are widely available !pogchamp and !here is for golden accounts only
[9/2/2019 21:24:2] /b also golden accounts have access to !aol
[9/2/2019 21:24:14] /b !tools should also work for not golden acc 
[9/2/2019 21:58:10] /i scroll of rashid
[9/2/2019 23:7:51] /reload config
[9/2/2019 23:7:52] /reload monsters
[9/2/2019 23:27:34] /goto foes
[9/2/2019 23:27:36] /goto jordi~
[9/2/2019 23:27:38] /m rat
[9/2/2019 23:27:45] /m rat
[9/2/2019 23:27:49] /m rat
[10/2/2019 0:31:42] /ghost
[10/2/2019 0:31:45] /goto bed~
[10/2/2019 0:31:52] /light
[10/2/2019 0:31:59] /a 5
[10/2/2019 0:32:0] /a 5
[10/2/2019 0:32:0] /a 5
[10/2/2019 0:32:0] /a 5
[10/2/2019 0:32:0] /a 5
[10/2/2019 0:32:0] /a 5
[10/2/2019 0:32:0] /a 5
[10/2/2019 0:32:0] /a 5
[10/2/2019 0:32:1] /a 5
[10/2/2019 0:32:1] /a 5
[10/2/2019 0:32:1] /a 5
[10/2/2019 0:32:1] /a 5
[10/2/2019 0:32:2] /a 5
[10/2/2019 0:32:2] /a 5
[10/2/2019 0:32:4] /up
[10/2/2019 0:32:5] /a 5
[10/2/2019 0:32:7] /up
[10/2/2019 0:32:8] /up
[10/2/2019 0:32:8] /a 5
[10/2/2019 0:33:41] /goto feos
[10/2/2019 0:33:45] /a 5
[10/2/2019 0:33:46] /a 5
[10/2/2019 0:33:46] /a 5
[10/2/2019 0:33:46] /a 5
[10/2/2019 0:33:46] /a 5
[10/2/2019 0:33:47] /a 5
[10/2/2019 0:33:47] /a 5
[10/2/2019 0:33:47] /a 5
[10/2/2019 0:33:48] /a 5
[10/2/2019 0:33:48] /a 5
[10/2/2019 0:33:48] /a 5
[10/2/2019 0:33:49] /a 5
[10/2/2019 0:36:23] /save
[10/2/2019 0:36:30] /b server save
[10/2/2019 0:41:31] /goto bed~
[10/2/2019 0:42:4] /c bed
[10/2/2019 0:42:6] /ghost
[10/2/2019 0:42:8] /c bed~
[10/2/2019 0:56:52] /b gameworld is undergoing an update find safe spot to logout (it will take 1 minute to bring it back once its off)
[10/2/2019 0:56:55] /b global save
[10/2/2019 0:56:56] /save
[10/2/2019 0:58:19] /goto szejku~
[10/2/2019 0:58:22] /goto uhaheh
[10/2/2019 0:58:24] /goto tosk~
[10/2/2019 0:58:29] /goto bedu~
[10/2/2019 0:58:31] /goto mah~
[10/2/2019 0:58:32] /goto morris
[10/2/2019 0:58:34] /goto memento
[10/2/2019 0:58:51] /b RELAOD
[10/2/2019 0:58:53] /save
[10/2/2019 0:59:40] /openserver
[10/2/2019 0:59:41] /i small stone
[10/2/2019 1:1:34] /openserver
[10/2/2019 1:1:36] /i small stone
[10/2/2019 4:24:24] /reload monsters
[10/2/2019 4:24:30] /r
[10/2/2019 4:24:31] /r
[10/2/2019 4:24:35] /goto lunatica
[10/2/2019 4:24:39] /ghost
[10/2/2019 4:24:40] /ghost
[10/2/2019 4:24:43] /goto toskafa~
[10/2/2019 4:24:47] /goto terry~
[10/2/2019 4:24:51] /mc
[10/2/2019 4:24:55] /r
[10/2/2019 4:24:59] /goto chimu~
[10/2/2019 4:25:1] /goto chimol~
[10/2/2019 4:25:4] /goto uhaheh
[10/2/2019 4:25:5] /r
[10/2/2019 4:25:10] /goto barcix
[10/2/2019 4:26:4] /t
[10/2/2019 4:26:11] /goto szejku~
[10/2/2019 4:29:50] /reload config
[10/2/2019 4:34:54] /goto jordi~
[10/2/2019 4:35:12] /goto jordi~
[10/2/2019 4:35:22] /ghost
[10/2/2019 4:35:23] /goto jordi~
[10/2/2019 4:35:48] /goto jordi~
[10/2/2019 4:51:38] /goto feos
[10/2/2019 4:51:40] /r
[10/2/2019 4:57:18] /down 2
[10/2/2019 4:57:19] /c mah~
[10/2/2019 4:58:54] /t mah~
[10/2/2019 5:7:53] /town 14
[10/2/2019 5:7:56] /c maha~
[10/2/2019 5:14:23] /goto feus
[10/2/2019 5:14:29] /goto feos
[10/2/2019 5:14:34] /i 1515
[10/2/2019 5:14:52] /r
[10/2/2019 5:15:7] /r
[10/2/2019 5:15:12] /i 429
[10/2/2019 5:15:14] /up
[10/2/2019 5:15:15] /up
[10/2/2019 5:15:57] /i 405
[10/2/2019 5:16:0] /i 1049
[10/2/2019 5:16:8] /i 1515
[10/2/2019 5:16:9] /i 1515
[10/2/2019 5:17:1] /c maha~
[10/2/2019 5:24:7] /reload monsters
[10/2/2019 5:53:26] /goto a prisoner
[10/2/2019 5:53:29] /down
[10/2/2019 5:53:30] /t
[10/2/2019 6:15:18] /kick peos
[10/2/2019 6:15:21] /kick feos
[10/2/2019 6:48:40] /goto only pvp
[10/2/2019 6:48:44] /town thais
[10/2/2019 6:59:24] /goto captain bluebear
[10/2/2019 6:59:43] /down
[10/2/2019 6:59:44] /down
[10/2/2019 6:59:46] /down
[10/2/2019 7:0:2] /m necromancer
[10/2/2019 7:0:2] /m necromancer
[10/2/2019 7:0:3] /m necromancer
[10/2/2019 7:0:3] /m necromancer
[10/2/2019 7:0:3] /m necromancer
[10/2/2019 7:0:3] /m necromancer
[10/2/2019 7:0:4] /m necromancer
[10/2/2019 7:0:4] /m necromancer
[10/2/2019 7:0:4] /m necromancer
[10/2/2019 7:0:5] /m necromancer
[10/2/2019 7:0:5] /m necromancer
[10/2/2019 7:0:5] /m necromancer
[10/2/2019 7:0:5] /m necromancer
[10/2/2019 7:0:6] /m necromancer
[10/2/2019 7:0:6] /m necromancer
[10/2/2019 7:0:6] /m necromancer
[10/2/2019 7:0:6] /m necromancer
[10/2/2019 7:0:6] /m necromancer
[10/2/2019 7:0:7] /m necromancer
[10/2/2019 7:0:7] /m necromancer
[10/2/2019 7:0:7] /m necromancer
[10/2/2019 7:0:7] /m necromancer
[10/2/2019 7:0:8] /m necromancer
[10/2/2019 7:0:8] /m necromancer
[10/2/2019 7:0:8] /m necromancer
[10/2/2019 7:0:8] /m necromancer
[10/2/2019 7:0:8] /m necromancer
[10/2/2019 7:0:9] /m necromancer
[10/2/2019 7:0:9] /m necromancer
[10/2/2019 7:0:9] /m necromancer
[10/2/2019 7:0:9] /m necromancer
[10/2/2019 7:0:9] /m necromancer
[10/2/2019 7:0:10] /m necromancer
[10/2/2019 7:0:10] /m necromancer
[10/2/2019 7:0:10] /m necromancer
[10/2/2019 7:0:10] /m necromancer
[10/2/2019 7:0:10] /m necromancer
[10/2/2019 7:0:11] /m necromancer
[10/2/2019 7:0:11] /m necromancer
[10/2/2019 7:0:11] /m necromancer
[10/2/2019 7:0:11] /m necromancer
[10/2/2019 7:0:11] /m necromancer
[10/2/2019 7:0:12] /m necromancer
[10/2/2019 7:0:12] /m necromancer
[10/2/2019 7:0:12] /m necromancer
[10/2/2019 7:0:12] /m necromancer
[10/2/2019 7:0:12] /m necromancer
[10/2/2019 7:0:13] /m necromancer
[10/2/2019 7:0:13] /m necromancer
[10/2/2019 7:0:13] /m necromancer
[10/2/2019 7:0:13] /m necromancer
[10/2/2019 7:0:13] /m necromancer
[10/2/2019 7:0:14] /m necromancer
[10/2/2019 7:0:14] /m necromancer
[10/2/2019 7:0:14] /m necromancer
[10/2/2019 7:0:14] /m necromancer
[10/2/2019 7:0:14] /m necromancer
[10/2/2019 7:0:15] /m necromancer
[10/2/2019 7:0:15] /m necromancer
[10/2/2019 7:0:15] /m necromancer
[10/2/2019 7:0:15] /m necromancer
[10/2/2019 7:0:15] /m necromancer
[10/2/2019 7:0:16] /m necromancer
[10/2/2019 7:0:16] /m necromancer
[10/2/2019 7:0:16] /m necromancer
[10/2/2019 7:0:16] /m necromancer
[10/2/2019 7:0:16] /m necromancer
[10/2/2019 7:0:17] /m necromancer
[10/2/2019 7:0:17] /m necromancer
[10/2/2019 7:0:17] /m necromancer
[10/2/2019 7:0:17] /m necromancer
[10/2/2019 7:0:18] /m necromancer
[10/2/2019 7:0:18] /m necromancer
[10/2/2019 7:0:18] /m necromancer
[10/2/2019 7:0:18] /m necromancer
[10/2/2019 7:0:18] /m necromancer
[10/2/2019 7:0:18] /m necromancer
[10/2/2019 7:0:19] /m necromancer
[10/2/2019 7:0:19] /m necromancer
[10/2/2019 7:0:19] /m necromancer
[10/2/2019 7:0:19] /m necromancer
[10/2/2019 7:0:19] /m necromancer
[10/2/2019 7:0:20] /m necromancer
[10/2/2019 7:0:20] /m necromancer
[10/2/2019 7:0:20] /m necromancer
[10/2/2019 7:0:20] /m necromancer
[10/2/2019 7:0:20] /m necromancer
[10/2/2019 7:0:21] /m necromancer
[10/2/2019 7:0:21] /m necromancer
[10/2/2019 7:0:21] /m necromancer
[10/2/2019 7:0:21] /m necromancer
[10/2/2019 7:0:21] /m necromancer
[10/2/2019 7:0:22] /m necromancer
[10/2/2019 7:0:22] /m necromancer
[10/2/2019 7:0:22] /m necromancer
[10/2/2019 7:0:22] /m necromancer
[10/2/2019 7:0:22] /m necromancer
[10/2/2019 7:0:23] /m necromancer
[10/2/2019 7:0:23] /m necromancer
[10/2/2019 7:0:23] /m necromancer
[10/2/2019 7:0:23] /m necromancer
[10/2/2019 7:0:24] /m necromancer
[10/2/2019 7:0:24] /m necromancer
[10/2/2019 7:0:24] /m necromancer
[10/2/2019 7:0:24] /m necromancer
[10/2/2019 7:0:24] /m necromancer
[10/2/2019 7:0:25] /m necromancer
[10/2/2019 7:0:25] /m necromancer
[10/2/2019 7:0:25] /m necromancer
[10/2/2019 7:0:25] /m necromancer
[10/2/2019 7:0:25] /m necromancer
[10/2/2019 7:0:26] /m necromancer
[10/2/2019 7:0:26] /m necromancer
[10/2/2019 7:0:26] /m necromancer
[10/2/2019 7:0:26] /m necromancer
[10/2/2019 7:0:26] /m necromancer
[10/2/2019 7:0:27] /m necromancer
[10/2/2019 7:0:27] /m necromancer
[10/2/2019 7:0:27] /m necromancer
[10/2/2019 7:0:28] /m necromancer
[10/2/2019 7:0:28] /m necromancer
[10/2/2019 7:0:28] /m necromancer
[10/2/2019 7:0:28] /m necromancer
[10/2/2019 7:0:29] /m necromancer
[10/2/2019 7:0:29] /m necromancer
[10/2/2019 7:0:29] /m necromancer
[10/2/2019 7:0:29] /m necromancer
[10/2/2019 7:0:30] /m necromancer
[10/2/2019 7:0:30] /m necromancer
[10/2/2019 7:0:30] /m necromancer
[10/2/2019 7:0:31] /m necromancer
[10/2/2019 7:0:31] /m necromancer
[10/2/2019 7:0:32] /m necromancer
[10/2/2019 7:0:32] /m necromancer
[10/2/2019 7:0:32] /m necromancer
[10/2/2019 7:0:32] /m necromancer
[10/2/2019 7:0:33] /m necromancer
[10/2/2019 7:0:33] /m necromancer
[10/2/2019 7:0:33] /m necromancer
[10/2/2019 7:0:33] /m necromancer
[10/2/2019 7:0:34] /m necromancer
[10/2/2019 7:0:34] /m necromancer
[10/2/2019 7:0:34] /m necromancer
[10/2/2019 7:0:34] /m necromancer
[10/2/2019 7:0:35] /m necromancer
[10/2/2019 7:0:35] /m necromancer
[10/2/2019 7:0:35] /m necromancer
[10/2/2019 7:0:36] /m necromancer
[10/2/2019 7:0:36] /m necromancer
[10/2/2019 7:0:36] /m necromancer
[10/2/2019 7:0:36] /m necromancer
[10/2/2019 7:0:38] /m necromancer
[10/2/2019 7:0:38] /m necromancer
[10/2/2019 7:0:40] /m necromancer
[10/2/2019 7:0:40] /m necromancer
[10/2/2019 7:0:41] /m necromancer
[10/2/2019 7:0:41] /m necromancer
[10/2/2019 7:0:41] /m necromancer
[10/2/2019 7:0:41] /m necromancer
[10/2/2019 7:0:42] /m necromancer
[10/2/2019 7:0:42] /m necromancer
[10/2/2019 7:0:42] /m necromancer
[10/2/2019 7:0:42] /m necromancer
[10/2/2019 7:0:42] /m necromancer
[10/2/2019 7:0:42] /m necromancer
[10/2/2019 7:0:43] /m necromancer
[10/2/2019 7:0:43] /m necromancer
[10/2/2019 7:0:43] /m necromancer
[10/2/2019 7:0:43] /m necromancer
[10/2/2019 7:0:43] /m necromancer
[10/2/2019 7:0:44] /m necromancer
[10/2/2019 7:0:44] /m necromancer
[10/2/2019 7:0:44] /m necromancer
[10/2/2019 7:0:44] /m necromancer
[10/2/2019 7:0:44] /m necromancer
[10/2/2019 7:0:45] /m necromancer
[10/2/2019 7:0:45] /m necromancer
[10/2/2019 7:0:45] /m necromancer
[10/2/2019 7:0:45] /m necromancer
[10/2/2019 7:0:45] /m necromancer
[10/2/2019 7:0:46] /m necromancer
[10/2/2019 7:0:46] /m necromancer
[10/2/2019 7:0:46] /m necromancer
[10/2/2019 7:0:47] /t
[10/2/2019 7:19:7] /town 12
[10/2/2019 7:19:9] /raid snakez
[10/2/2019 11:55:16] /raid snakez
[10/2/2019 12:8:42] /n the oracle
[10/2/2019 15:1:11] /goto gavin
[10/2/2019 15:1:14] /ghost
[10/2/2019 15:3:22] /i scroll of rashid access
[10/2/2019 15:3:26] /i frozen starlight
[10/2/2019 15:21:27] /goto gavin
[10/2/2019 15:28:19] /town 12
[10/2/2019 15:28:21] /town 11
[10/2/2019 15:28:24] /town 10
[10/2/2019 15:29:6] /i necromantic spellbook
[10/2/2019 15:29:55] /reload npcs
[10/2/2019 15:30:0] /b rashid buys necromantic spellbooks now!
[10/2/2019 15:30:2] /i warlocks spellbook
[10/2/2019 15:30:23] /reload npcs
[10/2/2019 15:30:33] /b rashid buys warcloks spellbook now ( 0.3% chance to drop from warlock!
[10/2/2019 15:36:20] /i arrow
[10/2/2019 15:36:21] /m dragon
[10/2/2019 15:38:44] /b !task nifo
[10/2/2019 15:39:0] /goto skruffen
[10/2/2019 15:44:22] /b global save
[10/2/2019 15:44:23] /save
[10/2/2019 15:44:27] /b server is perparing an update
[10/2/2019 15:44:30] /goto gavin
[10/2/2019 15:44:43] /t
[10/2/2019 15:44:46] /goto gavin
[10/2/2019 15:44:48] /t
[10/2/2019 15:44:53] /goto bedurek
[10/2/2019 15:45:21] /i warlock robe
[10/2/2019 15:45:32] /goto julia
[10/2/2019 15:45:43] /goto rokte~
[10/2/2019 15:47:10] /b server preparing an update will need to resatrt
[10/2/2019 15:47:22] /b adding 3 new maces loot from nightmare,black knight, frost dragons 
[10/2/2019 15:47:25] /b making them sellable
[10/2/2019 15:47:40] /b and changes in items ( skull staff hit with death + new tasks for higher levels )
[10/2/2019 15:47:45] /b RESET
[10/2/2019 15:47:46] /save
[10/2/2019 15:49:12] /openserver
[10/2/2019 15:49:15] /town 10
[10/2/2019 15:49:36] /m dragon
[10/2/2019 15:49:46] /addskill GM Wodzirej,club,25
[10/2/2019 15:49:47] /addskill GM Wodzirej,club,25
[10/2/2019 15:49:50] /addskill GM Wodzirej,club,25
[10/2/2019 15:50:25] /goto czejku~
[10/2/2019 15:50:29] /goto szejku~
[10/2/2019 16:22:41] /ghost
[10/2/2019 16:22:44] /goto kurw~
[10/2/2019 16:23:0] /i rope
[10/2/2019 16:23:8] /n the oracle
[10/2/2019 16:23:15] /n the oracle
[10/2/2019 16:23:17] /n the oracle
[10/2/2019 16:23:19] /n the oracle
[10/2/2019 16:23:20] /n the oracle
[10/2/2019 16:24:39] /goto kur~
[10/2/2019 16:24:45] /goto ozuna
[10/2/2019 16:25:24] /goto bedurek
[10/2/2019 16:26:3] /goto gavin
[10/2/2019 16:26:30] /goto stac~
[10/2/2019 16:26:45] /goto uhozol~
[10/2/2019 16:26:48] /goto specnaZ~
[10/2/2019 16:26:52] /goto feos
[10/2/2019 16:26:53] /goto kvaarg
[10/2/2019 16:27:0] /goto ozuna
[10/2/2019 16:27:8] /goto kurw~
[10/2/2019 16:27:11] /goto morris
[10/2/2019 16:27:22] /goto hans~
[10/2/2019 16:28:2] /ghost
[10/2/2019 16:28:31] /t
[10/2/2019 16:37:38] /openserver
[10/2/2019 16:38:24] /goto bedu~
[10/2/2019 16:38:27] /addskill bedurek,lvl,1
[10/2/2019 16:38:30] /i mastermind shield
[10/2/2019 16:38:36] /i giant sword
[10/2/2019 16:38:39] /i demon shield
[10/2/2019 16:38:43] /goto morris
[10/2/2019 16:38:50] /addskill morris,lvl,6
[10/2/2019 16:38:54] /addskill memento,lvl,4
[10/2/2019 16:39:0] /goto hans~
[10/2/2019 16:39:4] /addskill hans~,lvl,2
[10/2/2019 16:39:7] /goto gavin
[10/2/2019 16:39:12] /addskill gavin,lvl,3
[10/2/2019 16:39:17] /goto julia
[10/2/2019 16:39:22] /b rollback ima set server save
[10/2/2019 16:39:25] /addskill julia,lvl,3
[10/2/2019 16:41:37] /b remember to relogout while in depo to save character in future please. im investigating the crash
[10/2/2019 16:43:57] /b testing
[10/2/2019 16:43:58] /save
[10/2/2019 16:44:2] /reload globalevents
[10/2/2019 16:44:27] /reload globalevents
[10/2/2019 16:44:45] /reload globalevents
[10/2/2019 16:44:56] /reload globalevents
[10/2/2019 16:46:18] /save
[10/2/2019 16:46:20] /reload globalevent
[10/2/2019 16:46:34] /b ok i set auto save every 5min we see if its working
[10/2/2019 16:46:42] /goto szejku~
[10/2/2019 16:46:44] /i crown amor
[10/2/2019 16:46:46] /i crown armor
[10/2/2019 16:46:49] /i crown legs
[10/2/2019 16:46:52] /i crown shield
[10/2/2019 16:46:56] /i crown helmet
[10/2/2019 16:46:59] /i ice flail
[10/2/2019 16:47:31] /goto morris
[10/2/2019 16:48:22] /goto julia
[10/2/2019 16:48:44] /goto hans~
[10/2/2019 16:48:47] /n grizzly adams
[10/2/2019 16:49:15] /t
[10/2/2019 22:51:4] /goto gavin
[10/2/2019 22:51:5] /ghost
[10/2/2019 22:51:7] /ghost
[10/2/2019 22:51:20] /goto swoup
[10/2/2019 22:51:48] /i god flower
[10/2/2019 22:51:51] /i gods flowers
[10/2/2019 22:52:44] /goto morris
[10/2/2019 22:52:54] /o 138
[10/2/2019 22:54:36] /i outfit dol
[10/2/2019 22:54:38] /i outfit doll
[10/2/2019 22:54:39] /i outfit doll
[10/2/2019 22:55:37] /i arbalest
[10/2/2019 22:55:40] /i archer armor
[10/2/2019 22:57:14] /goto morris
[10/2/2019 22:58:9] /goto megapower
[10/2/2019 22:58:13] /a 3
[11/2/2019 19:37:25] /ghost
[11/2/2019 19:37:27] /goto memento
[11/2/2019 19:38:5] /i 2160
[11/2/2019 19:38:20] /goto jordi~
[11/2/2019 19:40:2] /goto jordi~
[11/2/2019 19:41:36] /up
[11/2/2019 19:41:37] /up
[11/2/2019 19:41:41] /goto jordi~
[11/2/2019 19:41:50] /goto jordi~
[11/2/2019 19:41:51] /goto jordi~
[11/2/2019 19:42:2] /a 5
[11/2/2019 19:42:2] /a 5
[11/2/2019 19:42:2] /a 5
[11/2/2019 19:42:2] /a 5
[11/2/2019 19:42:3] /a 5
[11/2/2019 19:42:3] /a 5
[11/2/2019 19:42:3] /a 5
[11/2/2019 19:42:4] /a 5
[11/2/2019 19:42:4] /a 5
[11/2/2019 19:42:4] /a 5
[11/2/2019 19:42:4] /a 5
[11/2/2019 19:42:4] /a 5
[11/2/2019 19:42:4] /a 5
[11/2/2019 19:42:4] /a 5
[11/2/2019 19:42:4] /a 5
[11/2/2019 19:42:5] /a 5
[11/2/2019 19:42:5] /a 5
[11/2/2019 19:42:5] /a 5
[11/2/2019 19:42:5] /a 5
[11/2/2019 19:42:5] /a 5
[11/2/2019 19:42:5] /a 5
[11/2/2019 19:42:6] /a 5
[11/2/2019 19:42:6] /a 5
[11/2/2019 19:42:6] /a 5
[11/2/2019 19:42:6] /a 5
[11/2/2019 19:42:6] /a 5
[11/2/2019 19:42:7] /a 5
[11/2/2019 19:42:7] /a 5
[11/2/2019 19:42:7] /a 5
[11/2/2019 19:42:7] /a 5
[11/2/2019 19:42:8] /a 5
[11/2/2019 19:42:8] /a 5
[11/2/2019 19:42:8] /a 5
[11/2/2019 19:42:8] /a 5
[11/2/2019 19:42:8] /a 5
[11/2/2019 19:42:9] /a 5
[11/2/2019 19:42:9] /a 5
[11/2/2019 19:42:9] /a 5
[11/2/2019 19:42:9] /a 5
[11/2/2019 19:42:9] /a 5
[11/2/2019 19:42:10] /a 5
[11/2/2019 19:42:10] /a 5
[11/2/2019 19:42:10] /a 5
[11/2/2019 19:42:10] /a 5
[11/2/2019 19:42:10] /a 5
[11/2/2019 19:42:11] /a 5
[11/2/2019 19:42:11] /a 5
[11/2/2019 19:42:11] /a 5
[11/2/2019 19:42:11] /a 5
[11/2/2019 19:42:11] /a 5
[11/2/2019 19:42:11] /a 5
[11/2/2019 19:42:12] /a 5
[11/2/2019 19:42:12] /a 5
[11/2/2019 19:42:12] /a 5
[11/2/2019 19:42:12] /a 5
[11/2/2019 19:42:12] /a 5
[11/2/2019 19:42:13] /a 5
[11/2/2019 19:42:13] /a 5
[11/2/2019 19:42:13] /a 5
[11/2/2019 19:42:13] /a 5
[11/2/2019 19:42:13] /a 5
[11/2/2019 19:42:14] /a 5
[11/2/2019 19:42:14] /a 5
[11/2/2019 19:42:14] /a 5
[11/2/2019 19:42:14] /a 5
[11/2/2019 19:42:15] /a 5
[11/2/2019 19:42:15] /a 5
[11/2/2019 19:42:15] /a 5
[11/2/2019 19:42:15] /a 5
[11/2/2019 19:42:15] /a 5
[11/2/2019 19:42:15] /a 5
[11/2/2019 19:42:15] /a 5
[11/2/2019 19:42:16] /a 5
[11/2/2019 19:42:16] /a 5
[11/2/2019 19:42:16] /a 5
[11/2/2019 19:42:16] /a 5
[11/2/2019 19:42:16] /a 5
[11/2/2019 19:42:16] /a 5
[11/2/2019 19:42:16] /a 5
[11/2/2019 19:42:16] /a 5
[11/2/2019 19:42:16] /a 5
[11/2/2019 19:42:16] /a 5
[11/2/2019 19:42:16] /a 5
[11/2/2019 19:42:16] /a 5
[11/2/2019 19:42:17] /a 5
[11/2/2019 19:42:17] /a 5
[11/2/2019 19:42:17] /a 5
[11/2/2019 19:42:17] /a 5
[11/2/2019 19:42:17] /a 5
[11/2/2019 19:42:17] /a 5
[11/2/2019 19:42:17] /a 5
[11/2/2019 19:42:17] /a 5
[11/2/2019 19:42:17] /a 5
[11/2/2019 19:42:17] /a 5
[11/2/2019 19:42:17] /a 5
[11/2/2019 19:42:17] /a 5
[11/2/2019 19:42:17] /a 5
[11/2/2019 19:42:17] /a 5
[11/2/2019 19:42:17] /a 5
[11/2/2019 19:42:17] /a 5
[11/2/2019 19:42:17] /a 5
[11/2/2019 19:42:17] /a 5
[11/2/2019 19:42:17] /a 5
[11/2/2019 19:42:17] /a 5
[11/2/2019 19:42:17] /a 5
[11/2/2019 19:42:18] /a 5
[11/2/2019 19:42:18] /a 5
[11/2/2019 19:42:18] /a 5
[11/2/2019 19:42:18] /a 5
[11/2/2019 19:42:18] /a 5
[11/2/2019 19:42:19] /a 5
[11/2/2019 19:42:19] /a 5
[11/2/2019 19:42:19] /a 5
[11/2/2019 19:42:19] /a 5
[11/2/2019 19:42:19] /a 5
[11/2/2019 19:42:19] /a 5
[11/2/2019 19:42:20] /a 5
[11/2/2019 19:42:20] /a 5
[11/2/2019 19:42:20] /a 5
[11/2/2019 19:42:21] /a 5
[11/2/2019 19:42:21] /a 5
[11/2/2019 19:42:21] /a 5
[11/2/2019 19:42:22] /goto jordi~
[11/2/2019 19:42:23] /goto jordi~
[11/2/2019 19:42:24] /goto jordi~
[11/2/2019 19:42:24] /goto jordi~
[11/2/2019 19:42:25] /goto jordi~
[11/2/2019 19:42:25] /goto jordi~
[11/2/2019 19:42:26] /goto jordi~
[11/2/2019 19:42:26] /a 5
[11/2/2019 19:42:27] /a 5
[11/2/2019 19:42:27] /a 5
[11/2/2019 19:42:27] /a 5
[11/2/2019 19:42:27] /a 5
[11/2/2019 19:42:27] /a 5
[11/2/2019 19:42:27] /a 5
[11/2/2019 19:42:27] /a 5
[11/2/2019 19:42:27] /a 5
[11/2/2019 19:42:27] /a 5
[11/2/2019 19:42:27] /a 5
[11/2/2019 19:42:27] /a 5
[11/2/2019 19:42:27] /a 5
[11/2/2019 19:42:27] /a 5
[11/2/2019 19:42:27] /a 5
[11/2/2019 19:42:27] /a 5
[11/2/2019 19:42:27] /a 5
[11/2/2019 19:42:27] /a 5
[11/2/2019 19:42:27] /a 5
[11/2/2019 19:42:27] /a 5
[11/2/2019 19:42:27] /a 5
[11/2/2019 19:42:27] /a 5
[11/2/2019 19:42:27] /a 5
[11/2/2019 19:42:27] /a 5
[11/2/2019 19:42:27] /a 5
[11/2/2019 19:42:28] /a 5
[11/2/2019 19:42:28] /a 5
[11/2/2019 19:42:28] /a 5
[11/2/2019 19:42:28] /a 5
[11/2/2019 19:42:28] /a 5
[11/2/2019 19:42:28] /a 5
[11/2/2019 19:42:28] /a 5
[11/2/2019 19:42:28] /a 5
[11/2/2019 19:42:28] /a 5
[11/2/2019 19:42:28] /a 5
[11/2/2019 19:42:29] /a 5
[11/2/2019 19:42:29] /a 5
[11/2/2019 19:42:29] /a 5
[11/2/2019 19:42:29] /a 5
[11/2/2019 19:42:29] /a 5
[11/2/2019 19:42:29] /a 5
[11/2/2019 19:42:29] /a 5
[11/2/2019 19:42:29] /a 5
[11/2/2019 19:42:29] /a 5
[11/2/2019 19:42:29] /a 5
[11/2/2019 19:42:30] /a 5
[11/2/2019 19:42:30] /a 5
[11/2/2019 19:42:30] /a 5
[11/2/2019 19:42:30] /a 5
[11/2/2019 19:42:30] /a 5
[11/2/2019 19:42:31] /a 5
[11/2/2019 19:42:31] /a 5
[11/2/2019 19:42:31] /a 5
[11/2/2019 19:42:31] /a 5
[11/2/2019 19:42:31] /a 5
[11/2/2019 19:42:31] /a 5
[11/2/2019 19:42:32] /a 5
[11/2/2019 19:42:32] /a 5
[11/2/2019 19:42:32] /a 5
[11/2/2019 19:42:32] /a 5
[11/2/2019 19:42:32] /a 5
[11/2/2019 19:42:32] /a 5
[11/2/2019 19:42:33] /a 5
[11/2/2019 19:42:33] /a 5
[11/2/2019 19:42:33] /a 5
[11/2/2019 19:42:33] /a 5
[11/2/2019 19:42:33] /a 5
[11/2/2019 19:42:34] /a 5
[11/2/2019 19:42:34] /a 5
[11/2/2019 19:42:34] /a 5
[11/2/2019 19:42:34] /a 5
[11/2/2019 19:42:34] /a 5
[11/2/2019 19:42:34] /a 5
[11/2/2019 19:42:35] /a 5
[11/2/2019 19:42:35] /a 5
[11/2/2019 19:42:35] /a 5
[11/2/2019 19:42:35] /a 5
[11/2/2019 19:42:35] /a 5
[11/2/2019 19:42:36] /a 5
[11/2/2019 19:42:36] /a 5
[11/2/2019 19:42:36] /a 5
[11/2/2019 19:42:36] /a 5
[11/2/2019 19:42:36] /a 5
[11/2/2019 19:42:36] /a 5
[11/2/2019 19:42:36] /a 5
[11/2/2019 19:42:37] /a 5
[11/2/2019 19:42:37] /a 5
[11/2/2019 19:42:37] /a 5
[11/2/2019 19:42:37] /a 5
[11/2/2019 19:42:38] /c feos
[11/2/2019 19:42:42] /c bedurek
[11/2/2019 19:42:53] /a 5
[11/2/2019 19:42:53] /a 5
[11/2/2019 19:42:54] /a 5
[11/2/2019 19:42:54] /a 5
[11/2/2019 19:42:54] /a 5
[11/2/2019 19:42:54] /a 5
[11/2/2019 19:42:54] /a 5
[11/2/2019 19:42:54] /a 5
[11/2/2019 19:42:54] /a 5
[11/2/2019 19:42:54] /a 5
[11/2/2019 19:42:54] /a 5
[11/2/2019 19:42:55] /a 5
[11/2/2019 19:42:55] /a 5
[11/2/2019 19:42:55] /a 5
[11/2/2019 19:43:0] /goto jordi~
[11/2/2019 19:43:16] /c feos~
[11/2/2019 19:43:18] /c jordi~
[11/2/2019 19:43:43] /a 5
[11/2/2019 19:43:43] /a 5
[11/2/2019 19:43:43] /a 5
[11/2/2019 19:43:43] /a 5
[11/2/2019 19:43:44] /a 5
[11/2/2019 19:43:44] /a 5
[11/2/2019 19:43:44] /a 5
[11/2/2019 19:43:44] /a 5
[11/2/2019 19:43:45] /a 5
[11/2/2019 19:43:45] /a 5
[11/2/2019 19:43:45] /a 5
[11/2/2019 19:43:45] /a 5
[11/2/2019 19:43:45] /a 5
[11/2/2019 19:43:45] /a 5
[11/2/2019 19:43:46] /a 5
[11/2/2019 19:43:46] /a 5
[11/2/2019 19:43:46] /a 5
[11/2/2019 19:43:49] /a 5
[11/2/2019 19:43:49] /a 5
[11/2/2019 19:43:49] /a 5
[11/2/2019 19:43:50] /a 5
[11/2/2019 19:43:50] /a 5
[11/2/2019 19:43:50] /a 5
[11/2/2019 19:43:50] /a 5
[11/2/2019 19:43:50] /a 5
[11/2/2019 19:43:51] /a 5
[11/2/2019 19:43:51] /a 5
[11/2/2019 19:43:51] /a 5
[11/2/2019 19:43:51] /a 5
[11/2/2019 19:43:51] /a 5
[11/2/2019 19:43:51] /a 5
[11/2/2019 19:43:52] /a 5
[11/2/2019 19:43:53] /s troll
[11/2/2019 19:43:54] /s troll
[11/2/2019 19:43:54] /s troll
[11/2/2019 19:43:55] /s troll
[11/2/2019 19:43:55] /s troll
[11/2/2019 19:43:55] /s troll
[11/2/2019 19:44:16] /c jordi~
[11/2/2019 19:44:17] /c jordi~
[11/2/2019 19:44:18] /c jordi~
[11/2/2019 19:44:18] /c jordi~
[11/2/2019 19:44:18] /c jordi~
[11/2/2019 19:44:19] /c jordi~
[11/2/2019 19:44:21] /c jordi~
[11/2/2019 19:44:21] /c jordi~
[11/2/2019 19:44:21] /c jordi~
[11/2/2019 19:44:23] /ghost
[11/2/2019 19:45:26] /goto maha~
[11/2/2019 19:45:31] /light
[11/2/2019 19:45:36] /light
[11/2/2019 19:45:37] /light
[11/2/2019 19:45:37] /light
[11/2/2019 19:45:38] /light
[11/2/2019 19:45:38] /light
[11/2/2019 19:45:38] /light
[11/2/2019 19:45:38] /light
[11/2/2019 19:45:38] /light
[11/2/2019 19:45:38] /light
[11/2/2019 19:45:39] /light
[11/2/2019 19:45:39] /light
[11/2/2019 19:45:39] /light
[11/2/2019 19:45:39] /light
[11/2/2019 19:45:39] /light
[11/2/2019 19:45:39] /light
[11/2/2019 19:45:40] /light
