[3/4/2021 7:0:59] /goto ziemniaczek
[3/4/2021 7:1:39] /goto ziemniaczek
[3/4/2021 7:2:28] /goto ziemniaczek
[3/4/2021 7:4:42] /goto ziemniaczek
[3/4/2021 7:4:44] /goto ziemniaczek
[3/4/2021 7:4:50] /goto gm opikk
[3/4/2021 7:5:4] /goto ziemniaczek
[3/4/2021 7:5:24] /goto ferubras
[3/4/2021 7:5:35] /goto melfo opikejra
[3/4/2021 7:5:41] /goto ziemniaczek
[3/4/2021 7:6:32] /goto ziemniaczek
[3/4/2021 7:7:16] /goto ziemniaczek
[3/4/2021 7:7:52] /goto ziemniaczek
[3/4/2021 7:9:35] /goto ziemniaczek
[3/4/2021 7:9:51] /goto dragon
[3/4/2021 7:10:48] /goto pyrka leci
[3/4/2021 7:10:59] /goto ziemniaczek
[3/4/2021 7:11:7] /goto pyrka leci
[3/4/2021 7:11:32] /goto pyrka leci
[3/4/2021 7:12:24] /goto gm oppik
[3/4/2021 7:12:49] /goto ziemniaczek
[3/4/2021 7:14:32] /goto ziemniaczek
[3/4/2021 7:15:16] /goto ziemniaczek
[3/4/2021 7:15:22] /goto ero
[3/4/2021 7:15:57] /goto ziemniaczek
[3/4/2021 7:16:10] /goto ziemniaczek
[3/4/2021 7:16:30] /goto dragon lord
[3/4/2021 7:16:59] /goto xodet
[3/4/2021 7:18:2] /goto Melfik Opikejra
[3/4/2021 7:18:3] /goto ziemniaczek
[3/4/2021 7:18:4] /goto pyrka leci
[3/4/2021 7:18:5] /goto ziemniaczek
[3/4/2021 7:18:5] /goto Melfik Opikejra
[3/4/2021 7:18:7] /goto Melfik Opikejra
[3/4/2021 7:18:7] /goto Melfik Opikejra
[3/4/2021 7:18:8] /goto ziemniaczek
[3/4/2021 7:18:9] /goto pyrka leci
[3/4/2021 7:18:10] /goto pyrka leci
[3/4/2021 7:18:11] /goto Melfik Opikejra
[3/4/2021 7:18:12] /goto ziemniaczek
[3/4/2021 7:18:12] /goto pyrka leci
[3/4/2021 7:18:13] /goto Melfik Opikejra
[3/4/2021 7:18:14] /goto ziemniaczek
[3/4/2021 7:18:15] /goto pyrka leci
[3/4/2021 7:18:15] /goto Melfik Opikejra
[3/4/2021 7:18:16] /goto ziemniaczek
[3/4/2021 7:18:16] /goto ziemniaczek
[3/4/2021 7:18:17] /goto pyrka leci
[3/4/2021 7:18:18] /goto Melfik Opikejra
[3/4/2021 7:18:19] /goto pyrka leci
[3/4/2021 7:18:19] /goto ero
[3/4/2021 7:18:20] /goto Melfik Opikejra
[3/4/2021 7:18:21] /goto ero
[3/4/2021 7:18:26] /goto Melfik Opikejra
[3/4/2021 7:18:34] /goto demon
[3/4/2021 7:18:52] /goto Melfik Opikejra
[3/4/2021 7:19:0] /goto ziemniaczek
[3/4/2021 7:19:2] /goto pyrka leci
[3/4/2021 7:19:4] /goto Melfik Opikejra
[3/4/2021 7:19:5] /goto ziemniaczek
[3/4/2021 7:19:30] /goto Melfik Opikejra
[3/4/2021 7:19:49] /goto Melfik Opikejra
[3/4/2021 7:19:58] /goto pyrka leci
[3/4/2021 7:20:0] /goto Melfik Opikejra
[3/4/2021 7:20:1] /goto Melfik Opikejra
[3/4/2021 7:20:2] /goto Melfik Opikejra
[3/4/2021 7:20:2] /goto ziemniaczek
[3/4/2021 7:20:3] /goto pyrka leci
[3/4/2021 7:20:4] /goto Melfik Opikejra
[3/4/2021 7:20:46] /goto Melfik Opikejra
[3/4/2021 7:20:47] /goto ziemniaczek
[3/4/2021 7:21:38] /goto Melfik Opikejra
[3/4/2021 7:22:10] /goto gm opik
[3/4/2021 7:22:21] /goto gm opikk
[3/4/2021 7:22:39] /goto gm opikk
[3/4/2021 7:22:44] /goto Melfik Opikejra
[3/4/2021 7:24:58] /goto Melfik Opikejra
[3/4/2021 7:25:0] /goto Melfik Opikejra
[3/4/2021 7:25:5] /goto pyrka leci
[3/4/2021 7:26:41] /goto gm opikk
[3/4/2021 7:35:29] /goto pyrka leci
[3/4/2021 7:35:30] /goto ero
[3/4/2021 7:36:5] /goto ero
[3/4/2021 7:36:16] /goto Melfik Opikejra
[3/4/2021 7:36:37] /goto pyrka leci
[3/4/2021 7:36:38] /goto pyrka leci
[3/4/2021 7:36:39] /goto Melfik Opikejra
[3/4/2021 7:36:40] /goto ziemniaczek
[3/4/2021 7:36:41] /goto ero
[3/4/2021 7:38:42] /goto pyrka leci
[3/4/2021 7:38:43] /goto ero
[3/4/2021 7:40:36] /goto gm opikk
[3/4/2021 7:40:51] /goto Melfik Opikejra16:40 Put weapon in your right hand.
[3/4/2021 7:46:6] /goto Melfik Opikejra
[3/4/2021 7:46:9] /goto ziemniaczek
[3/4/2021 7:46:9] /goto pyrka leci
[3/4/2021 7:46:10] /goto ero
[3/4/2021 7:52:33] /goto pyrka leci
[3/4/2021 7:52:34] /goto pyrka leci
[3/4/2021 7:52:34] /goto pyrka leci
[3/4/2021 7:52:36] /goto ero
[3/4/2021 7:54:41] /goto pyrka leci
[3/4/2021 7:54:41] /goto ziemniaczek
[3/4/2021 7:54:43] /goto ero
[3/4/2021 7:55:1] /goto demona
[3/4/2021 7:55:20] /goto spectre
[3/4/2021 7:56:10] /goto opiki do boju
[3/4/2021 7:57:4] /goto Melfik Opikejra
[3/4/2021 7:57:5] /goto ziemniaczek
[3/4/2021 7:57:10] /goto ero
[3/4/2021 7:57:12] /goto gm opikk
[3/4/2021 7:57:17] /goto opiki do boju
[3/4/2021 7:58:24] /goto opiki do boju
[3/4/2021 7:58:43] /goto opiki do boju
[3/4/2021 8:0:45] /goto ziemniaczek
[3/4/2021 8:0:46] /goto ero
[3/4/2021 8:0:46] /goto gm opikk
[3/4/2021 8:1:22] /goto opiki do boju
[3/4/2021 8:2:4] /goto Melfik Opikejra
[3/4/2021 8:2:6] /goto ero
[3/4/2021 8:2:8] /goto ero
[3/4/2021 8:2:8] /goto ziemniaczek
[3/4/2021 8:2:9] /goto ero
[3/4/2021 8:2:11] /goto gm opikk
