[13/7/2019 8:26:31] !balance
[13/7/2019 8:26:39] !deposit
[13/7/2019 8:26:46] !withdraw
[13/7/2019 8:26:54] !deposit 17
[13/7/2019 8:32:1] !withdraw 15
[13/7/2019 8:32:38] !withdraw 15
[13/7/2019 8:32:47] !withdraw 15
[13/7/2019 8:32:49] !withdraw 15
[13/7/2019 8:32:50] !withdraw 15
[13/7/2019 8:32:51] !withdraw 15
[13/7/2019 8:32:53] !withdraw 15
[13/7/2019 8:32:54] !withdraw 15
[13/7/2019 8:32:59] !withdraw 15
[13/7/2019 8:32:59] !withdraw 15
[13/7/2019 8:33:0] !withdraw 15
[13/7/2019 8:33:30] !withdraw 15
[13/7/2019 8:33:35] !balance
[13/7/2019 9:21:38] !balance
[13/7/2019 9:21:40] !withdraw 2
[13/7/2019 13:49:44] !deposit 700
[13/7/2019 14:24:17] !withdraw 400
[13/7/2019 14:58:50] !balance
[13/7/2019 14:59:3] !withdraw 200
[13/7/2019 15:15:56] !withdraw 100
[13/7/2019 15:16:8] !balance
[13/7/2019 15:59:55] !deposit 1600
[13/7/2019 16:33:40] !balance
[13/7/2019 16:41:1] !deposit 10000
[13/7/2019 16:41:3] !deposit 10000
[13/7/2019 17:3:22] !deposit 1500
[13/7/2019 17:4:5] !withdraw 10000
[13/7/2019 17:4:20] !balance
[13/7/2019 17:50:54] !deposit 3000
[13/7/2019 22:23:30] !balance
[13/7/2019 22:23:44] !deposit 2500
[13/7/2019 23:48:41] !balance
[13/7/2019 23:48:50] !deposit 9000
[14/7/2019 0:29:34] !deposit 4700
[14/7/2019 0:30:51] !withdraw 200
