[8/2/2019 19:42:14] !deposit 7000
[8/2/2019 20:1:22] !withdraw 3000
[8/2/2019 20:4:36] !deposit 1600
[8/2/2019 20:34:21] !balance
[8/2/2019 20:34:24] !withdraw 5000
[8/2/2019 20:36:30] !deposit 2700
[8/2/2019 20:36:41] !withdraw 7
[8/2/2019 21:26:59] !balance
[8/2/2019 21:27:2] !withdraw 500
[8/2/2019 22:40:49] !transfer
[8/2/2019 22:57:23] !transfer
[8/2/2019 23:51:20] !deposit all
[8/2/2019 23:51:28] !deposit 22000
[8/2/2019 23:51:31] !balance
[9/2/2019 0:16:18] !transfer Bedurek 1000
[9/2/2019 0:16:24] !transfer 1000 bedurek
[9/2/2019 0:16:28] !transfer
[9/2/2019 0:16:42] !transfer
[9/2/2019 0:16:57] !withdraw 2000
[9/2/2019 0:36:39] !withdraw
[9/2/2019 13:23:55] !deposit 30000
[9/2/2019 13:57:42] !balance
[9/2/2019 13:57:47] !withdraw 12793
[9/2/2019 14:13:41] !balance
