[16/12/2022 0:20:59] /t
[16/12/2022 0:21:15] /t
[16/12/2022 0:21:16] /town 1
[16/12/2022 0:21:17] /town 2
[16/12/2022 0:21:18] /town 0
[16/12/2022 0:21:19] /town 3\
[16/12/2022 0:21:21] /town 11
[16/12/2022 0:21:22] /town 10
[16/12/2022 0:21:24] /town 7
[16/12/2022 0:21:25] /town 8
[16/12/2022 0:21:25] /town 9
[16/12/2022 0:21:27] /town 11
[16/12/2022 0:21:28] /town 12
[16/12/2022 0:21:43] /town 12
[16/12/2022 0:21:47] /o 150
[16/12/2022 0:22:24] /light
[16/12/2022 0:22:25] /a 5
[16/12/2022 0:22:26] /a 5
[16/12/2022 0:22:27] /a 5
[16/12/2022 0:22:34] /a 1
[16/12/2022 0:22:35] /a 1
[16/12/2022 0:22:35] /a 1
[16/12/2022 0:22:35] /a 1
[16/12/2022 0:22:35] /a 1
[16/12/2022 0:22:35] /a 1
[16/12/2022 0:22:35] /a 1
[16/12/2022 0:22:35] /a 1
[16/12/2022 0:22:35] /a 1
[16/12/2022 0:22:36] /a 1
[16/12/2022 0:22:36] /a 1
[16/12/2022 0:22:36] /a 1
[16/12/2022 0:22:38] /a 3
[16/12/2022 0:22:45] /t
[16/12/2022 0:22:46] /town 12
[16/12/2022 0:22:53] /i addon doll
[16/12/2022 19:13:17] /goto tester
[16/12/2022 19:13:20] /m rat
[16/12/2022 19:13:45] /i magic long sword
[16/12/2022 19:13:48] /i bow
[16/12/2022 19:13:51] /i burst arrow
[16/12/2022 19:14:0] /m orc
[16/12/2022 19:14:18] /addskill tester,mlvl,50
[16/12/2022 19:14:20] /addskill tester,mlvl,50
[16/12/2022 19:14:24] /m orc
[16/12/2022 19:14:32] /m crypt shambler
[16/12/2022 19:14:46] /m crypt shambler
[16/12/2022 19:14:47] /m crypt shambler
[16/12/2022 19:14:47] /m crypt shambler
[16/12/2022 19:14:47] /m crypt shambler
[16/12/2022 19:15:14] /m crypt shambler
[16/12/2022 19:15:14] /m crypt shambler
[16/12/2022 19:15:15] /m crypt shambler
[16/12/2022 19:15:15] /m crypt shambler
[16/12/2022 19:15:15] /m crypt shambler
[16/12/2022 19:15:16] /m crypt shambler
[16/12/2022 19:15:16] /m crypt shambler
[16/12/2022 19:15:24] /i great fireball rune
[16/12/2022 19:15:46] /i 2640
[16/12/2022 19:15:58] /addskill tester,level,50
[16/12/2022 19:16:5] /m dragon
[16/12/2022 19:16:12] /m dragon
[16/12/2022 19:16:15] /m dragon
[16/12/2022 19:16:16] /m dragon
[16/12/2022 19:17:46] /c tester
[16/12/2022 19:18:4] /i sudden death rune
[16/12/2022 19:18:5] /i sudden death rune
[16/12/2022 19:18:9] /m sea serpent
[16/12/2022 19:18:45] /m sea serpent
[16/12/2022 19:18:45] /m sea serpent
[16/12/2022 19:18:45] /m sea serpent
[16/12/2022 19:18:46] /m sea serpent
[16/12/2022 19:18:46] /m sea serpent
[16/12/2022 19:18:47] /m sea serpent
[16/12/2022 19:19:22] /m sea serpent/t
[16/12/2022 19:19:26] /t
[16/12/2022 19:19:29] /town 10
[16/12/2022 19:19:30] /town 11
[16/12/2022 19:19:33] /town 10
[16/12/2022 19:19:53] /r
[18/12/2022 1:17:44] /o 150
[18/12/2022 1:21:56] /t
[18/12/2022 1:21:58] /town thais
[18/12/2022 1:39:28] /a 5
[18/12/2022 1:39:28] /a 5
[18/12/2022 1:39:28] /a 5
[18/12/2022 1:39:28] /a 5
[18/12/2022 1:39:29] /a 5
[18/12/2022 1:39:29] /a 5
[18/12/2022 1:39:29] /a 5
[18/12/2022 1:39:29] /a 5
[18/12/2022 1:39:29] /a 5
[18/12/2022 1:39:30] /a 5
[18/12/2022 1:39:30] /a 5
[18/12/2022 1:39:30] /a 5
[18/12/2022 1:39:30] /a 5
[18/12/2022 1:39:31] /a 5
[18/12/2022 1:39:31] /a 5
[18/12/2022 1:39:31] /a 5
[18/12/2022 1:39:31] /a 5
[18/12/2022 1:39:32] /a 5
[18/12/2022 1:39:32] /a 5
[18/12/2022 1:39:32] /a 5
[18/12/2022 1:39:32] /a 5
[18/12/2022 1:39:32] /a 5
[18/12/2022 1:39:33] /a 5
[18/12/2022 1:39:33] /a 5
[18/12/2022 1:39:33] /a 5
[18/12/2022 1:39:33] /a 5
[18/12/2022 1:39:34] /a 5
[18/12/2022 1:39:34] /a 5
[18/12/2022 1:39:35] /a 5
[18/12/2022 1:39:35] /a 5
[18/12/2022 1:39:35] /a 5
[18/12/2022 1:39:35] /a 5
[18/12/2022 1:39:35] /a 5
[18/12/2022 1:39:36] /a 5
[18/12/2022 1:39:36] /a 5
[18/12/2022 1:39:36] /a 5
[18/12/2022 1:39:36] /a 5
[18/12/2022 1:39:37] /a 5
[18/12/2022 1:39:37] /a 5
[18/12/2022 1:39:37] /a 5
[18/12/2022 1:39:37] /a 5
[18/12/2022 1:39:37] /a 5
[18/12/2022 1:39:39] /town 1
[18/12/2022 1:39:40] /town 11
[18/12/2022 1:39:41] /town 12
[18/12/2022 1:39:42] /town 13\
[18/12/2022 1:39:43] /town 133
[18/12/2022 1:39:44] /town 13
[18/12/2022 1:39:44] /town 14
[18/12/2022 1:39:45] /town 13
[18/12/2022 1:39:46] /town 15
[18/12/2022 1:39:47] /town 16
[18/12/2022 1:39:48] /town 17
[18/12/2022 1:39:49] /town 18
[18/12/2022 1:39:50] /town 19
[18/12/2022 1:39:52] /town 13
[18/12/2022 1:39:53] /town 14
[18/12/2022 1:39:54] /town 13
[18/12/2022 1:40:3] /town 14
[18/12/2022 1:40:3] /town 15
[18/12/2022 1:40:4] /town 16
[18/12/2022 1:40:6] /town 17
[18/12/2022 1:40:7] /town 18
[18/12/2022 1:40:10] /a 5
[18/12/2022 1:40:10] /a 5
[18/12/2022 1:40:11] /a 5
[18/12/2022 1:40:11] /a 5
[18/12/2022 1:40:11] /a 5
[18/12/2022 1:40:11] /a 5
[18/12/2022 1:40:11] /a 5
[18/12/2022 1:40:12] /a 5
[18/12/2022 1:40:12] /a 5
[18/12/2022 1:40:12] /a 5
[18/12/2022 1:40:12] /a 5
[18/12/2022 1:40:13] /a 5
[18/12/2022 1:40:14] /a 5
[18/12/2022 1:40:14] /a 5
[18/12/2022 1:40:15] /a 5
[18/12/2022 1:40:15] /a 5
[18/12/2022 1:40:16] /a 5
[18/12/2022 1:40:16] /a 5
[18/12/2022 1:40:16] /a 5
[18/12/2022 1:40:17] /a 5
[18/12/2022 1:40:20] /a 5
[18/12/2022 1:40:20] /a 5
[18/12/2022 1:40:20] /a 5
[18/12/2022 1:40:21] /a 5
[18/12/2022 1:40:21] /a 5
[18/12/2022 1:40:21] /a 5
[18/12/2022 1:40:21] /a 5
[18/12/2022 1:40:22] /a 5
[18/12/2022 1:40:22] /a 5
[18/12/2022 1:40:22] /a 5
[18/12/2022 1:40:22] /a 5
[18/12/2022 1:40:22] /a 5
[18/12/2022 1:40:23] /a 5
[18/12/2022 1:40:23] /a 5
[18/12/2022 1:40:23] /a 5
[18/12/2022 1:40:23] /a 5
[18/12/2022 1:40:33] /a 5
[18/12/2022 1:40:33] /a 5
[18/12/2022 1:40:34] /a 5
[18/12/2022 1:40:34] /a 5
[18/12/2022 1:40:34] /a 5
[18/12/2022 1:40:35] /a 5
[18/12/2022 1:40:35] /a 5
[18/12/2022 1:40:35] /a 5
[18/12/2022 1:40:35] /a 5
[18/12/2022 1:40:35] /a 5
[18/12/2022 1:40:36] /a 5
[18/12/2022 1:40:36] /a 5
[18/12/2022 1:40:36] /a 5
[18/12/2022 1:40:37] /a 5
[18/12/2022 1:40:37] /a 5
[18/12/2022 1:40:37] /a 5
[18/12/2022 1:40:38] /a 5
[18/12/2022 1:40:38] /a 5
[18/12/2022 1:40:38] /a 5
[18/12/2022 1:40:39] /a 5
[18/12/2022 1:40:39] /a 5
[18/12/2022 1:40:39] /a 5
[18/12/2022 1:40:40] /a 5
[18/12/2022 1:40:41] /a 5
[18/12/2022 1:40:41] /a 5
[18/12/2022 1:40:41] /a 5
[18/12/2022 1:40:42] /a 5
[18/12/2022 1:40:42] /a 5
[18/12/2022 1:40:43] /a 5
[18/12/2022 1:40:45] /a 5
[18/12/2022 1:40:45] /a 5
[18/12/2022 1:40:46] /a 5
[18/12/2022 1:40:46] /a 5
[18/12/2022 1:40:47] /a 5
[18/12/2022 1:40:47] /a 5
[18/12/2022 1:40:47] /a 5
[18/12/2022 1:40:47] /a 5
[18/12/2022 1:40:48] /a 5
[18/12/2022 1:40:48] /a 5
[18/12/2022 1:40:48] /a 5
[18/12/2022 1:40:48] /a 5
[18/12/2022 1:40:48] /a 5
[18/12/2022 1:40:49] /a 5
[18/12/2022 1:40:49] /a 5
[18/12/2022 1:40:49] /a 5
[18/12/2022 1:40:49] /a 5
[18/12/2022 1:40:49] /a 5
[18/12/2022 1:40:49] /a 5
[18/12/2022 1:40:49] /a 5
[18/12/2022 1:40:50] /a 5
[18/12/2022 1:40:50] /a 5
[18/12/2022 1:40:50] /a 5
[18/12/2022 1:40:50] /a 5
[18/12/2022 1:40:50] /a 5
[18/12/2022 1:40:50] /a 5
[18/12/2022 1:40:50] /a 5
[18/12/2022 1:40:50] /a 5
[18/12/2022 1:40:50] /a 5
[18/12/2022 1:40:50] /a 5
[18/12/2022 1:40:51] /a 5
[18/12/2022 1:40:51] /a 5
[18/12/2022 1:40:51] /a 5
[18/12/2022 1:40:51] /a 5
[18/12/2022 1:40:51] /a 5
[18/12/2022 1:40:51] /a 5
[18/12/2022 1:40:52] /a 5
[18/12/2022 1:40:52] /a 5
[18/12/2022 1:40:52] /a 5
[18/12/2022 1:40:53] /a 5
[18/12/2022 1:40:53] /a 5
[18/12/2022 1:40:53] /a 5
[18/12/2022 1:40:53] /a 5
[18/12/2022 1:40:54] /a 5
[18/12/2022 1:40:54] /a 5
[18/12/2022 1:40:55] /a 5
[18/12/2022 1:40:55] /a 5
[18/12/2022 1:40:55] /a 5
[18/12/2022 1:40:55] /a 5
[18/12/2022 1:40:56] /a 5
[18/12/2022 1:40:56] /a 5
[18/12/2022 1:40:56] /a 5
[18/12/2022 1:40:56] /a 5
[18/12/2022 1:40:56] /a 5
[18/12/2022 1:40:56] /a 5
[18/12/2022 1:40:56] /a 5
[18/12/2022 1:40:56] /a 5
[18/12/2022 1:40:56] /a 5
[18/12/2022 1:40:57] /a 5
[18/12/2022 1:40:57] /a 5
[18/12/2022 1:40:57] /a 5
[18/12/2022 1:40:57] /a 5
[18/12/2022 1:40:57] /a 5
[18/12/2022 1:40:57] /a 5
[18/12/2022 1:40:57] /a 5
[18/12/2022 1:40:57] /a 5
[18/12/2022 1:40:57] /a 5
[18/12/2022 1:40:58] /a 5
[18/12/2022 1:40:58] /a 5
[18/12/2022 1:40:58] /a 5
[18/12/2022 1:41:0] /up
[18/12/2022 1:41:0] /up
[18/12/2022 1:41:1] /a 5
[18/12/2022 1:41:1] /a 5
[18/12/2022 1:41:2] /a 5
[18/12/2022 1:41:2] /a 5
[18/12/2022 1:41:2] /a 5
[18/12/2022 1:41:2] /a 5
[18/12/2022 1:41:3] /a 5
[18/12/2022 1:41:5] /a 5
[18/12/2022 1:41:5] /a 5
[18/12/2022 1:41:5] /a 5
[18/12/2022 1:41:5] /a 5
[18/12/2022 1:41:6] /a 5
[18/12/2022 1:41:6] /a 5
[18/12/2022 1:41:6] /a 5
[18/12/2022 1:41:6] /a 5
[18/12/2022 1:41:6] /a 5
[18/12/2022 1:41:7] /a 5
[18/12/2022 1:41:7] /a 5
[18/12/2022 1:41:8] /a 5
[18/12/2022 1:41:8] /a 5
[18/12/2022 1:41:8] /a 5
[18/12/2022 1:41:8] /a 5
[18/12/2022 1:41:8] /a 5
[18/12/2022 1:41:9] /a 5
[18/12/2022 1:41:9] /a 5
[18/12/2022 1:41:9] /a 5
[18/12/2022 1:41:9] /a 5
[18/12/2022 1:41:9] /a 5
[18/12/2022 1:41:9] /a 5
[18/12/2022 1:41:9] /a 5
[18/12/2022 1:41:9] /a 5
[18/12/2022 1:41:10] /up
[18/12/2022 1:41:11] /a 5
[18/12/2022 1:41:11] /a 5
[18/12/2022 1:41:11] /a 5
[18/12/2022 1:41:11] /a 5
[18/12/2022 1:41:11] /a 5
[18/12/2022 1:41:12] /a 5
[18/12/2022 1:41:12] /a 5
[18/12/2022 1:41:12] /a 5
[18/12/2022 1:41:12] /a 5
[18/12/2022 1:41:12] /a 5
[18/12/2022 1:41:13] /a 5
[18/12/2022 1:41:13] /a 5
[18/12/2022 1:41:13] /a 5
[18/12/2022 1:41:13] /a 5
[18/12/2022 1:41:13] /a 5
[18/12/2022 1:41:13] /a 5
[18/12/2022 1:41:13] /a 5
[18/12/2022 1:41:13] /a 5
[18/12/2022 1:41:14] /a 5
[18/12/2022 1:41:14] /a 5
[18/12/2022 1:41:14] /a 5
[18/12/2022 1:41:14] /a 5
[18/12/2022 1:41:14] /a 5
[18/12/2022 1:41:15] /a 5
[18/12/2022 1:41:17] /up
[18/12/2022 1:41:18] /up
[18/12/2022 1:41:18] /up
[18/12/2022 1:41:19] /a 5
[18/12/2022 1:41:19] /a 5
[18/12/2022 1:41:20] /a 5
[18/12/2022 1:41:21] /a 5
[18/12/2022 1:41:21] /a 5
[18/12/2022 1:41:22] /i 7122
[18/12/2022 1:41:22] /a 5
[18/12/2022 1:41:23] /a 5
[18/12/2022 1:41:23] /a 5
[18/12/2022 1:41:23] /a 5
[18/12/2022 1:41:24] /a 5
[18/12/2022 1:41:24] /a 5
[18/12/2022 1:41:25] /a 5
[18/12/2022 1:41:26] /down
[18/12/2022 1:41:27] /m rotworm
[18/12/2022 1:41:28] /m rotworm
[18/12/2022 1:41:28] /m rotworm
[18/12/2022 1:41:28] /m rotworm
[18/12/2022 1:41:30] /up
[18/12/2022 1:41:30] /a 5
[18/12/2022 1:41:31] /a 5
[18/12/2022 1:41:31] /a 5
[18/12/2022 1:41:31] /a 5
[18/12/2022 1:41:32] /a 5
[18/12/2022 1:41:32] /a 5
[18/12/2022 1:41:32] /a 5
[18/12/2022 1:41:33] /down
[18/12/2022 1:41:33] /a 5
[18/12/2022 1:41:33] /a 5
[18/12/2022 1:41:34] /a 5
[18/12/2022 1:41:34] /a 5
[18/12/2022 1:41:34] /a 5
[18/12/2022 1:41:34] /a 5
[18/12/2022 1:41:35] /a 5
[18/12/2022 1:41:35] /a 5
[18/12/2022 1:41:36] /down
[18/12/2022 1:41:36] /a 5
[18/12/2022 1:41:36] /a 5
[18/12/2022 1:41:37] /a 5
[18/12/2022 1:41:37] /a 5
[18/12/2022 1:41:38] /a 5
[18/12/2022 1:41:39] /up
[18/12/2022 1:41:40] /up
[18/12/2022 1:41:41] /a 5
[18/12/2022 1:41:42] /up
[18/12/2022 1:41:43] /up
[18/12/2022 1:41:44] /a 5
[18/12/2022 1:41:44] /a 5
[18/12/2022 1:41:45] /a 5
[18/12/2022 1:41:45] /a 5
[18/12/2022 1:41:45] /a 5
[18/12/2022 1:41:45] /a 5
[18/12/2022 1:41:45] /a 5
[18/12/2022 1:41:45] /a 5
[18/12/2022 1:41:46] /a 5
[18/12/2022 1:41:46] /a 5
[18/12/2022 1:41:46] /a 5
[18/12/2022 1:41:48] /town 20
[18/12/2022 1:41:49] /town 19
[18/12/2022 1:41:50] /town 15
[18/12/2022 1:41:51] /town 5
[18/12/2022 1:41:51] /town 4
[18/12/2022 1:41:55] /a 5
[18/12/2022 1:41:55] /a 5
[18/12/2022 1:41:55] /a 5
[18/12/2022 1:41:55] /a 5
[18/12/2022 1:41:56] /a 5
[18/12/2022 1:41:56] /a 5
[18/12/2022 1:41:56] /a 5
[18/12/2022 1:41:56] /a 5
[18/12/2022 1:41:56] /a 5
[18/12/2022 1:41:57] /a 5
[18/12/2022 1:41:57] /a 5
[18/12/2022 1:41:57] /a 5
[18/12/2022 1:41:57] /a 5
[18/12/2022 1:41:57] /a 5
[18/12/2022 1:41:57] /a 5
[18/12/2022 1:41:57] /a 5
[18/12/2022 1:41:57] /a 5
[18/12/2022 1:41:57] /a 5
[18/12/2022 1:41:58] /a 5
[18/12/2022 1:41:58] /a 5
[18/12/2022 1:41:58] /a 5
[18/12/2022 1:41:58] /a 5
[18/12/2022 1:41:58] /a 5
[18/12/2022 1:41:58] /a 5
[18/12/2022 1:41:58] /a 5
[18/12/2022 1:41:58] /a 5
[18/12/2022 1:41:59] /a 5
[18/12/2022 1:41:59] /a 5
[18/12/2022 1:41:59] /a 5
[18/12/2022 1:41:59] /a 5
[18/12/2022 1:41:59] /a 5
[18/12/2022 1:41:59] /a 5
[18/12/2022 1:41:59] /a 5
[18/12/2022 1:42:0] /a 5
[18/12/2022 1:42:0] /a 5
[18/12/2022 1:42:0] /a 5
[18/12/2022 1:42:0] /a 5
[18/12/2022 1:42:0] /a 5
[18/12/2022 1:42:0] /a 5
[18/12/2022 1:42:1] /a 5
[18/12/2022 1:42:1] /a 5
[18/12/2022 1:42:1] /a 5
[18/12/2022 1:42:1] /a 5
[18/12/2022 1:42:1] /a 5
[18/12/2022 1:42:1] /a 5
[18/12/2022 1:42:2] /a 5
[18/12/2022 1:42:2] /a 5
[18/12/2022 1:42:2] /a 5
[18/12/2022 1:42:2] /a 5
[18/12/2022 1:42:2] /a 5
[18/12/2022 1:42:3] /a 5
[18/12/2022 1:42:3] /a 5
[18/12/2022 1:42:3] /a 5
[18/12/2022 1:42:3] /a 5
[18/12/2022 1:42:3] /a 5
[18/12/2022 1:42:3] /a 5
[18/12/2022 1:42:3] /a 5
[18/12/2022 1:42:3] /a 5
[18/12/2022 1:42:3] /a 5
[18/12/2022 1:42:4] /a 5
[18/12/2022 1:42:4] /a 5
[18/12/2022 1:42:4] /a 5
[18/12/2022 1:42:4] /a 5
[18/12/2022 1:42:4] /a 5
[18/12/2022 1:42:4] /a 5
[18/12/2022 1:42:4] /a 5
[18/12/2022 1:42:4] /a 5
[18/12/2022 1:42:5] /a 5
[18/12/2022 1:42:5] /a 5
[18/12/2022 1:42:5] /a 5
[18/12/2022 1:42:5] /a 5
[18/12/2022 1:42:5] /a 5
[18/12/2022 1:42:5] /a 5
[18/12/2022 1:42:5] /a 5
[18/12/2022 1:42:5] /a 5
[18/12/2022 1:42:5] /a 5
[18/12/2022 1:42:6] /a 5
[18/12/2022 1:42:6] /a 5
[18/12/2022 1:42:6] /a 5
[18/12/2022 1:42:6] /a 5
[18/12/2022 1:42:6] /a 5
[18/12/2022 1:42:6] /a 5
[18/12/2022 1:42:6] /a 5
[18/12/2022 1:42:6] /a 5
[18/12/2022 1:42:7] /a 5
[18/12/2022 1:42:7] /a 5
[18/12/2022 1:42:7] /a 5
[18/12/2022 1:42:7] /a 5
[18/12/2022 1:42:7] /a 5
[18/12/2022 1:42:7] /a 5
[18/12/2022 1:42:7] /a 5
[18/12/2022 1:42:7] /a 5
[18/12/2022 1:42:7] /a 5
[18/12/2022 1:42:7] /a 5
[18/12/2022 1:42:8] /a 5
[18/12/2022 1:42:8] /a 5
[18/12/2022 1:42:8] /a 5
[18/12/2022 1:42:8] /a 5
[18/12/2022 1:42:8] /a 5
[18/12/2022 1:42:8] /a 5
[18/12/2022 1:42:8] /a 5
[18/12/2022 1:42:8] /a 5
[18/12/2022 1:42:8] /a 5
[18/12/2022 1:42:8] /a 5
[18/12/2022 1:42:9] /a 5
[18/12/2022 1:42:9] /a 5
[18/12/2022 1:42:9] /a 5
[18/12/2022 1:42:9] /a 5
[18/12/2022 1:42:9] /a 5
[18/12/2022 1:42:9] /a 5
[18/12/2022 1:42:9] /a 5
[18/12/2022 1:42:9] /a 5
[18/12/2022 1:42:10] /a 5
[18/12/2022 1:42:10] /a 5
[18/12/2022 1:42:10] /a 5
[18/12/2022 1:42:10] /a 5
[18/12/2022 1:42:10] /a 5
[18/12/2022 1:42:10] /a 5
[18/12/2022 1:42:11] /a 5
[18/12/2022 1:42:11] /a 5
[18/12/2022 1:42:11] /a 5
[18/12/2022 1:42:11] /a 5
[18/12/2022 1:42:11] /a 5
[18/12/2022 1:42:11] /a 5
[18/12/2022 1:42:11] /a 5
[18/12/2022 1:42:11] /a 5
[18/12/2022 1:42:11] /a 5
[18/12/2022 1:42:12] /a 5
[18/12/2022 1:42:12] /a 5
[18/12/2022 1:42:12] /a 5
[6/1/2023 14:29:11] /t
[6/1/2023 14:29:12] /town 1
[6/1/2023 14:29:13] /t 2
[6/1/2023 14:29:15] /goto tester
[6/1/2023 14:29:18] /goto tester
[6/1/2023 14:29:22] /addskill tester,lvl
[6/1/2023 14:29:28] /i 1998
[6/1/2023 14:30:23] /reload creaturescripts
[6/1/2023 14:30:51] /reload creaturescripts
[6/1/2023 14:31:3] /addskill tester,lvl
[6/1/2023 14:31:18] /reload creaturescripts
[6/1/2023 14:31:23] /addskill tester,lvl
[6/1/2023 14:31:29] /addskill tester,lvl
[6/1/2023 14:31:31] /addskill tester,lvl
[6/1/2023 14:31:33] /addskill tester,lvl
[6/1/2023 14:31:39] /addskill tester,lvl,25
[6/1/2023 14:31:40] /addskill tester,lvl,25
[6/1/2023 14:31:43] /addskill tester,lvl,25
[6/1/2023 14:31:45] /addskill tester,lvl,25
[6/1/2023 14:31:48] /addskill tester,lvl,25
[6/1/2023 14:31:52] /addskill tester,lvl,25
[6/1/2023 14:31:52] /addskill tester,lvl,25
[6/1/2023 14:31:53] /addskill tester,lvl,25
[6/1/2023 14:49:1] /reload actionsd
[6/1/2023 14:49:2] /reload actions
[6/1/2023 14:49:27] /reload actions
[6/1/2023 14:49:50] /reload actions
[6/1/2023 14:50:31] /reload actions
[6/1/2023 14:50:47] /reload actions
[6/1/2023 14:51:1] /reload actions
[6/1/2023 14:51:10] /reload actions
[6/1/2023 14:51:22] /a 5
[6/1/2023 14:51:22] /a 5
[6/1/2023 14:51:22] /a 5
[6/1/2023 14:51:22] /a 5
[6/1/2023 14:51:22] /a 5
[6/1/2023 14:51:22] /a 5
[6/1/2023 14:51:23] /a 5
[6/1/2023 14:51:23] /a 5
[6/1/2023 14:51:23] /a 5
[6/1/2023 14:51:23] /a 5
[6/1/2023 14:51:23] /a 5
[6/1/2023 14:51:23] /a 5
[6/1/2023 14:51:23] /a 5
[6/1/2023 14:51:24] /a 5
[6/1/2023 14:51:24] /a 5
[6/1/2023 14:51:24] /a 5
[6/1/2023 14:51:24] /a 5
[6/1/2023 14:51:24] /a 5
[6/1/2023 14:51:24] /a 5
[6/1/2023 14:51:24] /a 5
[6/1/2023 14:51:24] /a 5
[6/1/2023 14:51:24] /a 5
[6/1/2023 14:51:25] /a 5
[6/1/2023 14:51:25] /a 5
[6/1/2023 14:51:25] /a 5
[6/1/2023 14:51:25] /a 5
[6/1/2023 14:51:25] /a 5
[6/1/2023 14:51:25] /a 5
[6/1/2023 14:51:25] /a 5
[6/1/2023 14:51:25] /a 5
[6/1/2023 14:51:26] /a 5
[6/1/2023 14:51:26] /a 5
[6/1/2023 14:51:29] /light
[6/1/2023 14:51:29] /a 5
[6/1/2023 14:51:31] /down
[6/1/2023 14:51:31] /down
[6/1/2023 14:51:31] /down
[6/1/2023 14:51:32] /a 5
[6/1/2023 14:51:33] /a 5
[6/1/2023 14:51:36] /c tester
[6/1/2023 14:52:5] /storage
[6/1/2023 14:52:10] /storage Tester,8724
[6/1/2023 14:52:17] /storage Tester,8124
[6/1/2023 14:52:20] /storage Tester,8124,-1
[6/1/2023 14:52:22] /storage Tester,8124
[6/1/2023 14:54:1] /i golden account scroll
[6/1/2023 14:54:4] /i golden account
[6/1/2023 14:54:5] /town 12
[6/1/2023 14:54:7] /town 13
[6/1/2023 14:54:7] /town 14
[6/1/2023 14:54:8] /town 15
[6/1/2023 14:54:9] /town 16
[6/1/2023 14:54:9] /town 17
[6/1/2023 14:54:10] /town 18
[6/1/2023 14:54:11] /town 19
[6/1/2023 14:54:12] /town 11
[6/1/2023 14:54:20] /a 5
[6/1/2023 14:54:20] /a 5
[6/1/2023 14:54:20] /a 5
[6/1/2023 14:54:20] /a 5
[6/1/2023 14:54:21] /a 5
[6/1/2023 14:54:21] /a 5
[6/1/2023 14:54:21] /a 5
[6/1/2023 14:54:21] /a 5
[6/1/2023 14:54:21] /a 5
[6/1/2023 14:54:21] /a 5
[6/1/2023 14:54:21] /a 5
[6/1/2023 14:54:21] /a 5
[6/1/2023 14:54:21] /a 5
[6/1/2023 14:54:22] /a 5
[6/1/2023 14:54:22] /a 5
[6/1/2023 14:54:22] /a 5
[6/1/2023 14:54:22] /a 5
[6/1/2023 14:54:22] /a 5
[6/1/2023 14:54:22] /a 5
[6/1/2023 14:54:22] /a 5
[6/1/2023 14:54:23] /a 5
[6/1/2023 14:54:23] /a 5
[6/1/2023 14:54:23] /a 5
[6/1/2023 14:54:23] /a 5
[6/1/2023 14:54:23] /a 5
[6/1/2023 14:54:23] /a 5
[6/1/2023 14:54:23] /a 5
[6/1/2023 14:54:23] /a 5
[6/1/2023 14:54:23] /a 5
[6/1/2023 14:54:24] /a 5
[6/1/2023 14:54:24] /a 5
[6/1/2023 14:54:24] /a 5
[6/1/2023 14:54:24] /a 5
[6/1/2023 14:54:24] /a 5
[6/1/2023 14:54:24] /a 5
[6/1/2023 14:54:24] /a 5
[6/1/2023 14:54:24] /a 5
[6/1/2023 14:54:24] /a 5
[6/1/2023 14:54:25] /a 5
[6/1/2023 14:54:25] /a 5
[6/1/2023 14:54:25] /a 5
[6/1/2023 14:54:25] /a 5
[6/1/2023 14:54:25] /a 5
[6/1/2023 14:54:25] /a 5
[6/1/2023 14:54:25] /a 5
[6/1/2023 14:54:25] /a 5
[6/1/2023 14:54:25] /a 5
[6/1/2023 14:54:26] /a 5
[6/1/2023 14:54:26] /a 5
[6/1/2023 14:54:26] /a 5
[6/1/2023 14:54:26] /a 5
[6/1/2023 14:54:26] /a 5
[6/1/2023 14:54:26] /a 5
[6/1/2023 14:54:26] /a 5
[6/1/2023 14:54:26] /a 5
[6/1/2023 14:54:27] /a 5
[6/1/2023 14:54:27] /a 5
[6/1/2023 14:54:27] /a 5
[6/1/2023 14:54:27] /a 5
[6/1/2023 14:54:27] /a 5
[6/1/2023 14:54:27] /a 5
[6/1/2023 14:54:27] /a 5
[6/1/2023 14:54:27] /a 5
[6/1/2023 14:54:27] /a 5
[6/1/2023 14:54:30] /town 10
[6/1/2023 14:54:32] /a 5
[6/1/2023 14:54:32] /a 5
[6/1/2023 14:54:32] /a 5
[6/1/2023 14:54:32] /a 5
[6/1/2023 14:54:32] /a 5
[6/1/2023 14:54:33] /a 5
[6/1/2023 14:54:33] /a 5
[6/1/2023 14:54:33] /a 5
[6/1/2023 14:54:33] /a 5
[6/1/2023 14:54:34] /a 5
[6/1/2023 14:54:34] /a 5
[6/1/2023 14:54:35] /a 5
[6/1/2023 14:54:38] /a 5
[6/1/2023 14:54:38] /a 5
[6/1/2023 14:54:38] /a 5
[6/1/2023 14:54:38] /a 5
[6/1/2023 14:54:38] /a 5
[6/1/2023 14:54:38] /a 5
[6/1/2023 14:54:39] /a 5
[6/1/2023 14:54:39] /a 5
[6/1/2023 14:54:39] /a 5
[6/1/2023 14:54:39] /a 5
[6/1/2023 14:54:39] /a 5
[6/1/2023 14:54:39] /a 5
[6/1/2023 14:54:40] /a 5
[6/1/2023 14:54:40] /a 5
[6/1/2023 14:54:41] /a 5
[6/1/2023 14:54:41] /a 5
[6/1/2023 14:54:42] /a 5
[6/1/2023 14:54:42] /a 5
[6/1/2023 14:54:42] /a 5
[6/1/2023 14:54:42] /a 5
[6/1/2023 14:54:42] /a 5
[6/1/2023 14:54:43] /a 5
[6/1/2023 14:54:43] /a 5
[6/1/2023 14:54:43] /a 5
[6/1/2023 14:54:43] /a 5
[6/1/2023 14:54:43] /a 5
[6/1/2023 14:54:44] /a 5
[6/1/2023 14:54:44] /a 5
[6/1/2023 14:54:44] /a 5
[6/1/2023 14:54:44] /a 5
[6/1/2023 14:54:44] /a 5
[6/1/2023 14:54:44] /a 5
[6/1/2023 14:54:44] /a 5
[6/1/2023 14:54:45] /a 5
[6/1/2023 14:54:45] /a 5
[6/1/2023 14:54:45] /a 5
[6/1/2023 14:54:46] /a 5
[6/1/2023 14:54:46] /a 5
[6/1/2023 14:54:46] /a 5
[6/1/2023 14:54:47] /a 5
[6/1/2023 14:54:47] /a 5
[6/1/2023 14:54:53] /c tester
[6/1/2023 14:54:55] /town thais
[6/1/2023 14:54:56] /c tester
[6/1/2023 14:55:22] /i 2160
[6/1/2023 14:55:29] /i 5560 1
[6/1/2023 14:55:30] /i 5560 
[6/1/2023 14:56:2] /i 5546
[6/1/2023 14:57:33] /reload talkactions
[6/1/2023 14:57:48] /reload talkactions
[6/1/2023 14:57:57] /storage Kozak 51628,0
[6/1/2023 14:58:7] /storage Kozak,51628,0
[6/1/2023 14:58:17] /reload talkactions
[6/1/2023 14:58:23] /reload talkactions
[6/1/2023 14:58:26] /reload talkactions
[6/1/2023 14:58:30] /reload talkactions
[6/1/2023 14:58:35] /reload talkactions
[6/1/2023 14:58:40] /reload talkactions
[6/1/2023 15:0:29] /reload talkactions
[6/1/2023 15:0:39] /reload talkactions
[6/1/2023 15:0:53] /reload talkactions
[6/1/2023 15:1:23] /reload talkactions
[6/1/2023 15:1:31] /reload talkactions
[6/1/2023 15:1:35] /reload talkactions
[6/1/2023 15:1:41] /reload talkactions
[6/1/2023 15:1:59] /reload talkactions
[6/1/2023 15:2:6] /reload talkactions
[6/1/2023 15:2:33] /reload actions
[6/1/2023 15:2:42] /a 5
[6/1/2023 15:2:42] /a 5
[6/1/2023 15:2:42] /a 5
[6/1/2023 15:2:42] /a 5
[6/1/2023 15:2:43] /a 5
[6/1/2023 15:2:43] /a 5
[6/1/2023 15:2:43] /a 5
[6/1/2023 15:2:43] /a 5
[6/1/2023 15:2:43] /a 5
[6/1/2023 15:2:43] /a 5
[6/1/2023 15:2:43] /a 5
[6/1/2023 15:2:44] /a 5
[6/1/2023 15:2:44] /a 5
[6/1/2023 15:2:44] /a 5
[6/1/2023 15:2:44] /a 5
[6/1/2023 15:2:44] /a 5
[6/1/2023 15:2:44] /a 5
[6/1/2023 15:2:44] /a 5
[6/1/2023 15:2:44] /a 5
[6/1/2023 15:2:45] /a 5
[6/1/2023 15:2:45] /a 5
[6/1/2023 15:2:45] /a 5
[6/1/2023 15:2:45] /a 5
[6/1/2023 15:2:45] /a 5
[6/1/2023 15:2:45] /a 5
[6/1/2023 15:2:45] /a 5
[6/1/2023 15:2:45] /a 5
[6/1/2023 15:2:45] /a 5
[6/1/2023 15:2:46] /a 5
[6/1/2023 15:2:46] /a 5
[6/1/2023 15:2:46] /a 5
[6/1/2023 15:2:46] /a 5
[6/1/2023 15:2:46] /a 5
[6/1/2023 15:2:46] /a 5
[6/1/2023 15:2:47] /down
[6/1/2023 15:2:47] /down
[6/1/2023 15:2:47] /down
[6/1/2023 15:3:7] /reload actions
[6/1/2023 15:3:44] /reload actions
[6/1/2023 15:3:57] /storage Kozak,8124,-1
[6/1/2023 15:4:1] /storage Kozak,8124,-1
[6/1/2023 15:4:2] /storage Kozak,8124,-1
[6/1/2023 15:4:3] /storage Kozak,8124,-1
[6/1/2023 15:4:4] /storage Kozak,8124,-1
[6/1/2023 15:4:5] /storage Kozak,8124,-1
[6/1/2023 15:4:6] /storage Kozak,8124,-1
[6/1/2023 15:4:6] /storage Kozak,8124,-1
[6/1/2023 15:4:36] /reload actions
[6/1/2023 15:4:43] /town 9
[6/1/2023 15:4:45] /town 8
[6/1/2023 15:4:46] /town 7
[6/1/2023 15:4:47] /town 6
[6/1/2023 15:4:48] /town 6
[6/1/2023 15:4:49] /town 5
[6/1/2023 15:4:50] /goto cipfried
[6/1/2023 15:4:51] /down
[6/1/2023 15:4:53] /a 5
[6/1/2023 15:4:53] /a 5
[6/1/2023 15:4:54] /a 5
[6/1/2023 15:4:57] /a 5
[6/1/2023 15:4:57] /a 5
[6/1/2023 15:4:57] /a 5
[6/1/2023 15:4:57] /a 5
[6/1/2023 15:4:57] /a 5
[6/1/2023 15:4:58] /a 5
[6/1/2023 15:4:58] /a 5
[6/1/2023 15:4:58] /a 5
[6/1/2023 15:4:58] /a 5
[6/1/2023 15:4:58] /a 5
[6/1/2023 15:4:58] /a 5
[6/1/2023 15:4:58] /a 5
[6/1/2023 15:4:59] /a 5
[6/1/2023 15:4:59] /a 5
[6/1/2023 15:4:59] /a 5
[6/1/2023 15:5:0] /a 5
[6/1/2023 15:5:0] /a 5
[6/1/2023 15:5:0] /a 5
[6/1/2023 15:5:0] /a 5
[6/1/2023 15:5:0] /a 5
[6/1/2023 15:5:0] /a 5
[6/1/2023 15:5:1] /a 5
[6/1/2023 15:5:1] /a 5
[6/1/2023 15:5:1] /a 5
[6/1/2023 15:5:1] /a 5
[6/1/2023 15:5:2] /a 5
[6/1/2023 15:5:2] /a 5
[6/1/2023 15:5:2] /a 5
[6/1/2023 15:5:3] /a 5
[6/1/2023 15:5:4] /a 5
[6/1/2023 15:5:4] /a 5
[6/1/2023 15:5:13] /a 5
[6/1/2023 15:5:13] /a 5
[6/1/2023 15:5:14] /a 5
[6/1/2023 15:5:14] /a 5
[6/1/2023 15:5:14] /a 5
[6/1/2023 15:5:14] /a 5
[6/1/2023 15:5:14] /a 5
[6/1/2023 15:5:14] /a 5
[6/1/2023 15:5:14] /a 5
[6/1/2023 15:5:15] /a 5
[6/1/2023 15:5:15] /a 5
[6/1/2023 15:5:17] /a 5
[6/1/2023 15:5:17] /a 5
[6/1/2023 15:5:18] /a 5
[6/1/2023 15:5:23] /town thais
[6/1/2023 15:5:24] /a 5
[6/1/2023 15:5:24] /a 5
[6/1/2023 15:5:24] /a 5
[6/1/2023 15:5:25] /down
[6/1/2023 15:5:26] /down
[6/1/2023 15:5:27] /a 5
[6/1/2023 15:5:27] /a 5
[6/1/2023 15:5:27] /a 5
[6/1/2023 15:5:29] /a 5
[6/1/2023 15:5:29] /a 5
[6/1/2023 15:5:29] /a 5
[6/1/2023 15:5:30] /a 5
[6/1/2023 15:5:30] /a 5
[6/1/2023 15:5:30] /a 5
[6/1/2023 15:5:30] /a 5
[6/1/2023 15:5:30] /a 5
[6/1/2023 15:5:30] /a 5
[6/1/2023 15:5:30] /a 5
[6/1/2023 15:5:31] /a 5
[6/1/2023 15:5:31] /a 5
[6/1/2023 15:5:31] /a 5
[6/1/2023 15:5:32] /a 5
[6/1/2023 15:5:35] /town
[6/1/2023 15:5:39] /town thais
[6/1/2023 15:7:40] /i 7141
[6/1/2023 15:7:47] /i 7142
[6/1/2023 15:7:49] /i 7000
[6/1/2023 15:7:53] /i 6500
[6/1/2023 15:8:35] /i 6882
[6/1/2023 15:10:0] /reload actions
[6/1/2023 15:16:41] /reload actions
[6/1/2023 15:17:12] /reload actions
[6/1/2023 15:19:22] /town edron
[6/1/2023 15:19:24] /town venore
[6/1/2023 15:19:26] /up
[6/1/2023 15:19:28] /down
[6/1/2023 15:19:28] /a 5
[6/1/2023 15:19:28] /a 5
[6/1/2023 15:19:29] /a 5
[6/1/2023 15:19:29] /a 5
[6/1/2023 15:19:29] /a 5
[6/1/2023 15:19:29] /a 5
[6/1/2023 15:19:29] /a 5
[6/1/2023 15:19:29] /a 5
[6/1/2023 15:19:29] /a 5
[6/1/2023 15:19:29] /a 5
[6/1/2023 15:19:29] /a 5
[6/1/2023 15:19:30] /a 5
[6/1/2023 15:19:30] /a 5
[6/1/2023 15:19:30] /a 5
[6/1/2023 15:19:30] /a 5
[6/1/2023 15:19:31] /a 5
[6/1/2023 15:19:31] /a 5
[6/1/2023 15:19:31] /a 5
[6/1/2023 15:19:32] /a 5
[6/1/2023 15:19:32] /a 5
[6/1/2023 15:19:32] /a 5
[6/1/2023 15:19:32] /a 5
[6/1/2023 15:19:32] /a 5
[6/1/2023 15:19:33] /a 5
[6/1/2023 15:19:33] /a 5
[6/1/2023 15:19:33] /a 5
[6/1/2023 15:19:33] /a 5
[6/1/2023 15:19:33] /a 5
[6/1/2023 15:19:33] /a 5
[6/1/2023 15:19:34] /a 5
[6/1/2023 15:19:34] /a 5
[6/1/2023 15:19:34] /a 5
[6/1/2023 15:19:34] /a 5
[6/1/2023 15:19:34] /a 5
[6/1/2023 15:19:35] /a 5
[6/1/2023 15:19:35] /a 5
[6/1/2023 15:19:35] /a 5
[6/1/2023 15:19:36] /a 5
[6/1/2023 15:19:41] /up
[6/1/2023 15:19:42] /a 5
[6/1/2023 15:19:43] /a 5
[6/1/2023 15:19:44] /a 5
[6/1/2023 15:19:44] /a 5
[6/1/2023 15:19:44] /a 5
[6/1/2023 15:19:44] /a 5
[6/1/2023 15:19:45] /a 5
[6/1/2023 15:19:45] /a 5
[6/1/2023 15:19:45] /a 5
[6/1/2023 15:19:46] /a 5
[6/1/2023 15:19:47] /a 5
[6/1/2023 15:19:47] /a 5
[6/1/2023 15:19:47] /a 5
[6/1/2023 15:19:47] /a 5
[6/1/2023 15:19:47] /a 5
[6/1/2023 15:19:48] /a 5
[6/1/2023 15:19:48] /a 5
[6/1/2023 15:19:48] /a 5
[6/1/2023 15:19:48] /a 5
[6/1/2023 15:19:49] /a 5
[6/1/2023 15:19:49] /a 5
[6/1/2023 15:19:49] /a 5
[6/1/2023 15:19:49] /a 5
[6/1/2023 15:19:49] /a 5
[6/1/2023 15:19:49] /a 5
[6/1/2023 15:19:50] /a 5
[6/1/2023 15:19:50] /a 5
[6/1/2023 15:19:50] /a 5
[6/1/2023 15:19:50] /a 5
[6/1/2023 15:19:50] /a 5
[6/1/2023 15:19:51] /a 5
[6/1/2023 15:19:51] /a 5
[6/1/2023 15:19:52] /a 5
[6/1/2023 15:19:53] /a 5
[6/1/2023 15:19:53] /a 5
[6/1/2023 15:19:53] /a 5
[6/1/2023 15:19:54] /a 5
[6/1/2023 15:19:54] /a 5
[6/1/2023 15:19:54] /a 5
[6/1/2023 15:19:54] /a 5
[6/1/2023 15:19:54] /a 5
[6/1/2023 15:19:54] /a 5
[6/1/2023 15:19:54] /a 5
[6/1/2023 15:19:54] /a 5
[6/1/2023 15:19:54] /a 5
[6/1/2023 15:19:55] /a 5
[6/1/2023 15:19:55] /a 5
[6/1/2023 15:19:55] /a 5
[6/1/2023 15:19:55] /a 5
[6/1/2023 15:19:55] /a 5
[6/1/2023 15:19:55] /a 5
[6/1/2023 15:19:55] /a 5
[6/1/2023 15:19:55] /a 5
[6/1/2023 15:19:56] /a 5
[6/1/2023 15:19:56] /a 5
[6/1/2023 15:19:56] /a 5
[6/1/2023 15:19:56] /a 5
[6/1/2023 15:19:56] /a 5
[6/1/2023 15:19:56] /a 5
[6/1/2023 15:19:56] /a 5
[6/1/2023 15:19:57] /a 5
[6/1/2023 15:19:57] /a 5
[6/1/2023 15:19:57] /a 5
[6/1/2023 15:19:57] /a 5
[6/1/2023 15:19:57] /a 5
[6/1/2023 15:19:57] /a 5
[6/1/2023 15:19:57] /a 5
[6/1/2023 15:19:57] /a 5
[6/1/2023 15:19:57] /a 5
[6/1/2023 15:19:57] /a 5
[6/1/2023 15:19:58] /a 5
[6/1/2023 15:19:58] /a 5
[6/1/2023 15:19:58] /a 5
[6/1/2023 15:19:58] /a 5
[6/1/2023 15:19:58] /a 5
[6/1/2023 15:19:58] /a 5
[6/1/2023 15:19:58] /a 5
[6/1/2023 15:19:59] /a 5
[6/1/2023 15:19:59] /a 5
[6/1/2023 15:19:59] /a 5
[6/1/2023 15:19:59] /a 5
[6/1/2023 15:19:59] /a 5
[6/1/2023 15:19:59] /a 5
[6/1/2023 15:19:59] /a 5
[6/1/2023 15:20:0] /a 5
[6/1/2023 15:20:0] /a 5
[6/1/2023 15:20:0] /a 5
[6/1/2023 15:20:0] /a 5
[6/1/2023 15:20:0] /a 5
[6/1/2023 15:20:0] /a 5
[6/1/2023 15:20:0] /a 5
[6/1/2023 15:20:0] /a 5
[6/1/2023 15:20:0] /a 5
[6/1/2023 15:20:1] /a 5
[6/1/2023 15:20:1] /a 5
[6/1/2023 15:20:1] /a 5
[6/1/2023 15:20:1] /a 5
[6/1/2023 15:20:1] /a 5
[6/1/2023 15:20:1] /a 5
[6/1/2023 15:20:1] /a 5
[6/1/2023 15:20:1] /a 5
[6/1/2023 15:20:1] /a 5
[6/1/2023 15:20:2] /a 5
[6/1/2023 15:20:2] /a 5
[6/1/2023 15:20:2] /a 5
[6/1/2023 15:20:2] /a 5
[6/1/2023 15:20:2] /a 5
[6/1/2023 15:20:2] /a 5
[6/1/2023 15:20:2] /a 5
[6/1/2023 15:20:3] /a 5
[6/1/2023 15:20:3] /a 5
[6/1/2023 15:20:3] /a 5
[6/1/2023 15:20:3] /a 5
[6/1/2023 15:20:3] /a 5
[6/1/2023 15:20:3] /a 5
[6/1/2023 15:20:3] /a 5
[6/1/2023 15:20:3] /a 5
[6/1/2023 15:20:3] /a 5
[6/1/2023 15:20:4] /a 5
[6/1/2023 15:20:4] /a 5
[6/1/2023 15:20:4] /a 5
[6/1/2023 15:20:4] /a 5
[6/1/2023 15:20:4] /a 5
[6/1/2023 15:20:4] /a 5
[6/1/2023 15:20:4] /a 5
[6/1/2023 15:20:4] /a 5
[6/1/2023 15:20:4] /a 5
[6/1/2023 15:20:5] /a 5
[6/1/2023 15:20:5] /a 5
[6/1/2023 15:20:5] /a 5
[6/1/2023 15:20:5] /a 5
[6/1/2023 15:20:5] /a 5
[6/1/2023 15:20:5] /a 5
[6/1/2023 15:20:5] /a 5
[6/1/2023 15:20:5] /a 5
[6/1/2023 15:20:5] /a 5
[6/1/2023 15:20:6] /a 5
[6/1/2023 15:20:6] /a 5
[6/1/2023 15:20:6] /a 5
[6/1/2023 15:20:6] /a 5
[6/1/2023 15:20:6] /a 5
[6/1/2023 15:20:6] /a 5
[6/1/2023 15:20:6] /a 5
[6/1/2023 15:20:6] /a 5
[6/1/2023 15:20:6] /a 5
[6/1/2023 15:20:6] /a 5
[6/1/2023 15:20:7] /a 5
[6/1/2023 15:20:7] /a 5
[6/1/2023 15:20:7] /a 5
[6/1/2023 15:20:7] /a 5
[6/1/2023 15:20:7] /a 5
[6/1/2023 15:20:7] /a 5
[6/1/2023 15:20:7] /a 5
[6/1/2023 15:20:7] /a 5
[6/1/2023 15:20:7] /a 5
[6/1/2023 15:20:8] /a 5
[6/1/2023 15:20:8] /a 5
[6/1/2023 15:20:8] /a 5
[6/1/2023 15:20:8] /a 5
[6/1/2023 15:20:8] /a 5
[6/1/2023 15:20:8] /a 5
[6/1/2023 15:20:8] /a 5
[6/1/2023 15:20:9] /a 5
[6/1/2023 15:20:9] /a 5
[6/1/2023 15:20:9] /a 5
[6/1/2023 15:20:9] /a 5
[6/1/2023 15:20:9] /a 5
[6/1/2023 15:20:9] /a 5
[6/1/2023 15:20:9] /a 5
[6/1/2023 15:20:9] /a 5
[6/1/2023 15:20:10] /a 5
[6/1/2023 15:20:10] /a 5
[6/1/2023 15:20:10] /a 5
[6/1/2023 15:20:10] /a 5
[6/1/2023 15:20:10] /a 5
[6/1/2023 15:20:10] /a 5
[6/1/2023 15:20:10] /a 5
[6/1/2023 15:20:10] /a 5
[6/1/2023 15:20:10] /a 5
[6/1/2023 15:20:10] /a 5
[6/1/2023 15:20:11] /a 5
[6/1/2023 15:20:11] /a 5
[6/1/2023 15:20:11] /a 5
[6/1/2023 15:20:11] /a 5
[6/1/2023 15:20:11] /a 5
[6/1/2023 15:20:11] /a 5
[6/1/2023 15:20:11] /a 5
[6/1/2023 15:20:11] /a 5
[6/1/2023 15:20:11] /a 5
[6/1/2023 15:20:12] /a 5
[6/1/2023 15:20:12] /a 5
[6/1/2023 15:20:13] /a 5
[6/1/2023 15:20:13] /a 5
[6/1/2023 15:20:13] /a 5
[6/1/2023 15:20:13] /a 5
[6/1/2023 15:20:13] /a 5
[6/1/2023 15:20:14] /a 5
[6/1/2023 15:20:14] /a 5
[6/1/2023 15:20:14] /a 5
[6/1/2023 15:20:14] /a 5
[6/1/2023 15:20:14] /a 5
[6/1/2023 15:20:14] /a 5
[6/1/2023 15:20:14] /a 5
[6/1/2023 15:20:14] /a 5
[6/1/2023 15:20:14] /a 5
[6/1/2023 15:20:15] /a 5
[6/1/2023 15:20:15] /a 5
[6/1/2023 15:20:15] /a 5
[6/1/2023 15:20:15] /a 5
[6/1/2023 15:20:15] /a 5
[6/1/2023 15:20:15] /a 5
[6/1/2023 15:20:15] /a 5
[6/1/2023 15:20:15] /a 5
[6/1/2023 15:20:15] /a 5
[6/1/2023 15:20:16] /a 5
[6/1/2023 15:20:16] /a 5
[6/1/2023 15:20:16] /a 5
[6/1/2023 15:20:16] /a 5
[6/1/2023 15:20:16] /a 5
[6/1/2023 15:20:16] /a 5
[6/1/2023 15:20:16] /a 5
[6/1/2023 15:20:17] /a 5
[6/1/2023 15:20:17] /a 5
[6/1/2023 15:20:17] /a 5
[6/1/2023 15:20:17] /a 5
[6/1/2023 15:20:17] /a 5
[6/1/2023 15:20:17] /a 5
[6/1/2023 15:20:17] /a 5
[6/1/2023 15:20:17] /a 5
[6/1/2023 15:20:17] /a 5
[6/1/2023 15:20:17] /a 5
[6/1/2023 15:20:18] /a 5
[6/1/2023 15:20:18] /a 5
[6/1/2023 15:20:18] /a 5
[6/1/2023 15:20:18] /a 5
[6/1/2023 15:20:18] /a 5
[6/1/2023 15:20:18] /a 5
[6/1/2023 15:20:18] /a 5
[6/1/2023 15:20:18] /a 5
[6/1/2023 15:20:18] /a 5
[6/1/2023 15:20:19] /a 5
[6/1/2023 15:20:19] /a 5
[6/1/2023 15:20:19] /a 5
[6/1/2023 15:20:19] /a 5
[6/1/2023 15:20:19] /a 5
[6/1/2023 15:20:19] /a 5
[6/1/2023 15:20:19] /a 5
[6/1/2023 15:20:19] /a 5
[6/1/2023 15:20:19] /a 5
[6/1/2023 15:20:19] /a 5
[6/1/2023 15:20:20] /a 5
[6/1/2023 15:20:20] /a 5
[6/1/2023 15:20:20] /a 5
[6/1/2023 15:20:20] /a 5
[6/1/2023 15:20:21] /a 5
[6/1/2023 15:20:21] /a 5
[6/1/2023 15:20:21] /a 5
[6/1/2023 15:20:21] /a 5
[6/1/2023 15:20:21] /a 5
[6/1/2023 15:20:21] /a 5
[6/1/2023 15:20:21] /a 5
[6/1/2023 15:20:21] /a 5
[6/1/2023 15:20:21] /a 5
[6/1/2023 15:20:22] /a 5
[6/1/2023 15:20:22] /a 5
[6/1/2023 15:20:22] /a 5
[6/1/2023 15:20:22] /a 5
[6/1/2023 15:20:22] /a 5
[6/1/2023 15:20:22] /a 5
[6/1/2023 15:20:22] /a 5
[6/1/2023 15:20:22] /a 5
[6/1/2023 15:20:22] /a 5
[6/1/2023 15:20:22] /a 5
[6/1/2023 15:20:23] /a 5
[6/1/2023 15:20:25] /a 10
[6/1/2023 15:20:25] /a 10
[6/1/2023 15:20:25] /a 10
[6/1/2023 15:20:25] /a 10
[6/1/2023 15:20:25] /a 10
[6/1/2023 15:20:25] /a 10
[6/1/2023 15:20:25] /a 10
[6/1/2023 15:20:25] /a 10
[6/1/2023 15:20:26] /a 10
[6/1/2023 15:20:26] /a 10
[6/1/2023 15:20:26] /a 10
[6/1/2023 15:20:26] /a 10
[6/1/2023 15:20:26] /a 10
[6/1/2023 15:20:27] /a 10
[6/1/2023 15:20:27] /a 10
[6/1/2023 15:20:27] /a 10
[6/1/2023 15:20:27] /a 10
[6/1/2023 15:20:27] /a 10
[6/1/2023 15:20:27] /a 10
[6/1/2023 15:20:27] /a 10
[6/1/2023 15:20:28] /a 10
[6/1/2023 15:20:28] /a 10
[6/1/2023 15:20:28] /a 10
[6/1/2023 15:20:28] /a 10
[6/1/2023 15:20:28] /a 10
[6/1/2023 15:20:28] /a 10
[6/1/2023 15:20:28] /a 10
[6/1/2023 15:20:28] /a 10
[6/1/2023 15:20:28] /a 10
[6/1/2023 15:20:28] /a 10
[6/1/2023 15:20:29] /a 10
[6/1/2023 15:20:29] /a 10
[6/1/2023 15:20:29] /a 10
[6/1/2023 15:20:29] /a 10
[6/1/2023 15:20:29] /a 10
[6/1/2023 15:20:29] /a 10
[6/1/2023 15:20:29] /a 10
[6/1/2023 15:20:29] /a 10
[6/1/2023 15:20:29] /a 10
[6/1/2023 15:20:30] /a 10
[6/1/2023 15:20:30] /a 10
[6/1/2023 15:20:30] /a 10
[6/1/2023 15:20:30] /a 10
[6/1/2023 15:20:30] /a 10
[6/1/2023 15:20:30] /a 10
[6/1/2023 15:20:30] /a 10
[6/1/2023 15:20:30] /a 10
[6/1/2023 15:20:31] /a 10
[6/1/2023 15:20:31] /a 10
[6/1/2023 15:20:31] /a 10
[6/1/2023 15:20:31] /a 10
[6/1/2023 15:20:32] /a 10
[6/1/2023 15:20:32] /a 10
[6/1/2023 15:20:32] /a 10
[6/1/2023 15:20:32] /a 10
[6/1/2023 15:20:32] /a 10
[6/1/2023 15:20:32] /a 10
[6/1/2023 15:20:32] /a 10
[6/1/2023 15:20:32] /a 10
[6/1/2023 15:20:32] /a 10
[6/1/2023 15:20:32] /a 10
[6/1/2023 15:20:33] /a 10
[6/1/2023 15:20:33] /a 10
[6/1/2023 15:20:33] /a 10
[6/1/2023 15:20:33] /a 10
[6/1/2023 15:20:33] /a 10
[6/1/2023 15:20:33] /a 10
[6/1/2023 15:20:33] /a 10
[6/1/2023 15:20:33] /a 10
[6/1/2023 15:20:33] /a 10
[6/1/2023 15:20:33] /a 10
[6/1/2023 15:20:34] /a 10
[6/1/2023 15:20:34] /a 10
[6/1/2023 15:20:34] /a 10
[6/1/2023 15:20:34] /a 10
[6/1/2023 15:20:34] /a 10
[6/1/2023 15:20:34] /a 10
[6/1/2023 15:20:34] /a 10
[6/1/2023 15:20:34] /a 10
[6/1/2023 15:20:34] /a 10
[6/1/2023 15:20:35] /a 10
[6/1/2023 15:20:35] /a 10
[6/1/2023 15:20:35] /a 10
[6/1/2023 15:20:35] /a 10
[6/1/2023 15:20:35] /a 10
[6/1/2023 15:20:35] /a 10
[6/1/2023 15:20:35] /a 10
[6/1/2023 15:20:36] /a 10
[6/1/2023 15:20:36] /a 10
[6/1/2023 15:20:36] /a 10
[6/1/2023 15:20:36] /a 10
[6/1/2023 15:20:36] /a 10
[6/1/2023 15:20:36] /a 10
[6/1/2023 15:20:37] /a 10
[6/1/2023 15:20:37] /a 10
[6/1/2023 15:20:37] /a 10
[6/1/2023 15:20:37] /a 10
[6/1/2023 15:20:37] /a 10
[6/1/2023 15:20:37] /a 10
[6/1/2023 15:20:37] /a 10
[6/1/2023 15:20:37] /a 10
[6/1/2023 15:20:37] /a 10
[6/1/2023 15:20:37] /a 10
[6/1/2023 15:20:38] /a 10
[6/1/2023 15:20:38] /a 10
[6/1/2023 15:20:38] /a 10
[6/1/2023 15:20:38] /a 10
[6/1/2023 15:20:38] /a 10
[6/1/2023 15:20:38] /a 10
[6/1/2023 15:20:38] /a 10
[6/1/2023 15:20:38] /a 10
[6/1/2023 15:20:38] /a 10
[6/1/2023 15:20:39] /a 10
[6/1/2023 15:20:39] /a 10
[6/1/2023 15:20:39] /a 10
[6/1/2023 15:20:39] /a 10
[6/1/2023 15:20:39] /a 10
[6/1/2023 15:20:39] /a 10
[6/1/2023 15:20:39] /a 10
[6/1/2023 15:20:39] /a 10
[6/1/2023 15:20:39] /a 10
[6/1/2023 15:20:40] /a 10
[6/1/2023 15:20:40] /a 10
[6/1/2023 15:20:40] /a 10
[6/1/2023 15:20:40] /a 10
[6/1/2023 15:20:40] /a 10
[6/1/2023 15:20:41] /a 2
[6/1/2023 15:20:42] /a 10
[6/1/2023 15:20:42] /a 10
[6/1/2023 15:20:42] /a 10
[6/1/2023 15:20:42] /a 10
[6/1/2023 15:20:42] /a 10
[6/1/2023 15:20:42] /a 10
[6/1/2023 15:20:42] /a 10
[6/1/2023 15:20:43] /a 10
[6/1/2023 15:20:43] /a 10
[6/1/2023 15:20:43] /a 10
[6/1/2023 15:20:43] /a 10
[6/1/2023 15:20:43] /a 10
[6/1/2023 15:20:43] /a 10
[6/1/2023 15:20:43] /a 10
[6/1/2023 15:20:43] /a 10
[6/1/2023 15:20:43] /a 10
[6/1/2023 15:20:44] /a 1
[6/1/2023 15:20:45] /a 10
[6/1/2023 15:20:45] /a 10
[6/1/2023 15:20:45] /a 10
[6/1/2023 15:20:45] /a 10
[6/1/2023 15:20:45] /a 10
[6/1/2023 15:20:46] /a 10
[6/1/2023 15:20:46] /a 10
[6/1/2023 15:20:46] /a 10
[6/1/2023 15:20:46] /a 10
[6/1/2023 15:20:46] /a 10
[6/1/2023 15:20:46] /a 10
[6/1/2023 15:20:46] /a 10
[6/1/2023 15:20:46] /a 10
[6/1/2023 15:20:47] /a 10
[6/1/2023 15:20:47] /a 10
[6/1/2023 15:20:47] /a 10
[6/1/2023 15:20:47] /a 10
[6/1/2023 15:20:47] /a 10
[6/1/2023 15:20:47] /a 10
[6/1/2023 15:20:47] /a 10
[6/1/2023 15:20:47] /a 10
[6/1/2023 15:20:47] /a 10
[6/1/2023 15:20:48] /a 10
[6/1/2023 15:20:48] /a 10
[6/1/2023 15:20:48] /a 10
[6/1/2023 15:20:48] /a 10
[6/1/2023 15:20:48] /a 10
[6/1/2023 15:20:48] /a 10
[6/1/2023 15:20:48] /a 10
[6/1/2023 15:20:48] /a 10
[6/1/2023 15:20:48] /a 10
[6/1/2023 15:20:48] /a 10
[6/1/2023 15:20:49] /a 10
[6/1/2023 15:20:49] /a 10
[6/1/2023 15:20:49] /a 10
[6/1/2023 15:20:49] /a 10
[6/1/2023 15:20:49] /a 10
[6/1/2023 15:20:49] /a 10
[6/1/2023 15:20:49] /a 10
[6/1/2023 15:20:49] /a 10
[6/1/2023 15:20:49] /a 10
[6/1/2023 15:20:50] /a 10
[6/1/2023 15:20:50] /a 10
[6/1/2023 15:20:50] /a 10
[6/1/2023 15:20:51] /a 10
[6/1/2023 15:20:51] /a 10
[6/1/2023 15:20:51] /a 10
[6/1/2023 15:20:51] /a 10
[6/1/2023 15:20:51] /a 10
[6/1/2023 15:20:51] /a 10
[6/1/2023 15:20:51] /a 10
[6/1/2023 15:20:51] /a 10
[6/1/2023 15:20:51] /a 10
[6/1/2023 15:20:52] /a 10
[6/1/2023 15:20:52] /a 10
[6/1/2023 15:20:52] /a 10
[6/1/2023 15:20:52] /a 10
[6/1/2023 15:20:52] /a 10
[6/1/2023 15:20:52] /a 10
[6/1/2023 15:20:52] /a 10
[6/1/2023 15:20:52] /a 10
[6/1/2023 15:20:52] /a 10
[6/1/2023 15:20:53] /a 10
[6/1/2023 15:20:53] /a 10
[6/1/2023 15:20:53] /a 10
[6/1/2023 15:20:53] /a 10
[6/1/2023 15:20:53] /a 10
[6/1/2023 15:20:53] /a 10
[6/1/2023 15:20:53] /a 10
[6/1/2023 15:20:53] /a 10
[6/1/2023 15:20:53] /a 10
[6/1/2023 15:20:54] /a 10
[6/1/2023 15:20:54] /a 10
[6/1/2023 15:20:54] /a 10
[6/1/2023 15:20:54] /a 10
[6/1/2023 15:20:55] /a 10
[6/1/2023 15:20:55] /a 10
[6/1/2023 15:20:55] /a 10
[6/1/2023 15:20:56] /a 10
[6/1/2023 15:20:56] /a 10
[6/1/2023 15:20:56] /a 10
[6/1/2023 15:20:56] /a 10
[6/1/2023 15:20:56] /a 10
[6/1/2023 15:20:56] /a 10
[6/1/2023 15:20:56] /a 10
[6/1/2023 15:20:56] /a 10
[6/1/2023 15:20:56] /a 10
[6/1/2023 15:20:57] /a 10
[6/1/2023 15:20:57] /a 10
[6/1/2023 15:20:57] /a 10
[6/1/2023 15:20:57] /a 10
[6/1/2023 15:20:57] /a 10
[6/1/2023 15:20:57] /a 10
[6/1/2023 15:20:57] /a 10
[6/1/2023 15:20:57] /a 10
[6/1/2023 15:20:58] /a 10
[6/1/2023 15:20:58] /a 10
[6/1/2023 15:20:58] /a 10
[6/1/2023 15:20:58] /a 10
[6/1/2023 15:20:58] /a 10
[6/1/2023 15:20:58] /a 10
[6/1/2023 15:20:58] /a 10
[6/1/2023 15:20:58] /a 10
[6/1/2023 15:20:59] /a 10
[6/1/2023 15:20:59] /a 10
[6/1/2023 15:20:59] /a 10
[6/1/2023 15:20:59] /a 10
[6/1/2023 15:20:59] /a 10
[6/1/2023 15:20:59] /a 10
[6/1/2023 15:20:59] /a 10
[6/1/2023 15:21:0] /a 10
[6/1/2023 15:21:0] /a 10
[6/1/2023 15:21:0] /a 10
[6/1/2023 15:21:0] /a 10
[6/1/2023 15:21:0] /a 10
[6/1/2023 15:21:0] /a 10
[6/1/2023 15:21:0] /a 10
[6/1/2023 15:21:0] /a 10
[6/1/2023 15:21:0] /a 10
[6/1/2023 15:21:1] /a 10
[6/1/2023 15:21:1] /a 10
[6/1/2023 15:21:1] /a 10
[6/1/2023 15:21:1] /a 10
[6/1/2023 15:21:1] /a 10
[6/1/2023 15:21:1] /a 10
[6/1/2023 15:21:1] /a 10
[6/1/2023 15:21:1] /a 10
[6/1/2023 15:21:1] /a 10
[6/1/2023 15:21:2] /a 10
[6/1/2023 15:21:2] /a 10
[6/1/2023 15:21:3] /a 10
[6/1/2023 15:21:3] /a 10
[6/1/2023 15:21:3] /a 10
[6/1/2023 15:21:3] /a 10
[6/1/2023 15:21:4] /a 10
[6/1/2023 15:21:4] /a 10
[6/1/2023 15:21:4] /a 10
[6/1/2023 15:21:4] /a 10
[6/1/2023 15:21:4] /a 10
[6/1/2023 15:21:4] /a 10
[6/1/2023 15:21:4] /a 10
[6/1/2023 15:21:4] /a 10
[6/1/2023 15:21:4] /a 10
[6/1/2023 15:21:4] /a 10
[6/1/2023 15:21:5] /a 10
[6/1/2023 15:21:5] /a 10
[6/1/2023 15:21:5] /a 10
[6/1/2023 15:21:5] /a 10
[6/1/2023 15:21:5] /a 10
[6/1/2023 15:21:5] /a 10
[6/1/2023 15:21:5] /a 10
[6/1/2023 15:21:5] /a 10
[6/1/2023 15:21:5] /a 10
[6/1/2023 15:21:6] /a 10
[6/1/2023 15:21:6] /a 10
[6/1/2023 15:21:6] /a 10
[6/1/2023 15:21:6] /a 10
[6/1/2023 15:21:6] /a 10
[6/1/2023 15:21:6] /a 10
[6/1/2023 15:21:6] /a 10
[6/1/2023 15:21:6] /a 10
[6/1/2023 15:21:7] /a 10
[6/1/2023 15:21:7] /a 10
[6/1/2023 15:21:7] /a 10
[6/1/2023 15:21:7] /a 10
[6/1/2023 15:21:7] /a 10
[6/1/2023 15:21:7] /a 10
[6/1/2023 15:21:7] /a 10
[6/1/2023 15:21:8] /a 10
[6/1/2023 15:21:8] /a 10
[6/1/2023 15:21:8] /a 10
[6/1/2023 15:21:8] /a 10
[6/1/2023 15:21:8] /a 10
[6/1/2023 15:21:8] /a 10
[6/1/2023 15:21:8] /a 10
[6/1/2023 15:21:8] /a 10
[6/1/2023 15:21:8] /a 10
[6/1/2023 15:21:9] /a 10
[6/1/2023 15:21:9] /a 10
[6/1/2023 15:21:9] /a 10
[6/1/2023 15:21:9] /a 10
[6/1/2023 15:21:9] /a 10
[6/1/2023 15:21:9] /a 10
[6/1/2023 15:21:9] /a 10
[6/1/2023 15:21:9] /a 10
[6/1/2023 15:21:9] /a 10
[6/1/2023 15:21:9] /a 10
[6/1/2023 15:21:10] /a 10
[6/1/2023 15:21:10] /a 10
[6/1/2023 15:21:10] /a 10
[6/1/2023 15:21:10] /a 10
[6/1/2023 15:21:10] /a 10
[6/1/2023 15:21:10] /a 10
[6/1/2023 15:21:10] /a 10
[6/1/2023 15:21:10] /a 10
[6/1/2023 15:21:10] /a 10
[6/1/2023 15:21:10] /a 10
[6/1/2023 15:21:11] /a 10
[6/1/2023 15:21:11] /a 10
[6/1/2023 15:21:11] /a 10
[6/1/2023 15:21:11] /a 10
[6/1/2023 15:21:11] /a 10
[6/1/2023 15:21:12] /a 10
[6/1/2023 15:21:12] /a 10
[6/1/2023 15:21:12] /a 10
[6/1/2023 15:21:12] /a 10
[6/1/2023 15:21:12] /a 10
[6/1/2023 15:21:12] /a 10
[6/1/2023 15:21:12] /a 10
[6/1/2023 15:21:12] /a 10
[6/1/2023 15:21:12] /a 10
[6/1/2023 15:21:13] /a 10
[6/1/2023 15:21:13] /a 10
[6/1/2023 15:21:13] /a 10
[6/1/2023 15:21:13] /a 10
[6/1/2023 15:21:13] /a 10
[6/1/2023 15:21:13] /a 10
[6/1/2023 15:21:13] /a 10
[6/1/2023 15:21:13] /a 10
[6/1/2023 15:21:13] /a 10
[6/1/2023 15:21:14] /a 10
[6/1/2023 15:21:14] /a 10
[6/1/2023 15:21:14] /a 10
[6/1/2023 15:21:14] /a 10
[6/1/2023 15:21:14] /a 10
[6/1/2023 15:21:14] /a 10
[6/1/2023 15:21:14] /a 10
[6/1/2023 15:21:14] /a 10
[6/1/2023 15:21:14] /a 10
[6/1/2023 15:21:14] /a 10
[6/1/2023 15:21:15] /a 10
[6/1/2023 15:21:15] /a 10
[6/1/2023 15:21:15] /a 10
[6/1/2023 15:21:15] /a 10
[6/1/2023 15:21:15] /a 10
[6/1/2023 15:21:16] /a 10
[6/1/2023 15:21:16] /a 10
[6/1/2023 15:21:16] /a 10
[6/1/2023 15:21:16] /a 10
[6/1/2023 15:21:16] /a 10
[6/1/2023 15:21:16] /a 10
[6/1/2023 15:21:16] /a 10
[6/1/2023 15:21:16] /a 10
[6/1/2023 15:21:16] /a 10
[6/1/2023 15:21:16] /a 10
[6/1/2023 15:21:17] /a 10
[6/1/2023 15:21:17] /a 10
[6/1/2023 15:21:17] /a 10
[6/1/2023 15:21:17] /a 10
[6/1/2023 15:21:17] /a 10
[6/1/2023 15:21:17] /a 10
[6/1/2023 15:21:17] /a 10
[6/1/2023 15:21:17] /a 10
[6/1/2023 15:21:17] /a 10
[6/1/2023 15:21:17] /a 10
[6/1/2023 15:21:18] /a 10
[6/1/2023 15:21:18] /a 10
[6/1/2023 15:21:18] /a 10
[6/1/2023 15:21:18] /a 10
[6/1/2023 15:21:18] /a 10
[6/1/2023 15:21:18] /a 10
[6/1/2023 15:21:18] /a 10
[6/1/2023 15:21:18] /a 10
[6/1/2023 15:21:18] /a 10
[6/1/2023 15:21:19] /a 10
[6/1/2023 15:21:19] /a 10
[6/1/2023 15:21:19] /a 10
[6/1/2023 15:21:19] /a 10
[6/1/2023 15:21:19] /a 10
[6/1/2023 15:21:19] /a 10
[6/1/2023 15:21:19] /a 10
[6/1/2023 15:21:19] /a 10
[6/1/2023 15:21:20] /a 10
[6/1/2023 15:21:20] /a 10
[6/1/2023 15:21:20] /a 10
[6/1/2023 15:21:20] /a 10
[6/1/2023 15:21:20] /a 10
[6/1/2023 15:21:20] /a 10
[6/1/2023 15:21:20] /a 10
[6/1/2023 15:21:20] /a 10
[6/1/2023 15:21:20] /a 10
[6/1/2023 15:21:20] /a 10
[6/1/2023 15:21:21] /a 10
[6/1/2023 15:21:21] /a 10
[6/1/2023 15:21:21] /a 10
[6/1/2023 15:21:21] /a 10
[6/1/2023 15:21:21] /a 10
[6/1/2023 15:21:21] /a 10
[6/1/2023 15:21:21] /a 10
[6/1/2023 15:21:22] /a 10
[6/1/2023 15:21:22] /a 10
[6/1/2023 15:21:22] /a 10
[6/1/2023 15:21:22] /a 10
[6/1/2023 15:21:22] /a 10
[6/1/2023 15:21:22] /a 10
[6/1/2023 15:21:22] /a 10
[6/1/2023 15:21:22] /a 10
[6/1/2023 15:21:22] /a 10
[6/1/2023 15:21:23] /a 10
[6/1/2023 15:21:23] /a 10
[6/1/2023 15:21:23] /a 10
[6/1/2023 15:21:23] /a 10
[6/1/2023 15:21:23] /a 10
[6/1/2023 15:21:23] /a 10
[6/1/2023 15:21:23] /a 10
[6/1/2023 15:21:23] /a 10
[6/1/2023 15:21:23] /a 10
[6/1/2023 15:21:24] /a 10
[6/1/2023 15:21:24] /a 10
[6/1/2023 15:21:24] /a 10
[6/1/2023 15:21:24] /a 10
[6/1/2023 15:21:24] /a 10
[6/1/2023 15:21:24] /a 10
[6/1/2023 15:21:24] /a 10
[6/1/2023 15:21:24] /a 10
[6/1/2023 15:21:24] /a 10
[6/1/2023 15:21:25] /a 10
[6/1/2023 15:21:25] /a 10
[6/1/2023 15:21:25] /a 10
[6/1/2023 15:21:25] /a 10
[6/1/2023 15:21:25] /a 10
[6/1/2023 15:21:25] /a 10
[6/1/2023 15:21:25] /a 10
[6/1/2023 15:21:25] /a 10
[6/1/2023 15:21:25] /a 10
[6/1/2023 15:21:26] /a 10
[6/1/2023 15:21:26] /a 10
[6/1/2023 15:21:26] /a 10
[6/1/2023 15:21:26] /a 10
[6/1/2023 15:21:26] /a 10
[6/1/2023 15:21:26] /a 10
[6/1/2023 15:21:26] /a 10
[6/1/2023 15:21:26] /a 10
[6/1/2023 15:21:27] /a 10
[6/1/2023 15:21:27] /a 10
[6/1/2023 15:21:27] /a 10
[6/1/2023 15:21:27] /a 10
[6/1/2023 15:21:27] /a 10
[6/1/2023 15:21:28] /a 10
[6/1/2023 15:21:28] /a 10
[6/1/2023 15:21:28] /a 10
[6/1/2023 15:21:28] /a 10
[6/1/2023 15:21:28] /a 10
[6/1/2023 15:21:29] /a 10
[6/1/2023 15:21:29] /a 10
[6/1/2023 15:21:29] /a 10
[6/1/2023 15:21:29] /a 10
[6/1/2023 15:21:29] /a 10
[6/1/2023 15:21:29] /a 10
[6/1/2023 15:21:29] /a 10
[6/1/2023 15:21:29] /a 10
[6/1/2023 15:21:29] /a 10
[6/1/2023 15:21:30] /a 10
[6/1/2023 15:21:30] /a 10
[6/1/2023 15:21:30] /a 10
[6/1/2023 15:21:30] /a 10
[6/1/2023 15:21:30] /a 10
[6/1/2023 15:21:30] /a 10
[6/1/2023 15:21:30] /a 10
[6/1/2023 15:21:30] /a 10
[6/1/2023 15:21:31] /a 10
[6/1/2023 15:21:31] /a 10
[6/1/2023 15:21:31] /a 10
[6/1/2023 15:21:31] /a 10
[6/1/2023 15:21:31] /a 10
[6/1/2023 15:21:31] /a 10
[6/1/2023 15:21:31] /a 10
[6/1/2023 15:21:31] /a 10
[6/1/2023 15:21:31] /a 10
[6/1/2023 15:21:31] /a 10
[6/1/2023 15:21:32] /a 10
[6/1/2023 15:21:32] /a 10
[6/1/2023 15:21:32] /a 10
[6/1/2023 15:21:32] /a 10
[6/1/2023 15:21:32] /a 10
[6/1/2023 15:21:32] /a 10
[6/1/2023 15:21:33] /a 10
[6/1/2023 15:21:33] /a 10
[6/1/2023 15:21:33] /a 10
[6/1/2023 15:21:33] /a 10
[6/1/2023 15:21:33] /a 10
[6/1/2023 15:21:33] /a 10
[6/1/2023 15:21:33] /a 10
[6/1/2023 15:21:33] /a 10
[6/1/2023 15:21:34] /a 10
[6/1/2023 15:21:34] /a 10
[6/1/2023 15:21:34] /a 10
[6/1/2023 15:21:34] /a 10
[6/1/2023 15:21:34] /a 10
[6/1/2023 15:21:34] /a 10
[6/1/2023 15:21:34] /a 10
[6/1/2023 15:21:34] /a 10
[6/1/2023 15:21:34] /a 10
[6/1/2023 15:21:35] /a 10
[6/1/2023 15:21:35] /a 10
[6/1/2023 15:21:35] /a 10
[6/1/2023 15:21:35] /a 10
[6/1/2023 15:21:35] /a 10
[6/1/2023 15:21:35] /a 10
[6/1/2023 15:21:35] /a 10
[6/1/2023 15:21:35] /a 10
[6/1/2023 15:21:35] /a 10
[6/1/2023 15:21:35] /a 10
[6/1/2023 15:21:36] /a 10
[6/1/2023 15:21:36] /a 10
[6/1/2023 15:21:36] /a 10
[6/1/2023 15:21:36] /a 10
[6/1/2023 15:21:37] /a 10
[6/1/2023 15:21:37] /a 10
[6/1/2023 15:21:37] /a 10
[6/1/2023 15:21:37] /a 10
[6/1/2023 15:21:37] /a 10
[6/1/2023 15:21:37] /a 10
[6/1/2023 15:21:37] /a 10
[6/1/2023 15:21:37] /a 10
[6/1/2023 15:21:37] /a 10
[6/1/2023 15:21:37] /a 10
[6/1/2023 15:21:38] /a 10
[6/1/2023 15:21:38] /a 10
[6/1/2023 15:21:38] /a 10
[6/1/2023 15:21:38] /a 10
[6/1/2023 15:21:38] /a 10
[6/1/2023 15:21:38] /a 10
[6/1/2023 15:21:38] /a 10
[6/1/2023 15:21:38] /a 10
[6/1/2023 15:21:39] /a 10
[6/1/2023 15:21:39] /a 10
[6/1/2023 15:21:39] /a 10
[6/1/2023 15:21:39] /a 10
[6/1/2023 15:21:39] /a 10
[6/1/2023 15:21:39] /a 10
[6/1/2023 15:21:39] /a 10
[6/1/2023 15:21:39] /a 10
[6/1/2023 15:21:39] /a 10
[6/1/2023 15:21:40] /a 10
[6/1/2023 15:21:40] /a 10
[6/1/2023 15:21:40] /a 10
[6/1/2023 15:21:40] /a 10
[6/1/2023 15:21:40] /a 10
[6/1/2023 15:21:40] /a 10
[6/1/2023 15:21:40] /a 10
[6/1/2023 15:21:41] /a 10
[6/1/2023 15:21:41] /a 10
[6/1/2023 15:21:41] /a 10
[6/1/2023 15:21:41] /a 10
[6/1/2023 15:21:41] /a 10
[6/1/2023 15:21:41] /a 10
[6/1/2023 15:21:41] /a 10
[6/1/2023 15:21:41] /a 10
[6/1/2023 15:21:41] /a 10
[6/1/2023 15:21:41] /a 10
[6/1/2023 15:21:42] /a 10
[6/1/2023 15:21:42] /a 10
[6/1/2023 15:21:42] /a 10
[6/1/2023 15:21:42] /a 10
[6/1/2023 15:21:42] /a 10
[6/1/2023 15:21:42] /a 10
[6/1/2023 15:21:42] /a 10
[6/1/2023 15:21:42] /a 10
[6/1/2023 15:21:42] /a 10
[6/1/2023 15:21:43] /a 10
[6/1/2023 15:21:43] /a 10
[6/1/2023 15:21:43] /a 10
[6/1/2023 15:21:43] /a 10
[6/1/2023 15:21:43] /a 10
[6/1/2023 15:21:43] /a 10
[6/1/2023 15:21:43] /a 10
[6/1/2023 15:21:43] /a 10
[6/1/2023 15:21:43] /a 10
[6/1/2023 15:21:44] /a 10
[6/1/2023 15:21:44] /a 10
[6/1/2023 15:21:44] /a 10
[6/1/2023 15:21:44] /a 10
[6/1/2023 15:21:44] /a 10
[6/1/2023 15:21:44] /a 10
[6/1/2023 15:21:45] /a 10
[6/1/2023 15:21:45] /a 10
[6/1/2023 15:21:45] /a 10
[6/1/2023 15:21:45] /a 10
[6/1/2023 15:21:45] /a 10
[6/1/2023 15:21:45] /a 10
[6/1/2023 15:21:45] /a 10
[6/1/2023 15:21:46] /a 10
[6/1/2023 15:21:46] /a 10
[6/1/2023 15:21:46] /a 10
[6/1/2023 15:21:46] /a 10
[6/1/2023 15:21:47] /a 10
[6/1/2023 15:21:47] /a 10
[6/1/2023 15:21:47] /a 10
[6/1/2023 15:21:47] /a 10
[6/1/2023 15:21:47] /a 10
[6/1/2023 15:21:47] /a 10
[6/1/2023 15:21:47] /a 10
[6/1/2023 15:21:47] /a 10
[6/1/2023 15:21:47] /a 10
[6/1/2023 15:21:47] /a 10
[6/1/2023 15:21:48] /a 10
[6/1/2023 15:21:48] /a 10
[6/1/2023 15:21:48] /a 10
[6/1/2023 15:21:48] /a 10
[6/1/2023 15:21:48] /a 10
[6/1/2023 15:21:48] /a 10
[6/1/2023 15:21:48] /a 10
[6/1/2023 15:21:48] /a 10
[6/1/2023 15:21:48] /a 10
[6/1/2023 15:21:49] /a 10
[6/1/2023 15:21:49] /a 10
[6/1/2023 15:21:49] /a 10
[6/1/2023 15:21:49] /a 10
[6/1/2023 15:21:49] /a 10
[6/1/2023 15:21:49] /a 10
[6/1/2023 15:21:49] /a 10
[6/1/2023 15:21:49] /a 10
[6/1/2023 15:21:50] /a 10
[6/1/2023 15:21:50] /a 10
[6/1/2023 15:21:50] /a 10
[6/1/2023 15:21:50] /a 10
[6/1/2023 15:21:50] /a 10
[6/1/2023 15:21:50] /a 10
[6/1/2023 15:21:50] /a 10
[6/1/2023 15:21:50] /a 10
[6/1/2023 15:21:50] /a 10
[6/1/2023 15:21:50] /a 10
[6/1/2023 15:21:51] /a 10
[6/1/2023 15:21:51] /a 10
[6/1/2023 15:21:51] /a 10
[6/1/2023 15:21:51] /a 10
[6/1/2023 15:21:51] /a 10
[6/1/2023 15:21:51] /a 10
[6/1/2023 15:21:51] /a 10
[6/1/2023 15:21:51] /a 10
[6/1/2023 15:21:51] /a 10
[6/1/2023 15:21:52] /a 10
[6/1/2023 15:21:52] /a 10
[6/1/2023 15:21:52] /a 10
[6/1/2023 15:21:52] /a 10
[6/1/2023 15:21:52] /a 10
[6/1/2023 15:21:52] /a 10
[6/1/2023 15:21:52] /a 10
[6/1/2023 15:21:52] /a 10
[6/1/2023 15:21:52] /a 10
[6/1/2023 15:21:53] /a 10
[6/1/2023 15:21:53] /a 10
[6/1/2023 15:21:53] /a 10
[6/1/2023 15:21:53] /a 10
[6/1/2023 15:21:53] /a 10
[6/1/2023 15:21:54] /a 10
[6/1/2023 15:21:54] /a 10
[6/1/2023 15:21:54] /a 10
[6/1/2023 15:21:54] /a 10
[6/1/2023 15:21:54] /a 10
[6/1/2023 15:21:54] /a 10
[6/1/2023 15:21:55] /a 10
[6/1/2023 15:21:55] /a 10
[6/1/2023 15:21:55] /a 10
[6/1/2023 15:21:55] /a 10
[6/1/2023 15:21:55] /a 10
[6/1/2023 15:21:55] /a 10
[6/1/2023 15:21:55] /a 10
[6/1/2023 15:21:55] /a 10
[6/1/2023 15:21:55] /a 10
[6/1/2023 15:21:56] /a 10
[6/1/2023 15:21:56] /a 10
[6/1/2023 15:21:56] /a 10
[6/1/2023 15:21:56] /a 10
[6/1/2023 15:21:56] /a 10
[6/1/2023 15:21:56] /a 10
[6/1/2023 15:21:56] /a 10
[6/1/2023 15:21:56] /a 10
[6/1/2023 15:21:56] /a 10
[6/1/2023 15:21:57] /a 10
[6/1/2023 15:21:57] /a 10
[6/1/2023 15:21:57] /a 10
[6/1/2023 15:21:57] /a 10
[6/1/2023 15:21:57] /a 10
[6/1/2023 15:21:57] /a 10
[6/1/2023 15:21:57] /a 10
[6/1/2023 15:21:57] /a 10
[6/1/2023 15:21:57] /a 10
[6/1/2023 15:21:58] /a 10
[6/1/2023 15:21:58] /a 10
[6/1/2023 15:21:58] /a 10
[6/1/2023 15:21:58] /a 10
[6/1/2023 15:21:58] /a 10
[6/1/2023 15:21:58] /a 10
[6/1/2023 15:21:58] /a 10
[6/1/2023 15:21:59] /a 10
[6/1/2023 15:21:59] /a 10
[6/1/2023 15:21:59] /a 10
[6/1/2023 15:21:59] /a 10
[6/1/2023 15:21:59] /a 10
[6/1/2023 15:22:0] /a 10
[6/1/2023 15:22:0] /a 10
[6/1/2023 15:22:0] /a 10
[6/1/2023 15:22:0] /a 10
[6/1/2023 15:22:1] /a 10
[6/1/2023 15:22:1] /a 10
[6/1/2023 15:22:1] /a 10
[6/1/2023 15:22:1] /a 10
[6/1/2023 15:22:2] /a 10
[6/1/2023 15:22:2] /a 10
[6/1/2023 15:22:2] /a 10
[6/1/2023 15:22:2] /a 10
[6/1/2023 15:22:2] /a 10
[6/1/2023 15:22:3] /a 10
[6/1/2023 15:22:3] /a 10
[6/1/2023 15:22:3] /a 10
[6/1/2023 15:22:3] /a 10
[6/1/2023 15:22:3] /a 10
[6/1/2023 15:22:3] /a 10
[6/1/2023 15:22:3] /a 10
[6/1/2023 15:22:3] /a 10
[6/1/2023 15:22:4] /a 10
[6/1/2023 15:22:4] /a 10
[6/1/2023 15:22:4] /a 10
[6/1/2023 15:22:4] /a 10
[6/1/2023 15:22:4] /a 10
[6/1/2023 15:22:4] /a 10
[6/1/2023 15:22:4] /a 10
[6/1/2023 15:22:4] /a 10
[6/1/2023 15:22:4] /a 10
[6/1/2023 15:22:4] /a 10
[6/1/2023 15:22:5] /a 10
[6/1/2023 15:22:5] /a 10
[6/1/2023 15:22:5] /a 10
[6/1/2023 15:22:5] /a 10
[6/1/2023 15:22:5] /a 10
[6/1/2023 15:22:6] /a 10
[6/1/2023 15:22:6] /a 10
[6/1/2023 15:22:6] /a 10
[6/1/2023 15:22:6] /a 10
[6/1/2023 15:22:6] /a 10
[6/1/2023 15:22:6] /a 10
[6/1/2023 15:22:6] /a 10
[6/1/2023 15:22:6] /a 10
[6/1/2023 15:22:6] /a 10
[6/1/2023 15:22:6] /a 10
[6/1/2023 15:22:7] /a 10
[6/1/2023 15:22:7] /a 10
[6/1/2023 15:22:7] /a 10
[6/1/2023 15:22:7] /a 10
[6/1/2023 15:22:7] /a 10
[6/1/2023 15:22:7] /a 10
[6/1/2023 15:22:7] /a 10
[6/1/2023 15:22:7] /a 10
[6/1/2023 15:22:7] /a 10
[6/1/2023 15:22:8] /a 10
[6/1/2023 15:22:8] /a 10
[6/1/2023 15:22:8] /a 10
[6/1/2023 15:22:8] /a 10
[6/1/2023 15:22:8] /a 10
[6/1/2023 15:22:8] /a 10
[6/1/2023 15:22:8] /a 10
[6/1/2023 15:22:9] /a 10
[6/1/2023 15:22:9] /a 10
[6/1/2023 15:22:9] /a 10
[6/1/2023 15:22:9] /a 10
[6/1/2023 15:22:9] /a 10
[6/1/2023 15:22:9] /a 10
[6/1/2023 15:22:9] /a 10
[6/1/2023 15:22:9] /a 10
[6/1/2023 15:22:9] /a 10
[6/1/2023 15:22:10] /a 10
[6/1/2023 15:22:10] /a 10
[6/1/2023 15:22:10] /a 10
[6/1/2023 15:22:10] /a 10
[6/1/2023 15:22:10] /a 10
[6/1/2023 15:22:10] /a 10
[6/1/2023 15:22:10] /a 10
[6/1/2023 15:22:11] /a 10
[6/1/2023 15:22:11] /a 10
[6/1/2023 15:22:11] /a 10
[6/1/2023 15:22:11] /a 10
[6/1/2023 15:22:11] /a 10
[6/1/2023 15:22:11] /a 10
[6/1/2023 15:22:11] /a 10
[6/1/2023 15:22:11] /a 10
[6/1/2023 15:22:11] /a 10
[6/1/2023 15:22:12] /a 10
[6/1/2023 15:22:12] /a 10
[6/1/2023 15:22:12] /a 10
[6/1/2023 15:22:12] /a 10
[6/1/2023 15:22:12] /a 10
[6/1/2023 15:22:12] /a 10
[6/1/2023 15:22:12] /a 10
[6/1/2023 15:22:13] /a 10
[6/1/2023 15:22:13] /a 10
[6/1/2023 15:22:13] /a 10
[6/1/2023 15:22:13] /a 10
[6/1/2023 15:22:13] /a 10
[6/1/2023 15:22:13] /a 10
[6/1/2023 15:22:13] /a 10
[6/1/2023 15:22:13] /a 10
[6/1/2023 15:22:13] /a 10
[6/1/2023 15:22:13] /a 10
[6/1/2023 15:22:14] /a 10
[6/1/2023 15:22:14] /a 10
[6/1/2023 15:22:14] /a 10
[6/1/2023 15:22:14] /a 10
[6/1/2023 15:22:14] /a 10
[6/1/2023 15:22:14] /a 10
[6/1/2023 15:22:14] /a 10
[6/1/2023 15:22:15] /a 10
[6/1/2023 15:22:15] /a 10
[6/1/2023 15:22:15] /a 10
[6/1/2023 15:22:15] /a 10
[6/1/2023 15:22:15] /a 10
[6/1/2023 15:22:15] /a 10
[6/1/2023 15:22:15] /a 10
[6/1/2023 15:22:15] /a 10
[6/1/2023 15:22:15] /a 10
[6/1/2023 15:22:16] /a 10
[6/1/2023 15:22:16] /a 10
[6/1/2023 15:22:16] /a 10
[6/1/2023 15:22:16] /a 10
[6/1/2023 15:22:16] /a 10
[6/1/2023 15:22:16] /a 10
[6/1/2023 15:22:16] /a 10
[6/1/2023 15:22:17] /a 10
[6/1/2023 15:22:17] /a 10
[6/1/2023 15:22:17] /a 10
[6/1/2023 15:22:17] /a 10
[6/1/2023 15:22:17] /a 10
[6/1/2023 15:22:17] /a 10
[6/1/2023 15:22:17] /a 10
[6/1/2023 15:22:17] /a 10
[6/1/2023 15:22:17] /a 10
[6/1/2023 15:22:17] /a 10
[6/1/2023 15:22:18] /a 10
[6/1/2023 15:22:18] /a 10
[6/1/2023 15:22:18] /a 10
[6/1/2023 15:22:18] /a 10
[6/1/2023 15:22:18] /a 10
[6/1/2023 15:22:18] /a 10
[6/1/2023 15:22:18] /a 10
[6/1/2023 15:22:18] /a 10
[6/1/2023 15:22:18] /a 10
[6/1/2023 15:22:19] /a 10
[6/1/2023 15:22:19] /a 10
[6/1/2023 15:22:19] /a 10
[6/1/2023 15:22:19] /a 10
[6/1/2023 15:22:19] /a 10
[6/1/2023 15:22:19] /a 10
[6/1/2023 15:22:19] /a 10
[6/1/2023 15:22:19] /a 10
[6/1/2023 15:22:19] /a 10
[6/1/2023 15:22:20] /a 10
[6/1/2023 15:22:20] /a 10
[6/1/2023 15:22:20] /a 10
[6/1/2023 15:22:20] /a 10
[6/1/2023 15:22:20] /a 10
[6/1/2023 15:22:20] /a 10
[6/1/2023 15:22:20] /a 10
[6/1/2023 15:22:20] /a 10
[6/1/2023 15:22:20] /a 10
[6/1/2023 15:22:21] /a 10
[6/1/2023 15:22:21] /a 10
[6/1/2023 15:22:21] /a 10
[6/1/2023 15:22:21] /a 10
[6/1/2023 15:22:21] /a 10
[6/1/2023 15:22:22] /a 10
[6/1/2023 15:22:22] /a 10
[6/1/2023 15:22:22] /a 10
[6/1/2023 15:22:22] /a 10
[6/1/2023 15:22:23] /a 10
[6/1/2023 15:22:23] /a 10
[6/1/2023 15:22:23] /a 10
[6/1/2023 15:22:23] /a 10
[6/1/2023 15:22:23] /a 10
[6/1/2023 15:22:24] /a 10
[6/1/2023 15:22:24] /a 10
[6/1/2023 15:22:24] /a 10
[6/1/2023 15:22:24] /a 10
[6/1/2023 15:22:24] /a 10
[6/1/2023 15:22:24] /a 10
[6/1/2023 15:22:24] /a 10
[6/1/2023 15:22:24] /a 10
[6/1/2023 15:22:25] /a 10
[6/1/2023 15:22:25] /a 10
[6/1/2023 15:22:25] /a 10
[6/1/2023 15:22:25] /a 10
[6/1/2023 15:22:25] /a 10
[6/1/2023 15:22:25] /a 10
[6/1/2023 15:22:25] /a 10
[6/1/2023 15:22:26] /a 10
[6/1/2023 15:22:26] /a 10
[6/1/2023 15:22:26] /a 10
[6/1/2023 15:22:26] /a 10
[6/1/2023 15:22:26] /a 10
[6/1/2023 15:22:26] /a 10
[6/1/2023 15:22:26] /a 10
[6/1/2023 15:22:27] /a 10
[6/1/2023 15:22:27] /a 10
[6/1/2023 15:22:27] /a 10
[6/1/2023 15:22:27] /a 10
[6/1/2023 15:22:27] /a 10
[6/1/2023 15:22:27] /a 10
[6/1/2023 15:22:27] /a 10
[6/1/2023 15:22:27] /a 10
[6/1/2023 15:22:28] /a 10
[6/1/2023 15:22:28] /a 10
[6/1/2023 15:22:28] /a 10
[6/1/2023 15:22:28] /a 10
[6/1/2023 15:22:28] /a 10
[6/1/2023 15:22:28] /a 10
[6/1/2023 15:22:29] /a 10
[6/1/2023 15:22:29] /a 10
[6/1/2023 15:22:29] /a 10
[6/1/2023 15:22:29] /a 10
[6/1/2023 15:22:29] /a 10
[6/1/2023 15:22:29] /a 10
[6/1/2023 15:22:30] /a 10
[6/1/2023 15:22:30] /a 10
[6/1/2023 15:22:30] /a 10
[6/1/2023 15:22:30] /a 10
[6/1/2023 15:22:30] /a 10
[6/1/2023 15:22:30] /a 10
[6/1/2023 15:22:30] /a 10
[6/1/2023 15:22:30] /a 10
[6/1/2023 15:22:31] /a 10
[6/1/2023 15:22:31] /a 10
[6/1/2023 15:22:31] /a 10
[6/1/2023 15:22:31] /a 10
[6/1/2023 15:22:31] /a 10
[6/1/2023 15:22:31] /a 10
[6/1/2023 15:22:32] /a 10
[6/1/2023 15:22:32] /a 10
[6/1/2023 15:22:32] /a 10
[6/1/2023 15:22:32] /a 10
[6/1/2023 15:22:32] /a 10
[6/1/2023 15:22:32] /a 10
[6/1/2023 15:22:32] /a 10
[6/1/2023 15:22:32] /a 10
[6/1/2023 15:22:32] /a 10
[6/1/2023 15:22:33] /a 10
[6/1/2023 15:22:33] /a 10
[6/1/2023 15:22:33] /a 10
[6/1/2023 15:22:33] /a 10
[6/1/2023 15:22:33] /a 10
[6/1/2023 15:22:33] /a 10
[6/1/2023 15:22:33] /a 10
[6/1/2023 15:22:33] /a 10
[6/1/2023 15:22:33] /a 10
[6/1/2023 15:22:34] /a 10
[6/1/2023 15:22:34] /a 10
[6/1/2023 15:22:34] /a 10
[6/1/2023 15:22:34] /a 10
[6/1/2023 15:22:34] /a 10
[6/1/2023 15:22:34] /a 10
[6/1/2023 15:22:34] /a 10
[6/1/2023 15:22:34] /a 10
[6/1/2023 15:22:34] /a 10
[6/1/2023 15:22:35] /a 10
[6/1/2023 15:22:35] /a 10
[6/1/2023 15:22:35] /a 10
[6/1/2023 15:22:35] /a 10
[6/1/2023 15:22:35] /a 10
[6/1/2023 15:22:35] /a 10
[6/1/2023 15:22:36] /a 10
[6/1/2023 15:22:36] /a 10
[6/1/2023 15:22:36] /a 10
[6/1/2023 15:22:36] /a 10
[6/1/2023 15:22:37] /a 10
[6/1/2023 15:22:37] /a 10
[6/1/2023 15:22:37] /a 10
[6/1/2023 15:22:37] /a 10
[6/1/2023 15:22:38] /a 10
[6/1/2023 15:22:38] /a 10
[6/1/2023 15:22:38] /a 10
[6/1/2023 15:22:39] /a 10
[6/1/2023 15:22:39] /a 10
[6/1/2023 15:22:40] /a 10
[6/1/2023 15:22:40] /a 10
[6/1/2023 15:22:40] /a 10
[6/1/2023 15:22:41] /a 10
[6/1/2023 15:22:41] /a 10
[6/1/2023 15:22:41] /a 10
[6/1/2023 15:22:41] /a 10
[6/1/2023 15:22:43] /town thais
[6/1/2023 21:32:18] /goto tester
[6/1/2023 21:32:19] /i time ring
[6/1/2023 21:32:24] /i winged helmet
[6/1/2023 21:32:34] /i boots of haste
[6/1/2023 21:38:42] /town 1
[6/1/2023 21:38:57] /o 75
[6/1/2023 21:38:58] /t
[6/1/2023 21:38:59] /town 1
[6/1/2023 21:39:0] /town 2
[6/1/2023 21:39:1] /town 3
[6/1/2023 21:39:2] /town 2
[6/1/2023 21:39:3] /town 1
[6/1/2023 21:40:34] /c tester
[6/1/2023 21:40:37] /i paralyze rune
[6/1/2023 21:41:10] /s the oracle
[6/1/2023 21:41:13] /n the oracle
[6/1/2023 21:42:5] /reload spells
[6/1/2023 21:43:13] /town rookgaard
[6/1/2023 21:43:14] /town 11
[6/1/2023 21:43:15] /town 10
[6/1/2023 21:43:17] /town 9
[6/1/2023 21:43:21] /goto tester
[6/1/2023 21:43:32] /goto rook sample
[6/1/2023 21:43:34] /n the oracle
[6/1/2023 21:43:45] /addskill rook sample,level,7
[6/1/2023 21:43:52] /goto tester
[6/1/2023 21:43:54] /c rook~
[6/1/2023 21:44:48] /reload spells
[6/1/2023 21:45:29] /reload spells
[6/1/2023 21:45:38] /addskill tester,lvl
[6/1/2023 21:45:47] /i 6500
[6/1/2023 21:46:9] /i ultimate healing rune
[6/1/2023 21:46:47] /addskill kozak,lvl,200
[6/1/2023 21:47:0] /addskill rook sample,lvl,200
[6/1/2023 21:47:19] /addskill rook sample,mlvl,100
[6/1/2023 21:50:3] /i pot
[6/1/2023 21:50:9] /i pot
[6/1/2023 21:50:12] /i pot,5
[6/1/2023 21:50:20] /i pot,5
[6/1/2023 21:50:26] /i pot,5
[6/1/2023 21:50:27] /i pot,5
[6/1/2023 21:50:29] /i pot,5
[6/1/2023 21:50:31] /i pot,5
[6/1/2023 21:50:33] /i pot,5
[6/1/2023 21:50:50] /i pot,5
[6/1/2023 21:50:52] /i pot,5
[6/1/2023 21:50:53] /i pot,5
[6/1/2023 21:50:55] /i pot,5
[6/1/2023 21:50:56] /i pot,5
[6/1/2023 21:50:58] /i pot,5
[6/1/2023 21:50:59] /i pot,5
[6/1/2023 21:51:0] /i pot,5
[6/1/2023 21:51:4] /i pot,5
[6/1/2023 21:51:40] /reload actions
[6/1/2023 21:52:0] /reload actions
[6/1/2023 21:52:16] /i mana fluid
[6/1/2023 21:52:19] /i manafluid
[6/1/2023 21:52:22] /i vial of mana fluid
[6/1/2023 21:52:24] /i vial,6
[6/1/2023 21:52:24] /i vial,7
[6/1/2023 21:52:30] /i vial,7
[6/1/2023 21:53:58] /reload actions
[6/1/2023 21:54:7] /i vial,7
[6/1/2023 21:54:8] /i vial,7
[6/1/2023 21:54:9] /i vial,7
[6/1/2023 21:54:36] /reload actions
[6/1/2023 21:57:30] /reload actions
[6/1/2023 21:57:49] /c tester
[6/1/2023 21:57:57] /i dragon ham
[6/1/2023 21:58:53] /reload actions
[6/1/2023 21:59:0] /i meat
[6/1/2023 21:59:0] /i ham
[6/1/2023 21:59:2] /i blueberry
[6/1/2023 21:59:3] /i grape
[6/1/2023 22:1:30] /reload actions
[6/1/2023 22:3:8] /reload actions
[6/1/2023 22:3:29] /reload actions
[6/1/2023 22:4:4] /reload actions
[6/1/2023 22:4:56] /i 1213
[6/1/2023 22:5:37] /reload config
[6/1/2023 22:5:49] /i backpack
[6/1/2023 22:6:18] /reload actions
[6/1/2023 22:6:29] /c tester
[6/1/2023 22:6:30] /i 2668
[6/1/2023 22:6:42] /i fish
[6/1/2023 22:7:16] /reload actions
[6/1/2023 22:7:23] /m orc berserker
[6/1/2023 22:10:54] /reload actions
[6/1/2023 22:11:5] /a 10
[6/1/2023 22:11:5] /a 10
[6/1/2023 22:11:6] /a 10
[6/1/2023 22:11:6] /a 10
[6/1/2023 22:11:6] /a 10
[6/1/2023 22:11:9] /down
[6/1/2023 22:11:9] /i 7108
[6/1/2023 22:11:9] /i 7108
[6/1/2023 22:11:9] /i 7108
[6/1/2023 22:11:9] /a 10
[6/1/2023 22:11:9] /a 10
[6/1/2023 22:11:10] /a 10
[6/1/2023 22:11:10] /a 10
[6/1/2023 22:11:10] /a 10
[6/1/2023 22:11:10] /a 10
[6/1/2023 22:11:10] /a 10
[6/1/2023 22:11:10] /a 10
[6/1/2023 22:11:11] /a 10
[6/1/2023 22:11:11] /a 10
[6/1/2023 22:11:11] /a 10
[6/1/2023 22:11:12] /a 10
[6/1/2023 22:11:12] /a 10
[6/1/2023 22:11:12] /a 10
[6/1/2023 22:11:13] /a 10
[6/1/2023 22:11:13] /a 10
[6/1/2023 22:11:16] /a 10
[6/1/2023 22:11:16] /a 10
[6/1/2023 22:11:16] /a 10
[6/1/2023 22:11:17] /a 10
[6/1/2023 22:11:17] /a 10
[6/1/2023 22:11:17] /a 10
[6/1/2023 22:11:17] /a 10
[6/1/2023 22:11:18] /a 10
[6/1/2023 22:11:18] /a 10
[6/1/2023 22:11:18] /a 10
[6/1/2023 22:11:19] /a 10
[6/1/2023 22:11:19] /a 10
[6/1/2023 22:12:29] /reload actions
[6/1/2023 22:13:13] /reload actions
[6/1/2023 22:14:3] /reload actions
[6/1/2023 22:14:14] /storage Kozak,8033,-1
[6/1/2023 22:14:18] /storage Kozak,8033,-1
[6/1/2023 22:15:22] /reload actions
[6/1/2023 22:15:35] /storage Kozak,8033,-1
[6/1/2023 22:15:37] /storage Kozak,8033,-1
[6/1/2023 22:15:39] /storage Kozak,8033,-1
[6/1/2023 22:16:1] /reload actions
[6/1/2023 22:16:9] /storage Kozak,8033,-1
[6/1/2023 22:16:10] /storage Kozak,8033,-1
[6/1/2023 22:16:13] /storage Kozak,8033,-1
[6/1/2023 22:16:15] /storage Kozak,8033,-1
[6/1/2023 22:16:17] /storage Kozak,8033,-1
[6/1/2023 22:16:46] /reload actions
[6/1/2023 22:16:55] /storage Kozak,8033,-1
[6/1/2023 22:17:14] /reload actions
[6/1/2023 22:17:22] /storage Kozak,8033,-1
[6/1/2023 22:17:25] /storage Kozak,8033,-1
[6/1/2023 22:17:26] /storage Kozak,8033,-1
[6/1/2023 22:17:27] /storage Kozak,8033,-1
[6/1/2023 22:17:28] /storage Kozak,8033,-1
[6/1/2023 22:17:29] /storage Kozak,8033,-1
[6/1/2023 22:17:30] /storage Kozak,8033,-1
[6/1/2023 22:17:31] /storage Kozak,8033,-1
[6/1/2023 22:17:32] /storage Kozak,8033,-1
[6/1/2023 22:17:33] /storage Kozak,8033,-1
[6/1/2023 22:17:36] /storage Kozak,8033,-1
[6/1/2023 22:17:38] /storage Kozak,8033,-1
[6/1/2023 22:18:9] /down
[6/1/2023 22:18:10] /down
[6/1/2023 22:18:11] /down
[6/1/2023 22:18:11] /down
[6/1/2023 22:18:12] /down
[6/1/2023 22:18:13] /a 10
[6/1/2023 22:18:14] /a 10
[6/1/2023 22:18:14] /a 10
[6/1/2023 22:18:14] /a 10
[6/1/2023 22:18:14] /a 10
[6/1/2023 22:18:14] /a 10
[6/1/2023 22:18:14] /a 10
[6/1/2023 22:18:14] /a 10
[6/1/2023 22:23:10] /i assassin star
[6/1/2023 22:23:15] /m dragon
[6/1/2023 22:23:27] /addskill kozak,distance,100
[6/1/2023 22:23:28] /addskill kozak,distance,100
[6/1/2023 22:23:46] /addskill kozak,distance,100
[6/1/2023 22:23:58] /addskill kozak,mlvl
[6/1/2023 22:23:59] /addskill kozak,mlvl
[6/1/2023 22:24:0] /addskill kozak,mlvl
[6/1/2023 22:24:0] /addskill kozak,mlvl
[6/1/2023 22:24:0] /addskill kozak,mlvl
[6/1/2023 22:24:1] /addskill kozak,mlvl
[6/1/2023 22:24:1] /addskill kozak,mlvl
[6/1/2023 22:24:2] /addskill kozak,mlvl
[6/1/2023 22:24:2] /addskill kozak,mlvl
[6/1/2023 22:24:2] /addskill kozak,mlvl
[6/1/2023 22:24:3] /addskill kozak,mlvl
[6/1/2023 22:24:3] /addskill kozak,mlvl
[6/1/2023 22:24:3] /addskill kozak,mlvl
[6/1/2023 22:24:4] /addskill kozak,mlvl
[6/1/2023 22:24:4] /addskill kozak,mlvl
[6/1/2023 22:24:5] /addskill kozak,mlvl
[6/1/2023 22:24:5] /addskill kozak,mlvl
[6/1/2023 22:24:6] /addskill kozak,mlvl
[6/1/2023 22:24:8] /addskill kozak,mlvl
[6/1/2023 22:24:16] /goto tester
[6/1/2023 22:24:20] /addskill tester,shielding.25
[6/1/2023 22:24:30] /addskill kozak,shielding,25
[6/1/2023 22:24:39] /addskill kozak,mlvl,10
[6/1/2023 22:24:40] /addskill kozak,mlvl,10
[6/1/2023 22:24:47] /addskill kozak,club,199
[6/1/2023 22:24:48] /addskill kozak,club,199
[6/1/2023 22:24:53] /addskill kozak fist,100
[6/1/2023 22:24:59] /addskill kozak,fist,100
[6/1/2023 22:25:7] /addskill kozak,sword,100
[6/1/2023 22:25:11] /addskill kozak,axe,100
[6/1/2023 22:25:15] /addskill kozak,fishing,100
[6/1/2023 22:25:17] /addskill kozak,fishing,100
[6/1/2023 22:25:18] /addskill kozak,fishing,100
[6/1/2023 22:25:19] /addskill kozak,fishing,100
[6/1/2023 22:25:19] /addskill kozak,fishing,100
[6/1/2023 22:25:20] /addskill kozak,fishing,100
[6/1/2023 22:25:21] /addskill kozak,fishing,100
[6/1/2023 22:25:50] /addskill tester,sword,100
[6/1/2023 22:25:59] /addskill tester,axe,100
[6/1/2023 22:26:3] /addskill tester,club,100
[6/1/2023 22:26:7] /addskill tester,mlvl,100
[6/1/2023 22:26:9] /addskill tester,mlvl,100
[6/1/2023 22:26:13] /addskill tester,mlvl,100
[6/1/2023 22:26:16] /addskill tester,mlvl,100
[6/1/2023 22:28:20] /addskill tester,mlvl,100
[6/1/2023 22:28:23] /addskill tester,axe,100
[6/1/2023 22:31:30] /addskill kozak,axe
[6/1/2023 22:31:34] /addskill kozak,axe,1
[6/1/2023 22:31:35] /addskill kozak,axe,2
[6/1/2023 22:31:38] /addskill kozak,shileding
[6/1/2023 22:31:41] /addskill kozak,shielding
[6/1/2023 22:31:41] /addskill kozak,shielding
[6/1/2023 22:31:42] /addskill kozak,shielding
[6/1/2023 22:31:42] /addskill kozak,shielding
[6/1/2023 22:31:42] /addskill kozak,shielding
[6/1/2023 22:31:43] /addskill kozak,shielding
[6/1/2023 22:31:45] /addskill kozak,shielding
[6/1/2023 22:31:46] /addskill kozak,shielding
[6/1/2023 22:31:46] /addskill kozak,shielding
[6/1/2023 22:31:46] /addskill kozak,shielding
[6/1/2023 22:31:46] /addskill kozak,shielding
[6/1/2023 22:31:46] /addskill kozak,shielding
[6/1/2023 22:31:47] /addskill kozak,shielding
[6/1/2023 22:31:47] /addskill kozak,shielding
[6/1/2023 22:31:47] /addskill kozak,shielding
[6/1/2023 22:31:47] /addskill kozak,shielding
[6/1/2023 22:31:47] /addskill kozak,shielding
[6/1/2023 22:31:47] /addskill kozak,shielding
[6/1/2023 22:31:48] /addskill kozak,shielding
[6/1/2023 22:31:48] /addskill kozak,shielding
[6/1/2023 22:31:48] /addskill kozak,shielding
[6/1/2023 22:31:48] /addskill kozak,shielding
[6/1/2023 22:31:48] /addskill kozak,shielding
[6/1/2023 22:31:48] /addskill kozak,shielding
[6/1/2023 22:31:48] /addskill kozak,shielding
[6/1/2023 22:31:49] /addskill kozak,shielding
[6/1/2023 22:31:49] /addskill kozak,shielding
[6/1/2023 22:31:49] /addskill kozak,shielding
[6/1/2023 22:31:49] /addskill kozak,shielding
[6/1/2023 22:31:49] /addskill kozak,shielding
[6/1/2023 22:31:49] /addskill kozak,shielding
[6/1/2023 22:31:50] /addskill kozak,shielding
[6/1/2023 22:31:50] /addskill kozak,shielding
[6/1/2023 22:31:50] /addskill kozak,shielding
[6/1/2023 22:31:50] /addskill kozak,shielding
[6/1/2023 22:31:50] /addskill kozak,shielding
[6/1/2023 22:31:50] /addskill kozak,shielding
[6/1/2023 22:31:51] /addskill kozak,shielding
[6/1/2023 22:31:51] /addskill kozak,shielding
[6/1/2023 22:31:51] /addskill kozak,shielding
[6/1/2023 22:31:51] /addskill kozak,shielding
[6/1/2023 22:31:51] /addskill kozak,shielding
[6/1/2023 22:31:51] /addskill kozak,shielding
[6/1/2023 22:31:52] /addskill kozak,shielding
[6/1/2023 22:31:52] /addskill kozak,shielding
[6/1/2023 22:31:52] /addskill kozak,shielding
[6/1/2023 22:31:52] /addskill kozak,shielding
[6/1/2023 22:31:52] /addskill kozak,shielding
[6/1/2023 22:31:53] /addskill kozak,shielding
[6/1/2023 22:31:53] /addskill kozak,shielding
[6/1/2023 22:31:53] /addskill kozak,shielding
[6/1/2023 22:31:53] /addskill kozak,shielding
[6/1/2023 22:31:53] /addskill kozak,shielding
[6/1/2023 22:31:54] /addskill kozak,shielding
[6/1/2023 22:31:54] /addskill kozak,shielding
[6/1/2023 22:31:54] /addskill kozak,shielding
[6/1/2023 22:31:54] /addskill kozak,shielding
[6/1/2023 22:31:54] /addskill kozak,shielding
[6/1/2023 22:31:55] /addskill kozak,shielding
[6/1/2023 22:31:55] /addskill kozak,shielding
[6/1/2023 22:31:55] /addskill kozak,shielding
[6/1/2023 22:31:55] /addskill kozak,shielding
[6/1/2023 22:31:55] /addskill kozak,shielding
[6/1/2023 22:31:56] /addskill kozak,shielding
[6/1/2023 22:31:56] /addskill kozak,shielding
[6/1/2023 22:31:56] /addskill kozak,shielding
[6/1/2023 22:31:56] /addskill kozak,shielding
[6/1/2023 22:31:56] /addskill kozak,shielding
[6/1/2023 22:31:57] /addskill kozak,shielding
[6/1/2023 22:31:57] /addskill kozak,shielding
[6/1/2023 22:31:57] /addskill kozak,shielding
[6/1/2023 22:31:57] /addskill kozak,shielding
[6/1/2023 22:31:57] /addskill kozak,shielding
[6/1/2023 22:31:58] /addskill kozak,shielding
[6/1/2023 22:31:58] /addskill kozak,shielding
[6/1/2023 22:31:58] /addskill kozak,shielding
[6/1/2023 22:31:58] /addskill kozak,shielding
[6/1/2023 22:31:58] /addskill kozak,shielding
[6/1/2023 22:31:59] /addskill kozak,shielding
[6/1/2023 22:31:59] /addskill kozak,shielding
[6/1/2023 22:32:0] /addskill kozak,shielding
[6/1/2023 22:35:51] /addskill kozak,fist
[6/1/2023 22:36:13] /m dog
[6/1/2023 22:36:16] /m dog
[6/1/2023 22:36:20] /kick
[6/1/2023 22:36:22] /kick
[6/1/2023 22:36:23] /kick
[6/1/2023 22:36:25] /kick tester
[6/1/2023 22:36:34] /m dog
[6/1/2023 22:36:42] /kick tester
[6/1/2023 22:36:51] /m dog
[6/1/2023 22:36:51] /m dog
[6/1/2023 22:36:51] /m dog
[6/1/2023 22:36:52] /m dog
[6/1/2023 22:36:52] /m dog
[6/1/2023 22:36:56] /m dragon
[6/1/2023 22:37:8] /r
[6/1/2023 22:37:21] /addskill tester,distance
[6/1/2023 22:37:32] /m dragon
[6/1/2023 22:37:37] /r
[6/1/2023 22:37:38] /s demon
[6/1/2023 22:37:45] /save
[6/1/2023 22:38:1] /save
[6/1/2023 22:38:10] /addskill tester,distance
[6/1/2023 22:38:12] /addskill tester,distance
[6/1/2023 22:38:16] /a 10
[6/1/2023 22:38:16] /addskill tester,distance
[6/1/2023 22:38:19] /addskill tester,distance
[6/1/2023 22:38:19] /addskill tester,distance
[6/1/2023 22:38:19] /addskill tester,distance
[6/1/2023 22:38:19] /addskill tester,distance
[6/1/2023 22:38:19] /addskill tester,distance
[6/1/2023 22:38:20] /addskill tester,distance
[6/1/2023 22:38:20] /addskill tester,distance
[6/1/2023 22:38:20] /addskill tester,distance
[6/1/2023 22:38:20] /addskill tester,distance
[6/1/2023 22:38:20] /addskill tester,distance
[6/1/2023 22:38:20] /addskill tester,distance
[6/1/2023 22:38:20] /addskill tester,distance
[6/1/2023 22:38:23] /addskill tester,distance
[6/1/2023 22:38:24] /addskill tester,distance
[6/1/2023 22:38:24] /addskill tester,distance
[6/1/2023 22:38:24] /addskill tester,distance
[6/1/2023 22:38:24] /addskill tester,distance
[6/1/2023 22:38:24] /addskill tester,distance
[6/1/2023 22:38:24] /addskill tester,distance
[6/1/2023 22:38:24] /addskill tester,distance
[6/1/2023 22:38:24] /addskill tester,distance
[6/1/2023 22:38:24] /addskill tester,distance
[6/1/2023 22:38:25] /addskill tester,distance
[6/1/2023 22:38:25] /addskill tester,distance
[6/1/2023 22:38:25] /addskill tester,distance
[6/1/2023 22:38:25] /addskill tester,distance
[6/1/2023 22:38:25] /addskill tester,distance
[6/1/2023 22:38:25] /addskill tester,distance
[6/1/2023 22:38:25] /addskill tester,distance
[6/1/2023 22:38:25] /addskill tester,distance
[6/1/2023 22:38:27] /addskill tester,distance
[6/1/2023 22:38:27] /addskill tester,distance
[6/1/2023 22:38:27] /addskill tester,distance
[6/1/2023 22:38:27] /addskill tester,distance
[6/1/2023 22:38:27] /addskill tester,distance
[6/1/2023 22:38:27] /addskill tester,distance
[6/1/2023 22:38:27] /addskill tester,distance
[6/1/2023 22:38:27] /addskill tester,distance
[6/1/2023 22:38:27] /addskill tester,distance
[6/1/2023 22:38:28] /addskill tester,distance
[6/1/2023 22:38:28] /addskill tester,distance
[6/1/2023 22:38:28] /addskill tester,distance
[6/1/2023 22:38:28] /addskill tester,distance
[6/1/2023 22:38:28] /addskill tester,distance
[6/1/2023 22:38:28] /addskill tester,distance
[6/1/2023 22:38:28] /addskill tester,distance
[6/1/2023 22:38:28] /addskill tester,distance
[6/1/2023 22:38:28] /addskill tester,distance
[6/1/2023 22:38:28] /addskill tester,distance
[6/1/2023 22:38:29] /addskill tester,distance
[6/1/2023 22:38:29] /addskill tester,distance
[6/1/2023 22:38:29] /addskill tester,distance
[6/1/2023 22:38:30] /addskill tester,distance
[6/1/2023 22:38:30] /addskill tester,distance
[6/1/2023 22:38:30] /addskill tester,distance
[6/1/2023 22:38:30] /addskill tester,distance
[6/1/2023 22:38:30] /addskill tester,distance
[6/1/2023 22:38:39] /addskill tester,distance
[6/1/2023 22:38:43] /addskill tester,distance
[6/1/2023 22:38:46] /addskill tester,distance
[6/1/2023 22:38:46] /addskill tester,distance
[6/1/2023 22:38:47] /addskill tester,distance
[6/1/2023 22:38:52] /addskill tester,distance
[6/1/2023 22:38:52] /addskill tester,distance
[6/1/2023 22:38:53] /addskill tester,distance
[6/1/2023 22:38:56] /s demon
[6/1/2023 22:38:58] /addskill tester,distance
[6/1/2023 22:38:58] /addskill tester,distance
[6/1/2023 22:39:1] /addskill tester,distance
[6/1/2023 22:41:23] /addskill tester,axe,100
[6/1/2023 22:41:33] /addskill tester,club,100
[6/1/2023 22:41:37] /addskill tester,fist,100
[6/1/2023 22:41:41] /addskill tester,fist,100
[6/1/2023 22:41:51] /addskill tester,sword,200
[6/1/2023 22:47:54] /n the oracle
[6/1/2023 22:48:5] /c tester
[6/1/2023 22:48:11] /addskill tester,axe,100
[6/1/2023 22:48:13] /addskill tester,axe,100
[6/1/2023 22:48:15] /addskill tester,axe,100
[6/1/2023 22:48:16] /addskill tester,axe,100
[6/1/2023 22:48:17] /addskill tester,axe,100
[7/1/2023 12:40:38] /i 2006,7
[7/1/2023 12:40:58] /i trap
[7/1/2023 12:41:5] /i 2579
[7/1/2023 12:41:16] /s dog
[7/1/2023 12:41:58] /reload movements
[7/1/2023 12:42:2] /s dog
[7/1/2023 12:43:59] /reload talkactions
[7/1/2023 13:8:7] /i 5919
[11/1/2023 21:49:24] /town edron
[11/1/2023 21:51:6] /i 424
[11/1/2023 21:51:8] /i 424
[11/1/2023 21:51:9] /r
[11/1/2023 21:51:10] /r
[11/1/2023 21:51:10] /r
[11/1/2023 21:51:14] /r 432
[11/1/2023 21:51:17] /i 432
[11/1/2023 21:51:19] /i 432
[11/1/2023 21:51:26] /up
[11/1/2023 21:51:27] /up
[11/1/2023 21:51:37] /i 1385
[11/1/2023 21:51:41] /i 432
[11/1/2023 21:52:7] /up
[11/1/2023 21:56:31] /a 10
[11/1/2023 21:56:32] /a 10
[11/1/2023 21:56:32] /a 10
[11/1/2023 21:56:32] /a 10
[11/1/2023 21:56:32] /a 10
[11/1/2023 21:56:33] /a 10
[11/1/2023 21:56:33] /a 10
[11/1/2023 21:56:33] /a 10
[11/1/2023 21:56:41] /a 10
[11/1/2023 21:56:41] /a 10
[11/1/2023 21:56:42] /a 10
[11/1/2023 21:56:42] /a 10
[11/1/2023 21:57:10] /i 7122
[11/1/2023 21:57:11] /i 7108
[11/1/2023 21:57:15] /a 6
[11/1/2023 21:57:15] /a 6
[11/1/2023 21:57:15] /a 6
[11/1/2023 21:57:16] /a 6
[11/1/2023 21:57:17] /a 6
[11/1/2023 21:57:17] /a 6
[11/1/2023 21:57:17] /a 6
[11/1/2023 21:57:17] /a 6
[11/1/2023 21:57:18] /a 6
[11/1/2023 21:57:18] /a 6
[11/1/2023 21:57:19] /a 6
[11/1/2023 21:57:19] /a 6
[11/1/2023 21:58:3] /a 6
[11/1/2023 21:58:3] /a 6
[11/1/2023 21:58:3] /a 6
[11/1/2023 21:58:3] /a 6
[11/1/2023 21:58:4] /a 6
[11/1/2023 21:58:4] /a 6
[11/1/2023 21:58:4] /a 6
[11/1/2023 21:58:4] /a 6
[11/1/2023 21:58:4] /a 6
[11/1/2023 21:58:5] /a 6
[11/1/2023 21:58:5] /a 6
[11/1/2023 21:58:37] /a 6
[11/1/2023 21:58:38] /a 6
[11/1/2023 21:58:38] /a 6
[11/1/2023 21:58:38] /a 6
[11/1/2023 21:58:38] /a 6
[11/1/2023 21:58:39] /a 6
[11/1/2023 21:58:39] /a 6
[11/1/2023 21:58:40] /a 6
[11/1/2023 21:58:40] /a 6
[11/1/2023 21:58:40] /a 6
[11/1/2023 21:58:40] /a 6
[11/1/2023 21:58:41] /a 6
[11/1/2023 21:58:41] /a 6
[11/1/2023 21:58:41] /a 6
[11/1/2023 21:58:41] /a 6
[11/1/2023 21:59:14] /m rotworm
[11/1/2023 21:59:14] /a 6
[11/1/2023 21:59:14] /a 6
[11/1/2023 21:59:14] /a 6
[11/1/2023 21:59:14] /a 6
[11/1/2023 21:59:14] /a 6
[11/1/2023 21:59:14] /a 6
[11/1/2023 21:59:14] /a 6
[11/1/2023 21:59:14] /a 6
[11/1/2023 21:59:15] /a 6
[11/1/2023 21:59:15] /a 6
[11/1/2023 21:59:15] /a 6
[11/1/2023 21:59:15] /a 6
[11/1/2023 21:59:15] /a 6
[11/1/2023 21:59:15] /a 6
[11/1/2023 21:59:15] /a 6
[11/1/2023 21:59:15] /a 6
[11/1/2023 21:59:15] /a 6
[11/1/2023 21:59:15] /a 6
[11/1/2023 21:59:16] /a 6
[11/1/2023 21:59:16] /a 6
[11/1/2023 21:59:16] /a 6
[11/1/2023 21:59:16] /a 6
[11/1/2023 21:59:16] /a 6
[11/1/2023 21:59:16] /a 6
[11/1/2023 21:59:16] /a 6
[11/1/2023 21:59:16] /a 6
[11/1/2023 21:59:17] /a 6
[11/1/2023 21:59:17] /a 6
[11/1/2023 21:59:18] /a 6
[11/1/2023 22:0:2] /r
[11/1/2023 22:0:4] /r
[11/1/2023 22:0:7] /r
[11/1/2023 22:0:10] /r
[11/1/2023 22:0:12] /r
[11/1/2023 22:0:17] /r
[11/1/2023 22:0:19] /r
[11/1/2023 22:0:22] /t
[12/1/2023 12:17:42] /town edron
[12/1/2023 12:17:45] /a 6
[12/1/2023 12:17:45] /a 6
[12/1/2023 12:17:45] /a 6
[12/1/2023 12:17:45] /a 6
[12/1/2023 12:17:45] /a 6
[12/1/2023 12:17:45] /a 6
[12/1/2023 12:17:45] /a 6
[12/1/2023 12:17:46] /a 6
[12/1/2023 12:17:46] /a 6
[12/1/2023 12:17:46] /a 6
[12/1/2023 12:17:46] /a 6
[12/1/2023 12:17:46] /a 6
[12/1/2023 12:17:46] /a 6
[12/1/2023 12:17:46] /a 6
[12/1/2023 12:17:46] /a 6
[12/1/2023 12:17:46] /a 6
[12/1/2023 12:17:47] /a 6
[12/1/2023 12:17:48] /a 6
[12/1/2023 12:17:48] /a 6
[12/1/2023 12:17:48] /a 6
[12/1/2023 12:17:48] /a 6
[12/1/2023 12:17:48] /a 6
[12/1/2023 12:17:48] /a 6
[12/1/2023 12:17:48] /a 6
[12/1/2023 12:17:48] /a 6
[12/1/2023 12:17:49] /a 6
[12/1/2023 12:17:49] /a 6
[12/1/2023 12:17:49] /a 6
[12/1/2023 12:17:49] /a 6
[12/1/2023 12:17:49] /a 6
[12/1/2023 12:17:49] /a 6
[12/1/2023 12:17:49] /a 6
[12/1/2023 12:17:49] /a 6
[12/1/2023 12:17:49] /a 6
[12/1/2023 12:17:50] /a 6
[12/1/2023 12:17:50] /a 6
[12/1/2023 12:17:50] /a 6
[12/1/2023 12:17:50] /a 6
[12/1/2023 12:17:50] /a 6
[12/1/2023 12:17:50] /a 6
[12/1/2023 12:17:51] /a 6
[12/1/2023 12:17:52] /down
[12/1/2023 12:17:53] /down
[12/1/2023 12:17:53] /down
[12/1/2023 12:17:54] /down
[12/1/2023 12:17:54] /down
[12/1/2023 12:17:54] /a 6
[12/1/2023 12:17:55] /a 6
[12/1/2023 12:17:55] /a 6
[12/1/2023 12:17:55] /a 6
[12/1/2023 12:17:55] /a 6
[12/1/2023 12:17:55] /a 6
[12/1/2023 12:17:55] /a 6
[12/1/2023 12:17:55] /a 6
[12/1/2023 12:17:55] /a 6
[12/1/2023 12:17:56] /a 6
[12/1/2023 12:17:56] /a 6
[12/1/2023 12:17:56] /a 6
[12/1/2023 12:17:56] /a 6
[12/1/2023 12:17:57] /a 6
[12/1/2023 12:17:58] /a 6
[12/1/2023 12:17:59] /a 6
[12/1/2023 12:18:0] /a 6
[12/1/2023 12:18:0] /a 6
[12/1/2023 12:19:50] /pos
[12/1/2023 12:19:52] /pos
[12/1/2023 12:19:56] /pos
[12/1/2023 12:19:57] /pos
[12/1/2023 12:20:11] /up
[12/1/2023 12:20:12] /up
[12/1/2023 12:20:12] /up
[12/1/2023 12:20:13] /up
[12/1/2023 12:20:13] /up
[12/1/2023 12:20:17] /i 7108
[12/1/2023 12:20:17] /i 7122
[12/1/2023 12:20:18] /m rotworm
[12/1/2023 12:20:18] /a 6
[12/1/2023 12:20:20] /a 5
[12/1/2023 12:20:33] /a 6
[12/1/2023 12:20:34] /a 6
[12/1/2023 12:20:34] /a 6
[12/1/2023 12:20:35] /town thais
[12/1/2023 12:20:37] /town edrfon
[12/1/2023 12:20:39] /town edron
[12/1/2023 12:20:41] /up
[12/1/2023 12:20:42] /a 6
[12/1/2023 12:20:42] /a 6
[12/1/2023 12:20:42] /a 6
[12/1/2023 12:20:42] /a 6
[12/1/2023 12:20:43] /a 6
[12/1/2023 12:20:43] /a 6
[12/1/2023 12:20:43] /a 6
[12/1/2023 12:20:43] /a 6
[12/1/2023 12:20:43] /a 6
[12/1/2023 12:20:43] /a 6
[12/1/2023 12:20:43] /a 6
[12/1/2023 12:20:43] /a 6
[12/1/2023 12:20:43] /a 6
[12/1/2023 12:20:44] /a 6
[12/1/2023 12:20:44] /a 6
[12/1/2023 12:20:44] /a 6
[12/1/2023 12:20:44] /a 6
[12/1/2023 12:20:44] /a 6
[12/1/2023 12:20:44] /a 6
[12/1/2023 12:20:44] /a 6
[12/1/2023 12:20:44] /a 6
[12/1/2023 12:20:44] /a 6
[12/1/2023 12:20:44] /a 6
[12/1/2023 12:20:45] /a 6
[12/1/2023 12:20:45] /a 6
[12/1/2023 12:20:45] /a 6
[12/1/2023 12:20:45] /a 6
[12/1/2023 12:20:45] /a 6
[12/1/2023 12:20:45] /a 6
[12/1/2023 12:20:45] /a 6
[12/1/2023 12:20:45] /a 6
[12/1/2023 12:20:46] /a 6
[12/1/2023 12:20:46] /a 6
[12/1/2023 12:20:46] /a 6
[12/1/2023 12:20:46] /a 6
[12/1/2023 12:20:46] /a 6
[12/1/2023 12:20:46] /a 6
[12/1/2023 12:20:46] /a 6
[12/1/2023 12:20:46] /a 6
[12/1/2023 12:20:46] /a 6
[12/1/2023 12:20:46] /a 6
[12/1/2023 12:20:47] /a 6
[12/1/2023 12:20:47] /a 6
[12/1/2023 12:20:47] /a 6
[12/1/2023 12:20:47] /a 6
[12/1/2023 12:20:47] /a 6
[12/1/2023 12:20:47] /a 6
[12/1/2023 12:20:47] /a 6
[12/1/2023 12:20:47] /a 6
[12/1/2023 12:20:47] /a 6
[12/1/2023 12:20:48] /a 6
[12/1/2023 12:20:48] /a 6
[12/1/2023 12:20:48] /a 6
[12/1/2023 12:20:48] /a 6
[12/1/2023 12:20:48] /a 6
[12/1/2023 12:20:48] /a 6
[12/1/2023 12:20:48] /a 6
[12/1/2023 12:20:48] /a 6
[12/1/2023 12:20:49] /a 6
[12/1/2023 12:20:49] /a 6
[12/1/2023 12:20:49] /a 6
[12/1/2023 12:20:49] /a 6
[12/1/2023 12:20:49] /a 6
[12/1/2023 12:20:49] /a 6
[12/1/2023 12:20:49] /a 6
[12/1/2023 12:20:50] /a 6
[12/1/2023 12:20:50] /a 6
[12/1/2023 12:20:50] /a 6
[12/1/2023 12:20:50] /a 6
[12/1/2023 12:20:50] /a 6
[12/1/2023 12:20:50] /a 6
[12/1/2023 12:20:50] /a 6
[12/1/2023 12:20:50] /a 6
[12/1/2023 12:20:51] /a 6
[12/1/2023 12:20:51] /a 6
[12/1/2023 12:20:51] /a 6
[12/1/2023 12:20:51] /a 6
[12/1/2023 12:20:51] /a 6
[12/1/2023 12:20:51] /a 6
[12/1/2023 12:20:51] /a 6
[12/1/2023 12:20:52] /a 6
[12/1/2023 12:20:52] /a 6
[12/1/2023 12:20:52] /a 6
[12/1/2023 12:20:52] /a 6
[12/1/2023 12:20:52] /a 6
[12/1/2023 12:20:52] /a 6
[12/1/2023 12:20:52] /a 6
[12/1/2023 12:20:52] /a 6
[12/1/2023 12:20:53] /a 6
[12/1/2023 12:20:53] /a 6
[12/1/2023 12:20:53] /a 6
[12/1/2023 12:20:53] /a 6
[12/1/2023 12:20:53] /a 6
[12/1/2023 12:20:53] /a 6
[12/1/2023 12:20:53] /a 6
[12/1/2023 12:20:53] /a 6
[12/1/2023 12:20:54] /a 6
[12/1/2023 12:20:54] /a 6
[12/1/2023 12:20:54] /a 6
[12/1/2023 12:20:54] /a 6
[12/1/2023 12:20:54] /a 6
[12/1/2023 12:20:54] /a 6
[12/1/2023 12:20:55] /a 6
[12/1/2023 12:20:55] /a 6
[12/1/2023 12:20:55] /a 6
[12/1/2023 12:20:55] /a 6
[12/1/2023 12:20:55] /a 6
[12/1/2023 12:20:55] /a 6
[12/1/2023 12:20:55] /a 6
[12/1/2023 12:20:55] /a 6
[12/1/2023 12:20:56] /a 6
[12/1/2023 12:20:56] /a 6
[12/1/2023 12:20:56] /a 6
[12/1/2023 12:20:56] /a 6
[12/1/2023 12:20:56] /a 6
[12/1/2023 12:20:56] /a 6
[12/1/2023 12:20:56] /a 6
[12/1/2023 12:20:56] /a 6
[12/1/2023 12:20:56] /a 6
[12/1/2023 12:20:57] /a 6
[12/1/2023 12:20:57] /a 6
[12/1/2023 12:20:57] /a 6
[12/1/2023 12:20:57] /a 6
[12/1/2023 12:20:57] /a 6
[12/1/2023 12:20:57] /a 6
[12/1/2023 12:20:58] /a 6
[12/1/2023 12:20:58] /a 6
[12/1/2023 12:20:58] /a 6
[12/1/2023 12:20:58] /a 6
[12/1/2023 12:20:58] /a 6
[12/1/2023 12:20:58] /a 6
[12/1/2023 12:22:34] /goto 33214,31745,15
[12/1/2023 12:22:38] /pos
[12/1/2023 12:23:6] /up
[12/1/2023 12:25:12] /reload actions
[12/1/2023 12:26:23] /pos
[12/1/2023 12:28:14] /r
[12/1/2023 12:28:23] /r
[12/1/2023 12:41:57] /reload actions
[12/1/2023 12:42:35] /pos
[12/1/2023 12:44:5] /i fire field rune
[12/1/2023 12:44:25] /up
[12/1/2023 12:44:27] /pos
[12/1/2023 12:45:30] /reload actions
[12/1/2023 12:50:45] /reload actions
[12/1/2023 12:51:24] /reload actions
[12/1/2023 18:52:6] /town edron
[12/1/2023 18:53:21] /a 6
[12/1/2023 18:53:21] /a 6
[12/1/2023 18:53:21] /a 6
[12/1/2023 18:53:22] /a 6
[12/1/2023 18:53:22] /a 6
[12/1/2023 18:53:22] /a 6
[12/1/2023 18:53:22] /a 6
[12/1/2023 18:53:22] /a 6
[12/1/2023 18:53:22] /a 6
[12/1/2023 18:53:23] /a 6
[12/1/2023 18:53:23] /a 6
[12/1/2023 18:53:23] /a 6
[12/1/2023 18:53:23] /a 6
[12/1/2023 18:53:23] /a 6
[12/1/2023 18:53:23] /a 6
[12/1/2023 18:53:23] /a 6
[12/1/2023 18:53:24] /a 6
[12/1/2023 18:53:24] /a 6
[12/1/2023 18:53:24] /a 6
[12/1/2023 18:53:25] /a 6
[12/1/2023 18:53:25] /a 6
[12/1/2023 18:53:25] /a 6
[12/1/2023 18:53:25] /a 6
[12/1/2023 18:53:26] /a 6
[12/1/2023 18:53:28] /down
[12/1/2023 18:53:28] /a 6
[12/1/2023 18:53:29] /a 6
[12/1/2023 18:53:29] /a 6
[12/1/2023 18:53:29] /a 6
[12/1/2023 18:53:29] /a 6
[12/1/2023 18:53:29] /a 6
[12/1/2023 18:53:30] /a 6
[12/1/2023 18:53:30] /a 6
[12/1/2023 18:53:30] /a 6
[12/1/2023 18:53:31] /a 6
[12/1/2023 18:53:31] /a 6
[12/1/2023 18:53:32] /a 6
[12/1/2023 18:53:32] /a 6
[12/1/2023 18:53:32] /a 6
[12/1/2023 18:53:33] /a 6
[13/1/2023 16:49:2] /o 152
[13/1/2023 16:49:3] /o 151
[13/1/2023 16:49:4] /o 150
[13/1/2023 16:49:11] /o 150/m demon
[13/1/2023 16:49:13] /m demon
[13/1/2023 16:49:14] /m dragon
[13/1/2023 16:49:24] /o 150
[13/1/2023 16:50:0] /town 4
[13/1/2023 16:50:1] /town 11
[13/1/2023 16:50:2] /town 10
[13/1/2023 16:50:3] /town 9
[13/1/2023 16:50:4] /town 8
[13/1/2023 16:50:6] /town 7
[13/1/2023 16:50:8] /town 12
[13/1/2023 16:50:14] /pos
[13/1/2023 16:57:12] /a 6
[13/1/2023 16:57:13] /a 6
[13/1/2023 16:57:13] /a 6
[13/1/2023 16:57:13] /a 6
[13/1/2023 16:57:14] /a 6
[13/1/2023 16:57:14] /a 6
[13/1/2023 16:57:16] /r
[13/1/2023 16:57:17] /r
[13/1/2023 16:57:21] /i 1515
[13/1/2023 16:57:22] /i 1515
[13/1/2023 16:57:23] /i 1515
[13/1/2023 16:57:58] /o 75
[13/1/2023 17:3:46] /reload spells
[13/1/2023 17:5:1] /reload actions
[13/1/2023 17:5:17] /reload actions
[13/1/2023 17:5:35] /goto edron
[13/1/2023 17:5:38] /town edron
[13/1/2023 17:5:41] /up
[13/1/2023 17:5:41] /a 6
[13/1/2023 17:5:42] /a 6
[13/1/2023 17:5:42] /a 6
[13/1/2023 17:5:42] /a 6
[13/1/2023 17:5:42] /a 6
[13/1/2023 17:5:42] /a 6
[13/1/2023 17:5:42] /a 6
[13/1/2023 17:5:42] /a 6
[13/1/2023 17:5:42] /a 6
[13/1/2023 17:5:42] /a 6
[13/1/2023 17:5:43] /a 6
[13/1/2023 17:5:43] /a 6
[13/1/2023 17:5:43] /a 6
[13/1/2023 17:5:43] /a 6
[13/1/2023 17:5:43] /a 6
[13/1/2023 17:5:43] /a 6
[13/1/2023 17:5:43] /a 6
[13/1/2023 17:5:43] /a 6
[13/1/2023 17:5:43] /a 6
[13/1/2023 17:5:44] /a 6
[13/1/2023 17:5:44] /a 6
[13/1/2023 17:5:44] /a 6
[13/1/2023 17:5:44] /a 6
[13/1/2023 17:5:44] /a 6
[13/1/2023 17:5:44] /a 6
[13/1/2023 17:5:44] /a 6
[13/1/2023 17:5:45] /a 6
[13/1/2023 17:5:45] /a 6
[13/1/2023 17:5:45] /a 6
[13/1/2023 17:5:45] /a 6
[13/1/2023 17:5:46] /a 6
[13/1/2023 17:5:46] /a 6
[13/1/2023 17:5:46] /a 6
[13/1/2023 17:5:47] /a 6
[13/1/2023 17:5:47] /a 6
[13/1/2023 17:5:47] /a 6
[13/1/2023 17:5:47] /a 6
[13/1/2023 17:5:47] /a 6
[13/1/2023 17:5:47] /a 6
[13/1/2023 17:5:48] /a 6
[13/1/2023 17:5:48] /a 6
[13/1/2023 17:5:48] /a 6
[13/1/2023 17:5:48] /a 6
[13/1/2023 17:5:49] /a 6
[13/1/2023 17:5:49] /a 6
[13/1/2023 17:5:51] /down
[13/1/2023 17:5:55] /down
[13/1/2023 17:5:55] /down
[13/1/2023 17:5:56] /down
[13/1/2023 17:5:56] /down
[13/1/2023 17:5:56] /down
[13/1/2023 17:5:56] /down
[13/1/2023 17:5:56] /down
[13/1/2023 17:5:56] /down
[13/1/2023 17:5:57] /a 6
[13/1/2023 17:5:57] /a 6
[13/1/2023 17:5:58] /a 6
[13/1/2023 17:5:58] /m rotworm
[13/1/2023 17:5:58] /i 7122
[13/1/2023 17:5:58] /a 6
[13/1/2023 17:5:59] /a 6
[13/1/2023 17:6:0] /up
[13/1/2023 17:6:1] /a 6
[13/1/2023 17:6:1] /a 6
[13/1/2023 17:6:1] /a 6
[13/1/2023 17:6:1] /a 6
[13/1/2023 17:6:2] /a 6
[13/1/2023 17:6:2] /a 6
[13/1/2023 17:6:2] /a 6
[13/1/2023 17:6:2] /a 6
[13/1/2023 17:6:2] /a 6
[13/1/2023 17:6:2] /a 6
[13/1/2023 17:6:3] /a 6
[13/1/2023 17:6:3] /a 6
[13/1/2023 17:6:3] /a 6
[13/1/2023 17:6:3] /a 6
[13/1/2023 17:6:3] /a 6
[13/1/2023 17:6:3] /a 6
[13/1/2023 17:6:4] /a 6
[13/1/2023 17:6:4] /a 6
[13/1/2023 17:6:4] /a 6
[13/1/2023 17:6:4] /a 6
[13/1/2023 17:6:4] /a 6
[13/1/2023 17:6:5] /a 6
[13/1/2023 17:6:5] /a 6
[13/1/2023 17:6:5] /a 6
[13/1/2023 17:6:5] /a 6
[13/1/2023 17:6:5] /a 6
[13/1/2023 17:6:6] /a 6
[13/1/2023 17:6:6] /a 6
[13/1/2023 17:6:6] /a 6
[13/1/2023 17:6:6] /a 6
[13/1/2023 17:6:6] /a 6
[13/1/2023 17:6:6] /a 6
[13/1/2023 17:6:6] /a 6
[13/1/2023 17:6:7] /down
[13/1/2023 17:6:8] /a 6
[13/1/2023 17:6:8] /a 6
[13/1/2023 17:6:8] /a 6
[13/1/2023 17:6:8] /a 6
[13/1/2023 17:6:9] /a 6
[13/1/2023 17:6:9] /a 6
[13/1/2023 17:6:9] /a 6
[13/1/2023 17:6:9] /a 6
[13/1/2023 17:6:9] /a 6
[13/1/2023 17:6:9] /a 6
[13/1/2023 17:6:9] /a 6
[13/1/2023 17:6:9] /a 6
[13/1/2023 17:6:10] /a 6
[13/1/2023 17:6:10] /a 6
[13/1/2023 17:6:10] /a 6
[13/1/2023 17:6:11] /up
[13/1/2023 17:6:11] /up
[13/1/2023 17:6:12] /a 6
[13/1/2023 17:6:12] /a 6
[13/1/2023 17:6:12] /a 6
[13/1/2023 17:6:12] /a 6
[13/1/2023 17:6:13] /a 6
[13/1/2023 17:6:13] /a 6
[13/1/2023 17:6:13] /a 6
[13/1/2023 17:6:13] /a 6
[13/1/2023 17:6:13] /a 6
[13/1/2023 17:6:13] /a 6
[13/1/2023 17:6:13] /a 6
[13/1/2023 17:6:13] /a 6
[13/1/2023 17:6:13] /a 6
[13/1/2023 17:6:14] /a 6
[13/1/2023 17:6:14] /a 6
[13/1/2023 17:6:14] /a 6
[13/1/2023 17:6:14] /a 6
[13/1/2023 17:6:14] /a 6
[13/1/2023 17:6:14] /a 6
[13/1/2023 17:6:14] /a 6
[13/1/2023 17:6:14] /a 6
[13/1/2023 17:6:14] /a 6
[13/1/2023 17:6:15] /a 6
[13/1/2023 17:6:15] /a 6
[13/1/2023 17:6:15] /a 6
[13/1/2023 17:6:15] /a 6
[13/1/2023 17:6:15] /a 6
[13/1/2023 17:6:16] /a 6
[13/1/2023 17:6:16] /a 6
[13/1/2023 17:6:16] /a 6
[13/1/2023 17:6:17] /a 6
[13/1/2023 17:6:17] /a 6
[13/1/2023 17:6:17] /a 6
[13/1/2023 17:6:18] /a 6/a 25
[13/1/2023 17:6:21] /up
[13/1/2023 17:6:21] /a 6
[13/1/2023 17:6:21] /a 6
[13/1/2023 17:6:22] /a 6
[13/1/2023 17:6:22] /a 6
[13/1/2023 17:6:22] /a 6
[13/1/2023 17:6:22] /a 6
[13/1/2023 17:6:22] /a 6
[13/1/2023 17:6:22] /a 6
[13/1/2023 17:6:22] /a 6
[13/1/2023 17:6:22] /a 6
[13/1/2023 17:6:23] /a 6
[13/1/2023 17:6:23] /a 6
[13/1/2023 17:6:23] /a 6
[13/1/2023 17:6:23] /a 6
[13/1/2023 17:6:23] /a 6
[13/1/2023 17:6:23] /a 6
[13/1/2023 17:6:23] /a 6
[13/1/2023 17:6:24] /a 6
[13/1/2023 17:6:24] /a 6
[13/1/2023 17:6:26] /a 6
[13/1/2023 17:6:26] /a 6
[13/1/2023 17:6:26] /a 6
[13/1/2023 17:6:26] /a 6
[13/1/2023 17:6:26] /a 6
[13/1/2023 17:6:26] /a 6
[13/1/2023 17:6:27] /down
[13/1/2023 17:6:28] /down
[13/1/2023 17:6:28] /down
[13/1/2023 17:6:29] /a 6
[13/1/2023 17:6:29] /a 6
[13/1/2023 17:6:29] /a 6
[13/1/2023 17:6:30] /a 6
[13/1/2023 17:6:30] /a 6
[13/1/2023 17:6:30] /a 6
[13/1/2023 17:6:31] /a 6
[13/1/2023 17:6:32] /a 6
[13/1/2023 17:6:33] /a 6
[13/1/2023 17:6:34] /a 6
[13/1/2023 17:6:34] /a 6
[13/1/2023 17:6:34] /a 6
[13/1/2023 17:6:34] /a 6
[13/1/2023 17:6:34] /a 6
[13/1/2023 17:6:34] /a 6
[13/1/2023 17:6:34] /a 6
[13/1/2023 17:6:35] /a 6
[13/1/2023 17:6:35] /a 6
[13/1/2023 17:6:35] /a 6
[13/1/2023 17:6:35] /a 6
[13/1/2023 17:6:35] /a 6
[13/1/2023 17:6:36] /a 6
[13/1/2023 17:6:36] /a 6
[13/1/2023 17:6:36] /a 6
[13/1/2023 17:6:36] /a 6
[13/1/2023 17:6:37] /a 6
[13/1/2023 17:6:37] /a 6
[13/1/2023 17:6:37] /a 6
[13/1/2023 17:6:37] /a 6
[13/1/2023 17:6:37] /a 6
[13/1/2023 17:6:38] /a 6
[13/1/2023 17:6:38] /a 6
[13/1/2023 17:6:39] /a 6
[13/1/2023 17:6:39] /a 6
[13/1/2023 17:6:39] /a 6
[13/1/2023 17:6:40] /a 6
[13/1/2023 17:6:40] /a 6
[13/1/2023 17:6:40] /a 6
[13/1/2023 17:6:40] /a 6
[13/1/2023 17:6:40] /a 6
[13/1/2023 17:6:41] /a 6
[13/1/2023 17:6:41] /a 6
[13/1/2023 17:6:42] /a 6
[13/1/2023 17:7:9] /reload actions
[13/1/2023 17:8:6] /town 12
[13/1/2023 17:8:10] /town 12
[13/1/2023 17:8:11] /r
[13/1/2023 17:8:13] /r
[13/1/2023 17:10:39] /reload mods
[13/1/2023 17:14:4] /c easd
[13/1/2023 17:14:27] /storage Easd,60001
[13/1/2023 17:14:30] /storage Easd,60001,0
[13/1/2023 17:14:35] /kick easdd
[13/1/2023 17:14:41] /kick easd
[13/1/2023 17:14:45] /storage Easd,60001,0
[13/1/2023 17:15:4] /c rat
[13/1/2023 17:15:4] /c rat
[13/1/2023 17:15:5] /c rat
[13/1/2023 17:15:9] /m rat
[13/1/2023 17:15:9] /m rat
[13/1/2023 17:15:10] /m rat
[13/1/2023 17:15:10] /m rat
[13/1/2023 17:15:20] /m snake
[13/1/2023 17:15:36] /m orc shaman
[13/1/2023 17:15:51] /r
[13/1/2023 17:15:58] /m spider
[13/1/2023 17:15:59] /m spider
[13/1/2023 17:15:59] /m spider
[13/1/2023 17:16:17] /m spider
[13/1/2023 17:16:48] /a 6
[13/1/2023 17:16:48] /a 6
[13/1/2023 17:16:48] /a 6
[13/1/2023 17:16:49] /a 6
[13/1/2023 17:16:49] /a 6
[13/1/2023 17:16:49] /a 6
[13/1/2023 17:16:49] /a 6
[13/1/2023 17:16:50] /a 6
[13/1/2023 17:16:50] /a 6
[13/1/2023 17:16:50] /a 6
[13/1/2023 17:16:50] /a 6
[13/1/2023 17:16:50] /a 6
[13/1/2023 17:16:50] /a 6
[13/1/2023 17:16:51] /a 6
[13/1/2023 17:16:51] /a 6
[13/1/2023 17:16:51] /a 6
[13/1/2023 17:16:52] /a 6
[13/1/2023 17:16:52] /a 6
[13/1/2023 17:16:52] /a 6
[13/1/2023 17:16:52] /a 6
[13/1/2023 17:16:53] /a 6
[13/1/2023 17:16:54] /a 6
[13/1/2023 17:16:56] /c easd
[13/1/2023 17:17:1] /town 12
[13/1/2023 17:17:3] /c easd
[13/1/2023 17:17:5] /m rotworm
[13/1/2023 17:20:18] /addskill easd,lvl
[13/1/2023 17:20:20] /addskill easd,lvl
[13/1/2023 17:20:21] /addskill easd,lvl
[13/1/2023 17:20:25] /n the oracle
[13/1/2023 17:20:46] /goto easd
[13/1/2023 17:20:56] /addskill easd,mlvl,20
[13/1/2023 17:20:59] /i great fireball rune
[13/1/2023 17:21:11] /m rotworm
[13/1/2023 17:21:11] /m rotworm
[13/1/2023 17:21:11] /m rotworm
[13/1/2023 17:21:11] /m rotworm
[13/1/2023 17:21:12] /m rotworm
[13/1/2023 17:21:12] /m rotworm
[13/1/2023 17:21:12] /m rotworm
[13/1/2023 17:21:12] /m rotworm
[13/1/2023 17:21:25] /m rotworm
[13/1/2023 17:21:26] /m rotworm
[13/1/2023 17:21:26] /m rotworm
[13/1/2023 17:21:26] /m rotworm
[13/1/2023 17:21:26] /m rotworm
[13/1/2023 17:21:26] /m rotworm
[13/1/2023 17:21:33] /m rotworm
[13/1/2023 17:21:36] /m rotworm
[13/1/2023 17:21:36] /m rotworm
[13/1/2023 17:21:36] /m rotworm
[13/1/2023 17:21:36] /m rotworm
[13/1/2023 17:21:36] /m rotworm
[13/1/2023 17:21:36] /m rotworm
[13/1/2023 17:21:36] /m rotworm
[13/1/2023 17:21:36] /m rotworm
[13/1/2023 17:21:47] /m rotworm
[13/1/2023 17:21:47] /m rotworm
[13/1/2023 17:21:47] /m rotworm
[13/1/2023 17:21:47] /m rotworm
[13/1/2023 17:21:48] /m rotworm
[13/1/2023 17:21:48] /m rotworm
[13/1/2023 17:21:48] /m rotworm
[13/1/2023 17:21:48] /m rotworm
[13/1/2023 17:21:48] /m rotworm
[13/1/2023 17:21:49] /m rotworm
[13/1/2023 17:21:50] /m rotworm
[13/1/2023 17:21:50] /m rotworm
[13/1/2023 17:21:50] /m rotworm
[13/1/2023 17:21:50] /m rotworm
[13/1/2023 17:21:50] /m rotworm
[13/1/2023 17:21:50] /m rotworm
[13/1/2023 17:21:50] /m rotworm
[13/1/2023 17:21:50] /m rotworm
[13/1/2023 17:21:50] /m rotworm
[13/1/2023 17:21:51] /m rotworm
[13/1/2023 17:21:51] /m rotworm
[13/1/2023 17:22:8] /m rotworm
[13/1/2023 17:22:8] /m rotworm
[13/1/2023 17:22:8] /m rotworm
[13/1/2023 17:22:8] /m rotworm
[13/1/2023 17:22:8] /m rotworm
[13/1/2023 17:22:9] /m rotworm
[13/1/2023 17:22:9] /m rotworm
[13/1/2023 17:22:9] /m rotworm
[13/1/2023 17:22:9] /m rotworm
[13/1/2023 17:22:9] /m rotworm
[13/1/2023 17:22:9] /m rotworm
[13/1/2023 17:22:9] /m rotworm
[13/1/2023 17:22:9] /m rotworm
[13/1/2023 17:22:9] /m rotworm
[13/1/2023 17:22:10] /m rotworm
[13/1/2023 17:22:10] /m rotworm
[13/1/2023 17:22:10] /m rotworm
[13/1/2023 17:22:10] /m rotworm
[13/1/2023 17:22:10] /m rotworm
[13/1/2023 17:22:10] /m rotworm
[13/1/2023 17:22:10] /m rotworm
[13/1/2023 17:22:10] /m rotworm
[13/1/2023 17:22:10] /m rotworm
[13/1/2023 17:22:10] /m rotworm
[13/1/2023 17:22:11] /m rotworm
[13/1/2023 17:22:11] /m rotworm
[13/1/2023 17:22:11] /m rotworm
[13/1/2023 17:22:11] /m rotworm
[13/1/2023 17:22:11] /m rotworm
[13/1/2023 17:22:11] /m rotworm
[13/1/2023 17:22:11] /m rotworm
[13/1/2023 17:22:11] /m rotworm
[13/1/2023 17:22:11] /m rotworm
[13/1/2023 17:22:12] /m rotworm
[13/1/2023 17:22:12] /m rotworm
[13/1/2023 17:22:12] /m rotworm
[13/1/2023 17:22:12] /m rotworm
[13/1/2023 17:22:12] /m rotworm
[13/1/2023 17:22:12] /m rotworm
[13/1/2023 17:22:12] /m rotworm
[13/1/2023 17:22:12] /m rotworm
[13/1/2023 17:22:12] /m rotworm
[13/1/2023 17:22:13] /m rotworm
[13/1/2023 17:22:13] /m rotworm
[13/1/2023 17:22:13] /m rotworm
[13/1/2023 17:22:13] /m rotworm
[13/1/2023 17:22:13] /m rotworm
[13/1/2023 17:22:13] /m rotworm
[13/1/2023 17:22:13] /m rotworm
[13/1/2023 17:22:13] /m rotworm
[13/1/2023 17:22:13] /m rotworm
[13/1/2023 17:22:29] /m rotworm
[13/1/2023 17:22:30] /m rotworm
[13/1/2023 17:22:30] /m rotworm
[13/1/2023 17:22:30] /m rotworm
[13/1/2023 17:22:30] /m rotworm
[13/1/2023 17:22:30] /m rotworm
[13/1/2023 17:22:53] /storage easd,60001
[13/1/2023 17:22:55] /storage easd,60002
[13/1/2023 17:23:29] /storage easd,60001,1
[13/1/2023 17:23:38] /storage easd,60002,29
[13/1/2023 17:23:40] /storage easd,60001
[13/1/2023 17:23:42] /storage easd,60002
[13/1/2023 17:23:48] /m rotworm
[13/1/2023 17:23:48] /m rotworm
[13/1/2023 17:23:48] /m rotworm
[13/1/2023 17:23:48] /m rotworm
[13/1/2023 17:23:48] /m rotworm
[13/1/2023 17:23:49] /m rotworm
[13/1/2023 17:23:49] /m rotworm
[13/1/2023 17:23:49] /m rotworm
[13/1/2023 17:23:49] /m rotworm
[13/1/2023 17:24:12] /storage easd,60002,8
[13/1/2023 17:24:13] /storage easd,60001
[13/1/2023 17:24:16] /storage easd,60001,1
[13/1/2023 17:24:19] /m rotworm
[13/1/2023 17:24:19] /m rotworm
[13/1/2023 17:24:19] /m rotworm
[13/1/2023 17:24:19] /m rotworm
[13/1/2023 17:24:20] /m rotworm
[13/1/2023 17:24:20] /m rotworm
[13/1/2023 17:24:20] /m rotworm
[13/1/2023 17:24:20] /m rotworm
[13/1/2023 17:25:49] /kick easd
[13/1/2023 17:26:14] /goto different
[13/1/2023 17:26:41] /addskill Different,lvlm7
[13/1/2023 17:26:46] /addskill Different,lvl
[13/1/2023 17:26:48] /addskill Different,lvl
[13/1/2023 17:26:48] /addskill Different,lvl
[13/1/2023 17:26:49] /addskill Different,lvl
[13/1/2023 17:26:49] /addskill Different,lvl
[13/1/2023 17:26:50] /addskill Different,lvl
[13/1/2023 17:27:0] /goto different
[13/1/2023 17:27:4] /addskill different,lvl,12
[13/1/2023 17:27:9] /addskill different,lvl,12
[13/1/2023 17:27:13] /addskill different,lvl,12
[13/1/2023 17:27:15] /addskill different,lvl,12
