[3/4/2021 6:56:36] /goto ziemniaczek
[3/4/2021 6:57:1] /goto ziemniaczek
[3/4/2021 6:58:25] /goto ziemniaczek
[3/4/2021 6:58:47] /goto ziemniaczek
[3/4/2021 6:58:52] /goto ziemniaczek
[3/4/2021 6:58:55] /goto ero
[3/4/2021 6:58:57] /goto ziemniaczek
[3/4/2021 6:58:57] /goto ero
[3/4/2021 6:58:58] /goto ziemniaczek
[3/4/2021 6:58:59] /goto ero
[3/4/2021 6:59:1] /goto ziemniaczek
[3/4/2021 6:59:3] /goto ero
[3/4/2021 6:59:39] /goto ero
[3/4/2021 7:0:7] /goto grim reaper
[3/4/2021 7:1:9] /goto grim reaper
[3/4/2021 7:1:12] /goto pyrka leci
[3/4/2021 7:2:28] /goto ero
[3/4/2021 7:2:33] /goto ziemniak
[3/4/2021 7:2:41] /goto ero
[3/4/2021 7:2:44] /goto ziemniaczek
[3/4/2021 7:2:51] /goto pyrka leci
[3/4/2021 7:2:59] /goto pyrka leci
[3/4/2021 7:3:1] /goto ziemniaczek
[3/4/2021 7:3:3] /goto pyrka leci
[3/4/2021 7:3:4] /goto pyrka leci
[3/4/2021 7:3:9] /goto pyrka leci
[3/4/2021 7:3:11] /goto pyrka leci
[3/4/2021 7:3:14] /goto opiki do boju
[3/4/2021 7:3:15] /goto pyrka leci
[3/4/2021 7:3:36] /goto warlock
[3/4/2021 7:3:44] /goto pyrka leci
[3/4/2021 7:3:52] /goto warlock
[3/4/2021 7:3:55] /goto pyrka leci
[3/4/2021 7:4:6] /goto pyrka leci
[3/4/2021 7:4:43] /goto gm opikk
[3/4/2021 7:5:4] /goto pyrka leci
[3/4/2021 7:5:16] /goto Nah'bob
[3/4/2021 7:5:24] /goto pyrka leci
[3/4/2021 7:5:26] /goto Nah'bob
[3/4/2021 7:5:53] /goto pyrka leci
[3/4/2021 7:5:55] /goto pyrka leci
[3/4/2021 7:6:7] /goto haroun
[3/4/2021 7:6:8] /goto haroun
[3/4/2021 7:6:16] /goto pyrka leci
[3/4/2021 7:6:18] /goto haroun
[3/4/2021 7:6:19] /goto haroun
[3/4/2021 7:6:20] /goto haroun
[3/4/2021 7:6:20] /goto haroun
[3/4/2021 7:6:21] /goto haroun
[3/4/2021 7:6:28] /goto haroun
[3/4/2021 7:6:28] /goto haroun
[3/4/2021 7:6:29] /goto haroun
[3/4/2021 7:6:30] /goto haroun
[3/4/2021 7:6:33] /goto pyrka leci
[3/4/2021 7:6:48] /goto pyrka leci
[3/4/2021 7:7:7] /goto ziemniaczek
[3/4/2021 7:7:14] /goto ziemniaczek
[3/4/2021 7:7:24] /goto ziemniaczek
[3/4/2021 7:7:30] /goto ziemniaczek
[3/4/2021 7:7:32] /goto ziemniaczek
[3/4/2021 7:7:33] /goto ziemniaczek
[3/4/2021 7:7:33] /goto ziemniaczek
[3/4/2021 7:7:34] /goto ziemniaczek
[3/4/2021 7:7:34] /goto ziemniaczek
[3/4/2021 7:7:35] /goto ziemniaczek
[3/4/2021 7:7:35] /goto ziemniaczek
[3/4/2021 7:7:36] /goto ziemniaczek
[3/4/2021 7:7:37] /goto ziemniaczek
[3/4/2021 7:7:38] /goto ziemniaczek
[3/4/2021 7:7:38] /goto ziemniaczek
[3/4/2021 7:7:39] /goto ziemniaczek
[3/4/2021 7:7:40] /goto ziemniaczek
[3/4/2021 7:7:40] /goto ziemniaczek
[3/4/2021 7:7:42] /goto ziemniaczek
[3/4/2021 7:7:52] /goto ziemniaczek
[3/4/2021 7:7:53] /goto ziemniaczek
[3/4/2021 7:7:54] /goto ziemniaczek
[3/4/2021 7:7:54] /goto ziemniaczek
[3/4/2021 7:7:57] /goto ziemniaczek
[3/4/2021 7:7:57] /goto ziemniaczek
[3/4/2021 7:7:58] /goto ziemniaczek
[3/4/2021 7:7:59] /goto ziemniaczek
[3/4/2021 7:7:59] /goto ziemniaczek
[3/4/2021 7:8:0] /goto ziemniaczek
[3/4/2021 7:8:1] /goto ziemniaczek
[3/4/2021 7:8:2] /goto ziemniaczek
[3/4/2021 7:8:3] /goto ziemniaczek
[3/4/2021 7:8:4] /goto ziemniaczek
[3/4/2021 7:8:6] /goto ziemniaczek
[3/4/2021 7:8:7] /goto ziemniaczek
[3/4/2021 7:8:7] /goto ziemniaczek
[3/4/2021 7:8:11] /goto ziemniaczek
[3/4/2021 7:8:12] /goto ziemniaczek
[3/4/2021 7:8:12] /goto ziemniaczek
[3/4/2021 7:8:13] /goto ziemniaczek
[3/4/2021 7:8:15] /goto ziemniaczek
[3/4/2021 7:8:18] /goto ziemniaczek
[3/4/2021 7:8:19] /goto ziemniaczek
[3/4/2021 7:8:20] /goto ziemniaczek
[3/4/2021 7:8:21] /goto ziemniaczek
[3/4/2021 7:8:23] /goto ziemniaczek
[3/4/2021 7:8:28] /goto ziemniaczek
[3/4/2021 7:8:33] /goto ziemniaczek
[3/4/2021 7:8:40] /goto ziemniaczek
[3/4/2021 7:8:46] /goto ziemniaczek
[3/4/2021 7:8:53] /goto ziemniaczek
[3/4/2021 7:8:59] /goto ziemniaczek
[3/4/2021 7:9:0] /goto ziemniaczek
[3/4/2021 7:9:1] /goto ziemniaczek
[3/4/2021 7:9:4] /goto ziemniaczek
[3/4/2021 7:9:6] /goto ziemniaczek
[3/4/2021 7:9:9] /goto ziemniaczek
[3/4/2021 7:9:9] /goto ziemniaczek
[3/4/2021 7:9:10] /goto ziemniaczek
[3/4/2021 7:9:10] /goto ziemniaczek
[3/4/2021 7:9:14] /goto ziemniaczek
[3/4/2021 7:9:14] /goto ziemniaczek
[3/4/2021 7:9:16] /goto ziemniaczek
[3/4/2021 7:9:16] /goto ziemniaczek
[3/4/2021 7:9:17] /goto ziemniaczek
[3/4/2021 7:9:18] /goto rat
[3/4/2021 7:9:20] /goto ziemniaczek
[3/4/2021 7:9:21] /goto ziemniaczek
[3/4/2021 7:9:22] /goto rat
[3/4/2021 7:9:33] /goto ziemniaczek
[3/4/2021 7:9:34] /goto ziemniaczek
[3/4/2021 7:9:34] /goto ziemniaczek
[3/4/2021 7:9:36] /goto ziemniaczek
[3/4/2021 7:9:36] /goto ziemniaczek
[3/4/2021 7:9:37] /goto ziemniaczek
[3/4/2021 7:9:37] /goto ziemniaczek
[3/4/2021 7:9:38] /goto ziemniaczek
[3/4/2021 7:9:39] /goto ziemniaczek
[3/4/2021 7:9:40] /goto ziemniaczek
[3/4/2021 7:9:41] /goto ziemniaczek
[3/4/2021 7:9:50] /goto dragon
[3/4/2021 7:10:36] /goto ziemniaczek
[3/4/2021 7:10:49] /goto ziemniaczek
[3/4/2021 7:10:57] /goto ziemniaczek
[3/4/2021 7:10:59] /goto ziemniaczek
[3/4/2021 7:11:1] /goto pyrka leci
[3/4/2021 7:11:11] /goto pyrka leci
[3/4/2021 7:11:17] /goto ziemniaczek
[3/4/2021 7:11:20] /goto pyrka leci
[3/4/2021 7:11:22] /goto ziemniaczek
[3/4/2021 7:11:25] /goto ziemniaczek
[3/4/2021 7:11:26] /goto ziemniaczek
[3/4/2021 7:11:28] /goto pyrka leci
[3/4/2021 7:11:32] /goto pyrka leci
[3/4/2021 7:11:55] /goto ziemniaczek
[3/4/2021 7:12:21] /goto ziemniaczek
[3/4/2021 7:12:30] /goto ziemniaczek
[3/4/2021 7:12:59] /goto ziemniaczek
[3/4/2021 7:13:9] /goto ziemniaczek
[3/4/2021 7:13:12] /goto ziemniaczek
[3/4/2021 7:13:35] /goto ziemniaczek
[3/4/2021 7:14:17] /goto pyrka leci
[3/4/2021 7:14:28] /goto ziemniaczek
[3/4/2021 7:15:15] /goto ziemniaczek
[3/4/2021 7:15:15] /goto ziemniaczek
[3/4/2021 7:15:16] /goto ziemniaczek
[3/4/2021 7:15:23] /goto ziemniaczek
[3/4/2021 7:15:27] /goto ziemniaczek
[3/4/2021 7:15:46] /goto ziemniaczek
[3/4/2021 7:15:56] /goto ziemniaczek
[3/4/2021 7:16:1] /goto ziemniaczek
[3/4/2021 7:16:9] /goto ziemniaczek
[3/4/2021 7:16:22] /goto ziemniaczek
[3/4/2021 7:16:27] /goto xodet
[3/4/2021 7:16:33] /goto ziemniaczek
[3/4/2021 7:16:37] /goto xodet
[3/4/2021 7:16:43] /goto xodet
[3/4/2021 7:17:33] /goto ziemniaczek
[3/4/2021 7:17:53] /goto ziemniaczek
[3/4/2021 7:17:58] /goto ziemniaczek
[3/4/2021 7:18:2] /goto ziemniaczek
[3/4/2021 7:18:4] /goto ziemniaczek
[3/4/2021 7:18:14] /goto ziemniaczek
[3/4/2021 7:18:15] /goto ziemniaczek
[3/4/2021 7:18:17] /goto ziemniaczek
[3/4/2021 7:18:18] /goto ziemniaczek
[3/4/2021 7:18:18] /goto ziemniaczek
[3/4/2021 7:18:20] /goto ziemniaczek
[3/4/2021 7:18:29] /goto demon
[3/4/2021 7:18:56] /goto ziemniaczek
[3/4/2021 7:19:2] /goto ziemniaczek
[3/4/2021 7:19:4] /goto demon
[3/4/2021 7:19:6] /goto ziemniaczek
[3/4/2021 7:19:17] /goto ziemniaczek
[3/4/2021 7:19:46] /goto ziemniaczek
[3/4/2021 7:19:52] /goto ziemniaczek
[3/4/2021 7:19:52] /goto ziemniaczek
[3/4/2021 7:19:56] /goto ziemniaczek
[3/4/2021 7:20:23] /goto ziemniaczek
[3/4/2021 7:20:36] /goto ziemniaczek
[3/4/2021 7:20:46] /goto ziemniaczek
[3/4/2021 7:20:55] /goto ziemniaczek
[3/4/2021 7:20:55] /goto ziemniaczek
[3/4/2021 7:20:56] /goto ziemniaczek
[3/4/2021 7:20:56] /goto ziemniaczek
[3/4/2021 7:21:35] /goto ziemniaczek
[3/4/2021 7:21:44] /goto gm opikk
[3/4/2021 7:22:2] /goto ziemniaczek
[3/4/2021 7:22:59] /goto ziemniaczek
[3/4/2021 7:23:23] /goto ero
[3/4/2021 7:24:9] /goto ero
[3/4/2021 7:24:59] /goto ziemniaczek
[3/4/2021 7:25:5] /goto ziemniaczek
[3/4/2021 7:25:6] /goto ziemniaczek
[3/4/2021 7:25:8] /goto ziemniaczek
[3/4/2021 7:25:18] /goto ziemniaczek
[3/4/2021 7:25:20] /goto ziemniaczek
[3/4/2021 7:25:39] /goto ziemniaczek
[3/4/2021 7:26:44] /goto ziemniaczek
[3/4/2021 7:26:54] /goto ziemniaczek
[3/4/2021 7:27:12] /goto gm opikk
[3/4/2021 7:27:14] /goto ziemniaczek
[3/4/2021 7:27:17] /goto ziemniaczek
[3/4/2021 7:27:19] /goto ziemniaczek
[3/4/2021 7:27:22] /goto ziemniaczek
[3/4/2021 7:27:25] /goto ziemniaczek
[3/4/2021 7:27:26] /goto ziemniaczek
[3/4/2021 7:27:29] /goto ziemniaczek
[3/4/2021 7:27:39] /goto ziemniaczek
[3/4/2021 7:27:46] /goto vampire
[3/4/2021 7:27:56] /goto vampire
[3/4/2021 7:27:59] /goto vampire
[3/4/2021 7:28:21] /goto vampire
[3/4/2021 7:28:28] /goto vampire
[3/4/2021 7:28:31] /goto vampire
[3/4/2021 7:28:33] /goto vampire
[3/4/2021 7:28:44] /goto vampire
[3/4/2021 7:28:45] /goto vampire
[3/4/2021 7:28:46] /goto vampire
[3/4/2021 7:28:48] /goto vampire
[3/4/2021 7:28:53] /goto vampire
[3/4/2021 7:28:54] /goto vampire
[3/4/2021 7:28:55] /goto vampire
[3/4/2021 7:28:55] /goto vampire
[3/4/2021 7:28:56] /goto vampire
[3/4/2021 7:28:57] /goto vampire
[3/4/2021 7:28:57] /goto vampire
[3/4/2021 7:28:58] /goto vampire
[3/4/2021 7:28:59] /goto vampire
[3/4/2021 7:28:59] /goto vampire
[3/4/2021 7:29:0] /goto vampire
[3/4/2021 7:29:0] /goto vampire
[3/4/2021 7:29:1] /goto vampire
[3/4/2021 7:29:2] /goto vampire
[3/4/2021 7:29:2] /goto vampire
[3/4/2021 7:29:3] /goto vampire
[3/4/2021 7:29:3] /goto vampire
[3/4/2021 7:29:4] /goto vampire
[3/4/2021 7:29:5] /goto vampire
[3/4/2021 7:29:5] /goto vampire
[3/4/2021 7:29:6] /goto vampire
[3/4/2021 7:29:7] /goto vampire
[3/4/2021 7:29:7] /goto vampire
[3/4/2021 7:29:8] /goto vampire
[3/4/2021 7:29:9] /goto vampire
[3/4/2021 7:29:10] /goto vampire
[3/4/2021 7:29:10] /goto vampire
[3/4/2021 7:29:11] /goto vampire
[3/4/2021 7:29:12] /goto vampire
[3/4/2021 7:29:12] /goto vampire
[3/4/2021 7:29:13] /goto vampire
[3/4/2021 7:29:14] /goto vampire
[3/4/2021 7:29:14] /goto vampire
[3/4/2021 7:29:15] /goto vampire
[3/4/2021 7:29:16] /goto vampire
[3/4/2021 7:29:16] /goto vampire
[3/4/2021 7:29:17] /goto vampire
[3/4/2021 7:29:18] /goto vampire
[3/4/2021 7:29:18] /goto vampire
[3/4/2021 7:29:19] /goto vampire
[3/4/2021 7:29:19] /goto vampire
[3/4/2021 7:29:20] /goto vampire
[3/4/2021 7:29:21] /goto vampire
[3/4/2021 7:29:21] /goto vampire
[3/4/2021 7:29:22] /goto vampire
[3/4/2021 7:29:23] /goto vampire
[3/4/2021 7:29:23] /goto vampire
[3/4/2021 7:29:24] /goto vampire
[3/4/2021 7:29:25] /goto vampire
[3/4/2021 7:29:25] /goto vampire
[3/4/2021 7:29:26] /goto vampire
[3/4/2021 7:29:26] /goto vampire
[3/4/2021 7:29:27] /goto vampire
[3/4/2021 7:29:27] /goto vampire
[3/4/2021 7:29:28] /goto vampire
[3/4/2021 7:29:29] /goto vampire
[3/4/2021 7:29:29] /goto vampire
[3/4/2021 7:29:30] /goto vampire
[3/4/2021 7:29:30] /goto vampire
[3/4/2021 7:29:31] /goto vampire
[3/4/2021 7:29:32] /goto vampire
[3/4/2021 7:29:32] /goto vampire
[3/4/2021 7:29:33] /goto vampire
[3/4/2021 7:29:33] /goto vampire
[3/4/2021 7:29:34] /goto vampire
[3/4/2021 7:29:34] /goto vampire
[3/4/2021 7:29:35] /goto vampire
[3/4/2021 7:29:35] /goto vampire
[3/4/2021 7:29:37] /goto vampire
[3/4/2021 7:29:38] /goto vampire
[3/4/2021 7:29:39] /goto vampire
[3/4/2021 7:29:40] /goto vampire
[3/4/2021 7:29:40] /goto vampire
[3/4/2021 7:29:41] /goto vampire
[3/4/2021 7:29:42] /goto vampire
[3/4/2021 7:29:42] /goto vampire
[3/4/2021 7:29:46] /goto ghost
[3/4/2021 7:42:17] /goto opiki do boju
[3/4/2021 7:47:15] /goto ziemniaczek
[3/4/2021 7:47:16] /goto ziemniaczek
[3/4/2021 7:47:17] /goto ziemniaczek
[3/4/2021 7:47:22] /goto training dummy
[3/4/2021 7:47:23] /goto training dummy
[3/4/2021 7:47:23] /goto training dummy
[3/4/2021 7:47:26] /goto ziemniak
[3/4/2021 7:47:27] /goto ziemniak
[3/4/2021 7:47:31] /goto ziemniaczek
[3/4/2021 7:47:39] /goto ziemniaczek
[3/4/2021 7:47:43] /goto ziemniaczek
[3/4/2021 7:47:44] /goto ziemniaczek
[3/4/2021 7:47:44] /goto ziemniaczek
[3/4/2021 7:47:45] /goto ziemniaczek
[3/4/2021 7:47:46] /goto ziemniaczek
[3/4/2021 8:23:1] /goto ero
[3/4/2021 8:23:9] /goto ero
[3/4/2021 8:23:13] /goto ero
[3/4/2021 8:23:13] /goto ero
[3/4/2021 8:23:14] /goto ero
[3/4/2021 8:23:15] /goto ero
[3/4/2021 8:23:15] /goto ero
[3/4/2021 8:23:16] /goto ero
[3/4/2021 8:23:17] /goto ero
[3/4/2021 8:23:18] /goto ero
[3/4/2021 8:23:18] /goto ero
[3/4/2021 8:23:19] /goto ero
[3/4/2021 8:23:20] /goto ero
[3/4/2021 8:23:21] /goto ero
[3/4/2021 8:23:21] /goto ero
[3/4/2021 8:23:22] /goto ero
[3/4/2021 8:23:22] /goto ero
[3/4/2021 8:23:23] /goto ero
[3/4/2021 8:24:34] /goto ero
[3/4/2021 8:25:3] /goto ero
[3/4/2021 8:28:16] /goto ero
[3/4/2021 8:28:18] /goto ero
[3/4/2021 8:28:18] /goto ero
[3/4/2021 8:28:20] /goto ero
[3/4/2021 8:56:9] /goto bunio
[3/4/2021 8:59:46] /goto gm opikk
[3/4/2021 9:0:25] /goto grizzly adams
[3/4/2021 9:1:17] /goto gm opikk
[3/4/2021 9:1:18] /goto gm opikk
[3/4/2021 9:1:19] /goto gm opikk
[3/4/2021 9:1:20] /goto gm opikk
[3/4/2021 9:1:21] /goto gm opikk
[3/4/2021 9:1:22] /goto gm opikk
[3/4/2021 9:1:22] /goto gm opikk
[3/4/2021 9:1:24] /goto gm opikk
[3/4/2021 9:1:24] /goto gm opikk
[3/4/2021 9:1:25] /goto gm opikk
[3/4/2021 9:1:26] /goto gm opikk
[3/4/2021 9:1:30] /goto gm opikk
[3/4/2021 9:1:31] /goto gm opikk
[3/4/2021 9:4:49] /goto wymr
[3/4/2021 9:4:50] /goto wyrm
[3/4/2021 9:4:53] /goto elder wyrm
[3/4/2021 9:4:58] /goto gm opikk
[3/4/2021 11:54:11] /goto gm opikk
[3/4/2021 11:54:23] /goto Makumba Tester Oralny
[3/4/2021 11:54:25] /goto Makumba Tester Oralny
[3/4/2021 11:54:29] /goto Makumba Tester Oralny
[3/4/2021 11:54:35] /goto Makumba Tester Oralny
[3/4/2021 11:54:40] /goto grim reaper
[3/4/2021 11:54:55] /goto Makumba Tester Oralny
[3/4/2021 11:55:1] /goto rashid
[3/4/2021 11:55:8] /goto rashid
[3/4/2021 11:55:20] /goto Makumba Tester Oralny
[3/4/2021 11:55:38] /goto 
[3/4/2021 11:55:42] /goto grim reaper
[3/4/2021 11:55:43] /goto grim reaper
[3/4/2021 11:55:54] /goto grim reaper
