[3/4/2021 6:56:25] /goto pyrka leci
[3/4/2021 7:0:1] /goto grim reaper
[3/4/2021 7:3:26] /goto warlock
[3/4/2021 7:4:7] /goto warlock
[3/4/2021 7:4:22] /goto pryka leci
[3/4/2021 7:4:25] /goto pryka leci
[3/4/2021 7:4:30] /goto pyrka leci
[3/4/2021 7:4:53] /goto pyrka leci
[3/4/2021 7:5:19] /goto pyrka leci
[3/4/2021 7:5:21] /goto pyrka leci
[3/4/2021 7:5:25] /goto pyrka leci
[3/4/2021 7:5:27] /goto pyrka leci
[3/4/2021 7:5:28] /goto pyrka leci
[3/4/2021 7:5:29] /goto pyrka leci
[3/4/2021 7:5:29] /goto pyrka leci
[3/4/2021 7:5:30] /goto pyrka leci/goto pyrka leci
[3/4/2021 7:5:31] /goto pyrka leci
[3/4/2021 7:5:34] /goto pyrka leci
[3/4/2021 7:5:39] /goto pyrka leci
[3/4/2021 7:5:45] /goto pyrka leci
[3/4/2021 7:5:47] /goto pyrka leci
[3/4/2021 7:5:50] /goto ziemniak
[3/4/2021 7:6:49] /goto ziemniak
[3/4/2021 7:6:50] /goto pyrka leci
[3/4/2021 7:7:12] /goto ziemniak
[3/4/2021 7:7:18] /goto ziemniak
[3/4/2021 7:7:20] /goto ziemniak
[3/4/2021 7:7:39] /goto ziemniak
[3/4/2021 7:7:42] /goto ziemniak
[3/4/2021 7:7:57] /goto pyrka leci
[3/4/2021 7:9:34] /goto ziemniak
[3/4/2021 7:9:40] /goto dragons
[3/4/2021 7:9:42] /goto dragon
[3/4/2021 7:10:49] /goto pyrka leci
[3/4/2021 7:11:20] /goto pryka leci
[3/4/2021 7:11:22] /goto pryka leci
[3/4/2021 7:11:24] /goto pyrka leci
[3/4/2021 7:11:37] /goto pyrka leci
[3/4/2021 7:11:50] /goto demondras
[3/4/2021 7:11:53] /goto demodras
[3/4/2021 7:11:59] /goto pyrka leci
[3/4/2021 7:12:6] /goto pyrka leci
[3/4/2021 7:12:13] /goto pyrka leci
[3/4/2021 7:12:20] /goto pyrka leci
[3/4/2021 7:12:21] /goto pyrka leci
[3/4/2021 7:12:26] /goto pyrka leci
[3/4/2021 7:12:28] /goto pyrka leci
[3/4/2021 7:12:40] /goto pyrka leci
[3/4/2021 7:12:53] /goto vampire
[3/4/2021 7:12:59] /goto vampire
[3/4/2021 7:13:5] /goto vampire
[3/4/2021 7:13:8] /goto vampire
[3/4/2021 7:13:11] /goto vampire
[3/4/2021 7:13:19] /goto vampire
[3/4/2021 7:13:35] /goto pyrka leci
[3/4/2021 7:14:26] /goto pyrka leci
[3/4/2021 7:14:48] /goto ero
[3/4/2021 7:15:12] /goto blue djin
[3/4/2021 7:15:15] /goto ero
[3/4/2021 7:15:21] /goto ero
[3/4/2021 7:15:56] /goto pyrka leci
[3/4/2021 7:16:1] /goto pyrka leci
[3/4/2021 7:16:2] /goto pyrka leci
[3/4/2021 7:16:3] /goto pyrka leci
[3/4/2021 7:16:19] /goto xodet
[3/4/2021 7:16:40] /goto pyrka leci
[3/4/2021 7:16:44] /goto pyrka leci
[3/4/2021 7:16:46] /goto xodet
[3/4/2021 7:17:24] /goto pyrka leci
[3/4/2021 7:17:27] /goto pyrka leci
[3/4/2021 7:17:38] /goto xodet
[3/4/2021 7:17:46] /goto ferumbras
[3/4/2021 7:17:49] /goto orshabal
[3/4/2021 7:17:52] /goto demon
[3/4/2021 7:18:7] /goto blue djin
[3/4/2021 7:18:11] /goto blue djin
[3/4/2021 7:18:14] /goto dragon
[3/4/2021 7:18:29] /goto demon
[3/4/2021 7:18:50] /goto pyrka leci
[3/4/2021 7:18:51] /goto pyrka leci
[3/4/2021 7:18:59] /goto warlock
[3/4/2021 7:19:13] /goto vampire
[3/4/2021 7:19:24] /goto demon
[3/4/2021 7:19:29] /goto hero
[3/4/2021 7:19:53] /goto hero
[3/4/2021 7:20:12] /goto hero
[3/4/2021 7:20:27] /goto hero
[3/4/2021 7:20:38] /goto hero
[3/4/2021 7:21:2] /goto hero
[3/4/2021 7:21:14] /goto hero
[3/4/2021 7:21:30] /goto pyrka leci
[3/4/2021 7:21:44] /goto gm opikk
[3/4/2021 7:22:36] /goto xodet
[3/4/2021 7:22:50] /goto gm opikk
[3/4/2021 7:23:3] /goto hero
[3/4/2021 7:23:9] /goto gm opikk
[3/4/2021 7:23:16] /goto vampire
[3/4/2021 7:23:25] /goto vampire
[3/4/2021 7:23:26] /goto vampire
[3/4/2021 7:23:26] /goto vampire
[3/4/2021 7:23:27] /goto vampire
[3/4/2021 7:23:28] /goto vampire
[3/4/2021 7:23:31] /goto centipide
[3/4/2021 7:23:42] /goto xodet
[3/4/2021 7:23:46] /goto thais
[3/4/2021 7:23:50] /goto rat
[3/4/2021 7:23:54] /goto demon
[3/4/2021 7:26:37] /goto necromancer
[3/4/2021 7:30:51] /goto necromancer
[3/4/2021 7:32:16] /goto necromancer
[3/4/2021 7:32:40] /goto necromancer
[3/4/2021 7:32:43] /goto necromancer
[3/4/2021 7:32:53] /goto boots of haste
[3/4/2021 7:32:59] /goto pyrka leci
[3/4/2021 7:33:13] /goto yaman
[3/4/2021 7:33:51] /goto alesar
[3/4/2021 7:33:59] /goto alesar
[3/4/2021 7:35:2] /goto warlocks
[3/4/2021 7:35:4] /goto warlock
[3/4/2021 7:35:30] /goto hydra
[3/4/2021 7:35:42] /goto gm opikk
[3/4/2021 7:35:45] /goto gm opikk
[3/4/2021 7:35:47] /goto gm opikk
[3/4/2021 7:35:50] /goto gm opikk
[3/4/2021 7:35:54] /goto gm opikk
[3/4/2021 7:37:52] /goto gm opikk
[3/4/2021 7:38:7] /goto ero
[3/4/2021 7:40:58] /goto gm opikk
[3/4/2021 7:41:23] /goto gm opikk
[3/4/2021 7:41:25] /goto gm opikk
[3/4/2021 7:45:30] /goto gm opikk
[3/4/2021 7:45:42] /goto melfik opikejra
[3/4/2021 7:47:26] /goto ero
[3/4/2021 7:47:34] /goto ero
[3/4/2021 7:47:35] /goto ero
[3/4/2021 7:47:36] /goto ero
[3/4/2021 7:47:37] /goto ero
[3/4/2021 7:52:6] /goto ero
[3/4/2021 7:52:41] /goto pyrka leci
[3/4/2021 7:54:3] /goto pyrka leci
[3/4/2021 7:54:44] /goto melfik opikejra
[3/4/2021 7:55:9] /goto plaguesmith
[3/4/2021 7:55:14] /goto plaguesmith
[3/4/2021 7:55:22] /goto spectre
[3/4/2021 7:58:35] /goto Grimmjow
[3/4/2021 8:6:6] /goto ero
[3/4/2021 8:6:14] /goto grimmjow
[3/4/2021 8:6:35] /goto Quentin
