[30/1/2019 20:2:59] !deposit 60000
[30/1/2019 20:3:7] !deposit 500000
[30/1/2019 20:22:45] !deposit 100000
[30/1/2019 20:22:47] !deposit 100000
[30/1/2019 20:22:49] !deposit 1000000
[30/1/2019 20:22:52] !deposit 1000000
[30/1/2019 20:22:55] !deposit 1000000
[30/1/2019 20:22:56] !deposit 1000000
[30/1/2019 22:9:39] !deposit all
[30/1/2019 22:9:43] !deposit 1000000
[30/1/2019 22:9:45] !deposit 1000000
[30/1/2019 22:9:45] !deposit 1000000
[30/1/2019 22:9:47] !deposit 10000000
[30/1/2019 22:9:53] !deposit 10000000
[8/2/2019 21:49:45] !deposit all
[8/2/2019 21:49:49] !depositall
[8/2/2019 21:49:53] !withdrawall
[8/2/2019 21:49:57] !depositall
[8/2/2019 21:53:6] !depositall
[8/2/2019 22:24:3] !depositall
[8/2/2019 23:13:40] !depositall
[8/2/2019 23:13:57] !depositall
[8/2/2019 23:15:58] !depositall
[8/2/2019 23:16:1] !balance
[8/2/2019 23:23:41] !withdraw 10000
[8/2/2019 23:30:8] !withdraw 5000
[8/2/2019 23:53:39] !balance
