[3/4/2021 6:59:58] /goto grim reaper
[3/4/2021 7:2:9] /goto king tibianus
[3/4/2021 7:2:29] /goto sam
[3/4/2021 7:2:32] /goto eremo
[3/4/2021 7:2:46] /goto eremo
[3/4/2021 7:2:47] /goto sam
[3/4/2021 7:2:49] /goto king tibianus
[3/4/2021 7:2:58] /goto sam
[3/4/2021 7:3:0] /goto eremo
[3/4/2021 7:3:2] /goto sam
[3/4/2021 7:3:3] /goto king tibianus
[3/4/2021 7:3:14] /goto dragon lord
[3/4/2021 7:3:46] /goto Green Djjin
[3/4/2021 7:4:26] /goto king tibianus
[3/4/2021 7:4:37] /goto Green Djjin
[3/4/2021 7:4:40] /goto Green Djjiin
[3/4/2021 7:4:44] /goto Yaman
[3/4/2021 7:5:14] /goto demon
[3/4/2021 7:5:49] /goto Ero
[3/4/2021 7:6:9] /goto dragon lord
[3/4/2021 7:7:10] /goto Ziemnaik
[3/4/2021 7:7:14] /goto Ziemniak
[3/4/2021 7:7:34] /goto Ziemniak
[3/4/2021 7:7:34] /goto Ziemniak
[3/4/2021 7:7:35] /goto Ziemniak
[3/4/2021 7:7:49] /goto Ziemniaczek
[3/4/2021 7:8:10] /goto Ziemniaczek
[3/4/2021 7:8:13] /goto Ziemniaczek
[3/4/2021 7:8:15] /goto Ziemniaczek
[3/4/2021 7:8:15] /goto Ziemniaczek
[3/4/2021 7:8:16] /goto Ziemniaczek
[3/4/2021 7:8:42] /goto Ziemniaczek
[3/4/2021 7:8:53] /goto Ziemniaczek
[3/4/2021 7:8:57] /goto Grim Reaper
[3/4/2021 7:8:58] /goto Ziemniaczek
[3/4/2021 7:9:27] /goto Wyrm
[3/4/2021 7:9:45] /goto Wyrm
[3/4/2021 7:9:53] /goto Ziemniaczek
[3/4/2021 7:10:7] /goto Vampire
[3/4/2021 7:10:14] /goto Vampire
[3/4/2021 7:10:28] /goto Ziemniaczek
[3/4/2021 7:10:38] /goto Wyrm
[3/4/2021 7:10:42] /goto Vampire
[3/4/2021 7:10:52] /goto Vampire
[3/4/2021 7:10:52] /goto Vampire
[3/4/2021 7:11:4] /goto Ziemniaczek
[3/4/2021 7:11:7] /goto Wyrm
[3/4/2021 7:11:16] /goto Ziemniaczek
[3/4/2021 7:11:17] /goto Wyrm
[3/4/2021 7:11:21] /goto Ziemniaczek
[3/4/2021 7:11:24] /goto Vampire
[3/4/2021 7:11:30] /goto Vampire
[3/4/2021 7:11:50] /goto Vampire
[3/4/2021 7:12:1] /goto Vampire
[3/4/2021 7:12:11] /goto Vampire
[3/4/2021 7:12:21] /goto Vampire
[3/4/2021 7:12:25] /goto Vampire
[3/4/2021 7:12:26] /goto Vampire
[3/4/2021 7:12:37] /goto Vampire
[3/4/2021 7:12:47] /goto Wyrm
[3/4/2021 7:12:49] /goto Wyrm
[3/4/2021 7:12:49] /goto Ziemniaczek
[3/4/2021 7:14:12] /goto Yaman
[3/4/2021 7:14:33] /goto Bael
[3/4/2021 7:14:37] /goto Blue Djjin
[3/4/2021 7:14:59] /goto Bal'Ael
[3/4/2021 7:15:6] /goto Umar
[3/4/2021 7:15:23] /goto Ziemniaczek
[3/4/2021 7:15:24] /goto Ziemniaczek
[3/4/2021 7:16:9] /goto Ziemniaczek
[3/4/2021 7:16:11] /goto Vampire
[3/4/2021 7:16:13] /goto Ziemniaczek
[3/4/2021 7:16:29] /goto Dragon Lord
[3/4/2021 7:16:53] /goto Ziemniaczek
[3/4/2021 7:16:54] /goto Vampire
[3/4/2021 7:16:55] /goto Quentin
[3/4/2021 7:17:2] /goto Xodet
[3/4/2021 7:17:4] /goto Xodet
[3/4/2021 7:17:5] /goto Xodet
[3/4/2021 7:17:23] /goto Ziemniaczek
[3/4/2021 7:17:24] /goto Vampire
[3/4/2021 7:17:25] /goto Quentin
[3/4/2021 7:18:35] /goto Ziemniaczek
[3/4/2021 7:18:46] /goto Ziemniaczek
[3/4/2021 7:18:54] /goto Ziemniaczek
[3/4/2021 7:18:56] /goto Vampire
[3/4/2021 7:19:11] /goto Ziemniaczek
[3/4/2021 7:19:12] /goto Vampire
[3/4/2021 7:19:18] /goto Vampire
[3/4/2021 7:19:19] /goto Ziemniaczek
[3/4/2021 7:19:42] /goto Hero
[3/4/2021 7:20:53] /goto Ziemniaczek
[3/4/2021 7:21:11] /goto Vampire
[3/4/2021 7:21:13] /goto Ziemniaczek
[3/4/2021 7:21:30] /goto Ziemniaczek
[3/4/2021 7:21:45] /goto hero
[3/4/2021 7:21:47] /goto hero
[3/4/2021 7:21:48] /goto Ziemniaczek
[3/4/2021 7:22:31] /goto Hero
[3/4/2021 7:22:33] /goto Ziemniaczek
[3/4/2021 7:22:42] /goto Quentin
[3/4/2021 7:22:43] /goto Ziemniaczek
[3/4/2021 7:26:15] /goto xodet
[3/4/2021 7:26:30] /goto Vampire
[3/4/2021 7:26:36] /goto Vampire
[3/4/2021 7:26:36] /goto Vampire
[3/4/2021 7:26:47] /goto Vampire
[3/4/2021 7:26:58] /goto Vampire
[3/4/2021 7:27:4] /goto Vampire
[3/4/2021 7:27:5] /goto Vampire
[3/4/2021 7:27:6] /goto Vampire
[3/4/2021 7:27:16] /goto Quentin
[3/4/2021 7:27:18] /goto Vampire
[3/4/2021 7:27:21] /goto Quentin
[3/4/2021 7:27:22] /goto Vampire
[3/4/2021 7:27:26] /goto Vampire
[3/4/2021 7:27:27] /goto Vampire
[3/4/2021 7:27:28] /goto Vampire
[3/4/2021 7:27:36] /goto Vampire
[3/4/2021 7:27:43] /goto Quentin
[3/4/2021 7:27:44] /goto Quentin
[3/4/2021 7:27:45] /goto Quentin
[3/4/2021 7:27:46] /goto Ziemniaczek
[3/4/2021 7:27:47] /goto Ziemniaczek
[3/4/2021 7:27:47] /goto Ziemniaczek
[3/4/2021 7:27:48] /goto Ziemniaczek
[3/4/2021 7:27:49] /goto Ziemniaczek
[3/4/2021 7:27:49] /goto Ziemniaczek
[3/4/2021 7:27:51] /goto Ziemniaczek
[3/4/2021 7:27:53] /goto Ziemniaczek
[3/4/2021 7:27:54] /goto Ziemniaczek
[3/4/2021 7:27:54] /goto Ziemniaczek
[3/4/2021 7:27:56] /goto Ziemniaczek
[3/4/2021 7:27:57] /goto Ziemniaczek
[3/4/2021 7:27:58] /goto Ziemniaczek
