[12/7/2019 17:53:44] !deposit all
[12/7/2019 17:53:47] !deposit
[12/7/2019 17:53:58] !deposit 170
[12/7/2019 17:54:8] !withdraw 100
[12/7/2019 17:54:11] !deposit 100
[12/7/2019 18:11:26] !deposit 176
[12/7/2019 18:11:31] !deposit 100
[12/7/2019 18:11:34] !deposit
[12/7/2019 18:13:34] !deposit 188
[12/7/2019 18:13:37] !balance
[12/7/2019 18:24:14] !deposit 133
[12/7/2019 18:43:25] !withdraw 300
[12/7/2019 18:43:35] !withdraw 100
[12/7/2019 18:43:50] !deposit 74
[12/7/2019 18:44:11] !withdraw 165
[12/7/2019 18:45:59] !balance
[12/7/2019 18:51:40] !deposit 153
[12/7/2019 18:52:37] !deposit 153
[12/7/2019 18:55:19] !withdraw 153
[12/7/2019 19:28:11] !deposit 522
[12/7/2019 19:46:5] !deposit 659
[12/7/2019 19:48:26] !withdraw 60
[12/7/2019 19:48:45] !withdraw 400
[12/7/2019 19:49:7] !deposit 136
[12/7/2019 19:56:48] !deposit 369
[12/7/2019 19:57:14] !deposit 369
[12/7/2019 20:5:49] !deposit all
[12/7/2019 20:5:53] !deposit 3100
[12/7/2019 20:5:59] !deposit 11
[12/7/2019 20:8:8] !withdraw 40
[12/7/2019 21:3:46] !deposit 5
[12/7/2019 21:16:51] !deposit 5569
[12/7/2019 21:20:33] !withdraw 600
[12/7/2019 21:21:26] !withdraw 5000
[12/7/2019 21:25:6] !deposit 4306
[12/7/2019 21:25:12] !withdraw 100
[12/7/2019 21:26:3] !withdraw 600
[12/7/2019 21:26:17] !withdraw 300
[12/7/2019 21:28:3] !deposit 120
[12/7/2019 21:29:7] !withdraw 750
[12/7/2019 21:29:31] !withdraw 600
[12/7/2019 21:30:28] !withdraw 500
[12/7/2019 21:31:3] !withdraw 2700
[12/7/2019 21:32:2] !withdraw 20
[12/7/2019 21:38:7] !withdraw 10
[12/7/2019 21:40:15] !withdraw 200
[12/7/2019 22:0:44] !deposit 1167
[12/7/2019 22:1:2] !deposit 1167
[12/7/2019 22:11:48] !deposit 200
[12/7/2019 22:22:15] !deposit 500
[12/7/2019 22:22:18] !deposit 16
[12/7/2019 22:45:15] !deposit 1112
[12/7/2019 23:7:46] !deposit 2000
[12/7/2019 23:8:3] !deposit 245
[12/7/2019 23:9:6] !deposit 1539
[12/7/2019 23:9:31] !withdraw 900
