[10/2/2019 15:21:19] !deposit all
[10/2/2019 15:21:59] !deposit all
[10/2/2019 15:22:4] !deposit 
[10/2/2019 15:22:10] !deposit 20000
[10/2/2019 15:22:21] !deposit 1000
[10/2/2019 15:33:28] !deposit 12000
[10/2/2019 15:34:15] !deposit 12000
[10/2/2019 15:37:26] !withdraw 500
[10/2/2019 15:41:53] !withdraw 500
[10/2/2019 20:47:28] !withdraw 1000
[10/2/2019 21:1:56] !withdraw 1000
[10/2/2019 21:24:47] !balance
[10/2/2019 21:29:18] !deposit 9000
[10/2/2019 21:29:21] !balance
[10/2/2019 21:30:0] !withdraw 1000
[10/2/2019 21:30:44] !deposit 10000
[10/2/2019 21:31:4] !balance
[10/2/2019 21:36:49] !withdraw 40000
[10/2/2019 22:2:56] !balance
[10/2/2019 22:3:11] !withdraw 7000
