[8/2/2019 23:49:21] !balance
[8/2/2019 23:49:23] !balance
[9/2/2019 0:40:12] !deposit 3500
[9/2/2019 0:43:59] !deposit 9500
[9/2/2019 0:44:2] !balance
[9/2/2019 0:47:13] !deposit 5000
[9/2/2019 0:47:17] !deposit balance
[9/2/2019 0:47:22] !balance
[9/2/2019 2:24:20] !deposit 8000
[9/2/2019 2:24:23] !balance
[9/2/2019 2:25:29] !deposit 5000
[9/2/2019 2:25:33] !balance
[9/2/2019 4:55:1] !deposit 5000
[9/2/2019 5:31:21] !balance
[9/2/2019 15:19:22] !deposit 10000
[9/2/2019 15:19:25] !balance
[9/2/2019 21:23:46] !withdraw 5000
[10/2/2019 2:0:11] !balance
[10/2/2019 4:16:2] !deposit 40000
[10/2/2019 21:54:55] !deposit 7000
[10/2/2019 21:57:42] !deposit 10000
[10/2/2019 22:1:55] !balance
[10/2/2019 22:2:1] !withdraw 4000
[11/2/2019 1:29:38] !balance
[11/2/2019 1:29:43] !withdraw 4000
[12/2/2019 3:13:36] !balance
[12/2/2019 3:14:51] !deposit 40000
[12/2/2019 3:19:37] !withdraw 10000
[12/2/2019 19:43:16] !balance
[12/2/2019 19:43:26] !withdraw 20000
[12/2/2019 21:38:43] /lux
[13/2/2019 0:27:1] !balance
[13/2/2019 0:27:7] !deposit 70000
[13/2/2019 0:30:39] /lux
[13/2/2019 0:55:22] !withdraw 60000
[13/2/2019 1:57:50] /lux
[13/2/2019 3:24:51] !balance
[13/2/2019 3:31:38] /lux
[13/2/2019 4:5:30] !balance
[13/2/2019 4:5:35] !withdraw 20000
[13/2/2019 4:6:37] /lux
[13/2/2019 4:6:41] /lux
[13/2/2019 5:1:39] /lux
[13/2/2019 14:37:23] /lux
[13/2/2019 15:7:42] !balance
[13/2/2019 16:58:19] /lux
[13/2/2019 18:32:52] /lux
[13/2/2019 20:48:1] !deposit 246000
[13/2/2019 20:48:52] !deposit 50000
[13/2/2019 23:22:33] /lux
[14/2/2019 1:17:59] !balance
[14/2/2019 2:13:25] /lux
[14/2/2019 2:27:23] !balance
[14/2/2019 3:15:35] /lux
[14/2/2019 5:17:56] /lux
[14/2/2019 5:19:11] !deposit 700000
[14/2/2019 19:26:54] !balance
[14/2/2019 19:27:7] !withdraw 40000
[14/2/2019 19:27:58] !withdraw 50000
[14/2/2019 20:10:33] /lux
[14/2/2019 21:33:37] !balance
[14/2/2019 21:33:42] !withdraw 100000
[14/2/2019 23:53:47] /lux
[15/2/2019 0:31:30] !withdraw 100000
[15/2/2019 1:57:8] !withdraw 100000
[15/2/2019 3:4:22] /lux
[15/2/2019 3:53:55] !balance
[15/2/2019 4:48:30] !deposit 258000
[15/2/2019 4:51:14] !deposit 258000
[15/2/2019 4:52:9] !deposit 258000
[15/2/2019 5:0:15] /lux
[15/2/2019 12:13:28] /lux
[15/2/2019 12:14:9] !balance
[15/2/2019 12:56:39] /lux
[15/2/2019 14:42:19] /lux
[15/2/2019 15:5:37] /lux
[15/2/2019 16:37:24] /lux
[15/2/2019 18:38:18] /lux
[15/2/2019 20:7:3] /lux
