[3/4/2021 7:0:12] /goto pyrka leci
[3/4/2021 7:2:21] /goto pyrka leci
[3/4/2021 7:2:30] /goto pyrka leci
[3/4/2021 7:2:33] /goto pyrka leci
[3/4/2021 7:2:49] /goto pyrka leci
[3/4/2021 7:2:50] /goto pyrka leci
[3/4/2021 7:2:52] /goto pyrka leci
[3/4/2021 7:3:53] /goto ziemniak
[3/4/2021 7:3:53] /goto pyrka leci
[3/4/2021 7:4:25] /goto pyrka leci
[3/4/2021 7:4:25] /goto ziemniak
[3/4/2021 7:4:30] /goto pyrka leci
[3/4/2021 7:4:35] /goto pyrka leci
[3/4/2021 7:4:40] /goto pyrka leci
[3/4/2021 7:4:41] /goto pyrka leci
[3/4/2021 7:4:46] /goto gm island
[3/4/2021 7:4:53] /goto pyrka leci
[3/4/2021 7:5:12] /goto ziemniak
[3/4/2021 7:5:17] /goto pyrka leci
[3/4/2021 7:5:18] /goto ziemniak
[3/4/2021 7:6:17] /goto pyrka leci
[3/4/2021 7:6:18] /goto ziemniak
[3/4/2021 7:6:57] /goto pyrka leci
[3/4/2021 7:7:1] /goto ziemniak
[3/4/2021 7:7:16] /goto ziemniak
[3/4/2021 7:7:44] /goto pyrka leci
[3/4/2021 7:8:13] /goto ziemniak
[3/4/2021 7:8:15] /goto pyrka leci
[3/4/2021 7:8:17] /goto ziemniak
[3/4/2021 7:8:19] /goto pyrka leci
[3/4/2021 7:8:21] /goto ziemniak
[3/4/2021 7:8:51] /goto ziemniak
[3/4/2021 7:9:3] /goto Quentin
[3/4/2021 7:9:5] /goto Quentin
[3/4/2021 7:9:6] /goto Quentin
[3/4/2021 7:9:7] /goto Quentin
[3/4/2021 7:9:7] /goto Quentin
[3/4/2021 7:9:8] /goto pyrka leci
[3/4/2021 7:9:9] /goto ziemniak
[3/4/2021 7:9:10] /goto pyrka leci
[3/4/2021 7:9:13] /goto warlock
[3/4/2021 7:9:14] /goto ziemniak
[3/4/2021 7:9:29] /goto warlock
[3/4/2021 7:9:30] /goto warlock
[3/4/2021 7:9:30] /goto pyrka leci
[3/4/2021 7:9:32] /goto ziemniak
[3/4/2021 7:10:11] /goto demon skeleton
[3/4/2021 7:10:17] /goto demon skeleton
[3/4/2021 7:10:18] /goto demon skeleton
[3/4/2021 7:10:21] /goto vampire
[3/4/2021 7:10:56] /goto ziemniak
[3/4/2021 7:10:59] /goto Quentin
[3/4/2021 7:11:0] /goto pyrka leci
[3/4/2021 7:11:8] /goto Quentin
[3/4/2021 7:11:26] /goto frost dragon
[3/4/2021 7:12:39] /goto frost dragon
[3/4/2021 7:13:23] /goto Quentin
[3/4/2021 7:13:24] /goto pyrka leci
[3/4/2021 7:14:21] /goto ziemniak
[3/4/2021 7:15:20] /goto pyrka leci
[3/4/2021 7:15:23] /goto ziemniak
[3/4/2021 7:16:7] /goto pyrka leci
[3/4/2021 7:16:15] /goto pyrka leci
[3/4/2021 7:16:16] /goto pyrka leci
[3/4/2021 7:16:16] /goto pyrka leci
[3/4/2021 7:16:17] /goto pyrka leci
[3/4/2021 7:16:20] /goto pyrka leci
[3/4/2021 7:16:21] /goto pyrka leci
[3/4/2021 7:16:21] /goto pyrka leci
[3/4/2021 7:16:22] /goto pyrka leci
[3/4/2021 7:16:23] /goto pyrka leci
[3/4/2021 7:16:23] /goto pyrka leci
[3/4/2021 7:16:24] /goto pyrka leci
[3/4/2021 7:16:24] /goto Quentin
[3/4/2021 7:16:25] /goto ziemniak
[3/4/2021 7:17:52] /goto Quentin
[3/4/2021 7:17:58] /goto ziemniak
[3/4/2021 7:18:4] /goto Quentin
[3/4/2021 7:18:11] /goto pyrka leci
[3/4/2021 7:18:13] /goto ziemniak
[3/4/2021 7:18:14] /goto Quentin
[3/4/2021 7:18:34] /goto ero
[3/4/2021 7:18:35] /goto ero
[3/4/2021 7:18:36] /goto Quentin
[3/4/2021 7:18:37] /goto ero
[3/4/2021 7:18:52] /goto Quentin
[3/4/2021 7:19:5] /goto ziemniak
[3/4/2021 7:19:17] /goto Quentin
[3/4/2021 7:19:32] /goto Quentin
[3/4/2021 7:19:33] /goto ziemniak
[3/4/2021 7:19:34] /goto pyrka leci
[3/4/2021 7:19:36] /goto ziemniak
[3/4/2021 7:19:38] /goto Quentin
[3/4/2021 7:19:45] /goto hero
[3/4/2021 7:19:55] /goto Quentin
[3/4/2021 7:20:16] /goto grimmjow
[3/4/2021 7:20:17] /goto grimmjow
[3/4/2021 7:24:19] /goto Quentin
[3/4/2021 7:24:40] /goto ziemniak
[3/4/2021 7:24:41] /goto pyrka leci
[3/4/2021 7:25:19] /goto Quentin
[3/4/2021 7:25:37] /goto ziemniak
[3/4/2021 7:25:38] /goto pyrka leci
[3/4/2021 7:26:53] /goto Quentin
[3/4/2021 7:27:11] /goto ziemniak
[3/4/2021 7:27:12] /goto pyrka leci
[3/4/2021 7:27:24] /goto Quentin
[3/4/2021 7:27:25] /goto pyrka leci
[3/4/2021 7:27:27] /goto pyrka leci
[3/4/2021 7:27:29] /goto ziemniak
[3/4/2021 7:27:30] /goto ziemniak
[3/4/2021 7:39:22] /goto Quentin
[3/4/2021 7:39:31] /goto Quentin
[3/4/2021 7:39:34] /goto frodo
[3/4/2021 7:39:36] /goto xodet
[3/4/2021 7:40:54] /goto Quentin
