[3/4/2021 7:2:0] /goto Ziemniaczek
[3/4/2021 7:2:57] /goto opiki do boju
[3/4/2021 7:3:28] /goto Ziemniaczek
[3/4/2021 7:4:15] /goto pyrka leci
[3/4/2021 7:5:46] /goto ziemniaczek
[3/4/2021 7:7:44] /goto King Tibianus
[3/4/2021 7:7:50] /goto ziemniaczek
[3/4/2021 7:8:11] /goto hand of cursed fate
[3/4/2021 7:8:33] /goto behemoth
[3/4/2021 7:8:39] /goto defiler
[3/4/2021 7:8:51] /goto ferumbras
[3/4/2021 7:8:55] /goto defiler
[3/4/2021 7:9:4] /goto warlock
[3/4/2021 7:9:14] /goto elf arcanist
[3/4/2021 7:9:46] /goto ghost
[3/4/2021 7:10:23] /goto serpent spawn
[3/4/2021 7:10:48] /goto fire elemental
[3/4/2021 7:10:51] /goto demon
[3/4/2021 7:11:13] /goto ghazbaran
[3/4/2021 7:11:24] /goto tortoise
[3/4/2021 7:11:56] /goto banshee
[3/4/2021 7:12:3] /goto banshee
[3/4/2021 7:12:17] /goto rotworm
[3/4/2021 7:12:17] /goto rotworm
[3/4/2021 7:12:18] /goto rotworm
[3/4/2021 7:12:19] /goto rotworm
[3/4/2021 7:12:19] /goto rotworm
[3/4/2021 7:12:20] /goto rotworm
[3/4/2021 7:12:21] /goto rotworm
[3/4/2021 7:12:22] /goto rotworm
[3/4/2021 7:12:22] /goto rotworm
[3/4/2021 7:12:23] /goto rotworm
[3/4/2021 7:12:24] /goto rotworm
[3/4/2021 7:12:24] /goto rotworm
[3/4/2021 7:12:25] /goto rotworm
[3/4/2021 7:12:47] /goto undead dragon
[3/4/2021 7:14:21] /goto undead dragon
[3/4/2021 7:17:31] /goto hand of cursed fate
[3/4/2021 7:18:28] /goto demon
[3/4/2021 7:19:45] /goto dark torturer
[3/4/2021 7:19:50] /goto dark torturer
[3/4/2021 7:19:50] /goto dark torturer
[3/4/2021 7:20:32] /goto ungreez
[3/4/2021 7:20:45] /goto quara predator
[3/4/2021 7:20:58] /goto frost dragon
[3/4/2021 7:22:38] /goto giant spider
[3/4/2021 7:22:49] /goto gm opikk
[3/4/2021 7:22:51] /goto wyrm
