C:\Users\Dell\Desktop\src\vc10\x64\Release\actions.obj
C:\Users\Dell\Desktop\src\vc10\x64\Release\baseevents.obj
C:\Users\Dell\Desktop\src\vc10\x64\Release\beds.obj
C:\Users\Dell\Desktop\src\vc10\x64\Release\chat.obj
C:\Users\Dell\Desktop\src\vc10\x64\Release\CL.11816.read.1.tlog
C:\Users\Dell\Desktop\src\vc10\x64\Release\CL.11816.write.1.tlog
C:\Users\Dell\Desktop\src\vc10\x64\Release\CL.13280.read.1.tlog
C:\Users\Dell\Desktop\src\vc10\x64\Release\CL.13280.write.1.tlog
C:\Users\Dell\Desktop\src\vc10\x64\Release\CL.18904.read.1.tlog
C:\Users\Dell\Desktop\src\vc10\x64\Release\CL.18904.write.1.tlog
C:\Users\Dell\Desktop\src\vc10\x64\Release\CL.19012.read.1.tlog
C:\Users\Dell\Desktop\src\vc10\x64\Release\CL.19012.write.1.tlog
C:\Users\Dell\Desktop\src\vc10\x64\Release\CL.19204.read.1.tlog
C:\Users\Dell\Desktop\src\vc10\x64\Release\CL.19204.write.1.tlog
C:\Users\Dell\Desktop\src\vc10\x64\Release\CL.20048.read.1.tlog
C:\Users\Dell\Desktop\src\vc10\x64\Release\CL.20048.write.1.tlog
C:\Users\Dell\Desktop\src\vc10\x64\Release\CL.2416.read.1.tlog
C:\Users\Dell\Desktop\src\vc10\x64\Release\CL.2416.write.1.tlog
C:\Users\Dell\Desktop\src\vc10\x64\Release\CL.2500.read.1.tlog
C:\Users\Dell\Desktop\src\vc10\x64\Release\CL.2500.write.1.tlog
C:\Users\Dell\Desktop\src\vc10\x64\Release\CL.320.read.1.tlog
C:\Users\Dell\Desktop\src\vc10\x64\Release\CL.320.write.1.tlog
C:\Users\Dell\Desktop\src\vc10\x64\Release\CL.3936.read.1.tlog
C:\Users\Dell\Desktop\src\vc10\x64\Release\CL.3936.write.1.tlog
C:\Users\Dell\Desktop\src\vc10\x64\Release\CL.4092.read.1.tlog
C:\Users\Dell\Desktop\src\vc10\x64\Release\CL.4092.write.1.tlog
C:\Users\Dell\Desktop\src\vc10\x64\Release\CL.5556.read.1.tlog
C:\Users\Dell\Desktop\src\vc10\x64\Release\CL.5556.write.1.tlog
C:\Users\Dell\Desktop\src\vc10\x64\Release\CL.6612.read.1.tlog
C:\Users\Dell\Desktop\src\vc10\x64\Release\CL.6612.write.1.tlog
C:\Users\Dell\Desktop\src\vc10\x64\Release\CL.8028.read.1.tlog
C:\Users\Dell\Desktop\src\vc10\x64\Release\CL.8028.write.1.tlog
C:\Users\Dell\Desktop\src\vc10\x64\Release\CL.8876.read.1.tlog
C:\Users\Dell\Desktop\src\vc10\x64\Release\CL.8876.write.1.tlog
C:\Users\Dell\Desktop\src\vc10\x64\Release\CL.9280.read.1.tlog
C:\Users\Dell\Desktop\src\vc10\x64\Release\CL.9280.write.1.tlog
C:\Users\Dell\Desktop\src\vc10\x64\Release\CL.9872.read.1.tlog
C:\Users\Dell\Desktop\src\vc10\x64\Release\CL.9872.write.1.tlog
C:\Users\Dell\Desktop\src\vc10\x64\Release\cl.command.1.tlog
C:\Users\Dell\Desktop\src\vc10\x64\Release\CL.read.1.tlog
C:\Users\Dell\Desktop\src\vc10\x64\Release\cl.write.1.tlog
C:\USERS\DELL\DESKTOP\SRC\VC10\X64\RELEASE\COMBAT.OBJ
C:\Users\Dell\Desktop\src\vc10\x64\Release\condition.obj
C:\Users\Dell\Desktop\src\vc10\x64\Release\configmanager.obj
C:\Users\Dell\Desktop\src\vc10\x64\Release\connection.obj
C:\Users\Dell\Desktop\src\vc10\x64\Release\container.obj
C:\Users\Dell\Desktop\src\vc10\x64\Release\creature.obj
C:\Users\Dell\Desktop\src\vc10\x64\Release\creatureevent.obj
C:\Users\Dell\Desktop\src\vc10\x64\Release\cylinder.obj
C:\Users\Dell\Desktop\src\vc10\x64\Release\database.obj
C:\Users\Dell\Desktop\src\vc10\x64\Release\databasemanager.obj
C:\Users\Dell\Desktop\src\vc10\x64\Release\databasemysql.obj
C:\Users\Dell\Desktop\src\vc10\x64\Release\depot.obj
C:\Users\Dell\Desktop\src\vc10\x64\Release\dispatcher.obj
C:\Users\Dell\Desktop\src\vc10\x64\Release\exception.obj
C:\Users\Dell\Desktop\src\vc10\x64\Release\fileloader.obj
C:\Users\Dell\Desktop\src\vc10\x64\Release\game.obj
C:\Users\Dell\Desktop\src\vc10\x64\Release\gameservers.obj
C:\Users\Dell\Desktop\src\vc10\x64\Release\globalevent.obj
C:\Users\Dell\Desktop\src\vc10\x64\Release\group.obj
C:\Users\Dell\Desktop\src\vc10\x64\Release\house.obj
C:\Users\Dell\Desktop\src\vc10\x64\Release\housetile.obj
C:\Users\Dell\Desktop\src\vc10\x64\Release\ioban.obj
C:\Users\Dell\Desktop\src\vc10\x64\Release\ioguild.obj
C:\Users\Dell\Desktop\src\vc10\x64\Release\iologindata.obj
C:\Users\Dell\Desktop\src\vc10\x64\Release\iomap.obj
C:\Users\Dell\Desktop\src\vc10\x64\Release\iomapserialize.obj
C:\Users\Dell\Desktop\src\vc10\x64\Release\item.obj
C:\Users\Dell\Desktop\src\vc10\x64\Release\itemattributes.obj
C:\Users\Dell\Desktop\src\vc10\x64\Release\items.obj
C:\Users\Dell\Desktop\src\vc10\x64\Release\link.command.1.tlog
C:\Users\Dell\Desktop\src\vc10\x64\Release\link.read.1.tlog
C:\Users\Dell\Desktop\src\vc10\x64\Release\link.write.1.tlog
C:\Users\Dell\Desktop\src\vc10\x64\Release\link-cvtres.read.1.tlog
C:\Users\Dell\Desktop\src\vc10\x64\Release\link-cvtres.write.1.tlog
C:\Users\Dell\Desktop\src\vc10\x64\Release\luascript.obj
C:\Users\Dell\Desktop\src\vc10\x64\Release\mailbox.obj
C:\Users\Dell\Desktop\src\vc10\x64\Release\map.obj
C:\USERS\DELL\DESKTOP\SRC\VC10\X64\RELEASE\MONSTER.OBJ
C:\Users\Dell\Desktop\src\vc10\x64\Release\monsters.obj
C:\Users\Dell\Desktop\src\vc10\x64\Release\movement.obj
C:\Users\Dell\Desktop\src\vc10\x64\Release\mt.command.1.tlog
C:\Users\Dell\Desktop\src\vc10\x64\Release\mt.read.1.tlog
C:\Users\Dell\Desktop\src\vc10\x64\Release\mt.write.1.tlog
C:\Users\Dell\Desktop\src\vc10\x64\Release\networkmessage.obj
C:\Users\Dell\Desktop\src\vc10\x64\Release\npc.obj
C:\Users\Dell\Desktop\src\vc10\x64\Release\otpch.obj
C:\Users\Dell\Desktop\src\vc10\x64\Release\otserv.obj
C:\Users\Dell\Desktop\src\vc10\x64\Release\outfit.obj
C:\Users\Dell\Desktop\src\vc10\x64\Release\outputmessage.obj
C:\Users\Dell\Desktop\src\vc10\x64\Release\party.obj
C:\USERS\DELL\DESKTOP\SRC\VC10\X64\RELEASE\PLAYER.OBJ
C:\Users\Dell\Desktop\src\vc10\x64\Release\position.obj
C:\Users\Dell\Desktop\src\vc10\x64\Release\protocol.obj
C:\Users\Dell\Desktop\src\vc10\x64\Release\protocolgame.obj
C:\Users\Dell\Desktop\src\vc10\x64\Release\protocollogin.obj
C:\Users\Dell\Desktop\src\vc10\x64\Release\raids.obj
C:\Users\Dell\Desktop\src\vc10\x64\Release\rc.command.1.tlog
C:\Users\Dell\Desktop\src\vc10\x64\Release\rc.read.1.tlog
C:\Users\Dell\Desktop\src\vc10\x64\Release\rc.write.1.tlog
C:\Users\Dell\Desktop\src\vc10\x64\Release\scheduler.obj
C:\Users\Dell\Desktop\src\vc10\x64\Release\scriptmanager.obj
C:\Users\Dell\Desktop\src\vc10\x64\Release\server.obj
C:\Users\Dell\Desktop\src\vc10\x64\Release\spawn.obj
C:\Users\Dell\Desktop\src\vc10\x64\Release\spells.obj
C:\Users\Dell\Desktop\src\vc10\x64\Release\status.obj
C:\Users\Dell\Desktop\src\vc10\x64\Release\talkaction.obj
C:\Users\Dell\Desktop\src\vc10\x64\Release\teleport.obj
C:\Users\Dell\Desktop\src\vc10\x64\Release\textlogger.obj
C:\USERS\DELL\DESKTOP\SRC\VC10\X64\RELEASE\THEFORGOTTENSERVER.EXE
C:\USERS\DELL\DESKTOP\SRC\VC10\X64\RELEASE\THEFORGOTTENSERVER.EXE.INTERMEDIATE.MANIFEST
C:\USERS\DELL\DESKTOP\SRC\VC10\X64\RELEASE\THEFORGOTTENSERVER.PDB
C:\Users\Dell\Desktop\src\vc10\x64\Release\theforgottenserver.vcxprojResolveAssemblyReference.cache
C:\Users\Dell\Desktop\src\vc10\x64\Release\theforgottenserver.write.1.tlog
C:\USERS\DELL\DESKTOP\SRC\VC10\X64\RELEASE\THEFORGOTTENSERVER1.RES
C:\Users\Dell\Desktop\src\vc10\x64\Release\thing.obj
C:\Users\Dell\Desktop\src\vc10\x64\Release\tile.obj
C:\USERS\DELL\DESKTOP\SRC\VC10\X64\RELEASE\TOOLS.OBJ
C:\Users\Dell\Desktop\src\vc10\x64\Release\trashholder.obj
C:\USERS\DELL\DESKTOP\SRC\VC10\X64\RELEASE\VC100.PDB
C:\Users\Dell\Desktop\src\vc10\x64\Release\vocation.obj
C:\Users\Dell\Desktop\src\vc10\x64\Release\waitlist.obj
C:\Users\Dell\Desktop\src\vc10\x64\Release\weapons.obj
